#
# There is insufficient memory for the Java Runtime Environment to continue.
# Native memory allocation (mmap) failed to map 134217728 bytes for Failed to commit area from 0x0000000081c00000 to 0x0000000089c00000 of length 134217728.
# Possible reasons:
#   The system is out of physical RAM or swap space
#   The process is running with CompressedOops enabled, and the Java Heap may be blocking the growth of the native heap
# Possible solutions:
#   Reduce memory load on the system
#   Increase physical memory or swap space
#   Check if swap backing store is full
#   Decrease Java heap size (-Xmx/-Xms)
#   Decrease number of Java threads
#   Decrease Java thread stack sizes (-Xss)
#   Set larger code cache with -XX:ReservedCodeCacheSize=
# This output file may be truncated or incomplete.
#
#  Out of Memory Error (c:/cygwin64/tmp/openjdk-jdk11u-windows-x64-hotspot/workspace/build/src/src/hotspot/os/windows/os_windows.cpp:3296), pid=18436, tid=6276
#
# JRE version:  (11.0.6+10) (build )
# Java VM: OpenJDK 64-Bit Server VM (11.0.6+10, mixed mode, sharing, tiered, compressed oops, g1 gc, windows-amd64)
# No core dump will be written. Minidumps are not enabled by default on client versions of Windows
#

---------------  S U M M A R Y ------------

Command Line: -Dmaven.multiModuleProjectDirectory=C:\Users\jmier\IdeaProjects\demo -Dmaven.home=C:\Users\jmier\.m2\wrapper\dists\apache-maven-3.6.3-bin\1iopthnavndlasol9gbrbg6bf2\apache-maven-3.6.3 -Dclassworlds.conf=C:\Users\jmier\.m2\wrapper\dists\apache-maven-3.6.3-bin\1iopthnavndlasol9gbrbg6bf2\apache-maven-3.6.3\bin\m2.conf -Dmaven.ext.class.path=C:\Program Files\JetBrains\IntelliJ IDEA 2020.2.2.0\plugins\maven\lib\maven-event-listener.jar -javaagent:C:\Program Files\JetBrains\IntelliJ IDEA 2020.2.2.0\lib\idea_rt.jar=64904:C:\Program Files\JetBrains\IntelliJ IDEA 2020.2.2.0\bin -Dfile.encoding=UTF-8 org.codehaus.classworlds.Launcher -Didea.version=2020.2.2 clean install

Host: Intel(R) Core(TM) i5-8250U CPU @ 1.60GHz, 8 cores, 7G,  Windows 10 , 64 bit Build 19041 (10.0.19041.662)
Time: Thu Dec 17 22:33:03 2020 Œrodkowoeuropejski czas stand. elapsed time: 0 seconds (0d 0h 0m 0s)

---------------  T H R E A D  ---------------

Current thread (0x00000277259df800):  JavaThread "Unknown thread" [_thread_in_vm, id=6276, stack(0x000000ce6d700000,0x000000ce6d800000)]

Stack: [0x000000ce6d700000,0x000000ce6d800000]
Native frames: (J=compiled Java code, j=interpreted, Vv=VM code, C=native code)
V  [jvm.dll+0x5db25a]
V  [jvm.dll+0x7111de]
V  [jvm.dll+0x712877]
V  [jvm.dll+0x712f43]
V  [jvm.dll+0x23fe78]
V  [jvm.dll+0x5d854a]
V  [jvm.dll+0x5cd2c5]
V  [jvm.dll+0x2f52fc]
V  [jvm.dll+0x2f5182]
V  [jvm.dll+0x2f9e36]
V  [jvm.dll+0x33b57f]
V  [jvm.dll+0x33afb0]
V  [jvm.dll+0x2d2708]
V  [jvm.dll+0x2d3856]
V  [jvm.dll+0x6eced7]
V  [jvm.dll+0x6ee65f]
V  [jvm.dll+0x348309]
V  [jvm.dll+0x6d14e0]
V  [jvm.dll+0x3afe7f]
V  [jvm.dll+0x3b24c1]
C  [jli.dll+0x51fb]
C  [ucrtbase.dll+0x214c2]
C  [KERNEL32.DLL+0x17034]
C  [ntdll.dll+0x4d0d1]


---------------  P R O C E S S  ---------------

Threads class SMR info:
_java_thread_list=0x0000027723750bd0, length=0, elements={
}

Java Threads: ( => current thread )

Other Threads:
  0x00000277259f6000 GCTaskThread "GC Thread#0" [stack: 0x000000ce6d800000,0x000000ce6d900000] [id=14456]
  0x0000027725a2b000 ConcurrentGCThread "G1 Main Marker" [stack: 0x000000ce6d900000,0x000000ce6da00000] [id=12528]
  0x0000027725a2d000 ConcurrentGCThread "G1 Conc#0" [stack: 0x000000ce6da00000,0x000000ce6db00000] [id=164]

[error occurred during error reporting (printing all threads), id 0xc0000005, EXCEPTION_ACCESS_VIOLATION (0xc0000005) at pc=0x00007ffd700d1d57]

VM state:not at safepoint (not fully initialized)

VM Mutex/Monitor currently owned by a thread:  ([mutex/lock_event])
[0x00000277259db6b0] Heap_lock - owner thread: 0x00000277259df800

Heap address: 0x0000000081c00000, size: 2020 MB, Compressed Oops mode: Non-zero based: 0x0000000081c00000
Narrow klass base: 0x0000000000000000, Narrow klass shift: 0

GC Heap History (0 events):
No events

Deoptimization events (0 events):
No events

Classes redefined (0 events):
No events

Internal exceptions (0 events):
No events

Events (2 events):
Event: 0.012 Loaded shared library C:\Program Files\AdoptOpenJDK\jdk-11.0.6.10-hotspot\bin\zip.dll
Event: 0.012 Loaded shared library C:\Program Files\AdoptOpenJDK\jdk-11.0.6.10-hotspot\bin\jimage.dll


Dynamic libraries:
0x00007ff7fcfb0000 - 0x00007ff7fcfbd000 	C:\Program Files\AdoptOpenJDK\jdk-11.0.6.10-hotspot\bin\java.exe
0x00007ffdc4c90000 - 0x00007ffdc4e86000 	C:\WINDOWS\SYSTEM32\ntdll.dll
0x00007ffd8f790000 - 0x00007ffd8f7a2000 	C:\Program Files\Avast Software\Avast\aswhook.dll
0x00007ffdc46b0000 - 0x00007ffdc476d000 	C:\WINDOWS\System32\KERNEL32.DLL
0x00007ffdc25c0000 - 0x00007ffdc2889000 	C:\WINDOWS\System32\KERNELBASE.dll
0x00007ffdc2a90000 - 0x00007ffdc2b90000 	C:\WINDOWS\System32\ucrtbase.dll
0x00007ffdada80000 - 0x00007ffdada97000 	C:\Program Files\AdoptOpenJDK\jdk-11.0.6.10-hotspot\bin\jli.dll
0x00007ffdc4970000 - 0x00007ffdc4b10000 	C:\WINDOWS\System32\USER32.dll
0x00007ffdc23d0000 - 0x00007ffdc23f2000 	C:\WINDOWS\System32\win32u.dll
0x00007ffdc4b10000 - 0x00007ffdc4b3a000 	C:\WINDOWS\System32\GDI32.dll
0x00007ffdc2480000 - 0x00007ffdc2589000 	C:\WINDOWS\System32\gdi32full.dll
0x00007ffdc29f0000 - 0x00007ffdc2a8d000 	C:\WINDOWS\System32\msvcp_win.dll
0x00007ffdad3e0000 - 0x00007ffdad3f6000 	C:\Program Files\AdoptOpenJDK\jdk-11.0.6.10-hotspot\bin\VCRUNTIME140.dll
0x00007ffd8edb0000 - 0x00007ffd8f04b000 	C:\WINDOWS\WinSxS\amd64_microsoft.windows.common-controls_6595b64144ccf1df_6.0.19041.488_none_ca04af081b815d21\COMCTL32.dll
0x00007ffdc4bb0000 - 0x00007ffdc4c4e000 	C:\WINDOWS\System32\msvcrt.dll
0x00007ffdc3b00000 - 0x00007ffdc3b30000 	C:\WINDOWS\System32\IMM32.DLL
0x00007ffd8a1a0000 - 0x00007ffd8a23b000 	C:\Program Files\AdoptOpenJDK\jdk-11.0.6.10-hotspot\bin\msvcp140.dll
0x00007ffd6fdf0000 - 0x00007ffd708ac000 	C:\Program Files\AdoptOpenJDK\jdk-11.0.6.10-hotspot\bin\server\jvm.dll
0x00007ffdc2cf0000 - 0x00007ffdc2d9c000 	C:\WINDOWS\System32\ADVAPI32.dll
0x00007ffdc2da0000 - 0x00007ffdc2e3c000 	C:\WINDOWS\System32\sechost.dll
0x00007ffdc30f0000 - 0x00007ffdc321b000 	C:\WINDOWS\System32\RPCRT4.dll
0x00007ffdc2ec0000 - 0x00007ffdc2ec8000 	C:\WINDOWS\System32\PSAPI.DLL
0x00007ffdb3bc0000 - 0x00007ffdb3bc9000 	C:\WINDOWS\SYSTEM32\WSOCK32.dll
0x00007ffdc4b40000 - 0x00007ffdc4bab000 	C:\WINDOWS\System32\WS2_32.dll
0x00007ffdb9510000 - 0x00007ffdb9537000 	C:\WINDOWS\SYSTEM32\WINMM.dll
0x00007ffdbbe50000 - 0x00007ffdbbe5a000 	C:\WINDOWS\SYSTEM32\VERSION.dll
0x00007ffdc1020000 - 0x00007ffdc1032000 	C:\WINDOWS\SYSTEM32\kernel.appcore.dll
0x00007ffdbaf90000 - 0x00007ffdbafa0000 	C:\Program Files\AdoptOpenJDK\jdk-11.0.6.10-hotspot\bin\verify.dll
0x00007ffdc0a10000 - 0x00007ffdc0bf4000 	C:\WINDOWS\SYSTEM32\DBGHELP.DLL
0x00007ffdb9aa0000 - 0x00007ffdb9acc000 	C:\WINDOWS\SYSTEM32\dbgcore.DLL
0x00007ffdc2400000 - 0x00007ffdc2480000 	C:\WINDOWS\System32\bcryptPrimitives.dll
0x00007ffd8f1a0000 - 0x00007ffd8f1c8000 	C:\Program Files\AdoptOpenJDK\jdk-11.0.6.10-hotspot\bin\java.dll
0x00007ffdba1e0000 - 0x00007ffdba1ee000 	C:\Program Files\AdoptOpenJDK\jdk-11.0.6.10-hotspot\bin\instrument.dll
0x00007ffd99aa0000 - 0x00007ffd99ab7000 	C:\Program Files\AdoptOpenJDK\jdk-11.0.6.10-hotspot\bin\zip.dll
0x00007ffdbae60000 - 0x00007ffdbae6a000 	C:\Program Files\AdoptOpenJDK\jdk-11.0.6.10-hotspot\bin\jimage.dll

dbghelp: loaded successfully - version: 4.0.5 - missing functions: none
symbol engine: initialized successfully - sym options: 0x614 - pdb path: .;C:\Program Files\AdoptOpenJDK\jdk-11.0.6.10-hotspot\bin;C:\WINDOWS\SYSTEM32;C:\Program Files\Avast Software\Avast;C:\WINDOWS\WinSxS\amd64_microsoft.windows.common-controls_6595b64144ccf1df_6.0.19041.488_none_ca04af081b815d21;C:\Program Files\AdoptOpenJDK\jdk-11.0.6.10-hotspot\bin\server

VM Arguments:
jvm_args: -Dmaven.multiModuleProjectDirectory=C:\Users\jmier\IdeaProjects\demo -Dmaven.home=C:\Users\jmier\.m2\wrapper\dists\apache-maven-3.6.3-bin\1iopthnavndlasol9gbrbg6bf2\apache-maven-3.6.3 -Dclassworlds.conf=C:\Users\jmier\.m2\wrapper\dists\apache-maven-3.6.3-bin\1iopthnavndlasol9gbrbg6bf2\apache-maven-3.6.3\bin\m2.conf -Dmaven.ext.class.path=C:\Program Files\JetBrains\IntelliJ IDEA 2020.2.2.0\plugins\maven\lib\maven-event-listener.jar -javaagent:C:\Program Files\JetBrains\IntelliJ IDEA 2020.2.2.0\lib\idea_rt.jar=64904:C:\Program Files\JetBrains\IntelliJ IDEA 2020.2.2.0\bin -Dfile.encoding=UTF-8 
java_command: org.codehaus.classworlds.Launcher -Didea.version=2020.2.2 clean install
java_class_path (initial): C:\Users\jmier\.m2\wrapper\dists\apache-maven-3.6.3-bin\1iopthnavndlasol9gbrbg6bf2\apache-maven-3.6.3\boot\plexus-classworlds-2.6.0.jar;C:\Users\jmier\.m2\wrapper\dists\apache-maven-3.6.3-bin\1iopthnavndlasol9gbrbg6bf2\apache-maven-3.6.3\boot\plexus-classworlds.license
Launcher Type: SUN_STANDARD

[Global flags]
     intx CICompilerCount                          = 4                                         {product} {ergonomic}
     uint ConcGCThreads                            = 2                                         {product} {ergonomic}
     uint G1ConcRefinementThreads                  = 8                                         {product} {ergonomic}
   size_t G1HeapRegionSize                         = 1048576                                   {product} {ergonomic}
    uintx GCDrainStackTargetSize                   = 64                                        {product} {ergonomic}
   size_t InitialHeapSize                          = 134217728                                 {product} {ergonomic}
   size_t MarkStackSize                            = 4194304                                   {product} {ergonomic}
   size_t MaxHeapSize                              = 2118123520                                {product} {ergonomic}
   size_t MinHeapDeltaBytes                        = 1048576                                   {product} {ergonomic}
    uintx NonNMethodCodeHeapSize                   = 5836300                                {pd product} {ergonomic}
    uintx NonProfiledCodeHeapSize                  = 122910970                              {pd product} {ergonomic}
    uintx ProfiledCodeHeapSize                     = 122910970                              {pd product} {ergonomic}
    uintx ReservedCodeCacheSize                    = 251658240                              {pd product} {ergonomic}
     bool SegmentedCodeCache                       = true                                      {product} {ergonomic}
     bool UseCompressedClassPointers               = true                                 {lp64_product} {ergonomic}
     bool UseCompressedOops                        = true                                 {lp64_product} {ergonomic}
     bool UseG1GC                                  = true                                      {product} {ergonomic}
     bool UseLargePagesIndividualAllocation        = false                                  {pd product} {ergonomic}

Logging:
Log output configuration:
 #0: stdout all=warning uptime,level,tags
 #1: stderr all=off uptime,level,tags

Environment Variables:
JAVA_HOME=C:\Program Files\AdoptOpenJDK\jdk-11.0.6.10-hotspot\
PATH=C:\Program Files\AdoptOpenJDK\jdk-11.0.6.10-hotspot\bin;C:\PROGRA~2\Borland\CBUILD~1\Bin;C:\PROGRA~2\Borland\CBUILD~1\Projects\Bpl;C:\Program Files (x86)\Intel\iCLS Client\;C:\Program Files\Intel\iCLS Client\;C:\WINDOWS\system32;C:\WINDOWS;C:\WINDOWS\System32\Wbem;C:\WINDOWS\System32\WindowsPowerShell\v1.0\;C:\Program Files (x86)\Intel\Intel(R) Management Engine Components\DAL;C:\Program Files\Intel\Intel(R) Management Engine Components\DAL;C:\Program Files (x86)\Intel\Intel(R) Management Engine Components\IPT;C:\Program Files\Intel\Intel(R) Management Engine Components\IPT;C:\WINDOWS\System32\OpenSSH\;C:\Program Files\Intel\WiFi\bin\;C:\Program Files\Common Files\Intel\WirelessCommon\;C:\Program Files\Git\cmd;C:\Users\jmier\Desktop\Java\apache-maven-3.6.3\bin;C:\Program Files (x86)\Microsoft SQL Server\150\DTS\Binn\;C:\Program Files\Microsoft SQL Server\Client SDK\ODBC\170\Tools\Binn\;C:\Program Files (x86)\Microsoft SQL Server\150\Tools\Binn\;C:\Program Files\Microsoft SQL Server\150\Tools\Binn\;C:\Program Files\Microsoft SQL Server\150\DTS\Binn\;C:\Program Files\nodejs\;C:\Program Files\MySQL\MySQL Shell 8.0\bin\;C:\Users\jmier\AppData\Local\Microsoft\WindowsApps;C:\Users\jmier\Desktop\Java\apache-maven-3.6.3\bin;C:\Users\jmier\AppData\Roaming\npm
USERNAME=jmier
OS=Windows_NT
PROCESSOR_IDENTIFIER=Intel64 Family 6 Model 142 Stepping 10, GenuineIntel



---------------  S Y S T E M  ---------------

OS: Windows 10 , 64 bit Build 19041 (10.0.19041.662)

CPU:total 8 (initial active 8) (4 cores per cpu, 2 threads per core) family 6 model 142 stepping 10, cmov, cx8, fxsr, mmx, sse, sse2, sse3, ssse3, sse4.1, sse4.2, popcnt, avx, avx2, aes, clmul, erms, 3dnowpref, lzcnt, ht, tsc, tscinvbit, bmi1, bmi2, adx, fma

Memory: 4k page, system-wide physical 8078M (482M free)
TotalPageFile size 12174M (AvailPageFile size 86M)
current process WorkingSet (physical memory assigned to process): 10M, peak: 10M
current process commit charge ("private bytes"): 60M, peak: 188M

vm_info: OpenJDK 64-Bit Server VM (11.0.6+10) for windows-amd64 JRE (11.0.6+10), built on Jan 15 2020 06:14:58 by "" with MS VC++ 15.8 (VS2017)

END.
