#
# There is insufficient memory for the Java Runtime Environment to continue.
# Native memory allocation (malloc) failed to allocate 48432 bytes for Chunk::new
# Possible reasons:
#   The system is out of physical RAM or swap space
#   The process is running with CompressedOops enabled, and the Java Heap may be blocking the growth of the native heap
# Possible solutions:
#   Reduce memory load on the system
#   Increase physical memory or swap space
#   Check if swap backing store is full
#   Decrease Java heap size (-Xmx/-Xms)
#   Decrease number of Java threads
#   Decrease Java thread stack sizes (-Xss)
#   Set larger code cache with -XX:ReservedCodeCacheSize=
#   JVM is running with Unscaled Compressed Oops mode in which the Java heap is
#     placed in the first 4GB address space. The Java Heap base address is the
#     maximum limit for the native heap growth. Please use -XX:HeapBaseMinAddress
#     to set the Java Heap base and to place the Java Heap above 4GB virtual address.
# This output file may be truncated or incomplete.
#
#  Out of Memory Error (c:/cygwin64/tmp/openjdk-jdk11u-windows-x64-hotspot/workspace/build/src/src/hotspot/share/memory/arena.cpp:197), pid=4616, tid=12428
#
# JRE version: OpenJDK Runtime Environment (11.0.6+10) (build 11.0.6+10)
# Java VM: OpenJDK 64-Bit Server VM (11.0.6+10, mixed mode, tiered, compressed oops, g1 gc, windows-amd64)
# No core dump will be written. Minidumps are not enabled by default on client versions of Windows
#

---------------  S U M M A R Y ------------

Command Line: -Dmaven.multiModuleProjectDirectory=C:\Users\jmier\IdeaProjects\demo -Dmaven.home=C:\Users\jmier\.m2\wrapper\dists\apache-maven-3.6.3-bin\1iopthnavndlasol9gbrbg6bf2\apache-maven-3.6.3 -Dclassworlds.conf=C:\Users\jmier\.m2\wrapper\dists\apache-maven-3.6.3-bin\1iopthnavndlasol9gbrbg6bf2\apache-maven-3.6.3\bin\m2.conf -Dmaven.ext.class.path=C:\Program Files\JetBrains\IntelliJ IDEA 2020.2.2.0\plugins\maven\lib\maven-event-listener.jar -javaagent:C:\Program Files\JetBrains\IntelliJ IDEA 2020.2.2.0\lib\idea_rt.jar=60907:C:\Program Files\JetBrains\IntelliJ IDEA 2020.2.2.0\bin -Dfile.encoding=UTF-8 org.codehaus.classworlds.Launcher -Didea.version=2020.2.2 clean install

Host: Intel(R) Core(TM) i5-8250U CPU @ 1.60GHz, 8 cores, 7G,  Windows 10 , 64 bit Build 19041 (10.0.19041.662)
Time: Thu Dec 17 20:17:03 2020 Œrodkowoeuropejski czas stand. elapsed time: 0 seconds (0d 0h 0m 0s)

---------------  T H R E A D  ---------------

Current thread (0x0000018c4a64d800):  JavaThread "C1 CompilerThread0" daemon [_thread_in_native, id=12428, stack(0x00000079dab00000,0x00000079dac00000)]


Current CompileTask:
C1:    808  596       3       java.net.URLStreamHandler::parseURL (1201 bytes)

Stack: [0x00000079dab00000,0x00000079dac00000]
Native frames: (J=compiled Java code, j=interpreted, Vv=VM code, C=native code)
V  [jvm.dll+0x5db25a]
V  [jvm.dll+0x7111de]
V  [jvm.dll+0x712877]
V  [jvm.dll+0x712f43]
V  [jvm.dll+0x23fe78]
V  [jvm.dll+0xb8f0c]
V  [jvm.dll+0xb949c]
V  [jvm.dll+0x165314]
V  [jvm.dll+0x163f2b]
V  [jvm.dll+0x11e795]
V  [jvm.dll+0x11e00f]
V  [jvm.dll+0x11e23f]
V  [jvm.dll+0x11d4e7]
V  [jvm.dll+0x11f3f7]
V  [jvm.dll+0x2080b7]
V  [jvm.dll+0x20639b]
V  [jvm.dll+0x6d70bc]
V  [jvm.dll+0x6d01ec]
V  [jvm.dll+0x5da1e6]
C  [ucrtbase.dll+0x214c2]
C  [KERNEL32.DLL+0x17034]
C  [ntdll.dll+0x4d0d1]


---------------  P R O C E S S  ---------------

Threads class SMR info:
_java_thread_list=0x0000018c4ac16f50, length=12, elements={
0x0000018c2adbf800, 0x0000018c49cbe800, 0x0000018c49cc7000, 0x0000018c49cd7800,
0x0000018c49cd9000, 0x0000018c49cda000, 0x0000018c4a64d800, 0x0000018c4a655000,
0x0000018c4a7c5000, 0x0000018c4aa35800, 0x0000018c4aa36800, 0x0000018c4a64f000
}

Java Threads: ( => current thread )
  0x0000018c2adbf800 JavaThread "main" [_thread_blocked, id=2304, stack(0x00000079d9f00000,0x00000079da000000)]
  0x0000018c49cbe800 JavaThread "Reference Handler" daemon [_thread_blocked, id=17696, stack(0x00000079da600000,0x00000079da700000)]
  0x0000018c49cc7000 JavaThread "Finalizer" daemon [_thread_blocked, id=8172, stack(0x00000079da700000,0x00000079da800000)]
  0x0000018c49cd7800 JavaThread "Signal Dispatcher" daemon [_thread_blocked, id=1500, stack(0x00000079da800000,0x00000079da900000)]
  0x0000018c49cd9000 JavaThread "Attach Listener" daemon [_thread_blocked, id=9868, stack(0x00000079da900000,0x00000079daa00000)]
  0x0000018c49cda000 JavaThread "C2 CompilerThread0" daemon [_thread_blocked, id=15740, stack(0x00000079daa00000,0x00000079dab00000)]
=>0x0000018c4a64d800 JavaThread "C1 CompilerThread0" daemon [_thread_in_native, id=12428, stack(0x00000079dab00000,0x00000079dac00000)]
  0x0000018c4a655000 JavaThread "Sweeper thread" daemon [_thread_blocked, id=9148, stack(0x00000079dac00000,0x00000079dad00000)]
  0x0000018c4a7c5000 JavaThread "Common-Cleaner" daemon [_thread_blocked, id=5040, stack(0x00000079dad00000,0x00000079dae00000)]
  0x0000018c4aa35800 JavaThread "Monitor Ctrl-Break" daemon [_thread_in_native, id=18392, stack(0x00000079daf00000,0x00000079db000000)]
  0x0000018c4aa36800 JavaThread "Service Thread" daemon [_thread_blocked, id=17596, stack(0x00000079db000000,0x00000079db100000)]
  0x0000018c4a64f000 JavaThread "C2 CompilerThread1" daemon [_thread_blocked, id=7872, stack(0x00000079dae00000,0x00000079daf00000)]

Other Threads:
  0x0000018c49c98000 VMThread "VM Thread" [stack: 0x00000079da500000,0x00000079da600000] [id=12280]
  0x0000018c4aa1a800 WatcherThread [stack: 0x00000079db100000,0x00000079db200000] [id=5320]
  0x0000018c2add6000 GCTaskThread "GC Thread#0" [stack: 0x00000079da000000,0x00000079da100000] [id=15680]
  0x0000018c4a9d0000 GCTaskThread "GC Thread#1" [stack: 0x00000079db300000,0x00000079db400000] [id=17252]
  0x0000018c4ad65800 GCTaskThread "GC Thread#2" [stack: 0x00000079db400000,0x00000079db500000] [id=17600]
  0x0000018c2ae0a000 ConcurrentGCThread "G1 Main Marker" [stack: 0x00000079da100000,0x00000079da200000] [id=18100]
  0x0000018c2ae0e000 ConcurrentGCThread "G1 Conc#0" [stack: 0x00000079da200000,0x00000079da300000] [id=10604]
  0x0000018c4acd6000 ConcurrentGCThread "G1 Conc#1" [stack: 0x00000079db200000,0x00000079db300000] [id=6416]
  0x0000018c2ae9e000 ConcurrentGCThread "G1 Refine#0" [stack: 0x00000079da300000,0x00000079da400000] [id=16616]
  0x0000018c49b04800 ConcurrentGCThread "G1 Young RemSet Sampling" [stack: 0x00000079da400000,0x00000079da500000] [id=18852]

Threads with active compile tasks:
C2 CompilerThread0    861  599       4       java.util.zip.ZipFile$Source::getEntryPos (206 bytes)
C1 CompilerThread0    861  596       3       java.net.URLStreamHandler::parseURL (1201 bytes)
C2 CompilerThread1    861  601       4       java.lang.StringLatin1::replace (196 bytes)

VM state:at safepoint (normal execution)

VM Mutex/Monitor currently owned by a thread:  ([mutex/lock_event])
[0x0000018c2adbb080] Threads_lock - owner thread: 0x0000018c49c98000
[0x0000018c2adbbc50] Heap_lock - owner thread: 0x0000018c2adbf800

Heap address: 0x0000000081c00000, size: 2020 MB, Compressed Oops mode: 32-bit
Narrow klass base: 0x0000000000000000, Narrow klass shift: 3
Compressed class space size: 1073741824 Address: 0x0000000100000000

Heap:
 garbage-first heap   total 131072K, used 2268K [0x0000000081c00000, 0x0000000100000000)
  region size 1024K, 3 young (3072K), 3 survivors (3072K)
 Metaspace       used 8877K, capacity 9028K, committed 9088K, reserved 1064960K
  class space    used 812K, capacity 884K, committed 896K, reserved 1048576K
Heap Regions: E=young(eden), S=young(survivor), O=old, HS=humongous(starts), HC=humongous(continues), CS=collection set, F=free, A=archive, TAMS=top-at-mark-start (previous, next)
|   0|0x0000000081c00000, 0x0000000081c00000, 0x0000000081d00000|  0%| F|  |TAMS 0x0000000081c00000, 0x0000000081c00000| Untracked 
|   1|0x0000000081d00000, 0x0000000081d00000, 0x0000000081e00000|  0%| F|  |TAMS 0x0000000081d00000, 0x0000000081d00000| Untracked 
|   2|0x0000000081e00000, 0x0000000081e00000, 0x0000000081f00000|  0%| F|  |TAMS 0x0000000081e00000, 0x0000000081e00000| Untracked 
|   3|0x0000000081f00000, 0x0000000081f00000, 0x0000000082000000|  0%| F|  |TAMS 0x0000000081f00000, 0x0000000081f00000| Untracked 
|   4|0x0000000082000000, 0x0000000082000000, 0x0000000082100000|  0%| F|  |TAMS 0x0000000082000000, 0x0000000082000000| Untracked 
|   5|0x0000000082100000, 0x0000000082100000, 0x0000000082200000|  0%| F|  |TAMS 0x0000000082100000, 0x0000000082100000| Untracked 
|   6|0x0000000082200000, 0x0000000082200000, 0x0000000082300000|  0%| F|  |TAMS 0x0000000082200000, 0x0000000082200000| Untracked 
|   7|0x0000000082300000, 0x0000000082300000, 0x0000000082400000|  0%| F|  |TAMS 0x0000000082300000, 0x0000000082300000| Untracked 
|   8|0x0000000082400000, 0x0000000082400000, 0x0000000082500000|  0%| F|  |TAMS 0x0000000082400000, 0x0000000082400000| Untracked 
|   9|0x0000000082500000, 0x0000000082500000, 0x0000000082600000|  0%| F|  |TAMS 0x0000000082500000, 0x0000000082500000| Untracked 
|  10|0x0000000082600000, 0x0000000082600000, 0x0000000082700000|  0%| F|  |TAMS 0x0000000082600000, 0x0000000082600000| Untracked 
|  11|0x0000000082700000, 0x0000000082700000, 0x0000000082800000|  0%| F|  |TAMS 0x0000000082700000, 0x0000000082700000| Untracked 
|  12|0x0000000082800000, 0x0000000082800000, 0x0000000082900000|  0%| F|  |TAMS 0x0000000082800000, 0x0000000082800000| Untracked 
|  13|0x0000000082900000, 0x0000000082900000, 0x0000000082a00000|  0%| F|  |TAMS 0x0000000082900000, 0x0000000082900000| Untracked 
|  14|0x0000000082a00000, 0x0000000082a00000, 0x0000000082b00000|  0%| F|  |TAMS 0x0000000082a00000, 0x0000000082a00000| Untracked 
|  15|0x0000000082b00000, 0x0000000082b00000, 0x0000000082c00000|  0%| F|  |TAMS 0x0000000082b00000, 0x0000000082b00000| Untracked 
|  16|0x0000000082c00000, 0x0000000082c00000, 0x0000000082d00000|  0%| F|  |TAMS 0x0000000082c00000, 0x0000000082c00000| Untracked 
|  17|0x0000000082d00000, 0x0000000082d00000, 0x0000000082e00000|  0%| F|  |TAMS 0x0000000082d00000, 0x0000000082d00000| Untracked 
|  18|0x0000000082e00000, 0x0000000082e00000, 0x0000000082f00000|  0%| F|  |TAMS 0x0000000082e00000, 0x0000000082e00000| Untracked 
|  19|0x0000000082f00000, 0x0000000082f00000, 0x0000000083000000|  0%| F|  |TAMS 0x0000000082f00000, 0x0000000082f00000| Untracked 
|  20|0x0000000083000000, 0x0000000083000000, 0x0000000083100000|  0%| F|  |TAMS 0x0000000083000000, 0x0000000083000000| Untracked 
|  21|0x0000000083100000, 0x0000000083100000, 0x0000000083200000|  0%| F|  |TAMS 0x0000000083100000, 0x0000000083100000| Untracked 
|  22|0x0000000083200000, 0x0000000083200000, 0x0000000083300000|  0%| F|  |TAMS 0x0000000083200000, 0x0000000083200000| Untracked 
|  23|0x0000000083300000, 0x0000000083300000, 0x0000000083400000|  0%| F|  |TAMS 0x0000000083300000, 0x0000000083300000| Untracked 
|  24|0x0000000083400000, 0x0000000083400000, 0x0000000083500000|  0%| F|  |TAMS 0x0000000083400000, 0x0000000083400000| Untracked 
|  25|0x0000000083500000, 0x0000000083500000, 0x0000000083600000|  0%| F|  |TAMS 0x0000000083500000, 0x0000000083500000| Untracked 
|  26|0x0000000083600000, 0x0000000083600000, 0x0000000083700000|  0%| F|  |TAMS 0x0000000083600000, 0x0000000083600000| Untracked 
|  27|0x0000000083700000, 0x0000000083700000, 0x0000000083800000|  0%| F|  |TAMS 0x0000000083700000, 0x0000000083700000| Untracked 
|  28|0x0000000083800000, 0x0000000083800000, 0x0000000083900000|  0%| F|  |TAMS 0x0000000083800000, 0x0000000083800000| Untracked 
|  29|0x0000000083900000, 0x0000000083900000, 0x0000000083a00000|  0%| F|  |TAMS 0x0000000083900000, 0x0000000083900000| Untracked 
|  30|0x0000000083a00000, 0x0000000083a00000, 0x0000000083b00000|  0%| F|  |TAMS 0x0000000083a00000, 0x0000000083a00000| Untracked 
|  31|0x0000000083b00000, 0x0000000083b00000, 0x0000000083c00000|  0%| F|  |TAMS 0x0000000083b00000, 0x0000000083b00000| Untracked 
|  32|0x0000000083c00000, 0x0000000083c00000, 0x0000000083d00000|  0%| F|  |TAMS 0x0000000083c00000, 0x0000000083c00000| Untracked 
|  33|0x0000000083d00000, 0x0000000083d00000, 0x0000000083e00000|  0%| F|  |TAMS 0x0000000083d00000, 0x0000000083d00000| Untracked 
|  34|0x0000000083e00000, 0x0000000083e00000, 0x0000000083f00000|  0%| F|  |TAMS 0x0000000083e00000, 0x0000000083e00000| Untracked 
|  35|0x0000000083f00000, 0x0000000083f00000, 0x0000000084000000|  0%| F|  |TAMS 0x0000000083f00000, 0x0000000083f00000| Untracked 
|  36|0x0000000084000000, 0x0000000084000000, 0x0000000084100000|  0%| F|  |TAMS 0x0000000084000000, 0x0000000084000000| Untracked 
|  37|0x0000000084100000, 0x0000000084100000, 0x0000000084200000|  0%| F|  |TAMS 0x0000000084100000, 0x0000000084100000| Untracked 
|  38|0x0000000084200000, 0x0000000084200000, 0x0000000084300000|  0%| F|  |TAMS 0x0000000084200000, 0x0000000084200000| Untracked 
|  39|0x0000000084300000, 0x0000000084300000, 0x0000000084400000|  0%| F|  |TAMS 0x0000000084300000, 0x0000000084300000| Untracked 
|  40|0x0000000084400000, 0x0000000084400000, 0x0000000084500000|  0%| F|  |TAMS 0x0000000084400000, 0x0000000084400000| Untracked 
|  41|0x0000000084500000, 0x0000000084500000, 0x0000000084600000|  0%| F|  |TAMS 0x0000000084500000, 0x0000000084500000| Untracked 
|  42|0x0000000084600000, 0x0000000084600000, 0x0000000084700000|  0%| F|  |TAMS 0x0000000084600000, 0x0000000084600000| Untracked 
|  43|0x0000000084700000, 0x0000000084700000, 0x0000000084800000|  0%| F|  |TAMS 0x0000000084700000, 0x0000000084700000| Untracked 
|  44|0x0000000084800000, 0x0000000084800000, 0x0000000084900000|  0%| F|  |TAMS 0x0000000084800000, 0x0000000084800000| Untracked 
|  45|0x0000000084900000, 0x0000000084900000, 0x0000000084a00000|  0%| F|  |TAMS 0x0000000084900000, 0x0000000084900000| Untracked 
|  46|0x0000000084a00000, 0x0000000084a00000, 0x0000000084b00000|  0%| F|  |TAMS 0x0000000084a00000, 0x0000000084a00000| Untracked 
|  47|0x0000000084b00000, 0x0000000084b00000, 0x0000000084c00000|  0%| F|  |TAMS 0x0000000084b00000, 0x0000000084b00000| Untracked 
|  48|0x0000000084c00000, 0x0000000084c00000, 0x0000000084d00000|  0%| F|  |TAMS 0x0000000084c00000, 0x0000000084c00000| Untracked 
|  49|0x0000000084d00000, 0x0000000084d00000, 0x0000000084e00000|  0%| F|  |TAMS 0x0000000084d00000, 0x0000000084d00000| Untracked 
|  50|0x0000000084e00000, 0x0000000084e00000, 0x0000000084f00000|  0%| F|  |TAMS 0x0000000084e00000, 0x0000000084e00000| Untracked 
|  51|0x0000000084f00000, 0x0000000084f00000, 0x0000000085000000|  0%| F|  |TAMS 0x0000000084f00000, 0x0000000084f00000| Untracked 
|  52|0x0000000085000000, 0x0000000085000000, 0x0000000085100000|  0%| F|  |TAMS 0x0000000085000000, 0x0000000085000000| Untracked 
|  53|0x0000000085100000, 0x0000000085100000, 0x0000000085200000|  0%| F|  |TAMS 0x0000000085100000, 0x0000000085100000| Untracked 
|  54|0x0000000085200000, 0x0000000085200000, 0x0000000085300000|  0%| F|  |TAMS 0x0000000085200000, 0x0000000085200000| Untracked 
|  55|0x0000000085300000, 0x0000000085300000, 0x0000000085400000|  0%| F|  |TAMS 0x0000000085300000, 0x0000000085300000| Untracked 
|  56|0x0000000085400000, 0x0000000085400000, 0x0000000085500000|  0%| F|  |TAMS 0x0000000085400000, 0x0000000085400000| Untracked 
|  57|0x0000000085500000, 0x0000000085500000, 0x0000000085600000|  0%| F|  |TAMS 0x0000000085500000, 0x0000000085500000| Untracked 
|  58|0x0000000085600000, 0x0000000085600000, 0x0000000085700000|  0%| F|  |TAMS 0x0000000085600000, 0x0000000085600000| Untracked 
|  59|0x0000000085700000, 0x0000000085700000, 0x0000000085800000|  0%| F|  |TAMS 0x0000000085700000, 0x0000000085700000| Untracked 
|  60|0x0000000085800000, 0x0000000085800000, 0x0000000085900000|  0%| F|  |TAMS 0x0000000085800000, 0x0000000085800000| Untracked 
|  61|0x0000000085900000, 0x0000000085900000, 0x0000000085a00000|  0%| F|  |TAMS 0x0000000085900000, 0x0000000085900000| Untracked 
|  62|0x0000000085a00000, 0x0000000085a00000, 0x0000000085b00000|  0%| F|  |TAMS 0x0000000085a00000, 0x0000000085a00000| Untracked 
|  63|0x0000000085b00000, 0x0000000085b00000, 0x0000000085c00000|  0%| F|  |TAMS 0x0000000085b00000, 0x0000000085b00000| Untracked 
|  64|0x0000000085c00000, 0x0000000085c00000, 0x0000000085d00000|  0%| F|  |TAMS 0x0000000085c00000, 0x0000000085c00000| Untracked 
|  65|0x0000000085d00000, 0x0000000085d00000, 0x0000000085e00000|  0%| F|  |TAMS 0x0000000085d00000, 0x0000000085d00000| Untracked 
|  66|0x0000000085e00000, 0x0000000085e00000, 0x0000000085f00000|  0%| F|  |TAMS 0x0000000085e00000, 0x0000000085e00000| Untracked 
|  67|0x0000000085f00000, 0x0000000085f00000, 0x0000000086000000|  0%| F|  |TAMS 0x0000000085f00000, 0x0000000085f00000| Untracked 
|  68|0x0000000086000000, 0x0000000086000000, 0x0000000086100000|  0%| F|  |TAMS 0x0000000086000000, 0x0000000086000000| Untracked 
|  69|0x0000000086100000, 0x0000000086100000, 0x0000000086200000|  0%| F|  |TAMS 0x0000000086100000, 0x0000000086100000| Untracked 
|  70|0x0000000086200000, 0x0000000086200000, 0x0000000086300000|  0%| F|  |TAMS 0x0000000086200000, 0x0000000086200000| Untracked 
|  71|0x0000000086300000, 0x0000000086300000, 0x0000000086400000|  0%| F|  |TAMS 0x0000000086300000, 0x0000000086300000| Untracked 
|  72|0x0000000086400000, 0x0000000086400000, 0x0000000086500000|  0%| F|  |TAMS 0x0000000086400000, 0x0000000086400000| Untracked 
|  73|0x0000000086500000, 0x0000000086500000, 0x0000000086600000|  0%| F|  |TAMS 0x0000000086500000, 0x0000000086500000| Untracked 
|  74|0x0000000086600000, 0x0000000086600000, 0x0000000086700000|  0%| F|  |TAMS 0x0000000086600000, 0x0000000086600000| Untracked 
|  75|0x0000000086700000, 0x0000000086700000, 0x0000000086800000|  0%| F|  |TAMS 0x0000000086700000, 0x0000000086700000| Untracked 
|  76|0x0000000086800000, 0x0000000086800000, 0x0000000086900000|  0%| F|  |TAMS 0x0000000086800000, 0x0000000086800000| Untracked 
|  77|0x0000000086900000, 0x0000000086900000, 0x0000000086a00000|  0%| F|  |TAMS 0x0000000086900000, 0x0000000086900000| Untracked 
|  78|0x0000000086a00000, 0x0000000086a00000, 0x0000000086b00000|  0%| F|  |TAMS 0x0000000086a00000, 0x0000000086a00000| Untracked 
|  79|0x0000000086b00000, 0x0000000086b00000, 0x0000000086c00000|  0%| F|  |TAMS 0x0000000086b00000, 0x0000000086b00000| Untracked 
|  80|0x0000000086c00000, 0x0000000086c00000, 0x0000000086d00000|  0%| F|  |TAMS 0x0000000086c00000, 0x0000000086c00000| Untracked 
|  81|0x0000000086d00000, 0x0000000086d00000, 0x0000000086e00000|  0%| F|  |TAMS 0x0000000086d00000, 0x0000000086d00000| Untracked 
|  82|0x0000000086e00000, 0x0000000086e00000, 0x0000000086f00000|  0%| F|  |TAMS 0x0000000086e00000, 0x0000000086e00000| Untracked 
|  83|0x0000000086f00000, 0x0000000086f00000, 0x0000000087000000|  0%| F|  |TAMS 0x0000000086f00000, 0x0000000086f00000| Untracked 
|  84|0x0000000087000000, 0x0000000087000000, 0x0000000087100000|  0%| F|  |TAMS 0x0000000087000000, 0x0000000087000000| Untracked 
|  85|0x0000000087100000, 0x0000000087100000, 0x0000000087200000|  0%| F|  |TAMS 0x0000000087100000, 0x0000000087100000| Untracked 
|  86|0x0000000087200000, 0x0000000087200000, 0x0000000087300000|  0%| F|  |TAMS 0x0000000087200000, 0x0000000087200000| Untracked 
|  87|0x0000000087300000, 0x0000000087300000, 0x0000000087400000|  0%| F|  |TAMS 0x0000000087300000, 0x0000000087300000| Untracked 
|  88|0x0000000087400000, 0x0000000087400000, 0x0000000087500000|  0%| F|  |TAMS 0x0000000087400000, 0x0000000087400000| Untracked 
|  89|0x0000000087500000, 0x0000000087500000, 0x0000000087600000|  0%| F|  |TAMS 0x0000000087500000, 0x0000000087500000| Untracked 
|  90|0x0000000087600000, 0x0000000087600000, 0x0000000087700000|  0%| F|  |TAMS 0x0000000087600000, 0x0000000087600000| Untracked 
|  91|0x0000000087700000, 0x0000000087700000, 0x0000000087800000|  0%| F|  |TAMS 0x0000000087700000, 0x0000000087700000| Untracked 
|  92|0x0000000087800000, 0x0000000087800000, 0x0000000087900000|  0%| F|  |TAMS 0x0000000087800000, 0x0000000087800000| Untracked 
|  93|0x0000000087900000, 0x0000000087900000, 0x0000000087a00000|  0%| F|  |TAMS 0x0000000087900000, 0x0000000087900000| Untracked 
|  94|0x0000000087a00000, 0x0000000087a00000, 0x0000000087b00000|  0%| F|  |TAMS 0x0000000087a00000, 0x0000000087a00000| Untracked 
|  95|0x0000000087b00000, 0x0000000087b00000, 0x0000000087c00000|  0%| F|  |TAMS 0x0000000087b00000, 0x0000000087b00000| Untracked 
|  96|0x0000000087c00000, 0x0000000087c00000, 0x0000000087d00000|  0%| F|  |TAMS 0x0000000087c00000, 0x0000000087c00000| Untracked 
|  97|0x0000000087d00000, 0x0000000087d00000, 0x0000000087e00000|  0%| F|  |TAMS 0x0000000087d00000, 0x0000000087d00000| Untracked 
|  98|0x0000000087e00000, 0x0000000087e00000, 0x0000000087f00000|  0%| F|  |TAMS 0x0000000087e00000, 0x0000000087e00000| Untracked 
|  99|0x0000000087f00000, 0x0000000087f00000, 0x0000000088000000|  0%| F|  |TAMS 0x0000000087f00000, 0x0000000087f00000| Untracked 
| 100|0x0000000088000000, 0x0000000088000000, 0x0000000088100000|  0%| F|  |TAMS 0x0000000088000000, 0x0000000088000000| Untracked 
| 101|0x0000000088100000, 0x0000000088100000, 0x0000000088200000|  0%| F|  |TAMS 0x0000000088100000, 0x0000000088100000| Untracked 
| 102|0x0000000088200000, 0x0000000088200000, 0x0000000088300000|  0%| F|  |TAMS 0x0000000088200000, 0x0000000088200000| Untracked 
| 103|0x0000000088300000, 0x0000000088300000, 0x0000000088400000|  0%| F|  |TAMS 0x0000000088300000, 0x0000000088300000| Untracked 
| 104|0x0000000088400000, 0x0000000088400000, 0x0000000088500000|  0%| F|  |TAMS 0x0000000088400000, 0x0000000088400000| Untracked 
| 105|0x0000000088500000, 0x0000000088500000, 0x0000000088600000|  0%| F|  |TAMS 0x0000000088500000, 0x0000000088500000| Untracked 
| 106|0x0000000088600000, 0x0000000088600000, 0x0000000088700000|  0%| F|  |TAMS 0x0000000088600000, 0x0000000088600000| Untracked 
| 107|0x0000000088700000, 0x0000000088700000, 0x0000000088800000|  0%| F|  |TAMS 0x0000000088700000, 0x0000000088700000| Untracked 
| 108|0x0000000088800000, 0x0000000088800000, 0x0000000088900000|  0%| F|  |TAMS 0x0000000088800000, 0x0000000088800000| Untracked 
| 109|0x0000000088900000, 0x0000000088900000, 0x0000000088a00000|  0%| F|  |TAMS 0x0000000088900000, 0x0000000088900000| Untracked 
| 110|0x0000000088a00000, 0x0000000088a00000, 0x0000000088b00000|  0%| F|  |TAMS 0x0000000088a00000, 0x0000000088a00000| Untracked 
| 111|0x0000000088b00000, 0x0000000088b00000, 0x0000000088c00000|  0%| F|  |TAMS 0x0000000088b00000, 0x0000000088b00000| Untracked 
| 112|0x0000000088c00000, 0x0000000088c00000, 0x0000000088d00000|  0%| F|  |TAMS 0x0000000088c00000, 0x0000000088c00000| Untracked 
| 113|0x0000000088d00000, 0x0000000088d00000, 0x0000000088e00000|  0%| F|  |TAMS 0x0000000088d00000, 0x0000000088d00000| Untracked 
| 114|0x0000000088e00000, 0x0000000088e00000, 0x0000000088f00000|  0%| F|  |TAMS 0x0000000088e00000, 0x0000000088e00000| Untracked 
| 115|0x0000000088f00000, 0x0000000088f00000, 0x0000000089000000|  0%| F|  |TAMS 0x0000000088f00000, 0x0000000088f00000| Untracked 
| 116|0x0000000089000000, 0x0000000089037030, 0x0000000089100000| 21%| S|CS|TAMS 0x0000000089000000, 0x0000000089000000| Complete 
| 117|0x0000000089100000, 0x0000000089200000, 0x0000000089200000|100%| S|CS|TAMS 0x0000000089100000, 0x0000000089100000| Complete 
| 118|0x0000000089200000, 0x0000000089300000, 0x0000000089300000|100%| S|CS|TAMS 0x0000000089200000, 0x0000000089200000| Complete 
| 119|0x0000000089300000, 0x0000000089300000, 0x0000000089400000|  0%| F|  |TAMS 0x0000000089300000, 0x0000000089300000| Untracked 
| 120|0x0000000089400000, 0x0000000089400000, 0x0000000089500000|  0%| F|  |TAMS 0x0000000089400000, 0x0000000089400000| Untracked 
| 121|0x0000000089500000, 0x0000000089500000, 0x0000000089600000|  0%| F|  |TAMS 0x0000000089500000, 0x0000000089500000| Untracked 
| 122|0x0000000089600000, 0x0000000089600000, 0x0000000089700000|  0%| F|  |TAMS 0x0000000089600000, 0x0000000089600000| Untracked 
| 123|0x0000000089700000, 0x0000000089700000, 0x0000000089800000|  0%| F|  |TAMS 0x0000000089700000, 0x0000000089700000| Untracked 
| 124|0x0000000089800000, 0x0000000089800000, 0x0000000089900000|  0%| F|  |TAMS 0x0000000089800000, 0x0000000089800000| Untracked 
| 125|0x0000000089900000, 0x0000000089900000, 0x0000000089a00000|  0%| F|  |TAMS 0x0000000089900000, 0x0000000089900000| Untracked 
| 126|0x0000000089a00000, 0x0000000089a00000, 0x0000000089b00000|  0%| F|  |TAMS 0x0000000089a00000, 0x0000000089a00000| Untracked 
| 127|0x0000000089b00000, 0x0000000089b00000, 0x0000000089c00000|  0%| F|  |TAMS 0x0000000089b00000, 0x0000000089b00000| Untracked 

Card table byte_map: [0x0000018c42b50000,0x0000018c42f50000] _byte_map_base: 0x0000018c42742000

Marking Bits (Prev, Next): (CMBitMap*) 0x0000018c2ae012a8, (CMBitMap*) 0x0000018c2ae012e0
 Prev Bits: [0x0000018c43350000, 0x0000018c452e0000)
 Next Bits: [0x0000018c452e0000, 0x0000018c47270000)

Polling page: 0x0000018c28d10000

Metaspace:

Usage:
  Non-class:      7.95 MB capacity,     7.88 MB (>99%) used,    72.16 KB ( <1%) free+waste,     7.25 KB ( <1%) overhead. 
      Class:    884.00 KB capacity,   812.54 KB ( 92%) used,    68.02 KB (  8%) free+waste,     3.44 KB ( <1%) overhead. 
       Both:      8.82 MB capacity,     8.67 MB ( 98%) used,   140.18 KB (  2%) free+waste,    10.69 KB ( <1%) overhead. 

Virtual space:
  Non-class space:       16.00 MB reserved,       8.00 MB ( 50%) committed 
      Class space:        1.00 GB reserved,     896.00 KB ( <1%) committed 
             Both:        1.02 GB reserved,       8.88 MB ( <1%) committed 

Chunk freelists:
   Non-Class:  48.00 KB
       Class:  12.00 KB
        Both:  60.00 KB

MaxMetaspaceSize: 17179869184.00 GB
CompressedClassSpaceSize: 1.00 GB

CodeHeap 'non-profiled nmethods': size=120000Kb used=197Kb max_used=197Kb free=119802Kb
 bounds [0x0000018c3aef0000, 0x0000018c3b160000, 0x0000018c42420000]
CodeHeap 'profiled nmethods': size=120000Kb used=911Kb max_used=911Kb free=119088Kb
 bounds [0x0000018c339c0000, 0x0000018c33c30000, 0x0000018c3aef0000]
CodeHeap 'non-nmethods': size=5760Kb used=1067Kb max_used=1082Kb free=4692Kb
 bounds [0x0000018c33420000, 0x0000018c33690000, 0x0000018c339c0000]
 total_blobs=1408 nmethods=595 adapters=272
 compilation: enabled
              stopped_count=0, restarted_count=0
 full_count=0

Compilation events (20 events):
Event: 0.788 Thread 0x0000018c4a64d800 nmethod 591 0x0000018c33a9f990 code [0x0000018c33a9fb80, 0x0000018c33aa0020]
Event: 0.788 Thread 0x0000018c4a64d800  592       3       java.nio.DirectByteBufferR::slice (81 bytes)
Event: 0.789 Thread 0x0000018c4a64d800 nmethod 592 0x0000018c33aa0210 code [0x0000018c33aa03e0, 0x0000018c33aa0730]
Event: 0.789 Thread 0x0000018c4a64d800  585       3       jdk.internal.module.SystemModuleFinders$SystemModuleReader::find (54 bytes)
Event: 0.790 Thread 0x0000018c4a64d800 nmethod 585 0x0000018c33aa0890 code [0x0000018c33aa0bc0, 0x0000018c33aa1ba0]
Event: 0.790 Thread 0x0000018c4a64d800  586       3       jdk.internal.module.SystemModuleFinders$SystemModuleReader::findImageLocation (42 bytes)
Event: 0.791 Thread 0x0000018c4a64d800 nmethod 586 0x0000018c33aa2190 code [0x0000018c33aa23c0, 0x0000018c33aa2ac0]
Event: 0.791 Thread 0x0000018c4a64d800  587       3       jdk.internal.module.SystemModuleFinders$SystemImage::reader (4 bytes)
Event: 0.791 Thread 0x0000018c4a64d800 nmethod 587 0x0000018c33aa2d90 code [0x0000018c33aa2f40, 0x0000018c33aa3098]
Event: 0.791 Thread 0x0000018c4a64d800  588       3       jdk.internal.jimage.ImageReader::findLocation (14 bytes)
Event: 0.791 Thread 0x0000018c4a64d800 nmethod 588 0x0000018c33aa3110 code [0x0000018c33aa3300, 0x0000018c33aa36a0]
Event: 0.791 Thread 0x0000018c4a64f000 nmethod 582 0x0000018c3af1fd10 code [0x0000018c3af1fea0, 0x0000018c3af20118]
Event: 0.791 Thread 0x0000018c4a64f000  593       4       java.lang.StringUTF16::compress (50 bytes)
Event: 0.793 Thread 0x0000018c49cda000 nmethod 581 0x0000018c3af20690 code [0x0000018c3af20840, 0x0000018c3af20d38]
Event: 0.795 Thread 0x0000018c4a64d800  595       3       sun.net.www.protocol.file.Handler::parseURL (18 bytes)
Event: 0.795 Thread 0x0000018c4a64d800 nmethod 595 0x0000018c33aa3810 code [0x0000018c33aa39e0, 0x0000018c33aa3be0]
Event: 0.795 Thread 0x0000018c4a64d800  596       3       java.net.URLStreamHandler::parseURL (1201 bytes)
Event: 0.796 Thread 0x0000018c4a64f000 nmethod 593 0x0000018c3af20f90 code [0x0000018c3af21120, 0x0000018c3af21438]
Event: 0.800 Thread 0x0000018c49cda000  599       4       java.util.zip.ZipFile$Source::getEntryPos (206 bytes)
Event: 0.801 Thread 0x0000018c4a64f000  601       4       java.lang.StringLatin1::replace (196 bytes)

GC Heap History (0 events):
No events

Deoptimization events (20 events):
Event: 0.364 Thread 0x0000018c2adbf800 Uncommon trap: trap_request=0xffffff4d fr.pc=0x0000018c3af0b5c0 relative=0x0000000000000180
Event: 0.364 Thread 0x0000018c2adbf800 Uncommon trap: reason=unstable_if action=reinterpret pc=0x0000018c3af0b5c0 method=java.util.zip.ZipFile$Source.isMetaName([BII)Z @ 43 c2
Event: 0.364 Thread 0x0000018c2adbf800 DEOPT PACKING pc=0x0000018c3af0b5c0 sp=0x00000079d9ff79f0
Event: 0.364 Thread 0x0000018c2adbf800 DEOPT UNPACKING pc=0x0000018c33448f2f sp=0x00000079d9ff7998 mode 2
Event: 0.378 Thread 0x0000018c2adbf800 Uncommon trap: trap_request=0xffffff4d fr.pc=0x0000018c3af0901c relative=0x0000000000000d1c
Event: 0.378 Thread 0x0000018c2adbf800 Uncommon trap: reason=unstable_if action=reinterpret pc=0x0000018c3af0901c method=java.util.HashMap.putVal(ILjava/lang/Object;Ljava/lang/Object;ZZ)Ljava/lang/Object; @ 181 c2
Event: 0.378 Thread 0x0000018c2adbf800 DEOPT PACKING pc=0x0000018c3af0901c sp=0x00000079d9ffc3e0
Event: 0.378 Thread 0x0000018c2adbf800 DEOPT UNPACKING pc=0x0000018c33448f2f sp=0x00000079d9ffc380 mode 2
Event: 0.673 Thread 0x0000018c2adbf800 DEOPT PACKING pc=0x0000018c33a2d422 sp=0x00000079d9ffa4c0
Event: 0.673 Thread 0x0000018c2adbf800 DEOPT UNPACKING pc=0x0000018c33448d4e sp=0x00000079d9ff9940 mode 0
Event: 0.678 Thread 0x0000018c2adbf800 DEOPT PACKING pc=0x0000018c339fd770 sp=0x00000079d9ffa470
Event: 0.678 Thread 0x0000018c2adbf800 DEOPT UNPACKING pc=0x0000018c33448d4e sp=0x00000079d9ff98f8 mode 0
Event: 0.754 Thread 0x0000018c2adbf800 Uncommon trap: trap_request=0xffffff4d fr.pc=0x0000018c3af1ca2c relative=0x000000000000020c
Event: 0.754 Thread 0x0000018c2adbf800 Uncommon trap: reason=unstable_if action=reinterpret pc=0x0000018c3af1ca2c method=java.lang.String.startsWith(Ljava/lang/String;I)Z @ 14 c2
Event: 0.754 Thread 0x0000018c2adbf800 DEOPT PACKING pc=0x0000018c3af1ca2c sp=0x00000079d9ffe820
Event: 0.754 Thread 0x0000018c2adbf800 DEOPT UNPACKING pc=0x0000018c33448f2f sp=0x00000079d9ffe788 mode 2
Event: 0.784 Thread 0x0000018c2adbf800 DEOPT PACKING pc=0x0000018c33a261ff sp=0x00000079d9ffb0c0
Event: 0.784 Thread 0x0000018c2adbf800 DEOPT UNPACKING pc=0x0000018c33448d4e sp=0x00000079d9ffa510 mode 0
Event: 0.801 Thread 0x0000018c2adbf800 DEOPT PACKING pc=0x0000018c33a01de8 sp=0x00000079d9ffbe40
Event: 0.801 Thread 0x0000018c2adbf800 DEOPT UNPACKING pc=0x0000018c33448d4e sp=0x00000079d9ffb310 mode 0

Classes redefined (0 events):
No events

Internal exceptions (5 events):
Event: 0.200 Thread 0x0000018c2adbf800 Exception <a 'java/security/PrivilegedActionException'{0x0000000089ad3d40}> (0x0000000089ad3d40) thrown at [c:/cygwin64/tmp/openjdk-jdk11u-windows-x64-hotspot/workspace/build/src/src/hotspot/share/prims/jvm.cpp, line 1297]
Event: 0.200 Thread 0x0000018c2adbf800 Exception <a 'java/security/PrivilegedActionException'{0x0000000089ad4010}> (0x0000000089ad4010) thrown at [c:/cygwin64/tmp/openjdk-jdk11u-windows-x64-hotspot/workspace/build/src/src/hotspot/share/prims/jvm.cpp, line 1297]
Event: 0.317 Thread 0x0000018c2adbf800 Exception <a 'java/lang/NoSuchMethodError'{0x00000000897726d8}: 'int java.lang.invoke.DirectMethodHandle$Holder.invokeSpecialIFC(java.lang.Object, java.lang.Object, int)'> (0x00000000897726d8) thrown at [c:/cygwin64/tmp/openjdk-jdk11u-windows-x64-hotspot/
Event: 0.381 Thread 0x0000018c2adbf800 Exception <a 'java/lang/NoSuchMethodError'{0x000000008968fb78}: 'java.lang.Object java.lang.invoke.DirectMethodHandle$Holder.invokeStaticInit(java.lang.Object, int, int, int, int)'> (0x000000008968fb78) thrown at [c:/cygwin64/tmp/openjdk-jdk11u-windows-x6
Event: 0.685 Thread 0x0000018c2adbf800 Exception <a 'java/lang/NoSuchMethodError'{0x0000000089556b00}: 'java.lang.Object java.lang.invoke.DirectMethodHandle$Holder.invokeStaticInit(java.lang.Object, java.lang.Object, int, int, int, int)'> (0x0000000089556b00) thrown at [c:/cygwin64/tmp/openjdk

Events (20 events):
Event: 0.798 loading class java/io/StringReader
Event: 0.798 loading class java/io/StringReader done
Event: 0.798 loading class org/apache/maven/cli/logging/impl/Slf4jSimpleConfiguration
Event: 0.798 loading class org/apache/maven/cli/logging/impl/Slf4jSimpleConfiguration done
Event: 0.799 loading class org/apache/maven/cli/logging/BaseSlf4jConfiguration
Event: 0.799 loading class org/apache/maven/cli/logging/BaseSlf4jConfiguration done
Event: 0.800 loading class org/slf4j/impl/MavenSimpleLogger
Event: 0.800 loading class org/slf4j/impl/MavenSimpleLogger done
Event: 0.800 loading class java/lang/AssertionError
Event: 0.800 loading class java/lang/AssertionError done
Event: 0.801 loading class org/slf4j/MavenSlf4jFriend
Event: 0.801 loading class org/slf4j/MavenSlf4jFriend done
Event: 0.801 loading class org/slf4j/impl/MavenSlf4jSimpleFriend
Event: 0.801 loading class org/slf4j/impl/MavenSlf4jSimpleFriend done
Event: 0.803 loading class org/apache/maven/cli/logging/Slf4jLoggerManager
Event: 0.803 loading class org/apache/maven/cli/logging/Slf4jLoggerManager done
Event: 0.804 loading class org/codehaus/plexus/logging/Logger
Event: 0.804 loading class org/codehaus/plexus/logging/Logger done
Event: 0.804 loading class org/codehaus/plexus/util/StringUtils
Event: 0.804 loading class org/codehaus/plexus/util/StringUtils done


Dynamic libraries:
0x00007ff7fcfb0000 - 0x00007ff7fcfbd000 	C:\Program Files\AdoptOpenJDK\jdk-11.0.6.10-hotspot\bin\java.exe
0x00007ffdc4c90000 - 0x00007ffdc4e86000 	C:\WINDOWS\SYSTEM32\ntdll.dll
0x00007ffd8f790000 - 0x00007ffd8f7a2000 	C:\Program Files\Avast Software\Avast\aswhook.dll
0x00007ffdc46b0000 - 0x00007ffdc476d000 	C:\WINDOWS\System32\KERNEL32.DLL
0x00007ffdc25c0000 - 0x00007ffdc2889000 	C:\WINDOWS\System32\KERNELBASE.dll
0x00007ffdc2a90000 - 0x00007ffdc2b90000 	C:\WINDOWS\System32\ucrtbase.dll
0x00007ffd91280000 - 0x00007ffd91297000 	C:\Program Files\AdoptOpenJDK\jdk-11.0.6.10-hotspot\bin\jli.dll
0x00007ffdc4970000 - 0x00007ffdc4b10000 	C:\WINDOWS\System32\USER32.dll
0x00007ffdc23d0000 - 0x00007ffdc23f2000 	C:\WINDOWS\System32\win32u.dll
0x00007ffdc4b10000 - 0x00007ffdc4b3a000 	C:\WINDOWS\System32\GDI32.dll
0x00007ffdc2480000 - 0x00007ffdc2589000 	C:\WINDOWS\System32\gdi32full.dll
0x00007ffdc29f0000 - 0x00007ffdc2a8d000 	C:\WINDOWS\System32\msvcp_win.dll
0x00007ffd8f1b0000 - 0x00007ffd8f1c6000 	C:\Program Files\AdoptOpenJDK\jdk-11.0.6.10-hotspot\bin\VCRUNTIME140.dll
0x00007ffd8edb0000 - 0x00007ffd8f04b000 	C:\WINDOWS\WinSxS\amd64_microsoft.windows.common-controls_6595b64144ccf1df_6.0.19041.488_none_ca04af081b815d21\COMCTL32.dll
0x00007ffdc4bb0000 - 0x00007ffdc4c4e000 	C:\WINDOWS\System32\msvcrt.dll
0x00007ffdc3b00000 - 0x00007ffdc3b30000 	C:\WINDOWS\System32\IMM32.DLL
0x00007ffd8bc90000 - 0x00007ffd8bd2b000 	C:\Program Files\AdoptOpenJDK\jdk-11.0.6.10-hotspot\bin\msvcp140.dll
0x00007ffd73fd0000 - 0x00007ffd74a8c000 	C:\Program Files\AdoptOpenJDK\jdk-11.0.6.10-hotspot\bin\server\jvm.dll
0x00007ffdc2cf0000 - 0x00007ffdc2d9c000 	C:\WINDOWS\System32\ADVAPI32.dll
0x00007ffdc2da0000 - 0x00007ffdc2e3c000 	C:\WINDOWS\System32\sechost.dll
0x00007ffdc30f0000 - 0x00007ffdc321b000 	C:\WINDOWS\System32\RPCRT4.dll
0x00007ffdc2ec0000 - 0x00007ffdc2ec8000 	C:\WINDOWS\System32\PSAPI.DLL
0x00007ffdb3bc0000 - 0x00007ffdb3bc9000 	C:\WINDOWS\SYSTEM32\WSOCK32.dll
0x00007ffdc4b40000 - 0x00007ffdc4bab000 	C:\WINDOWS\System32\WS2_32.dll
0x00007ffdb9510000 - 0x00007ffdb9537000 	C:\WINDOWS\SYSTEM32\WINMM.dll
0x00007ffdbbe50000 - 0x00007ffdbbe5a000 	C:\WINDOWS\SYSTEM32\VERSION.dll
0x00007ffdc1020000 - 0x00007ffdc1032000 	C:\WINDOWS\SYSTEM32\kernel.appcore.dll
0x00007ffdbb1c0000 - 0x00007ffdbb1d0000 	C:\Program Files\AdoptOpenJDK\jdk-11.0.6.10-hotspot\bin\verify.dll
0x00007ffdc0a10000 - 0x00007ffdc0bf4000 	C:\WINDOWS\SYSTEM32\DBGHELP.DLL
0x00007ffdb9aa0000 - 0x00007ffdb9acc000 	C:\WINDOWS\SYSTEM32\dbgcore.DLL
0x00007ffdc2400000 - 0x00007ffdc2480000 	C:\WINDOWS\System32\bcryptPrimitives.dll
0x00007ffd8ea30000 - 0x00007ffd8ea58000 	C:\Program Files\AdoptOpenJDK\jdk-11.0.6.10-hotspot\bin\java.dll
0x00007ffdbd5b0000 - 0x00007ffdbd5be000 	C:\Program Files\AdoptOpenJDK\jdk-11.0.6.10-hotspot\bin\instrument.dll
0x00007ffd8f190000 - 0x00007ffd8f1a7000 	C:\Program Files\AdoptOpenJDK\jdk-11.0.6.10-hotspot\bin\zip.dll
0x00007ffdbaf90000 - 0x00007ffdbaf9a000 	C:\Program Files\AdoptOpenJDK\jdk-11.0.6.10-hotspot\bin\jimage.dll
0x00007ffdc3f60000 - 0x00007ffdc46a2000 	C:\WINDOWS\System32\SHELL32.dll
0x00007ffdc0150000 - 0x00007ffdc08e5000 	C:\WINDOWS\SYSTEM32\windows.storage.dll
0x00007ffdc3b30000 - 0x00007ffdc3e86000 	C:\WINDOWS\System32\combase.dll
0x00007ffdc1e40000 - 0x00007ffdc1e6c000 	C:\WINDOWS\SYSTEM32\Wldp.dll
0x00007ffdc37e0000 - 0x00007ffdc388e000 	C:\WINDOWS\System32\SHCORE.dll
0x00007ffdc2ed0000 - 0x00007ffdc2f25000 	C:\WINDOWS\System32\shlwapi.dll
0x00007ffdc2300000 - 0x00007ffdc2326000 	C:\WINDOWS\SYSTEM32\profapi.dll
0x00007ffd8e930000 - 0x00007ffd8e949000 	C:\Program Files\AdoptOpenJDK\jdk-11.0.6.10-hotspot\bin\net.dll
0x00007ffdb45d0000 - 0x00007ffdb46d0000 	C:\WINDOWS\SYSTEM32\WINHTTP.dll
0x00007ffdc1bc0000 - 0x00007ffdc1c2a000 	C:\WINDOWS\system32\mswsock.dll
0x00007ffd8e910000 - 0x00007ffd8e922000 	C:\Program Files\AdoptOpenJDK\jdk-11.0.6.10-hotspot\bin\nio.dll
0x00007ffdba130000 - 0x00007ffdba14a000 	C:\Program Files\JetBrains\IntelliJ IDEA 2020.2.2.0\bin\breakgen64.dll
0x00007ffdc1da0000 - 0x00007ffdc1db8000 	C:\WINDOWS\SYSTEM32\CRYPTSP.dll
0x00007ffdc14e0000 - 0x00007ffdc1514000 	C:\WINDOWS\system32\rsaenh.dll
0x00007ffdc2590000 - 0x00007ffdc25b7000 	C:\WINDOWS\System32\bcrypt.dll
0x00007ffdc22c0000 - 0x00007ffdc22ee000 	C:\WINDOWS\SYSTEM32\USERENV.dll
0x00007ffdc1d90000 - 0x00007ffdc1d9c000 	C:\WINDOWS\SYSTEM32\CRYPTBASE.dll
0x00007ffdc1860000 - 0x00007ffdc189b000 	C:\WINDOWS\SYSTEM32\IPHLPAPI.DLL
0x00007ffdc3360000 - 0x00007ffdc3368000 	C:\WINDOWS\System32\NSI.dll
0x00007ffdbff80000 - 0x00007ffdbff97000 	C:\WINDOWS\SYSTEM32\dhcpcsvc6.DLL
0x00007ffdbff60000 - 0x00007ffdbff7d000 	C:\WINDOWS\SYSTEM32\dhcpcsvc.DLL
0x00007ffdc18a0000 - 0x00007ffdc196b000 	C:\WINDOWS\SYSTEM32\DNSAPI.dll
0x00007ffdba070000 - 0x00007ffdba07a000 	C:\Users\jmier\AppData\Local\Temp\jansi-1.17.1-5482173974406309922.dll
0x00007ffdb4900000 - 0x00007ffdb490a000 	C:\Users\jmier\AppData\Local\Temp\jansi-1.17.1-11124116023103744414.dll

dbghelp: loaded successfully - version: 4.0.5 - missing functions: none
symbol engine: initialized successfully - sym options: 0x614 - pdb path: .;C:\Program Files\AdoptOpenJDK\jdk-11.0.6.10-hotspot\bin;C:\WINDOWS\SYSTEM32;C:\Program Files\Avast Software\Avast;C:\WINDOWS\WinSxS\amd64_microsoft.windows.common-controls_6595b64144ccf1df_6.0.19041.488_none_ca04af081b815d21;C:\Program Files\AdoptOpenJDK\jdk-11.0.6.10-hotspot\bin\server;C:\Program Files\JetBrains\IntelliJ IDEA 2020.2.2.0\bin;C:\Users\jmier\AppData\Local\Temp

VM Arguments:
jvm_args: -Dmaven.multiModuleProjectDirectory=C:\Users\jmier\IdeaProjects\demo -Dmaven.home=C:\Users\jmier\.m2\wrapper\dists\apache-maven-3.6.3-bin\1iopthnavndlasol9gbrbg6bf2\apache-maven-3.6.3 -Dclassworlds.conf=C:\Users\jmier\.m2\wrapper\dists\apache-maven-3.6.3-bin\1iopthnavndlasol9gbrbg6bf2\apache-maven-3.6.3\bin\m2.conf -Dmaven.ext.class.path=C:\Program Files\JetBrains\IntelliJ IDEA 2020.2.2.0\plugins\maven\lib\maven-event-listener.jar -javaagent:C:\Program Files\JetBrains\IntelliJ IDEA 2020.2.2.0\lib\idea_rt.jar=60907:C:\Program Files\JetBrains\IntelliJ IDEA 2020.2.2.0\bin -Dfile.encoding=UTF-8 
java_command: org.codehaus.classworlds.Launcher -Didea.version=2020.2.2 clean install
java_class_path (initial): C:\Users\jmier\.m2\wrapper\dists\apache-maven-3.6.3-bin\1iopthnavndlasol9gbrbg6bf2\apache-maven-3.6.3\boot\plexus-classworlds-2.6.0.jar;C:\Users\jmier\.m2\wrapper\dists\apache-maven-3.6.3-bin\1iopthnavndlasol9gbrbg6bf2\apache-maven-3.6.3\boot\plexus-classworlds.license
Launcher Type: SUN_STANDARD

[Global flags]
     intx CICompilerCount                          = 4                                         {product} {ergonomic}
     uint ConcGCThreads                            = 2                                         {product} {ergonomic}
     uint G1ConcRefinementThreads                  = 8                                         {product} {ergonomic}
   size_t G1HeapRegionSize                         = 1048576                                   {product} {ergonomic}
    uintx GCDrainStackTargetSize                   = 64                                        {product} {ergonomic}
   size_t InitialHeapSize                          = 134217728                                 {product} {ergonomic}
   size_t MarkStackSize                            = 4194304                                   {product} {ergonomic}
   size_t MaxHeapSize                              = 2118123520                                {product} {ergonomic}
   size_t MaxNewSize                               = 1270874112                                {product} {ergonomic}
   size_t MinHeapDeltaBytes                        = 1048576                                   {product} {ergonomic}
    uintx NonNMethodCodeHeapSize                   = 5836300                                {pd product} {ergonomic}
    uintx NonProfiledCodeHeapSize                  = 122910970                              {pd product} {ergonomic}
    uintx ProfiledCodeHeapSize                     = 122910970                              {pd product} {ergonomic}
    uintx ReservedCodeCacheSize                    = 251658240                              {pd product} {ergonomic}
     bool SegmentedCodeCache                       = true                                      {product} {ergonomic}
     bool UseCompressedClassPointers               = true                                 {lp64_product} {ergonomic}
     bool UseCompressedOops                        = true                                 {lp64_product} {ergonomic}
     bool UseG1GC                                  = true                                      {product} {ergonomic}
     bool UseLargePagesIndividualAllocation        = false                                  {pd product} {ergonomic}

Logging:
Log output configuration:
 #0: stdout all=warning uptime,level,tags
 #1: stderr all=off uptime,level,tags

Environment Variables:
JAVA_HOME=C:\Program Files\AdoptOpenJDK\jdk-11.0.6.10-hotspot\
PATH=C:\Program Files\AdoptOpenJDK\jdk-11.0.6.10-hotspot\bin;C:\PROGRA~2\Borland\CBUILD~1\Bin;C:\PROGRA~2\Borland\CBUILD~1\Projects\Bpl;C:\Program Files (x86)\Intel\iCLS Client\;C:\Program Files\Intel\iCLS Client\;C:\WINDOWS\system32;C:\WINDOWS;C:\WINDOWS\System32\Wbem;C:\WINDOWS\System32\WindowsPowerShell\v1.0\;C:\Program Files (x86)\Intel\Intel(R) Management Engine Components\DAL;C:\Program Files\Intel\Intel(R) Management Engine Components\DAL;C:\Program Files (x86)\Intel\Intel(R) Management Engine Components\IPT;C:\Program Files\Intel\Intel(R) Management Engine Components\IPT;C:\WINDOWS\System32\OpenSSH\;C:\Program Files\Intel\WiFi\bin\;C:\Program Files\Common Files\Intel\WirelessCommon\;C:\Program Files\Git\cmd;C:\Users\jmier\Desktop\Java\apache-maven-3.6.3\bin;C:\Program Files (x86)\Microsoft SQL Server\150\DTS\Binn\;C:\Program Files\Microsoft SQL Server\Client SDK\ODBC\170\Tools\Binn\;C:\Program Files (x86)\Microsoft SQL Server\150\Tools\Binn\;C:\Program Files\Microsoft SQL Server\150\Tools\Binn\;C:\Program Files\Microsoft SQL Server\150\DTS\Binn\;C:\Program Files\nodejs\;C:\Program Files\MySQL\MySQL Shell 8.0\bin\;C:\Users\jmier\AppData\Local\Microsoft\WindowsApps;C:\Users\jmier\Desktop\Java\apache-maven-3.6.3\bin;C:\Users\jmier\AppData\Roaming\npm
USERNAME=jmier
OS=Windows_NT
PROCESSOR_IDENTIFIER=Intel64 Family 6 Model 142 Stepping 10, GenuineIntel



---------------  S Y S T E M  ---------------

OS: Windows 10 , 64 bit Build 19041 (10.0.19041.662)

CPU:total 8 (initial active 8) (4 cores per cpu, 2 threads per core) family 6 model 142 stepping 10, cmov, cx8, fxsr, mmx, sse, sse2, sse3, ssse3, sse4.1, sse4.2, popcnt, avx, avx2, aes, clmul, erms, 3dnowpref, lzcnt, ht, tsc, tscinvbit, bmi1, bmi2, adx, fma

Memory: 4k page, system-wide physical 8078M (580M free)
TotalPageFile size 12174M (AvailPageFile size 0M)
current process WorkingSet (physical memory assigned to process): 57M, peak: 57M
current process commit charge ("private bytes"): 217M, peak: 218M

vm_info: OpenJDK 64-Bit Server VM (11.0.6+10) for windows-amd64 JRE (11.0.6+10), built on Jan 15 2020 06:14:58 by "" with MS VC++ 15.8 (VS2017)

END.
