#
# There is insufficient memory for the Java Runtime Environment to continue.
# Native memory allocation (malloc) failed to allocate 554096 bytes for Chunk::new
# Possible reasons:
#   The system is out of physical RAM or swap space
#   The process is running with CompressedOops enabled, and the Java Heap may be blocking the growth of the native heap
# Possible solutions:
#   Reduce memory load on the system
#   Increase physical memory or swap space
#   Check if swap backing store is full
#   Decrease Java heap size (-Xmx/-Xms)
#   Decrease number of Java threads
#   Decrease Java thread stack sizes (-Xss)
#   Set larger code cache with -XX:ReservedCodeCacheSize=
#   JVM is running with Unscaled Compressed Oops mode in which the Java heap is
#     placed in the first 4GB address space. The Java Heap base address is the
#     maximum limit for the native heap growth. Please use -XX:HeapBaseMinAddress
#     to set the Java Heap base and to place the Java Heap above 4GB virtual address.
# This output file may be truncated or incomplete.
#
#  Out of Memory Error (c:/cygwin64/tmp/openjdk-jdk11u-windows-x64-hotspot/workspace/build/src/src/hotspot/share/memory/arena.cpp:197), pid=8416, tid=12136
#
# JRE version: OpenJDK Runtime Environment (11.0.6+10) (build 11.0.6+10)
# Java VM: OpenJDK 64-Bit Server VM (11.0.6+10, mixed mode, tiered, compressed oops, g1 gc, windows-amd64)
# No core dump will be written. Minidumps are not enabled by default on client versions of Windows
#

---------------  S U M M A R Y ------------

Command Line: -Dmaven.multiModuleProjectDirectory=C:\Users\jmier\IdeaProjects\demo -Dmaven.home=C:\Users\jmier\.m2\wrapper\dists\apache-maven-3.6.3-bin\1iopthnavndlasol9gbrbg6bf2\apache-maven-3.6.3 -Dclassworlds.conf=C:\Users\jmier\.m2\wrapper\dists\apache-maven-3.6.3-bin\1iopthnavndlasol9gbrbg6bf2\apache-maven-3.6.3\bin\m2.conf -Dmaven.ext.class.path=C:\Program Files\JetBrains\IntelliJ IDEA 2020.2.2.0\plugins\maven\lib\maven-event-listener.jar -javaagent:C:\Program Files\JetBrains\IntelliJ IDEA 2020.2.2.0\lib\idea_rt.jar=62028:C:\Program Files\JetBrains\IntelliJ IDEA 2020.2.2.0\bin -Dfile.encoding=UTF-8 org.codehaus.classworlds.Launcher -Didea.version=2020.2.2 clean install

Host: Intel(R) Core(TM) i5-8250U CPU @ 1.60GHz, 8 cores, 7G,  Windows 10 , 64 bit Build 19041 (10.0.19041.662)
Time: Wed Dec 16 18:25:10 2020 Œrodkowoeuropejski czas stand. elapsed time: 1 seconds (0d 0h 0m 1s)

---------------  T H R E A D  ---------------

Current thread (0x0000017b7bfed000):  JavaThread "C2 CompilerThread0" daemon [_thread_in_native, id=12136, stack(0x000000482b100000,0x000000482b200000)]


Current CompileTask:
C2:   1406 1112   !   4       sun.nio.cs.StreamDecoder::read (196 bytes)

Stack: [0x000000482b100000,0x000000482b200000]
Native frames: (J=compiled Java code, j=interpreted, Vv=VM code, C=native code)
V  [jvm.dll+0x5db25a]
V  [jvm.dll+0x7111de]
V  [jvm.dll+0x712877]
V  [jvm.dll+0x712f43]
V  [jvm.dll+0x23fe78]
V  [jvm.dll+0xb8f0c]
V  [jvm.dll+0xb949c]
V  [jvm.dll+0x342897]
V  [jvm.dll+0x310763]
V  [jvm.dll+0x30fb4a]
V  [jvm.dll+0x1f9d45]
V  [jvm.dll+0x1f8eff]
V  [jvm.dll+0x17d96c]
V  [jvm.dll+0x2080b7]
V  [jvm.dll+0x20639b]
V  [jvm.dll+0x6d70bc]
V  [jvm.dll+0x6d01ec]
V  [jvm.dll+0x5da1e6]
C  [ucrtbase.dll+0x214c2]
C  [KERNEL32.DLL+0x17034]
C  [ntdll.dll+0x4d0d1]


---------------  P R O C E S S  ---------------

Threads class SMR info:
_java_thread_list=0x0000017b7d1e4310, length=12, elements={
0x0000017b5d0bf800, 0x0000017b7bfd0000, 0x0000017b7bfd9000, 0x0000017b7bfe8000,
0x0000017b7bfea000, 0x0000017b7bfed000, 0x0000017b7bff8800, 0x0000017b7c954000,
0x0000017b7cac7000, 0x0000017b7cbef000, 0x0000017b7cc23800, 0x0000017b7d1ea800
}

Java Threads: ( => current thread )
  0x0000017b5d0bf800 JavaThread "main" [_thread_in_vm, id=2520, stack(0x000000482a600000,0x000000482a700000)]
  0x0000017b7bfd0000 JavaThread "Reference Handler" daemon [_thread_blocked, id=14268, stack(0x000000482ad00000,0x000000482ae00000)]
  0x0000017b7bfd9000 JavaThread "Finalizer" daemon [_thread_blocked, id=13800, stack(0x000000482ae00000,0x000000482af00000)]
  0x0000017b7bfe8000 JavaThread "Signal Dispatcher" daemon [_thread_blocked, id=2920, stack(0x000000482af00000,0x000000482b000000)]
  0x0000017b7bfea000 JavaThread "Attach Listener" daemon [_thread_blocked, id=19520, stack(0x000000482b000000,0x000000482b100000)]
=>0x0000017b7bfed000 JavaThread "C2 CompilerThread0" daemon [_thread_in_native, id=12136, stack(0x000000482b100000,0x000000482b200000)]
  0x0000017b7bff8800 JavaThread "C1 CompilerThread0" daemon [_thread_in_vm, id=7852, stack(0x000000482b200000,0x000000482b300000)]
  0x0000017b7c954000 JavaThread "Sweeper thread" daemon [_thread_blocked, id=3024, stack(0x000000482b300000,0x000000482b400000)]
  0x0000017b7cac7000 JavaThread "Common-Cleaner" daemon [_thread_blocked, id=4360, stack(0x000000482b400000,0x000000482b500000)]
  0x0000017b7cbef000 JavaThread "Monitor Ctrl-Break" daemon [_thread_in_native, id=16820, stack(0x000000482b600000,0x000000482b700000)]
  0x0000017b7cc23800 JavaThread "Service Thread" daemon [_thread_blocked, id=17312, stack(0x000000482b700000,0x000000482b800000)]
  0x0000017b7d1ea800 JavaThread "C2 CompilerThread1" daemon [_thread_in_native, id=14060, stack(0x000000482b500000,0x000000482b600000)]

Other Threads:
  0x0000017b7bfaa000 VMThread "VM Thread" [stack: 0x000000482ac00000,0x000000482ad00000] [id=11724]
  0x0000017b7cc24800 WatcherThread [stack: 0x000000482b800000,0x000000482b900000] [id=5508]
  0x0000017b5d0d7000 GCTaskThread "GC Thread#0" [stack: 0x000000482a700000,0x000000482a800000] [id=6668]
  0x0000017b7dd91800 GCTaskThread "GC Thread#1" [stack: 0x000000482b900000,0x000000482ba00000] [id=1928]
  0x0000017b7dd92000 GCTaskThread "GC Thread#2" [stack: 0x000000482ba00000,0x000000482bb00000] [id=824]
  0x0000017b5d10a800 ConcurrentGCThread "G1 Main Marker" [stack: 0x000000482a800000,0x000000482a900000] [id=14564]
  0x0000017b5d10e000 ConcurrentGCThread "G1 Conc#0" [stack: 0x000000482a900000,0x000000482aa00000] [id=20348]
  0x0000017b5d19d800 ConcurrentGCThread "G1 Refine#0" [stack: 0x000000482aa00000,0x000000482ab00000] [id=17700]
  0x0000017b5d19e800 ConcurrentGCThread "G1 Young RemSet Sampling" [stack: 0x000000482ab00000,0x000000482ac00000] [id=18104]

Threads with active compile tasks:
C2 CompilerThread0   1471 1112   !   4       sun.nio.cs.StreamDecoder::read (196 bytes)
C2 CompilerThread1   1471 1227       4       java.lang.String::replace (42 bytes)

VM state:not at safepoint (normal execution)

VM Mutex/Monitor currently owned by a thread: None

Heap address: 0x0000000081c00000, size: 2020 MB, Compressed Oops mode: 32-bit
Narrow klass base: 0x0000000000000000, Narrow klass shift: 3
Compressed class space size: 1073741824 Address: 0x0000000100000000

Heap:
 garbage-first heap   total 131072K, used 11939K [0x0000000081c00000, 0x0000000100000000)
  region size 1024K, 12 young (12288K), 3 survivors (3072K)
 Metaspace       used 14077K, capacity 14359K, committed 14592K, reserved 1062912K
  class space    used 1433K, capacity 1529K, committed 1536K, reserved 1048576K
Heap Regions: E=young(eden), S=young(survivor), O=old, HS=humongous(starts), HC=humongous(continues), CS=collection set, F=free, A=archive, TAMS=top-at-mark-start (previous, next)
|   0|0x0000000081c00000, 0x0000000081ca8c00, 0x0000000081d00000| 65%| O|  |TAMS 0x0000000081c00000, 0x0000000081c00000| Untracked 
|   1|0x0000000081d00000, 0x0000000081d00000, 0x0000000081e00000|  0%| F|  |TAMS 0x0000000081d00000, 0x0000000081d00000| Untracked 
|   2|0x0000000081e00000, 0x0000000081e00000, 0x0000000081f00000|  0%| F|  |TAMS 0x0000000081e00000, 0x0000000081e00000| Untracked 
|   3|0x0000000081f00000, 0x0000000081f00000, 0x0000000082000000|  0%| F|  |TAMS 0x0000000081f00000, 0x0000000081f00000| Untracked 
|   4|0x0000000082000000, 0x0000000082000000, 0x0000000082100000|  0%| F|  |TAMS 0x0000000082000000, 0x0000000082000000| Untracked 
|   5|0x0000000082100000, 0x0000000082100000, 0x0000000082200000|  0%| F|  |TAMS 0x0000000082100000, 0x0000000082100000| Untracked 
|   6|0x0000000082200000, 0x0000000082200000, 0x0000000082300000|  0%| F|  |TAMS 0x0000000082200000, 0x0000000082200000| Untracked 
|   7|0x0000000082300000, 0x0000000082300000, 0x0000000082400000|  0%| F|  |TAMS 0x0000000082300000, 0x0000000082300000| Untracked 
|   8|0x0000000082400000, 0x0000000082400000, 0x0000000082500000|  0%| F|  |TAMS 0x0000000082400000, 0x0000000082400000| Untracked 
|   9|0x0000000082500000, 0x0000000082500000, 0x0000000082600000|  0%| F|  |TAMS 0x0000000082500000, 0x0000000082500000| Untracked 
|  10|0x0000000082600000, 0x0000000082600000, 0x0000000082700000|  0%| F|  |TAMS 0x0000000082600000, 0x0000000082600000| Untracked 
|  11|0x0000000082700000, 0x0000000082700000, 0x0000000082800000|  0%| F|  |TAMS 0x0000000082700000, 0x0000000082700000| Untracked 
|  12|0x0000000082800000, 0x0000000082800000, 0x0000000082900000|  0%| F|  |TAMS 0x0000000082800000, 0x0000000082800000| Untracked 
|  13|0x0000000082900000, 0x0000000082900000, 0x0000000082a00000|  0%| F|  |TAMS 0x0000000082900000, 0x0000000082900000| Untracked 
|  14|0x0000000082a00000, 0x0000000082a00000, 0x0000000082b00000|  0%| F|  |TAMS 0x0000000082a00000, 0x0000000082a00000| Untracked 
|  15|0x0000000082b00000, 0x0000000082b00000, 0x0000000082c00000|  0%| F|  |TAMS 0x0000000082b00000, 0x0000000082b00000| Untracked 
|  16|0x0000000082c00000, 0x0000000082c00000, 0x0000000082d00000|  0%| F|  |TAMS 0x0000000082c00000, 0x0000000082c00000| Untracked 
|  17|0x0000000082d00000, 0x0000000082d00000, 0x0000000082e00000|  0%| F|  |TAMS 0x0000000082d00000, 0x0000000082d00000| Untracked 
|  18|0x0000000082e00000, 0x0000000082e00000, 0x0000000082f00000|  0%| F|  |TAMS 0x0000000082e00000, 0x0000000082e00000| Untracked 
|  19|0x0000000082f00000, 0x0000000082f00000, 0x0000000083000000|  0%| F|  |TAMS 0x0000000082f00000, 0x0000000082f00000| Untracked 
|  20|0x0000000083000000, 0x0000000083000000, 0x0000000083100000|  0%| F|  |TAMS 0x0000000083000000, 0x0000000083000000| Untracked 
|  21|0x0000000083100000, 0x0000000083100000, 0x0000000083200000|  0%| F|  |TAMS 0x0000000083100000, 0x0000000083100000| Untracked 
|  22|0x0000000083200000, 0x0000000083200000, 0x0000000083300000|  0%| F|  |TAMS 0x0000000083200000, 0x0000000083200000| Untracked 
|  23|0x0000000083300000, 0x0000000083300000, 0x0000000083400000|  0%| F|  |TAMS 0x0000000083300000, 0x0000000083300000| Untracked 
|  24|0x0000000083400000, 0x0000000083400000, 0x0000000083500000|  0%| F|  |TAMS 0x0000000083400000, 0x0000000083400000| Untracked 
|  25|0x0000000083500000, 0x0000000083500000, 0x0000000083600000|  0%| F|  |TAMS 0x0000000083500000, 0x0000000083500000| Untracked 
|  26|0x0000000083600000, 0x0000000083600000, 0x0000000083700000|  0%| F|  |TAMS 0x0000000083600000, 0x0000000083600000| Untracked 
|  27|0x0000000083700000, 0x0000000083700000, 0x0000000083800000|  0%| F|  |TAMS 0x0000000083700000, 0x0000000083700000| Untracked 
|  28|0x0000000083800000, 0x0000000083800000, 0x0000000083900000|  0%| F|  |TAMS 0x0000000083800000, 0x0000000083800000| Untracked 
|  29|0x0000000083900000, 0x0000000083900000, 0x0000000083a00000|  0%| F|  |TAMS 0x0000000083900000, 0x0000000083900000| Untracked 
|  30|0x0000000083a00000, 0x0000000083a00000, 0x0000000083b00000|  0%| F|  |TAMS 0x0000000083a00000, 0x0000000083a00000| Untracked 
|  31|0x0000000083b00000, 0x0000000083b00000, 0x0000000083c00000|  0%| F|  |TAMS 0x0000000083b00000, 0x0000000083b00000| Untracked 
|  32|0x0000000083c00000, 0x0000000083c00000, 0x0000000083d00000|  0%| F|  |TAMS 0x0000000083c00000, 0x0000000083c00000| Untracked 
|  33|0x0000000083d00000, 0x0000000083d00000, 0x0000000083e00000|  0%| F|  |TAMS 0x0000000083d00000, 0x0000000083d00000| Untracked 
|  34|0x0000000083e00000, 0x0000000083e00000, 0x0000000083f00000|  0%| F|  |TAMS 0x0000000083e00000, 0x0000000083e00000| Untracked 
|  35|0x0000000083f00000, 0x0000000083f00000, 0x0000000084000000|  0%| F|  |TAMS 0x0000000083f00000, 0x0000000083f00000| Untracked 
|  36|0x0000000084000000, 0x0000000084000000, 0x0000000084100000|  0%| F|  |TAMS 0x0000000084000000, 0x0000000084000000| Untracked 
|  37|0x0000000084100000, 0x0000000084100000, 0x0000000084200000|  0%| F|  |TAMS 0x0000000084100000, 0x0000000084100000| Untracked 
|  38|0x0000000084200000, 0x0000000084200000, 0x0000000084300000|  0%| F|  |TAMS 0x0000000084200000, 0x0000000084200000| Untracked 
|  39|0x0000000084300000, 0x0000000084300000, 0x0000000084400000|  0%| F|  |TAMS 0x0000000084300000, 0x0000000084300000| Untracked 
|  40|0x0000000084400000, 0x0000000084400000, 0x0000000084500000|  0%| F|  |TAMS 0x0000000084400000, 0x0000000084400000| Untracked 
|  41|0x0000000084500000, 0x0000000084500000, 0x0000000084600000|  0%| F|  |TAMS 0x0000000084500000, 0x0000000084500000| Untracked 
|  42|0x0000000084600000, 0x0000000084600000, 0x0000000084700000|  0%| F|  |TAMS 0x0000000084600000, 0x0000000084600000| Untracked 
|  43|0x0000000084700000, 0x0000000084700000, 0x0000000084800000|  0%| F|  |TAMS 0x0000000084700000, 0x0000000084700000| Untracked 
|  44|0x0000000084800000, 0x0000000084800000, 0x0000000084900000|  0%| F|  |TAMS 0x0000000084800000, 0x0000000084800000| Untracked 
|  45|0x0000000084900000, 0x0000000084900000, 0x0000000084a00000|  0%| F|  |TAMS 0x0000000084900000, 0x0000000084900000| Untracked 
|  46|0x0000000084a00000, 0x0000000084a00000, 0x0000000084b00000|  0%| F|  |TAMS 0x0000000084a00000, 0x0000000084a00000| Untracked 
|  47|0x0000000084b00000, 0x0000000084b00000, 0x0000000084c00000|  0%| F|  |TAMS 0x0000000084b00000, 0x0000000084b00000| Untracked 
|  48|0x0000000084c00000, 0x0000000084c00000, 0x0000000084d00000|  0%| F|  |TAMS 0x0000000084c00000, 0x0000000084c00000| Untracked 
|  49|0x0000000084d00000, 0x0000000084d00000, 0x0000000084e00000|  0%| F|  |TAMS 0x0000000084d00000, 0x0000000084d00000| Untracked 
|  50|0x0000000084e00000, 0x0000000084e00000, 0x0000000084f00000|  0%| F|  |TAMS 0x0000000084e00000, 0x0000000084e00000| Untracked 
|  51|0x0000000084f00000, 0x0000000084f00000, 0x0000000085000000|  0%| F|  |TAMS 0x0000000084f00000, 0x0000000084f00000| Untracked 
|  52|0x0000000085000000, 0x0000000085000000, 0x0000000085100000|  0%| F|  |TAMS 0x0000000085000000, 0x0000000085000000| Untracked 
|  53|0x0000000085100000, 0x0000000085100000, 0x0000000085200000|  0%| F|  |TAMS 0x0000000085100000, 0x0000000085100000| Untracked 
|  54|0x0000000085200000, 0x0000000085200000, 0x0000000085300000|  0%| F|  |TAMS 0x0000000085200000, 0x0000000085200000| Untracked 
|  55|0x0000000085300000, 0x0000000085300000, 0x0000000085400000|  0%| F|  |TAMS 0x0000000085300000, 0x0000000085300000| Untracked 
|  56|0x0000000085400000, 0x0000000085400000, 0x0000000085500000|  0%| F|  |TAMS 0x0000000085400000, 0x0000000085400000| Untracked 
|  57|0x0000000085500000, 0x0000000085500000, 0x0000000085600000|  0%| F|  |TAMS 0x0000000085500000, 0x0000000085500000| Untracked 
|  58|0x0000000085600000, 0x0000000085600000, 0x0000000085700000|  0%| F|  |TAMS 0x0000000085600000, 0x0000000085600000| Untracked 
|  59|0x0000000085700000, 0x0000000085700000, 0x0000000085800000|  0%| F|  |TAMS 0x0000000085700000, 0x0000000085700000| Untracked 
|  60|0x0000000085800000, 0x0000000085800000, 0x0000000085900000|  0%| F|  |TAMS 0x0000000085800000, 0x0000000085800000| Untracked 
|  61|0x0000000085900000, 0x0000000085900000, 0x0000000085a00000|  0%| F|  |TAMS 0x0000000085900000, 0x0000000085900000| Untracked 
|  62|0x0000000085a00000, 0x0000000085a00000, 0x0000000085b00000|  0%| F|  |TAMS 0x0000000085a00000, 0x0000000085a00000| Untracked 
|  63|0x0000000085b00000, 0x0000000085b00000, 0x0000000085c00000|  0%| F|  |TAMS 0x0000000085b00000, 0x0000000085b00000| Untracked 
|  64|0x0000000085c00000, 0x0000000085c00000, 0x0000000085d00000|  0%| F|  |TAMS 0x0000000085c00000, 0x0000000085c00000| Untracked 
|  65|0x0000000085d00000, 0x0000000085d00000, 0x0000000085e00000|  0%| F|  |TAMS 0x0000000085d00000, 0x0000000085d00000| Untracked 
|  66|0x0000000085e00000, 0x0000000085e00000, 0x0000000085f00000|  0%| F|  |TAMS 0x0000000085e00000, 0x0000000085e00000| Untracked 
|  67|0x0000000085f00000, 0x0000000085f00000, 0x0000000086000000|  0%| F|  |TAMS 0x0000000085f00000, 0x0000000085f00000| Untracked 
|  68|0x0000000086000000, 0x0000000086000000, 0x0000000086100000|  0%| F|  |TAMS 0x0000000086000000, 0x0000000086000000| Untracked 
|  69|0x0000000086100000, 0x0000000086100000, 0x0000000086200000|  0%| F|  |TAMS 0x0000000086100000, 0x0000000086100000| Untracked 
|  70|0x0000000086200000, 0x0000000086200000, 0x0000000086300000|  0%| F|  |TAMS 0x0000000086200000, 0x0000000086200000| Untracked 
|  71|0x0000000086300000, 0x0000000086300000, 0x0000000086400000|  0%| F|  |TAMS 0x0000000086300000, 0x0000000086300000| Untracked 
|  72|0x0000000086400000, 0x0000000086400000, 0x0000000086500000|  0%| F|  |TAMS 0x0000000086400000, 0x0000000086400000| Untracked 
|  73|0x0000000086500000, 0x0000000086500000, 0x0000000086600000|  0%| F|  |TAMS 0x0000000086500000, 0x0000000086500000| Untracked 
|  74|0x0000000086600000, 0x0000000086600000, 0x0000000086700000|  0%| F|  |TAMS 0x0000000086600000, 0x0000000086600000| Untracked 
|  75|0x0000000086700000, 0x0000000086700000, 0x0000000086800000|  0%| F|  |TAMS 0x0000000086700000, 0x0000000086700000| Untracked 
|  76|0x0000000086800000, 0x0000000086800000, 0x0000000086900000|  0%| F|  |TAMS 0x0000000086800000, 0x0000000086800000| Untracked 
|  77|0x0000000086900000, 0x0000000086900000, 0x0000000086a00000|  0%| F|  |TAMS 0x0000000086900000, 0x0000000086900000| Untracked 
|  78|0x0000000086a00000, 0x0000000086a00000, 0x0000000086b00000|  0%| F|  |TAMS 0x0000000086a00000, 0x0000000086a00000| Untracked 
|  79|0x0000000086b00000, 0x0000000086b00000, 0x0000000086c00000|  0%| F|  |TAMS 0x0000000086b00000, 0x0000000086b00000| Untracked 
|  80|0x0000000086c00000, 0x0000000086c00000, 0x0000000086d00000|  0%| F|  |TAMS 0x0000000086c00000, 0x0000000086c00000| Untracked 
|  81|0x0000000086d00000, 0x0000000086d00000, 0x0000000086e00000|  0%| F|  |TAMS 0x0000000086d00000, 0x0000000086d00000| Untracked 
|  82|0x0000000086e00000, 0x0000000086e00000, 0x0000000086f00000|  0%| F|  |TAMS 0x0000000086e00000, 0x0000000086e00000| Untracked 
|  83|0x0000000086f00000, 0x0000000086f00000, 0x0000000087000000|  0%| F|  |TAMS 0x0000000086f00000, 0x0000000086f00000| Untracked 
|  84|0x0000000087000000, 0x0000000087000000, 0x0000000087100000|  0%| F|  |TAMS 0x0000000087000000, 0x0000000087000000| Untracked 
|  85|0x0000000087100000, 0x0000000087100000, 0x0000000087200000|  0%| F|  |TAMS 0x0000000087100000, 0x0000000087100000| Untracked 
|  86|0x0000000087200000, 0x0000000087200000, 0x0000000087300000|  0%| F|  |TAMS 0x0000000087200000, 0x0000000087200000| Untracked 
|  87|0x0000000087300000, 0x0000000087300000, 0x0000000087400000|  0%| F|  |TAMS 0x0000000087300000, 0x0000000087300000| Untracked 
|  88|0x0000000087400000, 0x0000000087400000, 0x0000000087500000|  0%| F|  |TAMS 0x0000000087400000, 0x0000000087400000| Untracked 
|  89|0x0000000087500000, 0x0000000087500000, 0x0000000087600000|  0%| F|  |TAMS 0x0000000087500000, 0x0000000087500000| Untracked 
|  90|0x0000000087600000, 0x0000000087600000, 0x0000000087700000|  0%| F|  |TAMS 0x0000000087600000, 0x0000000087600000| Untracked 
|  91|0x0000000087700000, 0x0000000087700000, 0x0000000087800000|  0%| F|  |TAMS 0x0000000087700000, 0x0000000087700000| Untracked 
|  92|0x0000000087800000, 0x0000000087800000, 0x0000000087900000|  0%| F|  |TAMS 0x0000000087800000, 0x0000000087800000| Untracked 
|  93|0x0000000087900000, 0x0000000087900000, 0x0000000087a00000|  0%| F|  |TAMS 0x0000000087900000, 0x0000000087900000| Untracked 
|  94|0x0000000087a00000, 0x0000000087a00000, 0x0000000087b00000|  0%| F|  |TAMS 0x0000000087a00000, 0x0000000087a00000| Untracked 
|  95|0x0000000087b00000, 0x0000000087b00000, 0x0000000087c00000|  0%| F|  |TAMS 0x0000000087b00000, 0x0000000087b00000| Untracked 
|  96|0x0000000087c00000, 0x0000000087c00000, 0x0000000087d00000|  0%| F|  |TAMS 0x0000000087c00000, 0x0000000087c00000| Untracked 
|  97|0x0000000087d00000, 0x0000000087d00000, 0x0000000087e00000|  0%| F|  |TAMS 0x0000000087d00000, 0x0000000087d00000| Untracked 
|  98|0x0000000087e00000, 0x0000000087e00000, 0x0000000087f00000|  0%| F|  |TAMS 0x0000000087e00000, 0x0000000087e00000| Untracked 
|  99|0x0000000087f00000, 0x0000000087f00000, 0x0000000088000000|  0%| F|  |TAMS 0x0000000087f00000, 0x0000000087f00000| Untracked 
| 100|0x0000000088000000, 0x0000000088000000, 0x0000000088100000|  0%| F|  |TAMS 0x0000000088000000, 0x0000000088000000| Untracked 
| 101|0x0000000088100000, 0x0000000088200000, 0x0000000088200000|100%| S|CS|TAMS 0x0000000088100000, 0x0000000088100000| Complete 
| 102|0x0000000088200000, 0x0000000088300000, 0x0000000088300000|100%| S|CS|TAMS 0x0000000088200000, 0x0000000088200000| Complete 
| 103|0x0000000088300000, 0x0000000088400000, 0x0000000088400000|100%| S|CS|TAMS 0x0000000088300000, 0x0000000088300000| Complete 
| 104|0x0000000088400000, 0x0000000088400000, 0x0000000088500000|  0%| F|  |TAMS 0x0000000088400000, 0x0000000088400000| Untracked 
| 105|0x0000000088500000, 0x0000000088500000, 0x0000000088600000|  0%| F|  |TAMS 0x0000000088500000, 0x0000000088500000| Untracked 
| 106|0x0000000088600000, 0x0000000088600000, 0x0000000088700000|  0%| F|  |TAMS 0x0000000088600000, 0x0000000088600000| Untracked 
| 107|0x0000000088700000, 0x0000000088700000, 0x0000000088800000|  0%| F|  |TAMS 0x0000000088700000, 0x0000000088700000| Untracked 
| 108|0x0000000088800000, 0x0000000088800000, 0x0000000088900000|  0%| F|  |TAMS 0x0000000088800000, 0x0000000088800000| Untracked 
| 109|0x0000000088900000, 0x0000000088900000, 0x0000000088a00000|  0%| F|  |TAMS 0x0000000088900000, 0x0000000088900000| Untracked 
| 110|0x0000000088a00000, 0x0000000088a00000, 0x0000000088b00000|  0%| F|  |TAMS 0x0000000088a00000, 0x0000000088a00000| Untracked 
| 111|0x0000000088b00000, 0x0000000088b00000, 0x0000000088c00000|  0%| F|  |TAMS 0x0000000088b00000, 0x0000000088b00000| Untracked 
| 112|0x0000000088c00000, 0x0000000088c00000, 0x0000000088d00000|  0%| F|  |TAMS 0x0000000088c00000, 0x0000000088c00000| Untracked 
| 113|0x0000000088d00000, 0x0000000088d00000, 0x0000000088e00000|  0%| F|  |TAMS 0x0000000088d00000, 0x0000000088d00000| Untracked 
| 114|0x0000000088e00000, 0x0000000088e00000, 0x0000000088f00000|  0%| F|  |TAMS 0x0000000088e00000, 0x0000000088e00000| Untracked 
| 115|0x0000000088f00000, 0x0000000088f00000, 0x0000000089000000|  0%| F|  |TAMS 0x0000000088f00000, 0x0000000088f00000| Untracked 
| 116|0x0000000089000000, 0x0000000089000000, 0x0000000089100000|  0%| F|  |TAMS 0x0000000089000000, 0x0000000089000000| Untracked 
| 117|0x0000000089100000, 0x0000000089100000, 0x0000000089200000|  0%| F|  |TAMS 0x0000000089100000, 0x0000000089100000| Untracked 
| 118|0x0000000089200000, 0x0000000089200000, 0x0000000089300000|  0%| F|  |TAMS 0x0000000089200000, 0x0000000089200000| Untracked 
| 119|0x0000000089300000, 0x0000000089380878, 0x0000000089400000| 50%| E|  |TAMS 0x0000000089300000, 0x0000000089300000| Complete 
| 120|0x0000000089400000, 0x0000000089500000, 0x0000000089500000|100%| E|CS|TAMS 0x0000000089400000, 0x0000000089400000| Complete 
| 121|0x0000000089500000, 0x0000000089600000, 0x0000000089600000|100%| E|CS|TAMS 0x0000000089500000, 0x0000000089500000| Complete 
| 122|0x0000000089600000, 0x0000000089700000, 0x0000000089700000|100%| E|CS|TAMS 0x0000000089600000, 0x0000000089600000| Complete 
| 123|0x0000000089700000, 0x0000000089800000, 0x0000000089800000|100%| E|CS|TAMS 0x0000000089700000, 0x0000000089700000| Complete 
| 124|0x0000000089800000, 0x0000000089900000, 0x0000000089900000|100%| E|CS|TAMS 0x0000000089800000, 0x0000000089800000| Complete 
| 125|0x0000000089900000, 0x0000000089a00000, 0x0000000089a00000|100%| E|CS|TAMS 0x0000000089900000, 0x0000000089900000| Complete 
| 126|0x0000000089a00000, 0x0000000089b00000, 0x0000000089b00000|100%| E|CS|TAMS 0x0000000089a00000, 0x0000000089a00000| Complete 
| 127|0x0000000089b00000, 0x0000000089c00000, 0x0000000089c00000|100%| E|CS|TAMS 0x0000000089b00000, 0x0000000089b00000| Complete 

Card table byte_map: [0x0000017b74e50000,0x0000017b75250000] _byte_map_base: 0x0000017b74a42000

Marking Bits (Prev, Next): (CMBitMap*) 0x0000017b5d101ef8, (CMBitMap*) 0x0000017b5d101f30
 Prev Bits: [0x0000017b75650000, 0x0000017b775e0000)
 Next Bits: [0x0000017b775e0000, 0x0000017b79570000)

Polling page: 0x0000017b5b270000

Metaspace:

Usage:
  Non-class:     12.53 MB capacity,    12.40 MB ( 99%) used,   118.08 KB ( <1%) free+waste,    15.88 KB ( <1%) overhead. 
      Class:      1.52 MB capacity,     1.41 MB ( 92%) used,   111.63 KB (  7%) free+waste,     6.88 KB ( <1%) overhead. 
       Both:     14.05 MB capacity,    13.81 MB ( 98%) used,   229.70 KB (  2%) free+waste,    22.75 KB ( <1%) overhead. 

Virtual space:
  Non-class space:       14.00 MB reserved,      12.75 MB ( 91%) committed 
      Class space:        1.00 GB reserved,       1.63 MB ( <1%) committed 
             Both:        1.01 GB reserved,      14.38 MB (  1%) committed 

Chunk freelists:
   Non-Class:  34.00 KB
       Class:  7.00 KB
        Both:  41.00 KB

MaxMetaspaceSize: 17179869184.00 GB
CompressedClassSpaceSize: 1.00 GB

CodeHeap 'non-profiled nmethods': size=120000Kb used=467Kb max_used=467Kb free=119532Kb
 bounds [0x0000017b6d1f0000, 0x0000017b6d460000, 0x0000017b74720000]
CodeHeap 'profiled nmethods': size=120000Kb used=2535Kb max_used=2535Kb free=117464Kb
 bounds [0x0000017b65cc0000, 0x0000017b65f40000, 0x0000017b6d1f0000]
CodeHeap 'non-nmethods': size=5760Kb used=1091Kb max_used=1112Kb free=4668Kb
 bounds [0x0000017b65720000, 0x0000017b65990000, 0x0000017b65cc0000]
 total_blobs=2230 nmethods=1245 adapters=312
 compilation: enabled
              stopped_count=0, restarted_count=0
 full_count=0

Compilation events (20 events):
Event: 1.386 Thread 0x0000017b7bff8800 1119       3       org.codehaus.plexus.util.InterpolationFilterReader::read (48 bytes)
Event: 1.387 Thread 0x0000017b7bff8800 nmethod 1119 0x0000017b65eeca90 code [0x0000017b65eecc60, 0x0000017b65eecfb0]
Event: 1.388 Thread 0x0000017b7bff8800 1120       3       org.codehaus.plexus.util.xml.pull.MXParser::require (443 bytes)
Event: 1.389 Thread 0x0000017b7d1ea800 nmethod 1095 0x0000017b6d254190 code [0x0000017b6d254420, 0x0000017b6d254ee8]
Event: 1.389 Thread 0x0000017b7d1ea800 1114       4       org.codehaus.plexus.util.xml.pull.MXParser::nextImpl (1202 bytes)
Event: 1.393 Thread 0x0000017b7bff8800 nmethod 1120 0x0000017b65eed110 code [0x0000017b65eedaa0, 0x0000017b65ef2380]
Event: 1.393 Thread 0x0000017b7bff8800 1122   !   3       java.lang.ClassLoader::checkCerts (195 bytes)
Event: 1.395 Thread 0x0000017b7bff8800 nmethod 1122 0x0000017b65ef3b10 code [0x0000017b65ef3e80, 0x0000017b65ef5510]
Event: 1.395 Thread 0x0000017b7bff8800 1123       3       java.util.jar.JarFile::getManifest (5 bytes)
Event: 1.395 Thread 0x0000017b7bff8800 nmethod 1123 0x0000017b65ef5c90 code [0x0000017b65ef5e40, 0x0000017b65ef5fd0]
Event: 1.395 Thread 0x0000017b7bff8800 1124       3       jdk.internal.loader.URLClassPath$JarLoader$2::getInputStream (15 bytes)
Event: 1.395 Thread 0x0000017b7bff8800 nmethod 1124 0x0000017b65ef6090 code [0x0000017b65ef6260, 0x0000017b65ef6490]
Event: 1.395 Thread 0x0000017b7bff8800 1125       3       jdk.internal.loader.URLClassPath$JarLoader$2::getContentLength (9 bytes)
Event: 1.396 Thread 0x0000017b7bff8800 nmethod 1125 0x0000017b65ef6590 code [0x0000017b65ef6740, 0x0000017b65ef6938]
Event: 1.397 Thread 0x0000017b7bff8800 1126       3       org.eclipse.sisu.space.URLClassSpace::deferLoadClass (10 bytes)
Event: 1.397 Thread 0x0000017b7bff8800 nmethod 1126 0x0000017b65ef6a10 code [0x0000017b65ef6be0, 0x0000017b65ef6f78]
Event: 1.397 Thread 0x0000017b7bff8800 1127       3       org.eclipse.sisu.space.NamedClass::<init> (15 bytes)
Event: 1.397 Thread 0x0000017b7bff8800 nmethod 1127 0x0000017b65ef7090 code [0x0000017b65ef7260, 0x0000017b65ef7538]
Event: 1.402 Thread 0x0000017b7bff8800 1128       3       java.util.Arrays$ArrayList::size (6 bytes)
Event: 1.402 Thread 0x0000017b7bff8800 nmethod 1128 0x0000017b65ef7610 code [0x0000017b65ef77c0, 0x0000017b65ef7938]

GC Heap History (2 events):
Event: 1.349 GC heap before
{Heap before GC invocations=0 (full 0):
 garbage-first heap   total 131072K, used 23552K [0x0000000081c00000, 0x0000000100000000)
  region size 1024K, 24 young (24576K), 0 survivors (0K)
 Metaspace       used 13455K, capacity 13663K, committed 13824K, reserved 1060864K
  class space    used 1360K, capacity 1428K, committed 1536K, reserved 1048576K
}
Event: 1.355 GC heap after
{Heap after GC invocations=1 (full 0):
 garbage-first heap   total 131072K, used 3747K [0x0000000081c00000, 0x0000000100000000)
  region size 1024K, 3 young (3072K), 3 survivors (3072K)
 Metaspace       used 13455K, capacity 13663K, committed 13824K, reserved 1060864K
  class space    used 1360K, capacity 1428K, committed 1536K, reserved 1048576K
}

Deoptimization events (20 events):
Event: 1.298 Thread 0x0000017b5d0bf800 Uncommon trap: trap_request=0xffffff4d fr.pc=0x0000017b6d243628 relative=0x0000000000000168
Event: 1.298 Thread 0x0000017b5d0bf800 Uncommon trap: reason=unstable_if action=reinterpret pc=0x0000017b6d243628 method=java.util.HashMap.getNode(ILjava/lang/Object;)Ljava/util/HashMap$Node; @ 129 c2
Event: 1.298 Thread 0x0000017b5d0bf800 DEOPT PACKING pc=0x0000017b6d243628 sp=0x000000482a6fdd10
Event: 1.298 Thread 0x0000017b5d0bf800 DEOPT UNPACKING pc=0x0000017b65748f2f sp=0x000000482a6fdc80 mode 2
Event: 1.319 Thread 0x0000017b5d0bf800 Uncommon trap: trap_request=0xffffff4d fr.pc=0x0000017b6d248c78 relative=0x0000000000000058
Event: 1.319 Thread 0x0000017b5d0bf800 Uncommon trap: reason=unstable_if action=reinterpret pc=0x0000017b6d248c78 method=java.nio.charset.CoderResult.isOverflow()Z @ 5 c2
Event: 1.319 Thread 0x0000017b5d0bf800 DEOPT PACKING pc=0x0000017b6d248c78 sp=0x000000482a6fd3b0
Event: 1.319 Thread 0x0000017b5d0bf800 DEOPT UNPACKING pc=0x0000017b65748f2f sp=0x000000482a6fd338 mode 2
Event: 1.363 Thread 0x0000017b5d0bf800 Uncommon trap: trap_request=0xffffff4d fr.pc=0x0000017b6d24ab0c relative=0x00000000000017ec
Event: 1.363 Thread 0x0000017b5d0bf800 Uncommon trap: reason=unstable_if action=reinterpret pc=0x0000017b6d24ab0c method=java.nio.charset.CharsetDecoder.decode(Ljava/nio/ByteBuffer;Ljava/nio/CharBuffer;Z)Ljava/nio/charset/CoderResult; @ 94 c2
Event: 1.363 Thread 0x0000017b5d0bf800 DEOPT PACKING pc=0x0000017b6d24ab0c sp=0x000000482a6fd570
Event: 1.364 Thread 0x0000017b5d0bf800 DEOPT UNPACKING pc=0x0000017b65748f2f sp=0x000000482a6fd290 mode 2
Event: 1.370 Thread 0x0000017b5d0bf800 Uncommon trap: trap_request=0xffffff4d fr.pc=0x0000017b6d24f02c relative=0x0000000000001b2c
Event: 1.370 Thread 0x0000017b5d0bf800 Uncommon trap: reason=unstable_if action=reinterpret pc=0x0000017b6d24f02c method=java.nio.charset.CoderResult.isOverflow()Z @ 5 c2
Event: 1.370 Thread 0x0000017b5d0bf800 DEOPT PACKING pc=0x0000017b6d24f02c sp=0x000000482a6fd770
Event: 1.370 Thread 0x0000017b5d0bf800 DEOPT UNPACKING pc=0x0000017b65748f2f sp=0x000000482a6fd490 mode 2
Event: 1.403 Thread 0x0000017b5d0bf800 Uncommon trap: trap_request=0xffffff4d fr.pc=0x0000017b6d25184c relative=0x00000000000001ec
Event: 1.403 Thread 0x0000017b5d0bf800 Uncommon trap: reason=unstable_if action=reinterpret pc=0x0000017b6d25184c method=java.io.Reader.read()I @ 12 c2
Event: 1.403 Thread 0x0000017b5d0bf800 DEOPT PACKING pc=0x0000017b6d25184c sp=0x000000482a6fd5c0
Event: 1.403 Thread 0x0000017b5d0bf800 DEOPT UNPACKING pc=0x0000017b65748f2f sp=0x000000482a6fd4c8 mode 2

Classes redefined (0 events):
No events

Internal exceptions (5 events):
Event: 0.179 Thread 0x0000017b5d0bf800 Exception <a 'java/security/PrivilegedActionException'{0x0000000089ad3c50}> (0x0000000089ad3c50) thrown at [c:/cygwin64/tmp/openjdk-jdk11u-windows-x64-hotspot/workspace/build/src/src/hotspot/share/prims/jvm.cpp, line 1297]
Event: 0.179 Thread 0x0000017b5d0bf800 Exception <a 'java/security/PrivilegedActionException'{0x0000000089ad3f20}> (0x0000000089ad3f20) thrown at [c:/cygwin64/tmp/openjdk-jdk11u-windows-x64-hotspot/workspace/build/src/src/hotspot/share/prims/jvm.cpp, line 1297]
Event: 0.300 Thread 0x0000017b5d0bf800 Exception <a 'java/lang/NoSuchMethodError'{0x0000000089771c28}: 'int java.lang.invoke.DirectMethodHandle$Holder.invokeSpecialIFC(java.lang.Object, java.lang.Object, int)'> (0x0000000089771c28) thrown at [c:/cygwin64/tmp/openjdk-jdk11u-windows-x64-hotspot/
Event: 0.340 Thread 0x0000017b5d0bf800 Exception <a 'java/lang/NoSuchMethodError'{0x000000008968e940}: 'java.lang.Object java.lang.invoke.DirectMethodHandle$Holder.invokeStaticInit(java.lang.Object, int, int, int, int)'> (0x000000008968e940) thrown at [c:/cygwin64/tmp/openjdk-jdk11u-windows-x6
Event: 0.791 Thread 0x0000017b5d0bf800 Exception <a 'java/lang/NoSuchMethodError'{0x00000000895568b0}: 'java.lang.Object java.lang.invoke.DirectMethodHandle$Holder.invokeStaticInit(java.lang.Object, java.lang.Object, int, int, int, int)'> (0x00000000895568b0) thrown at [c:/cygwin64/tmp/openjdk

Events (20 events):
Event: 1.400 loading class org/apache/maven/plugin/prefix/PluginPrefixResolver
Event: 1.400 loading class org/apache/maven/plugin/prefix/PluginPrefixResolver done
Event: 1.400 loading class org/apache/maven/plugin/prefix/PluginPrefixResolver
Event: 1.400 loading class org/apache/maven/plugin/prefix/PluginPrefixResolver done
Event: 1.401 loading class org/apache/maven/plugin/version/PluginVersionResolver
Event: 1.401 loading class org/apache/maven/plugin/version/PluginVersionResolver done
Event: 1.401 loading class org/apache/maven/plugin/version/PluginVersionResolver
Event: 1.401 loading class org/apache/maven/plugin/version/PluginVersionResolver done
Event: 1.401 loading class org/apache/maven/project/MavenProjectHelper
Event: 1.401 loading class org/apache/maven/project/MavenProjectHelper done
Event: 1.401 loading class org/apache/maven/project/MavenProjectHelper
Event: 1.401 loading class org/apache/maven/project/MavenProjectHelper done
Event: 1.401 loading class org/apache/maven/project/ProjectBuilder
Event: 1.401 loading class org/apache/maven/project/ProjectBuilder done
Event: 1.402 loading class org/apache/maven/project/ProjectBuilder
Event: 1.402 loading class org/apache/maven/project/ProjectBuilder done
Event: 1.402 loading class org/apache/maven/project/ProjectBuildingHelper
Event: 1.402 loading class org/apache/maven/project/ProjectBuildingHelper done
Event: 1.402 loading class org/apache/maven/project/ProjectBuildingHelper
Event: 1.402 loading class org/apache/maven/project/ProjectBuildingHelper done


Dynamic libraries:
0x00007ff6eede0000 - 0x00007ff6eeded000 	C:\Program Files\AdoptOpenJDK\jdk-11.0.6.10-hotspot\bin\java.exe
0x00007ffa4c890000 - 0x00007ffa4ca86000 	C:\WINDOWS\SYSTEM32\ntdll.dll
0x00007ffa13a60000 - 0x00007ffa13a72000 	C:\Program Files\Avast Software\Avast\aswhook.dll
0x00007ffa4abb0000 - 0x00007ffa4ac6d000 	C:\WINDOWS\System32\KERNEL32.DLL
0x00007ffa4a330000 - 0x00007ffa4a5f9000 	C:\WINDOWS\System32\KERNELBASE.dll
0x00007ffa4a600000 - 0x00007ffa4a700000 	C:\WINDOWS\System32\ucrtbase.dll
0x00007ffa468c0000 - 0x00007ffa468d7000 	C:\Program Files\AdoptOpenJDK\jdk-11.0.6.10-hotspot\bin\jli.dll
0x00007ffa4b0f0000 - 0x00007ffa4b290000 	C:\WINDOWS\System32\USER32.dll
0x00007ffa4a840000 - 0x00007ffa4a862000 	C:\WINDOWS\System32\win32u.dll
0x00007ffa4ab20000 - 0x00007ffa4ab4a000 	C:\WINDOWS\System32\GDI32.dll
0x00007ffa4a130000 - 0x00007ffa4a239000 	C:\WINDOWS\System32\gdi32full.dll
0x00007ffa4a240000 - 0x00007ffa4a2dd000 	C:\WINDOWS\System32\msvcp_win.dll
0x00007ffa44700000 - 0x00007ffa44716000 	C:\Program Files\AdoptOpenJDK\jdk-11.0.6.10-hotspot\bin\VCRUNTIME140.dll
0x00007ffa493f0000 - 0x00007ffa4968b000 	C:\WINDOWS\WinSxS\amd64_microsoft.windows.common-controls_6595b64144ccf1df_6.0.19041.488_none_ca04af081b815d21\COMCTL32.dll
0x00007ffa4b870000 - 0x00007ffa4b90e000 	C:\WINDOWS\System32\msvcrt.dll
0x00007ffa4ac80000 - 0x00007ffa4acb0000 	C:\WINDOWS\System32\IMM32.DLL
0x00007ffa3cc90000 - 0x00007ffa3cd2b000 	C:\Program Files\AdoptOpenJDK\jdk-11.0.6.10-hotspot\bin\msvcp140.dll
0x00007ff9fd870000 - 0x00007ff9fe32c000 	C:\Program Files\AdoptOpenJDK\jdk-11.0.6.10-hotspot\bin\server\jvm.dll
0x00007ffa4bbd0000 - 0x00007ffa4bc7c000 	C:\WINDOWS\System32\ADVAPI32.dll
0x00007ffa4c560000 - 0x00007ffa4c5fc000 	C:\WINDOWS\System32\sechost.dll
0x00007ffa4c600000 - 0x00007ffa4c72b000 	C:\WINDOWS\System32\RPCRT4.dll
0x00007ffa4bc80000 - 0x00007ffa4bc88000 	C:\WINDOWS\System32\PSAPI.DLL
0x00007ffa38420000 - 0x00007ffa38429000 	C:\WINDOWS\SYSTEM32\WSOCK32.dll
0x00007ffa4c4f0000 - 0x00007ffa4c55b000 	C:\WINDOWS\System32\WS2_32.dll
0x00007ffa3d180000 - 0x00007ffa3d1a7000 	C:\WINDOWS\SYSTEM32\WINMM.dll
0x00007ffa42360000 - 0x00007ffa4236a000 	C:\WINDOWS\SYSTEM32\VERSION.dll
0x00007ffa47be0000 - 0x00007ffa47bf2000 	C:\WINDOWS\SYSTEM32\kernel.appcore.dll
0x00007ffa499f0000 - 0x00007ffa49a00000 	C:\Program Files\AdoptOpenJDK\jdk-11.0.6.10-hotspot\bin\verify.dll
0x00007ffa49a00000 - 0x00007ffa49be4000 	C:\WINDOWS\SYSTEM32\DBGHELP.DLL
0x00007ffa497b0000 - 0x00007ffa497dc000 	C:\WINDOWS\SYSTEM32\dbgcore.DLL
0x00007ffa4a870000 - 0x00007ffa4a8f0000 	C:\WINDOWS\System32\bcryptPrimitives.dll
0x00007ffa443b0000 - 0x00007ffa443d8000 	C:\Program Files\AdoptOpenJDK\jdk-11.0.6.10-hotspot\bin\java.dll
0x00007ffa43d70000 - 0x00007ffa43d7e000 	C:\Program Files\AdoptOpenJDK\jdk-11.0.6.10-hotspot\bin\instrument.dll
0x00007ffa44390000 - 0x00007ffa443a7000 	C:\Program Files\AdoptOpenJDK\jdk-11.0.6.10-hotspot\bin\zip.dll
0x00007ffa49980000 - 0x00007ffa4998a000 	C:\Program Files\AdoptOpenJDK\jdk-11.0.6.10-hotspot\bin\jimage.dll
0x00007ffa4bc90000 - 0x00007ffa4c3d2000 	C:\WINDOWS\System32\SHELL32.dll
0x00007ffa47430000 - 0x00007ffa47bc5000 	C:\WINDOWS\SYSTEM32\windows.storage.dll
0x00007ffa4ad90000 - 0x00007ffa4b0e6000 	C:\WINDOWS\System32\combase.dll
0x00007ffa49350000 - 0x00007ffa4937c000 	C:\WINDOWS\SYSTEM32\Wldp.dll
0x00007ffa4b350000 - 0x00007ffa4b3fe000 	C:\WINDOWS\System32\SHCORE.dll
0x00007ffa4bb70000 - 0x00007ffa4bbc5000 	C:\WINDOWS\System32\shlwapi.dll
0x00007ffa49f00000 - 0x00007ffa49f26000 	C:\WINDOWS\SYSTEM32\profapi.dll
0x00007ffa44350000 - 0x00007ffa44369000 	C:\Program Files\AdoptOpenJDK\jdk-11.0.6.10-hotspot\bin\net.dll
0x00007ffa39a50000 - 0x00007ffa39b50000 	C:\WINDOWS\SYSTEM32\WINHTTP.dll
0x00007ffa49230000 - 0x00007ffa4929a000 	C:\WINDOWS\system32\mswsock.dll
0x00007ffa43d80000 - 0x00007ffa43d92000 	C:\Program Files\AdoptOpenJDK\jdk-11.0.6.10-hotspot\bin\nio.dll
0x00007ffa3c6e0000 - 0x00007ffa3c6fa000 	C:\Program Files\JetBrains\IntelliJ IDEA 2020.2.2.0\bin\breakgen64.dll
0x00007ffa49d60000 - 0x00007ffa49d78000 	C:\WINDOWS\SYSTEM32\CRYPTSP.dll
0x00007ffa48a80000 - 0x00007ffa48ab4000 	C:\WINDOWS\system32\rsaenh.dll
0x00007ffa4a760000 - 0x00007ffa4a787000 	C:\WINDOWS\System32\bcrypt.dll
0x00007ffa49ec0000 - 0x00007ffa49eee000 	C:\WINDOWS\SYSTEM32\USERENV.dll
0x00007ffa49310000 - 0x00007ffa4931c000 	C:\WINDOWS\SYSTEM32\CRYPTBASE.dll
0x00007ffa48dc0000 - 0x00007ffa48dfb000 	C:\WINDOWS\SYSTEM32\IPHLPAPI.DLL
0x00007ffa4acb0000 - 0x00007ffa4acb8000 	C:\WINDOWS\System32\NSI.dll
0x00007ffa46d30000 - 0x00007ffa46d47000 	C:\WINDOWS\SYSTEM32\dhcpcsvc6.DLL
0x00007ffa46cf0000 - 0x00007ffa46d0d000 	C:\WINDOWS\SYSTEM32\dhcpcsvc.DLL
0x00007ffa48e00000 - 0x00007ffa48ecb000 	C:\WINDOWS\SYSTEM32\DNSAPI.dll
0x00007ffa3c6d0000 - 0x00007ffa3c6da000 	C:\Users\jmier\AppData\Local\Temp\jansi-1.17.1-3140981774704567759.dll
0x00007ffa3c630000 - 0x00007ffa3c63a000 	C:\Users\jmier\AppData\Local\Temp\jansi-1.17.1-15327071659103464675.dll

dbghelp: loaded successfully - version: 4.0.5 - missing functions: none
symbol engine: initialized successfully - sym options: 0x614 - pdb path: .;C:\Program Files\AdoptOpenJDK\jdk-11.0.6.10-hotspot\bin;C:\WINDOWS\SYSTEM32;C:\Program Files\Avast Software\Avast;C:\WINDOWS\WinSxS\amd64_microsoft.windows.common-controls_6595b64144ccf1df_6.0.19041.488_none_ca04af081b815d21;C:\Program Files\AdoptOpenJDK\jdk-11.0.6.10-hotspot\bin\server;C:\Program Files\JetBrains\IntelliJ IDEA 2020.2.2.0\bin;C:\Users\jmier\AppData\Local\Temp

VM Arguments:
jvm_args: -Dmaven.multiModuleProjectDirectory=C:\Users\jmier\IdeaProjects\demo -Dmaven.home=C:\Users\jmier\.m2\wrapper\dists\apache-maven-3.6.3-bin\1iopthnavndlasol9gbrbg6bf2\apache-maven-3.6.3 -Dclassworlds.conf=C:\Users\jmier\.m2\wrapper\dists\apache-maven-3.6.3-bin\1iopthnavndlasol9gbrbg6bf2\apache-maven-3.6.3\bin\m2.conf -Dmaven.ext.class.path=C:\Program Files\JetBrains\IntelliJ IDEA 2020.2.2.0\plugins\maven\lib\maven-event-listener.jar -javaagent:C:\Program Files\JetBrains\IntelliJ IDEA 2020.2.2.0\lib\idea_rt.jar=62028:C:\Program Files\JetBrains\IntelliJ IDEA 2020.2.2.0\bin -Dfile.encoding=UTF-8 
java_command: org.codehaus.classworlds.Launcher -Didea.version=2020.2.2 clean install
java_class_path (initial): C:\Users\jmier\.m2\wrapper\dists\apache-maven-3.6.3-bin\1iopthnavndlasol9gbrbg6bf2\apache-maven-3.6.3\boot\plexus-classworlds-2.6.0.jar;C:\Users\jmier\.m2\wrapper\dists\apache-maven-3.6.3-bin\1iopthnavndlasol9gbrbg6bf2\apache-maven-3.6.3\boot\plexus-classworlds.license
Launcher Type: SUN_STANDARD

[Global flags]
     intx CICompilerCount                          = 4                                         {product} {ergonomic}
     uint ConcGCThreads                            = 2                                         {product} {ergonomic}
     uint G1ConcRefinementThreads                  = 8                                         {product} {ergonomic}
   size_t G1HeapRegionSize                         = 1048576                                   {product} {ergonomic}
    uintx GCDrainStackTargetSize                   = 64                                        {product} {ergonomic}
   size_t InitialHeapSize                          = 134217728                                 {product} {ergonomic}
   size_t MarkStackSize                            = 4194304                                   {product} {ergonomic}
   size_t MaxHeapSize                              = 2118123520                                {product} {ergonomic}
   size_t MaxNewSize                               = 1270874112                                {product} {ergonomic}
   size_t MinHeapDeltaBytes                        = 1048576                                   {product} {ergonomic}
    uintx NonNMethodCodeHeapSize                   = 5836300                                {pd product} {ergonomic}
    uintx NonProfiledCodeHeapSize                  = 122910970                              {pd product} {ergonomic}
    uintx ProfiledCodeHeapSize                     = 122910970                              {pd product} {ergonomic}
    uintx ReservedCodeCacheSize                    = 251658240                              {pd product} {ergonomic}
     bool SegmentedCodeCache                       = true                                      {product} {ergonomic}
     bool UseCompressedClassPointers               = true                                 {lp64_product} {ergonomic}
     bool UseCompressedOops                        = true                                 {lp64_product} {ergonomic}
     bool UseG1GC                                  = true                                      {product} {ergonomic}
     bool UseLargePagesIndividualAllocation        = false                                  {pd product} {ergonomic}

Logging:
Log output configuration:
 #0: stdout all=warning uptime,level,tags
 #1: stderr all=off uptime,level,tags

Environment Variables:
JAVA_HOME=C:\Program Files\AdoptOpenJDK\jdk-11.0.6.10-hotspot\
PATH=C:\Program Files\AdoptOpenJDK\jdk-11.0.6.10-hotspot\bin;C:\PROGRA~2\Borland\CBUILD~1\Bin;C:\PROGRA~2\Borland\CBUILD~1\Projects\Bpl;C:\Program Files (x86)\Intel\iCLS Client\;C:\Program Files\Intel\iCLS Client\;C:\WINDOWS\system32;C:\WINDOWS;C:\WINDOWS\System32\Wbem;C:\WINDOWS\System32\WindowsPowerShell\v1.0\;C:\Program Files (x86)\Intel\Intel(R) Management Engine Components\DAL;C:\Program Files\Intel\Intel(R) Management Engine Components\DAL;C:\Program Files (x86)\Intel\Intel(R) Management Engine Components\IPT;C:\Program Files\Intel\Intel(R) Management Engine Components\IPT;C:\WINDOWS\System32\OpenSSH\;C:\Program Files\Intel\WiFi\bin\;C:\Program Files\Common Files\Intel\WirelessCommon\;C:\Program Files\Git\cmd;C:\Users\jmier\Desktop\Java\apache-maven-3.6.3\bin;C:\Program Files (x86)\Microsoft SQL Server\150\DTS\Binn\;C:\Program Files\Microsoft SQL Server\Client SDK\ODBC\170\Tools\Binn\;C:\Program Files (x86)\Microsoft SQL Server\150\Tools\Binn\;C:\Program Files\Microsoft SQL Server\150\Tools\Binn\;C:\Program Files\Microsoft SQL Server\150\DTS\Binn\;C:\Program Files\nodejs\;C:\Program Files\MySQL\MySQL Shell 8.0\bin\;C:\Users\jmier\AppData\Local\Microsoft\WindowsApps;C:\Users\jmier\Desktop\Java\apache-maven-3.6.3\bin;C:\Users\jmier\AppData\Roaming\npm
USERNAME=jmier
OS=Windows_NT
PROCESSOR_IDENTIFIER=Intel64 Family 6 Model 142 Stepping 10, GenuineIntel



---------------  S Y S T E M  ---------------

OS: Windows 10 , 64 bit Build 19041 (10.0.19041.662)

CPU:total 8 (initial active 8) (4 cores per cpu, 2 threads per core) family 6 model 142 stepping 10, cmov, cx8, fxsr, mmx, sse, sse2, sse3, ssse3, sse4.1, sse4.2, popcnt, avx, avx2, aes, clmul, erms, 3dnowpref, lzcnt, ht, tsc, tscinvbit, bmi1, bmi2, adx, fma

Memory: 4k page, system-wide physical 8078M (504M free)
TotalPageFile size 12174M (AvailPageFile size 4M)
current process WorkingSet (physical memory assigned to process): 88M, peak: 88M
current process commit charge ("private bytes"): 229M, peak: 229M

vm_info: OpenJDK 64-Bit Server VM (11.0.6+10) for windows-amd64 JRE (11.0.6+10), built on Jan 15 2020 06:14:58 by "" with MS VC++ 15.8 (VS2017)

END.
