#
# There is insufficient memory for the Java Runtime Environment to continue.
# Native memory allocation (malloc) failed to allocate 32744 bytes for ChunkPool::allocate
# Possible reasons:
#   The system is out of physical RAM or swap space
#   The process is running with CompressedOops enabled, and the Java Heap may be blocking the growth of the native heap
# Possible solutions:
#   Reduce memory load on the system
#   Increase physical memory or swap space
#   Check if swap backing store is full
#   Decrease Java heap size (-Xmx/-Xms)
#   Decrease number of Java threads
#   Decrease Java thread stack sizes (-Xss)
#   Set larger code cache with -XX:ReservedCodeCacheSize=
#   JVM is running with Unscaled Compressed Oops mode in which the Java heap is
#     placed in the first 4GB address space. The Java Heap base address is the
#     maximum limit for the native heap growth. Please use -XX:HeapBaseMinAddress
#     to set the Java Heap base and to place the Java Heap above 4GB virtual address.
# This output file may be truncated or incomplete.
#
#  Out of Memory Error (c:/cygwin64/tmp/openjdk-jdk11u-windows-x64-hotspot/workspace/build/src/src/hotspot/share/memory/arena.cpp:81), pid=5288, tid=17340
#
# JRE version: OpenJDK Runtime Environment (11.0.6+10) (build 11.0.6+10)
# Java VM: OpenJDK 64-Bit Server VM (11.0.6+10, mixed mode, tiered, compressed oops, g1 gc, windows-amd64)
# No core dump will be written. Minidumps are not enabled by default on client versions of Windows
#

---------------  S U M M A R Y ------------

Command Line: -Dmaven.multiModuleProjectDirectory=C:\Users\jmier\IdeaProjects\demo -Dmaven.home=C:\Users\jmier\.m2\wrapper\dists\apache-maven-3.6.3-bin\1iopthnavndlasol9gbrbg6bf2\apache-maven-3.6.3 -Dclassworlds.conf=C:\Users\jmier\.m2\wrapper\dists\apache-maven-3.6.3-bin\1iopthnavndlasol9gbrbg6bf2\apache-maven-3.6.3\bin\m2.conf -Dmaven.ext.class.path=C:\Program Files\JetBrains\IntelliJ IDEA 2020.2.2.0\plugins\maven\lib\maven-event-listener.jar -javaagent:C:\Program Files\JetBrains\IntelliJ IDEA 2020.2.2.0\lib\idea_rt.jar=65004:C:\Program Files\JetBrains\IntelliJ IDEA 2020.2.2.0\bin -Dfile.encoding=UTF-8 org.codehaus.classworlds.Launcher -Didea.version=2020.2.2 clean install

Host: Intel(R) Core(TM) i5-8250U CPU @ 1.60GHz, 8 cores, 7G,  Windows 10 , 64 bit Build 19041 (10.0.19041.662)
Time: Thu Dec 17 22:37:17 2020 Œrodkowoeuropejski czas stand. elapsed time: 41 seconds (0d 0h 0m 41s)

---------------  T H R E A D  ---------------

Current thread (0x00000295a7a1b800):  JavaThread "C1 CompilerThread0" daemon [_thread_in_native, id=17340, stack(0x000000c6fd700000,0x000000c6fd800000)]


Current CompileTask:
C1:  41099 3909   !   3       org.fusesource.jansi.AnsiPrintStream::processEscapeCommand (965 bytes)

Stack: [0x000000c6fd700000,0x000000c6fd800000]
Native frames: (J=compiled Java code, j=interpreted, Vv=VM code, C=native code)
V  [jvm.dll+0x5db25a]
V  [jvm.dll+0x7111de]
V  [jvm.dll+0x712877]
V  [jvm.dll+0x712f43]
V  [jvm.dll+0x23fe78]
V  [jvm.dll+0xb913b]
V  [jvm.dll+0xb949c]
V  [jvm.dll+0x126d39]
V  [jvm.dll+0x124b77]
V  [jvm.dll+0x128a96]
V  [jvm.dll+0x12ab3d]
V  [jvm.dll+0x129064]
V  [jvm.dll+0x122a4c]
V  [jvm.dll+0x132e67]
V  [jvm.dll+0x11dc19]
V  [jvm.dll+0x11df80]
V  [jvm.dll+0x11e23f]
V  [jvm.dll+0x11d4e7]
V  [jvm.dll+0x11f3f7]
V  [jvm.dll+0x2080b7]
V  [jvm.dll+0x20639b]
V  [jvm.dll+0x6d70bc]
V  [jvm.dll+0x6d01ec]
V  [jvm.dll+0x5da1e6]
C  [ucrtbase.dll+0x214c2]
C  [KERNEL32.DLL+0x17034]
C  [ntdll.dll+0x4d0d1]


---------------  P R O C E S S  ---------------

Threads class SMR info:
_java_thread_list=0x00000295aae4c0f0, length=11, elements={
0x0000029588aef800, 0x00000295a7a00000, 0x00000295a7a09000, 0x00000295a79fa800,
0x00000295a79fc000, 0x00000295a7a0d000, 0x00000295a7a1b800, 0x00000295a7a1e000,
0x00000295a842b000, 0x00000295a867b800, 0x00000295a8684800
}

Java Threads: ( => current thread )
  0x0000029588aef800 JavaThread "main" [_thread_in_vm, id=2488, stack(0x000000c6fcb00000,0x000000c6fcc00000)]
  0x00000295a7a00000 JavaThread "Reference Handler" daemon [_thread_blocked, id=3328, stack(0x000000c6fd200000,0x000000c6fd300000)]
  0x00000295a7a09000 JavaThread "Finalizer" daemon [_thread_blocked, id=2740, stack(0x000000c6fd300000,0x000000c6fd400000)]
  0x00000295a79fa800 JavaThread "Signal Dispatcher" daemon [_thread_blocked, id=10164, stack(0x000000c6fd400000,0x000000c6fd500000)]
  0x00000295a79fc000 JavaThread "Attach Listener" daemon [_thread_blocked, id=10884, stack(0x000000c6fd500000,0x000000c6fd600000)]
  0x00000295a7a0d000 JavaThread "C2 CompilerThread0" daemon [_thread_blocked, id=2416, stack(0x000000c6fd600000,0x000000c6fd700000)]
=>0x00000295a7a1b800 JavaThread "C1 CompilerThread0" daemon [_thread_in_native, id=17340, stack(0x000000c6fd700000,0x000000c6fd800000)]
  0x00000295a7a1e000 JavaThread "Sweeper thread" daemon [_thread_blocked, id=18724, stack(0x000000c6fd800000,0x000000c6fd900000)]
  0x00000295a842b000 JavaThread "Common-Cleaner" daemon [_thread_blocked, id=10376, stack(0x000000c6fd900000,0x000000c6fda00000)]
  0x00000295a867b800 JavaThread "Monitor Ctrl-Break" daemon [_thread_in_native, id=15956, stack(0x000000c6fdb00000,0x000000c6fdc00000)]
  0x00000295a8684800 JavaThread "Service Thread" daemon [_thread_blocked, id=10176, stack(0x000000c6fdc00000,0x000000c6fdd00000)]

Other Threads:
  0x00000295a79c8000 VMThread "VM Thread" [stack: 0x000000c6fd100000,0x000000c6fd200000] [id=10720]
  0x00000295a8685800 WatcherThread [stack: 0x000000c6fdd00000,0x000000c6fde00000] [id=17424]
  0x0000029588b06000 GCTaskThread "GC Thread#0" [stack: 0x000000c6fcc00000,0x000000c6fcd00000] [id=11280]
  0x00000295a97f7000 GCTaskThread "GC Thread#1" [stack: 0x000000c6fde00000,0x000000c6fdf00000] [id=12984]
  0x00000295a97f7800 GCTaskThread "GC Thread#2" [stack: 0x000000c6fdf00000,0x000000c6fe000000] [id=17708]
  0x0000029588b3a000 ConcurrentGCThread "G1 Main Marker" [stack: 0x000000c6fcd00000,0x000000c6fce00000] [id=12304]
  0x0000029588b3e000 ConcurrentGCThread "G1 Conc#0" [stack: 0x000000c6fce00000,0x000000c6fcf00000] [id=11000]
  0x00000295a9d8f800 ConcurrentGCThread "G1 Conc#1" [stack: 0x000000c6fe000000,0x000000c6fe100000] [id=13352]
  0x00000295a7830800 ConcurrentGCThread "G1 Refine#0" [stack: 0x000000c6fcf00000,0x000000c6fd000000] [id=13184]
  0x00000295a7831000 ConcurrentGCThread "G1 Young RemSet Sampling" [stack: 0x000000c6fd000000,0x000000c6fd100000] [id=2088]

Threads with active compile tasks:
C1 CompilerThread0  41153 3909   !   3       org.fusesource.jansi.AnsiPrintStream::processEscapeCommand (965 bytes)

VM state:not at safepoint (normal execution)

VM Mutex/Monitor currently owned by a thread: None

Heap address: 0x0000000081c00000, size: 2020 MB, Compressed Oops mode: 32-bit
Narrow klass base: 0x0000000000000000, Narrow klass shift: 3
Compressed class space size: 1073741824 Address: 0x0000000100000000

Heap:
 garbage-first heap   total 131072K, used 15737K [0x0000000081c00000, 0x0000000100000000)
  region size 1024K, 10 young (10240K), 7 survivors (7168K)
 Metaspace       used 23877K, capacity 24486K, committed 24752K, reserved 1071104K
  class space    used 2484K, capacity 2691K, committed 2816K, reserved 1048576K
Heap Regions: E=young(eden), S=young(survivor), O=old, HS=humongous(starts), HC=humongous(continues), CS=collection set, F=free, A=archive, TAMS=top-at-mark-start (previous, next)
|   0|0x0000000081c00000, 0x0000000081d00000, 0x0000000081d00000|100%| O|  |TAMS 0x0000000081c8d000, 0x0000000081c00000| Untracked 
|   1|0x0000000081d00000, 0x0000000081e00000, 0x0000000081e00000|100%| O|  |TAMS 0x0000000081d00000, 0x0000000081d00000| Untracked 
|   2|0x0000000081e00000, 0x0000000081f00000, 0x0000000081f00000|100%| O|  |TAMS 0x0000000081e00000, 0x0000000081e00000| Untracked 
|   3|0x0000000081f00000, 0x0000000082000000, 0x0000000082000000|100%| O|  |TAMS 0x0000000081f00000, 0x0000000081f00000| Untracked 
|   4|0x0000000082000000, 0x0000000082100000, 0x0000000082100000|100%| O|  |TAMS 0x0000000082000000, 0x0000000082000000| Untracked 
|   5|0x0000000082100000, 0x0000000082200000, 0x0000000082200000|100%| O|  |TAMS 0x0000000082100000, 0x0000000082100000| Untracked 
|   6|0x0000000082200000, 0x000000008225e600, 0x0000000082300000| 36%| O|  |TAMS 0x0000000082200000, 0x0000000082200000| Untracked 
|   7|0x0000000082300000, 0x0000000082300000, 0x0000000082400000|  0%| F|  |TAMS 0x0000000082300000, 0x0000000082300000| Untracked 
|   8|0x0000000082400000, 0x0000000082400000, 0x0000000082500000|  0%| F|  |TAMS 0x0000000082400000, 0x0000000082400000| Untracked 
|   9|0x0000000082500000, 0x0000000082500000, 0x0000000082600000|  0%| F|  |TAMS 0x0000000082500000, 0x0000000082500000| Untracked 
|  10|0x0000000082600000, 0x0000000082600000, 0x0000000082700000|  0%| F|  |TAMS 0x0000000082600000, 0x0000000082600000| Untracked 
|  11|0x0000000082700000, 0x0000000082700000, 0x0000000082800000|  0%| F|  |TAMS 0x0000000082700000, 0x0000000082700000| Untracked 
|  12|0x0000000082800000, 0x0000000082800000, 0x0000000082900000|  0%| F|  |TAMS 0x0000000082800000, 0x0000000082800000| Untracked 
|  13|0x0000000082900000, 0x0000000082900000, 0x0000000082a00000|  0%| F|  |TAMS 0x0000000082900000, 0x0000000082900000| Untracked 
|  14|0x0000000082a00000, 0x0000000082a00000, 0x0000000082b00000|  0%| F|  |TAMS 0x0000000082a00000, 0x0000000082a00000| Untracked 
|  15|0x0000000082b00000, 0x0000000082b00000, 0x0000000082c00000|  0%| F|  |TAMS 0x0000000082b00000, 0x0000000082b00000| Untracked 
|  16|0x0000000082c00000, 0x0000000082c00000, 0x0000000082d00000|  0%| F|  |TAMS 0x0000000082c00000, 0x0000000082c00000| Untracked 
|  17|0x0000000082d00000, 0x0000000082d00000, 0x0000000082e00000|  0%| F|  |TAMS 0x0000000082d00000, 0x0000000082d00000| Untracked 
|  18|0x0000000082e00000, 0x0000000082e00000, 0x0000000082f00000|  0%| F|  |TAMS 0x0000000082e00000, 0x0000000082e00000| Untracked 
|  19|0x0000000082f00000, 0x0000000082f00000, 0x0000000083000000|  0%| F|  |TAMS 0x0000000082f00000, 0x0000000082f00000| Untracked 
|  20|0x0000000083000000, 0x0000000083000000, 0x0000000083100000|  0%| F|  |TAMS 0x0000000083000000, 0x0000000083000000| Untracked 
|  21|0x0000000083100000, 0x0000000083100000, 0x0000000083200000|  0%| F|  |TAMS 0x0000000083100000, 0x0000000083100000| Untracked 
|  22|0x0000000083200000, 0x0000000083200000, 0x0000000083300000|  0%| F|  |TAMS 0x0000000083200000, 0x0000000083200000| Untracked 
|  23|0x0000000083300000, 0x0000000083300000, 0x0000000083400000|  0%| F|  |TAMS 0x0000000083300000, 0x0000000083300000| Untracked 
|  24|0x0000000083400000, 0x0000000083400000, 0x0000000083500000|  0%| F|  |TAMS 0x0000000083400000, 0x0000000083400000| Untracked 
|  25|0x0000000083500000, 0x0000000083500000, 0x0000000083600000|  0%| F|  |TAMS 0x0000000083500000, 0x0000000083500000| Untracked 
|  26|0x0000000083600000, 0x0000000083600000, 0x0000000083700000|  0%| F|  |TAMS 0x0000000083600000, 0x0000000083600000| Untracked 
|  27|0x0000000083700000, 0x0000000083700000, 0x0000000083800000|  0%| F|  |TAMS 0x0000000083700000, 0x0000000083700000| Untracked 
|  28|0x0000000083800000, 0x0000000083800000, 0x0000000083900000|  0%| F|  |TAMS 0x0000000083800000, 0x0000000083800000| Untracked 
|  29|0x0000000083900000, 0x0000000083900000, 0x0000000083a00000|  0%| F|  |TAMS 0x0000000083900000, 0x0000000083900000| Untracked 
|  30|0x0000000083a00000, 0x0000000083a00000, 0x0000000083b00000|  0%| F|  |TAMS 0x0000000083a00000, 0x0000000083a00000| Untracked 
|  31|0x0000000083b00000, 0x0000000083b00000, 0x0000000083c00000|  0%| F|  |TAMS 0x0000000083b00000, 0x0000000083b00000| Untracked 
|  32|0x0000000083c00000, 0x0000000083c00000, 0x0000000083d00000|  0%| F|  |TAMS 0x0000000083c00000, 0x0000000083c00000| Untracked 
|  33|0x0000000083d00000, 0x0000000083d00000, 0x0000000083e00000|  0%| F|  |TAMS 0x0000000083d00000, 0x0000000083d00000| Untracked 
|  34|0x0000000083e00000, 0x0000000083e00000, 0x0000000083f00000|  0%| F|  |TAMS 0x0000000083e00000, 0x0000000083e00000| Untracked 
|  35|0x0000000083f00000, 0x0000000083f00000, 0x0000000084000000|  0%| F|  |TAMS 0x0000000083f00000, 0x0000000083f00000| Untracked 
|  36|0x0000000084000000, 0x0000000084000000, 0x0000000084100000|  0%| F|  |TAMS 0x0000000084000000, 0x0000000084000000| Untracked 
|  37|0x0000000084100000, 0x0000000084100000, 0x0000000084200000|  0%| F|  |TAMS 0x0000000084100000, 0x0000000084100000| Untracked 
|  38|0x0000000084200000, 0x0000000084200000, 0x0000000084300000|  0%| F|  |TAMS 0x0000000084200000, 0x0000000084200000| Untracked 
|  39|0x0000000084300000, 0x0000000084300000, 0x0000000084400000|  0%| F|  |TAMS 0x0000000084300000, 0x0000000084300000| Untracked 
|  40|0x0000000084400000, 0x0000000084400000, 0x0000000084500000|  0%| F|  |TAMS 0x0000000084400000, 0x0000000084400000| Untracked 
|  41|0x0000000084500000, 0x0000000084500000, 0x0000000084600000|  0%| F|  |TAMS 0x0000000084500000, 0x0000000084500000| Untracked 
|  42|0x0000000084600000, 0x0000000084600000, 0x0000000084700000|  0%| F|  |TAMS 0x0000000084600000, 0x0000000084600000| Untracked 
|  43|0x0000000084700000, 0x0000000084700000, 0x0000000084800000|  0%| F|  |TAMS 0x0000000084700000, 0x0000000084700000| Untracked 
|  44|0x0000000084800000, 0x0000000084800000, 0x0000000084900000|  0%| F|  |TAMS 0x0000000084800000, 0x0000000084800000| Untracked 
|  45|0x0000000084900000, 0x0000000084a00000, 0x0000000084a00000|100%| S|CS|TAMS 0x0000000084900000, 0x0000000084900000| Complete 
|  46|0x0000000084a00000, 0x0000000084b00000, 0x0000000084b00000|100%| S|CS|TAMS 0x0000000084a00000, 0x0000000084a00000| Complete 
|  47|0x0000000084b00000, 0x0000000084c00000, 0x0000000084c00000|100%| S|CS|TAMS 0x0000000084b00000, 0x0000000084b00000| Complete 
|  48|0x0000000084c00000, 0x0000000084d00000, 0x0000000084d00000|100%| S|CS|TAMS 0x0000000084c00000, 0x0000000084c00000| Complete 
|  49|0x0000000084d00000, 0x0000000084e00000, 0x0000000084e00000|100%| S|CS|TAMS 0x0000000084d00000, 0x0000000084d00000| Complete 
|  50|0x0000000084e00000, 0x0000000084f00000, 0x0000000084f00000|100%| S|CS|TAMS 0x0000000084e00000, 0x0000000084e00000| Complete 
|  51|0x0000000084f00000, 0x0000000085000000, 0x0000000085000000|100%| S|CS|TAMS 0x0000000084f00000, 0x0000000084f00000| Complete 
|  52|0x0000000085000000, 0x0000000085000000, 0x0000000085100000|  0%| F|  |TAMS 0x0000000085000000, 0x0000000085000000| Untracked 
|  53|0x0000000085100000, 0x0000000085100000, 0x0000000085200000|  0%| F|  |TAMS 0x0000000085100000, 0x0000000085100000| Untracked 
|  54|0x0000000085200000, 0x0000000085200000, 0x0000000085300000|  0%| F|  |TAMS 0x0000000085200000, 0x0000000085200000| Untracked 
|  55|0x0000000085300000, 0x0000000085300000, 0x0000000085400000|  0%| F|  |TAMS 0x0000000085300000, 0x0000000085300000| Untracked 
|  56|0x0000000085400000, 0x0000000085400000, 0x0000000085500000|  0%| F|  |TAMS 0x0000000085400000, 0x0000000085400000| Untracked 
|  57|0x0000000085500000, 0x0000000085500000, 0x0000000085600000|  0%| F|  |TAMS 0x0000000085500000, 0x0000000085500000| Untracked 
|  58|0x0000000085600000, 0x0000000085600000, 0x0000000085700000|  0%| F|  |TAMS 0x0000000085600000, 0x0000000085600000| Untracked 
|  59|0x0000000085700000, 0x0000000085700000, 0x0000000085800000|  0%| F|  |TAMS 0x0000000085700000, 0x0000000085700000| Untracked 
|  60|0x0000000085800000, 0x0000000085800000, 0x0000000085900000|  0%| F|  |TAMS 0x0000000085800000, 0x0000000085800000| Untracked 
|  61|0x0000000085900000, 0x0000000085900000, 0x0000000085a00000|  0%| F|  |TAMS 0x0000000085900000, 0x0000000085900000| Untracked 
|  62|0x0000000085a00000, 0x0000000085a00000, 0x0000000085b00000|  0%| F|  |TAMS 0x0000000085a00000, 0x0000000085a00000| Untracked 
|  63|0x0000000085b00000, 0x0000000085b00000, 0x0000000085c00000|  0%| F|  |TAMS 0x0000000085b00000, 0x0000000085b00000| Untracked 
|  64|0x0000000085c00000, 0x0000000085c00000, 0x0000000085d00000|  0%| F|  |TAMS 0x0000000085c00000, 0x0000000085c00000| Untracked 
|  65|0x0000000085d00000, 0x0000000085d00000, 0x0000000085e00000|  0%| F|  |TAMS 0x0000000085d00000, 0x0000000085d00000| Untracked 
|  66|0x0000000085e00000, 0x0000000085e00000, 0x0000000085f00000|  0%| F|  |TAMS 0x0000000085e00000, 0x0000000085e00000| Untracked 
|  67|0x0000000085f00000, 0x0000000085f00000, 0x0000000086000000|  0%| F|  |TAMS 0x0000000085f00000, 0x0000000085f00000| Untracked 
|  68|0x0000000086000000, 0x0000000086000000, 0x0000000086100000|  0%| F|  |TAMS 0x0000000086000000, 0x0000000086000000| Untracked 
|  69|0x0000000086100000, 0x0000000086100000, 0x0000000086200000|  0%| F|  |TAMS 0x0000000086100000, 0x0000000086100000| Untracked 
|  70|0x0000000086200000, 0x0000000086200000, 0x0000000086300000|  0%| F|  |TAMS 0x0000000086200000, 0x0000000086200000| Untracked 
|  71|0x0000000086300000, 0x0000000086300000, 0x0000000086400000|  0%| F|  |TAMS 0x0000000086300000, 0x0000000086300000| Untracked 
|  72|0x0000000086400000, 0x0000000086400000, 0x0000000086500000|  0%| F|  |TAMS 0x0000000086400000, 0x0000000086400000| Untracked 
|  73|0x0000000086500000, 0x0000000086500000, 0x0000000086600000|  0%| F|  |TAMS 0x0000000086500000, 0x0000000086500000| Untracked 
|  74|0x0000000086600000, 0x0000000086600000, 0x0000000086700000|  0%| F|  |TAMS 0x0000000086600000, 0x0000000086600000| Untracked 
|  75|0x0000000086700000, 0x0000000086700000, 0x0000000086800000|  0%| F|  |TAMS 0x0000000086700000, 0x0000000086700000| Untracked 
|  76|0x0000000086800000, 0x0000000086800000, 0x0000000086900000|  0%| F|  |TAMS 0x0000000086800000, 0x0000000086800000| Untracked 
|  77|0x0000000086900000, 0x0000000086900000, 0x0000000086a00000|  0%| F|  |TAMS 0x0000000086900000, 0x0000000086900000| Untracked 
|  78|0x0000000086a00000, 0x0000000086a00000, 0x0000000086b00000|  0%| F|  |TAMS 0x0000000086a00000, 0x0000000086a00000| Untracked 
|  79|0x0000000086b00000, 0x0000000086b00000, 0x0000000086c00000|  0%| F|  |TAMS 0x0000000086b00000, 0x0000000086b00000| Untracked 
|  80|0x0000000086c00000, 0x0000000086c00000, 0x0000000086d00000|  0%| F|  |TAMS 0x0000000086c00000, 0x0000000086c00000| Untracked 
|  81|0x0000000086d00000, 0x0000000086d00000, 0x0000000086e00000|  0%| F|  |TAMS 0x0000000086d00000, 0x0000000086d00000| Untracked 
|  82|0x0000000086e00000, 0x0000000086e00000, 0x0000000086f00000|  0%| F|  |TAMS 0x0000000086e00000, 0x0000000086e00000| Untracked 
|  83|0x0000000086f00000, 0x0000000086f00000, 0x0000000087000000|  0%| F|  |TAMS 0x0000000086f00000, 0x0000000086f00000| Untracked 
|  84|0x0000000087000000, 0x0000000087000000, 0x0000000087100000|  0%| F|  |TAMS 0x0000000087000000, 0x0000000087000000| Untracked 
|  85|0x0000000087100000, 0x0000000087100000, 0x0000000087200000|  0%| F|  |TAMS 0x0000000087100000, 0x0000000087100000| Untracked 
|  86|0x0000000087200000, 0x0000000087200000, 0x0000000087300000|  0%| F|  |TAMS 0x0000000087200000, 0x0000000087200000| Untracked 
|  87|0x0000000087300000, 0x0000000087300000, 0x0000000087400000|  0%| F|  |TAMS 0x0000000087300000, 0x0000000087300000| Untracked 
|  88|0x0000000087400000, 0x0000000087400000, 0x0000000087500000|  0%| F|  |TAMS 0x0000000087400000, 0x0000000087400000| Untracked 
|  89|0x0000000087500000, 0x0000000087500000, 0x0000000087600000|  0%| F|  |TAMS 0x0000000087500000, 0x0000000087500000| Untracked 
|  90|0x0000000087600000, 0x0000000087600000, 0x0000000087700000|  0%| F|  |TAMS 0x0000000087600000, 0x0000000087600000| Untracked 
|  91|0x0000000087700000, 0x0000000087700000, 0x0000000087800000|  0%| F|  |TAMS 0x0000000087700000, 0x0000000087700000| Untracked 
|  92|0x0000000087800000, 0x0000000087800000, 0x0000000087900000|  0%| F|  |TAMS 0x0000000087800000, 0x0000000087800000| Untracked 
|  93|0x0000000087900000, 0x0000000087900000, 0x0000000087a00000|  0%| F|  |TAMS 0x0000000087900000, 0x0000000087900000| Untracked 
|  94|0x0000000087a00000, 0x0000000087a00000, 0x0000000087b00000|  0%| F|  |TAMS 0x0000000087a00000, 0x0000000087a00000| Untracked 
|  95|0x0000000087b00000, 0x0000000087b00000, 0x0000000087c00000|  0%| F|  |TAMS 0x0000000087b00000, 0x0000000087b00000| Untracked 
|  96|0x0000000087c00000, 0x0000000087c00000, 0x0000000087d00000|  0%| F|  |TAMS 0x0000000087c00000, 0x0000000087c00000| Untracked 
|  97|0x0000000087d00000, 0x0000000087d00000, 0x0000000087e00000|  0%| F|  |TAMS 0x0000000087d00000, 0x0000000087d00000| Untracked 
|  98|0x0000000087e00000, 0x0000000087e00000, 0x0000000087f00000|  0%| F|  |TAMS 0x0000000087e00000, 0x0000000087e00000| Untracked 
|  99|0x0000000087f00000, 0x0000000087f00000, 0x0000000088000000|  0%| F|  |TAMS 0x0000000087f00000, 0x0000000087f00000| Untracked 
| 100|0x0000000088000000, 0x0000000088000000, 0x0000000088100000|  0%| F|  |TAMS 0x0000000088000000, 0x0000000088000000| Untracked 
| 101|0x0000000088100000, 0x0000000088100000, 0x0000000088200000|  0%| F|  |TAMS 0x0000000088100000, 0x0000000088100000| Untracked 
| 102|0x0000000088200000, 0x0000000088200000, 0x0000000088300000|  0%| F|  |TAMS 0x0000000088200000, 0x0000000088200000| Untracked 
| 103|0x0000000088300000, 0x0000000088300000, 0x0000000088400000|  0%| F|  |TAMS 0x0000000088300000, 0x0000000088300000| Untracked 
| 104|0x0000000088400000, 0x0000000088400000, 0x0000000088500000|  0%| F|  |TAMS 0x0000000088400000, 0x0000000088400000| Untracked 
| 105|0x0000000088500000, 0x0000000088500000, 0x0000000088600000|  0%| F|  |TAMS 0x0000000088500000, 0x0000000088500000| Untracked 
| 106|0x0000000088600000, 0x0000000088600000, 0x0000000088700000|  0%| F|  |TAMS 0x0000000088600000, 0x0000000088600000| Untracked 
| 107|0x0000000088700000, 0x0000000088700000, 0x0000000088800000|  0%| F|  |TAMS 0x0000000088700000, 0x0000000088700000| Untracked 
| 108|0x0000000088800000, 0x0000000088800000, 0x0000000088900000|  0%| F|  |TAMS 0x0000000088800000, 0x0000000088800000| Untracked 
| 109|0x0000000088900000, 0x0000000088900000, 0x0000000088a00000|  0%| F|  |TAMS 0x0000000088900000, 0x0000000088900000| Untracked 
| 110|0x0000000088a00000, 0x0000000088a00000, 0x0000000088b00000|  0%| F|  |TAMS 0x0000000088a00000, 0x0000000088a00000| Untracked 
| 111|0x0000000088b00000, 0x0000000088b00000, 0x0000000088c00000|  0%| F|  |TAMS 0x0000000088b00000, 0x0000000088b00000| Untracked 
| 112|0x0000000088c00000, 0x0000000088c00000, 0x0000000088d00000|  0%| F|  |TAMS 0x0000000088c00000, 0x0000000088c00000| Untracked 
| 113|0x0000000088d00000, 0x0000000088d00000, 0x0000000088e00000|  0%| F|  |TAMS 0x0000000088d00000, 0x0000000088d00000| Untracked 
| 114|0x0000000088e00000, 0x0000000088e00000, 0x0000000088f00000|  0%| F|  |TAMS 0x0000000088e00000, 0x0000000088e00000| Untracked 
| 115|0x0000000088f00000, 0x0000000088f00000, 0x0000000089000000|  0%| F|  |TAMS 0x0000000088f00000, 0x0000000088f00000| Untracked 
| 116|0x0000000089000000, 0x0000000089000000, 0x0000000089100000|  0%| F|  |TAMS 0x0000000089000000, 0x0000000089000000| Untracked 
| 117|0x0000000089100000, 0x0000000089100000, 0x0000000089200000|  0%| F|  |TAMS 0x0000000089100000, 0x0000000089100000| Untracked 
| 118|0x0000000089200000, 0x0000000089200000, 0x0000000089300000|  0%| F|  |TAMS 0x0000000089200000, 0x0000000089200000| Untracked 
| 119|0x0000000089300000, 0x0000000089300000, 0x0000000089400000|  0%| F|  |TAMS 0x0000000089300000, 0x0000000089300000| Untracked 
| 120|0x0000000089400000, 0x0000000089400000, 0x0000000089500000|  0%| F|  |TAMS 0x0000000089400000, 0x0000000089400000| Untracked 
| 121|0x0000000089500000, 0x0000000089500000, 0x0000000089600000|  0%| F|  |TAMS 0x0000000089500000, 0x0000000089500000| Untracked 
| 122|0x0000000089600000, 0x0000000089600000, 0x0000000089700000|  0%| F|  |TAMS 0x0000000089600000, 0x0000000089600000| Untracked 
| 123|0x0000000089700000, 0x0000000089700000, 0x0000000089800000|  0%| F|  |TAMS 0x0000000089700000, 0x0000000089700000| Untracked 
| 124|0x0000000089800000, 0x0000000089800000, 0x0000000089900000|  0%| F|  |TAMS 0x0000000089800000, 0x0000000089800000| Untracked 
| 125|0x0000000089900000, 0x00000000899ec0b8, 0x0000000089a00000| 92%| E|  |TAMS 0x0000000089900000, 0x0000000089900000| Complete 
| 126|0x0000000089a00000, 0x0000000089b00000, 0x0000000089b00000|100%| E|CS|TAMS 0x0000000089a00000, 0x0000000089a00000| Complete 
| 127|0x0000000089b00000, 0x0000000089c00000, 0x0000000089c00000|100%| E|CS|TAMS 0x0000000089b00000, 0x0000000089b00000| Complete 

Card table byte_map: [0x00000295a0880000,0x00000295a0c80000] _byte_map_base: 0x00000295a0472000

Marking Bits (Prev, Next): (CMBitMap*) 0x0000029588b31280, (CMBitMap*) 0x0000029588b31248
 Prev Bits: [0x00000295a3010000, 0x00000295a4fa0000)
 Next Bits: [0x00000295a1080000, 0x00000295a3010000)

Polling page: 0x0000029586ac0000

Metaspace:

Usage:
  Non-class:     21.28 MB capacity,    20.90 MB ( 98%) used,   358.91 KB (  2%) free+waste,    30.38 KB ( <1%) overhead. 
      Class:      2.63 MB capacity,     2.43 MB ( 92%) used,   191.87 KB (  7%) free+waste,    12.50 KB ( <1%) overhead. 
       Both:     23.91 MB capacity,    23.33 MB ( 98%) used,   550.78 KB (  2%) free+waste,    42.88 KB ( <1%) overhead. 

Virtual space:
  Non-class space:       22.00 MB reserved,      21.42 MB ( 97%) committed 
      Class space:        1.00 GB reserved,       2.75 MB ( <1%) committed 
             Both:        1.02 GB reserved,      24.17 MB (  2%) committed 

Chunk freelists:
   Non-Class:  13.00 KB
       Class:  29.00 KB
        Both:  42.00 KB

MaxMetaspaceSize: 17179869184.00 GB
CompressedClassSpaceSize: 1.00 GB

CodeHeap 'non-profiled nmethods': size=120000Kb used=2205Kb max_used=2205Kb free=117794Kb
 bounds [0x0000029598c20000, 0x0000029598e90000, 0x00000295a0150000]
CodeHeap 'profiled nmethods': size=120000Kb used=8427Kb max_used=8446Kb free=111572Kb
 bounds [0x00000295916f0000, 0x0000029591f30000, 0x0000029598c20000]
CodeHeap 'non-nmethods': size=5760Kb used=1119Kb max_used=1166Kb free=4640Kb
 bounds [0x0000029591150000, 0x00000295913c0000, 0x00000295916f0000]
 total_blobs=5674 nmethods=3893 adapters=348
 compilation: enabled
              stopped_count=0, restarted_count=0
 full_count=0

Compilation events (20 events):
Event: 34.338 Thread 0x00000295a7a1b800 nmethod 3898 0x0000029591f2c490 code [0x0000029591f2c6e0, 0x0000029591f2cfb0]
Event: 34.338 Thread 0x00000295a7a1b800 3899       3       org.eclipse.sisu.inject.RankedBindings::add (10 bytes)
Event: 34.338 Thread 0x00000295a7a1b800 nmethod 3899 0x0000029591f2d210 code [0x0000029591f2d3c0, 0x0000029591f2d550]
Event: 34.338 Thread 0x00000295a7a1b800 3900       3       org.slf4j.impl.SimpleLogger::isDebugEnabled (7 bytes)
Event: 34.339 Thread 0x00000295a7a1b800 nmethod 3900 0x0000029591f2d610 code [0x0000029591f2d7c0, 0x0000029591f2da58]
Event: 34.339 Thread 0x00000295a7a1b800 3901       3       java.lang.CharacterDataLatin1::isWhitespace (23 bytes)
Event: 34.339 Thread 0x00000295a7a1b800 nmethod 3901 0x0000029591f2db10 code [0x0000029591f2dce0, 0x0000029591f2df38]
Event: 34.339 Thread 0x00000295a7a0d000 3902       4       java.util.Collections$UnmodifiableMap$UnmodifiableEntrySet$UnmodifiableEntry::getValue (10 bytes)
Event: 34.340 Thread 0x00000295a7a1b800 3903       3       java.lang.ProcessEnvironment$CheckedEntrySet$1::hasNext (10 bytes)
Event: 34.340 Thread 0x00000295a7a1b800 nmethod 3903 0x0000029591f2e090 code [0x0000029591f2e260, 0x0000029591f2e490]
Event: 34.340 Thread 0x00000295a7a1b800 3905       3       java.lang.ProcessEnvironment$EntryComparator::compare (13 bytes)
Event: 34.340 Thread 0x00000295a7a1b800 nmethod 3905 0x0000029591f2e590 code [0x0000029591f2e7a0, 0x0000029591f2ef10]
Event: 34.340 Thread 0x00000295a7a1b800 3904       3       java.lang.ProcessEnvironment$CheckedEntrySet$1::next (5 bytes)
Event: 34.340 Thread 0x00000295a7a0d000 nmethod 3902 0x0000029598e47090 code [0x0000029598e47240, 0x0000029598e47308]
Event: 34.340 Thread 0x00000295a7a1b800 nmethod 3904 0x0000029591f2f110 code [0x0000029591f2f300, 0x0000029591f2f810]
Event: 34.353 Thread 0x00000295a7a1b800 3906       3       java.io.FilterInputStream::read (9 bytes)
Event: 34.353 Thread 0x00000295a7a1b800 nmethod 3906 0x00000295916f0410 code [0x00000295916f05e0, 0x00000295916f0810]
Event: 41.092 Thread 0x00000295a7a1b800 3907       3       org.fusesource.jansi.Ansi::a (17 bytes)
Event: 41.093 Thread 0x00000295a7a1b800 nmethod 3907 0x000002959170b810 code [0x000002959170ba60, 0x000002959170c420]
Event: 41.093 Thread 0x00000295a7a1b800 3909   !   3       org.fusesource.jansi.AnsiPrintStream::processEscapeCommand (965 bytes)

GC Heap History (8 events):
Event: 1.105 GC heap before
{Heap before GC invocations=0 (full 0):
 garbage-first heap   total 131072K, used 23552K [0x0000000081c00000, 0x0000000100000000)
  region size 1024K, 24 young (24576K), 0 survivors (0K)
 Metaspace       used 13440K, capacity 13663K, committed 13824K, reserved 1060864K
  class space    used 1360K, capacity 1428K, committed 1536K, reserved 1048576K
}
Event: 1.110 GC heap after
{Heap after GC invocations=1 (full 0):
 garbage-first heap   total 131072K, used 3636K [0x0000000081c00000, 0x0000000100000000)
  region size 1024K, 3 young (3072K), 3 survivors (3072K)
 Metaspace       used 13440K, capacity 13663K, committed 13824K, reserved 1060864K
  class space    used 1360K, capacity 1428K, committed 1536K, reserved 1048576K
}
Event: 2.118 GC heap before
{Heap before GC invocations=1 (full 0):
 garbage-first heap   total 131072K, used 54836K [0x0000000081c00000, 0x0000000100000000)
  region size 1024K, 54 young (55296K), 3 survivors (3072K)
 Metaspace       used 20798K, capacity 21112K, committed 21296K, reserved 1069056K
  class space    used 2235K, capacity 2357K, committed 2432K, reserved 1048576K
}
Event: 2.134 GC heap after
{Heap after GC invocations=2 (full 0):
 garbage-first heap   total 131072K, used 6840K [0x0000000081c00000, 0x0000000100000000)
  region size 1024K, 7 young (7168K), 7 survivors (7168K)
 Metaspace       used 20798K, capacity 21112K, committed 21296K, reserved 1069056K
  class space    used 2235K, capacity 2357K, committed 2432K, reserved 1048576K
}
Event: 3.240 GC heap before
{Heap before GC invocations=3 (full 0):
 garbage-first heap   total 131072K, used 64184K [0x0000000081c00000, 0x0000000100000000)
  region size 1024K, 63 young (64512K), 7 survivors (7168K)
 Metaspace       used 22655K, capacity 23103K, committed 23216K, reserved 1071104K
  class space    used 2379K, capacity 2506K, committed 2560K, reserved 1048576K
}
Event: 3.257 GC heap after
{Heap after GC invocations=4 (full 0):
 garbage-first heap   total 131072K, used 11573K [0x0000000081c00000, 0x0000000100000000)
  region size 1024K, 8 young (8192K), 8 survivors (8192K)
 Metaspace       used 22655K, capacity 23103K, committed 23216K, reserved 1071104K
  class space    used 2379K, capacity 2506K, committed 2560K, reserved 1048576K
}
Event: 20.228 GC heap before
{Heap before GC invocations=4 (full 0):
 garbage-first heap   total 131072K, used 81205K [0x0000000081c00000, 0x0000000100000000)
  region size 1024K, 76 young (77824K), 8 survivors (8192K)
 Metaspace       used 23854K, capacity 24486K, committed 24752K, reserved 1071104K
  class space    used 2484K, capacity 2691K, committed 2816K, reserved 1048576K
}
Event: 20.243 GC heap after
{Heap after GC invocations=5 (full 0):
 garbage-first heap   total 131072K, used 13689K [0x0000000081c00000, 0x0000000100000000)
  region size 1024K, 7 young (7168K), 7 survivors (7168K)
 Metaspace       used 23854K, capacity 24486K, committed 24752K, reserved 1071104K
  class space    used 2484K, capacity 2691K, committed 2816K, reserved 1048576K
}

Deoptimization events (20 events):
Event: 18.812 Thread 0x0000029588aef800 Uncommon trap: trap_request=0xffffffde fr.pc=0x0000029598daa984 relative=0x0000000000000064
Event: 18.812 Thread 0x0000029588aef800 Uncommon trap: reason=class_check action=maybe_recompile pc=0x0000029598daa984 method=java.util.Collections$UnmodifiableMap$UnmodifiableEntrySet$UnmodifiableEntry.getValue()Ljava/lang/Object; @ 4 c2
Event: 18.812 Thread 0x0000029588aef800 DEOPT PACKING pc=0x0000029598daa984 sp=0x000000c6fcbfdb50
Event: 18.812 Thread 0x0000029588aef800 DEOPT UNPACKING pc=0x0000029591178f2f sp=0x000000c6fcbfdad8 mode 2
Event: 18.817 Thread 0x0000029588aef800 Uncommon trap: trap_request=0xffffff4d fr.pc=0x0000029598e344a0 relative=0x00000000000005e0
Event: 18.817 Thread 0x0000029588aef800 Uncommon trap: reason=unstable_if action=reinterpret pc=0x0000029598e344a0 method=java.io.WinNTFileSystem.prefixLength(Ljava/lang/String;)I @ 25 c2
Event: 18.817 Thread 0x0000029588aef800 DEOPT PACKING pc=0x0000029598e344a0 sp=0x000000c6fcbfdb70
Event: 18.817 Thread 0x0000029588aef800 DEOPT UNPACKING pc=0x0000029591178f2f sp=0x000000c6fcbfdac8 mode 2
Event: 34.339 Thread 0x0000029588aef800 Uncommon trap: trap_request=0xffffffde fr.pc=0x0000029598d84860 relative=0x0000000000000120
Event: 34.339 Thread 0x0000029588aef800 Uncommon trap: reason=class_check action=maybe_recompile pc=0x0000029598d84860 method=java.util.regex.Pattern$BmpCharPredicate.lambda$union$2(Ljava/util/regex/Pattern$CharPredicate;I)Z @ 12 c2
Event: 34.339 Thread 0x0000029588aef800 DEOPT PACKING pc=0x0000029598d84860 sp=0x000000c6fcbfdb80
Event: 34.339 Thread 0x0000029588aef800 DEOPT UNPACKING pc=0x0000029591178f2f sp=0x000000c6fcbfda98 mode 2
Event: 34.339 Thread 0x0000029588aef800 Uncommon trap: trap_request=0xffffff4d fr.pc=0x0000029598cb6b20 relative=0x0000000000000080
Event: 34.339 Thread 0x0000029588aef800 Uncommon trap: reason=unstable_if action=reinterpret pc=0x0000029598cb6b20 method=java.lang.CharacterDataLatin1.isWhitespace(I)Z @ 14 c2
Event: 34.339 Thread 0x0000029588aef800 DEOPT PACKING pc=0x0000029598cb6b20 sp=0x000000c6fcbfdd40
Event: 34.339 Thread 0x0000029588aef800 DEOPT UNPACKING pc=0x0000029591178f2f sp=0x000000c6fcbfdcb0 mode 2
Event: 34.339 Thread 0x0000029588aef800 Uncommon trap: trap_request=0xffffff4d fr.pc=0x0000029598de2db0 relative=0x0000000000000250
Event: 34.339 Thread 0x0000029588aef800 Uncommon trap: reason=unstable_if action=reinterpret pc=0x0000029598de2db0 method=java.io.WinNTFileSystem.prefixLength(Ljava/lang/String;)I @ 25 c2
Event: 34.339 Thread 0x0000029588aef800 DEOPT PACKING pc=0x0000029598de2db0 sp=0x000000c6fcbfdb40
Event: 34.339 Thread 0x0000029588aef800 DEOPT UNPACKING pc=0x0000029591178f2f sp=0x000000c6fcbfdac8 mode 2

Classes redefined (0 events):
No events

Internal exceptions (16 events):
Event: 0.212 Thread 0x0000029588aef800 Exception <a 'java/security/PrivilegedActionException'{0x0000000089ad3c70}> (0x0000000089ad3c70) thrown at [c:/cygwin64/tmp/openjdk-jdk11u-windows-x64-hotspot/workspace/build/src/src/hotspot/share/prims/jvm.cpp, line 1297]
Event: 0.212 Thread 0x0000029588aef800 Exception <a 'java/security/PrivilegedActionException'{0x0000000089ad3f40}> (0x0000000089ad3f40) thrown at [c:/cygwin64/tmp/openjdk-jdk11u-windows-x64-hotspot/workspace/build/src/src/hotspot/share/prims/jvm.cpp, line 1297]
Event: 0.294 Thread 0x0000029588aef800 Exception <a 'java/lang/NoSuchMethodError'{0x00000000897726d8}: 'int java.lang.invoke.DirectMethodHandle$Holder.invokeSpecialIFC(java.lang.Object, java.lang.Object, int)'> (0x00000000897726d8) thrown at [c:/cygwin64/tmp/openjdk-jdk11u-windows-x64-hotspot/
Event: 0.343 Thread 0x0000029588aef800 Exception <a 'java/lang/NoSuchMethodError'{0x000000008968fc88}: 'java.lang.Object java.lang.invoke.DirectMethodHandle$Holder.invokeStaticInit(java.lang.Object, int, int, int, int)'> (0x000000008968fc88) thrown at [c:/cygwin64/tmp/openjdk-jdk11u-windows-x6
Event: 0.570 Thread 0x0000029588aef800 Exception <a 'java/lang/NoSuchMethodError'{0x0000000089556b78}: 'java.lang.Object java.lang.invoke.DirectMethodHandle$Holder.invokeStaticInit(java.lang.Object, java.lang.Object, int, int, int, int)'> (0x0000000089556b78) thrown at [c:/cygwin64/tmp/openjdk
Event: 1.782 Thread 0x0000029588aef800 Exception <a 'java/lang/NoClassDefFoundError'{0x000000008714ac10}: com/google/inject/servlet/ServletModuleTargetVisitor> (0x000000008714ac10) thrown at [c:/cygwin64/tmp/openjdk-jdk11u-windows-x64-hotspot/workspace/build/src/src/hotspot/share/classfile/sys
Event: 1.782 Thread 0x0000029588aef800 Exception <a 'java/lang/NoClassDefFoundError'{0x000000008714ac10}> (0x000000008714ac10) thrown at [c:/cygwin64/tmp/openjdk-jdk11u-windows-x64-hotspot/workspace/build/src/src/hotspot/share/prims/jvm.cpp, line 1301]
Event: 1.782 Thread 0x0000029588aef800 Exception <a 'java/lang/NoClassDefFoundError'{0x000000008714dcc8}: javax/annotation/Priority> (0x000000008714dcc8) thrown at [c:/cygwin64/tmp/openjdk-jdk11u-windows-x64-hotspot/workspace/build/src/src/hotspot/share/classfile/systemDictionary.cpp, line 220
Event: 2.180 Thread 0x0000029588aef800 Implicit null exception at 0x0000029598c4b0f4 to 0x0000029598c4b5ee
Event: 2.180 Thread 0x0000029588aef800 Implicit null exception at 0x0000029598c60cf4 to 0x0000029598c611e6
Event: 7.624 Thread 0x0000029588aef800 Implicit null exception at 0x0000029598dde7d5 to 0x0000029598dde9d8
Event: 20.205 Thread 0x0000029588aef800 Exception <a 'java/lang/NoSuchMethodError'{0x00000000850584c8}: 'void java.lang.invoke.DirectMethodHandle$Holder.invokeStatic(java.lang.Object, long)'> (0x00000000850584c8) thrown at [c:/cygwin64/tmp/openjdk-jdk11u-windows-x64-hotspot/workspace/build/src/
Event: 20.205 Thread 0x0000029588aef800 Exception <a 'java/lang/NoSuchMethodError'{0x000000008505d718}: 'java.lang.Object java.lang.invoke.DirectMethodHandle$Holder.invokeStatic(java.lang.Object, long)'> (0x000000008505d718) thrown at [c:/cygwin64/tmp/openjdk-jdk11u-windows-x64-hotspot/workspac
Event: 20.224 Thread 0x0000029588aef800 Exception <a 'java/lang/NoSuchMethodError'{0x000000008506bb78}: 'java.lang.Object java.lang.invoke.DirectMethodHandle$Holder.invokeStaticInit(java.lang.Object, java.lang.Object, long, java.lang.Object)'> (0x000000008506bb78) thrown at [c:/cygwin64/tmp/ope
Event: 20.225 Thread 0x0000029588aef800 Exception <a 'java/lang/NoSuchMethodError'{0x0000000085071aa0}: 'java.lang.Object java.lang.invoke.DirectMethodHandle$Holder.invokeStatic(java.lang.Object, java.lang.Object, long)'> (0x0000000085071aa0) thrown at [c:/cygwin64/tmp/openjdk-jdk11u-windows-x6
Event: 20.226 Thread 0x0000029588aef800 Exception <a 'java/lang/NoSuchMethodError'{0x0000000085077d70}: 'java.lang.Object java.lang.invoke.Invokers$Holder.linkToTargetMethod(java.lang.Object, long, java.lang.Object)'> (0x0000000085077d70) thrown at [c:/cygwin64/tmp/openjdk-jdk11u-windows-x64-ho

Events (20 events):
Event: 34.338 loading class org/codehaus/plexus/component/configurator/MapOrientedComponentConfigurator done
Event: 34.338 loading class org/codehaus/plexus/component/configurator/MapOrientedComponentConfigurator
Event: 34.338 loading class org/codehaus/plexus/component/configurator/MapOrientedComponentConfigurator done
Event: 34.341 Thread 0x00000295a7a1e000 flushing nmethod 0x00000295916f0010
Event: 34.341 Thread 0x00000295a7a1e000 flushing nmethod 0x00000295916f0410
Event: 34.341 Thread 0x00000295a7a1e000 flushing nmethod 0x00000295916f1310
Event: 34.341 Thread 0x00000295a7a1e000 flushing nmethod 0x00000295916f1690
Event: 34.341 Thread 0x00000295a7a1e000 flushing nmethod 0x00000295916f2290
Event: 34.341 Thread 0x00000295a7a1e000 flushing nmethod 0x00000295916f8690
Event: 34.341 Thread 0x00000295a7a1e000 flushing nmethod 0x00000295916f9510
Event: 34.341 Thread 0x00000295a7a1e000 flushing nmethod 0x00000295916f9910
Event: 34.341 Thread 0x00000295a7a1e000 flushing nmethod 0x0000029591708290
Event: 34.341 Thread 0x00000295a7a1e000 flushing nmethod 0x000002959170ae90
Event: 34.341 Thread 0x00000295a7a1e000 flushing nmethod 0x000002959170f090
Event: 34.341 Thread 0x00000295a7a1e000 flushing nmethod 0x000002959170fa90
Event: 34.341 Thread 0x00000295a7a1e000 flushing nmethod 0x0000029591710110
Event: 34.353 Thread 0x00000295a89a6800 Thread added: 0x00000295a89a6800
Event: 34.353 Thread 0x00000295aa054800 Thread added: 0x00000295aa054800
Event: 41.050 Executing VM operation: RevokeBias
Event: 41.050 Executing VM operation: RevokeBias done


Dynamic libraries:
0x00007ff7fcfb0000 - 0x00007ff7fcfbd000 	C:\Program Files\AdoptOpenJDK\jdk-11.0.6.10-hotspot\bin\java.exe
0x00007ffdc4c90000 - 0x00007ffdc4e86000 	C:\WINDOWS\SYSTEM32\ntdll.dll
0x00007ffd8f790000 - 0x00007ffd8f7a2000 	C:\Program Files\Avast Software\Avast\aswhook.dll
0x00007ffdc46b0000 - 0x00007ffdc476d000 	C:\WINDOWS\System32\KERNEL32.DLL
0x00007ffdc25c0000 - 0x00007ffdc2889000 	C:\WINDOWS\System32\KERNELBASE.dll
0x00007ffdc2a90000 - 0x00007ffdc2b90000 	C:\WINDOWS\System32\ucrtbase.dll
0x00007ffdb48f0000 - 0x00007ffdb4907000 	C:\Program Files\AdoptOpenJDK\jdk-11.0.6.10-hotspot\bin\jli.dll
0x00007ffdc4970000 - 0x00007ffdc4b10000 	C:\WINDOWS\System32\USER32.dll
0x00007ffdc23d0000 - 0x00007ffdc23f2000 	C:\WINDOWS\System32\win32u.dll
0x00007ffdc4b10000 - 0x00007ffdc4b3a000 	C:\WINDOWS\System32\GDI32.dll
0x00007ffdc2480000 - 0x00007ffdc2589000 	C:\WINDOWS\System32\gdi32full.dll
0x00007ffdc29f0000 - 0x00007ffdc2a8d000 	C:\WINDOWS\System32\msvcp_win.dll
0x00007ffdaed50000 - 0x00007ffdaed66000 	C:\Program Files\AdoptOpenJDK\jdk-11.0.6.10-hotspot\bin\VCRUNTIME140.dll
0x00007ffd8edb0000 - 0x00007ffd8f04b000 	C:\WINDOWS\WinSxS\amd64_microsoft.windows.common-controls_6595b64144ccf1df_6.0.19041.488_none_ca04af081b815d21\COMCTL32.dll
0x00007ffdc4bb0000 - 0x00007ffdc4c4e000 	C:\WINDOWS\System32\msvcrt.dll
0x00007ffdc3b00000 - 0x00007ffdc3b30000 	C:\WINDOWS\System32\IMM32.DLL
0x00007ffd8ea70000 - 0x00007ffd8eb0b000 	C:\Program Files\AdoptOpenJDK\jdk-11.0.6.10-hotspot\bin\msvcp140.dll
0x00007ffd70b60000 - 0x00007ffd7161c000 	C:\Program Files\AdoptOpenJDK\jdk-11.0.6.10-hotspot\bin\server\jvm.dll
0x00007ffdc2cf0000 - 0x00007ffdc2d9c000 	C:\WINDOWS\System32\ADVAPI32.dll
0x00007ffdc2da0000 - 0x00007ffdc2e3c000 	C:\WINDOWS\System32\sechost.dll
0x00007ffdc30f0000 - 0x00007ffdc321b000 	C:\WINDOWS\System32\RPCRT4.dll
0x00007ffdc2ec0000 - 0x00007ffdc2ec8000 	C:\WINDOWS\System32\PSAPI.DLL
0x00007ffdb3bc0000 - 0x00007ffdb3bc9000 	C:\WINDOWS\SYSTEM32\WSOCK32.dll
0x00007ffdc4b40000 - 0x00007ffdc4bab000 	C:\WINDOWS\System32\WS2_32.dll
0x00007ffdb9510000 - 0x00007ffdb9537000 	C:\WINDOWS\SYSTEM32\WINMM.dll
0x00007ffdbbe50000 - 0x00007ffdbbe5a000 	C:\WINDOWS\SYSTEM32\VERSION.dll
0x00007ffdc1020000 - 0x00007ffdc1032000 	C:\WINDOWS\SYSTEM32\kernel.appcore.dll
0x00007ffdbb1c0000 - 0x00007ffdbb1d0000 	C:\Program Files\AdoptOpenJDK\jdk-11.0.6.10-hotspot\bin\verify.dll
0x00007ffdc0a10000 - 0x00007ffdc0bf4000 	C:\WINDOWS\SYSTEM32\DBGHELP.DLL
0x00007ffdb9aa0000 - 0x00007ffdb9acc000 	C:\WINDOWS\SYSTEM32\dbgcore.DLL
0x00007ffdc2400000 - 0x00007ffdc2480000 	C:\WINDOWS\System32\bcryptPrimitives.dll
0x00007ffdada70000 - 0x00007ffdada98000 	C:\Program Files\AdoptOpenJDK\jdk-11.0.6.10-hotspot\bin\java.dll
0x00007ffdaeb90000 - 0x00007ffdaeb9e000 	C:\Program Files\AdoptOpenJDK\jdk-11.0.6.10-hotspot\bin\instrument.dll
0x00007ffdaebe0000 - 0x00007ffdaebf7000 	C:\Program Files\AdoptOpenJDK\jdk-11.0.6.10-hotspot\bin\zip.dll
0x00007ffdbaf90000 - 0x00007ffdbaf9a000 	C:\Program Files\AdoptOpenJDK\jdk-11.0.6.10-hotspot\bin\jimage.dll
0x00007ffdc3f60000 - 0x00007ffdc46a2000 	C:\WINDOWS\System32\SHELL32.dll
0x00007ffdc0150000 - 0x00007ffdc08e5000 	C:\WINDOWS\SYSTEM32\windows.storage.dll
0x00007ffdc3b30000 - 0x00007ffdc3e86000 	C:\WINDOWS\System32\combase.dll
0x00007ffdc1e40000 - 0x00007ffdc1e6c000 	C:\WINDOWS\SYSTEM32\Wldp.dll
0x00007ffdc37e0000 - 0x00007ffdc388e000 	C:\WINDOWS\System32\SHCORE.dll
0x00007ffdc2ed0000 - 0x00007ffdc2f25000 	C:\WINDOWS\System32\shlwapi.dll
0x00007ffdc2300000 - 0x00007ffdc2326000 	C:\WINDOWS\SYSTEM32\profapi.dll
0x00007ffdad450000 - 0x00007ffdad469000 	C:\Program Files\AdoptOpenJDK\jdk-11.0.6.10-hotspot\bin\net.dll
0x00007ffdb45d0000 - 0x00007ffdb46d0000 	C:\WINDOWS\SYSTEM32\WINHTTP.dll
0x00007ffdc1bc0000 - 0x00007ffdc1c2a000 	C:\WINDOWS\system32\mswsock.dll
0x00007ffdad430000 - 0x00007ffdad442000 	C:\Program Files\AdoptOpenJDK\jdk-11.0.6.10-hotspot\bin\nio.dll
0x00007ffd91280000 - 0x00007ffd9129a000 	C:\Program Files\JetBrains\IntelliJ IDEA 2020.2.2.0\bin\breakgen64.dll
0x00007ffdc1da0000 - 0x00007ffdc1db8000 	C:\WINDOWS\SYSTEM32\CRYPTSP.dll
0x00007ffdc14e0000 - 0x00007ffdc1514000 	C:\WINDOWS\system32\rsaenh.dll
0x00007ffdc2590000 - 0x00007ffdc25b7000 	C:\WINDOWS\System32\bcrypt.dll
0x00007ffdc22c0000 - 0x00007ffdc22ee000 	C:\WINDOWS\SYSTEM32\USERENV.dll
0x00007ffdc1d90000 - 0x00007ffdc1d9c000 	C:\WINDOWS\SYSTEM32\CRYPTBASE.dll
0x00007ffdc1860000 - 0x00007ffdc189b000 	C:\WINDOWS\SYSTEM32\IPHLPAPI.DLL
0x00007ffdc3360000 - 0x00007ffdc3368000 	C:\WINDOWS\System32\NSI.dll
0x00007ffdbff80000 - 0x00007ffdbff97000 	C:\WINDOWS\SYSTEM32\dhcpcsvc6.DLL
0x00007ffdbff60000 - 0x00007ffdbff7d000 	C:\WINDOWS\SYSTEM32\dhcpcsvc.DLL
0x00007ffdc18a0000 - 0x00007ffdc196b000 	C:\WINDOWS\SYSTEM32\DNSAPI.dll
0x00007ffdade60000 - 0x00007ffdade6a000 	C:\Users\jmier\AppData\Local\Temp\jansi-1.17.1-6859740430676775872.dll
0x00007ffdada20000 - 0x00007ffdada2a000 	C:\Users\jmier\AppData\Local\Temp\jansi-1.17.1-3766018878431173334.dll

dbghelp: loaded successfully - version: 4.0.5 - missing functions: none
symbol engine: initialized successfully - sym options: 0x614 - pdb path: .;C:\Program Files\AdoptOpenJDK\jdk-11.0.6.10-hotspot\bin;C:\WINDOWS\SYSTEM32;C:\Program Files\Avast Software\Avast;C:\WINDOWS\WinSxS\amd64_microsoft.windows.common-controls_6595b64144ccf1df_6.0.19041.488_none_ca04af081b815d21;C:\Program Files\AdoptOpenJDK\jdk-11.0.6.10-hotspot\bin\server;C:\Program Files\JetBrains\IntelliJ IDEA 2020.2.2.0\bin;C:\Users\jmier\AppData\Local\Temp

VM Arguments:
jvm_args: -Dmaven.multiModuleProjectDirectory=C:\Users\jmier\IdeaProjects\demo -Dmaven.home=C:\Users\jmier\.m2\wrapper\dists\apache-maven-3.6.3-bin\1iopthnavndlasol9gbrbg6bf2\apache-maven-3.6.3 -Dclassworlds.conf=C:\Users\jmier\.m2\wrapper\dists\apache-maven-3.6.3-bin\1iopthnavndlasol9gbrbg6bf2\apache-maven-3.6.3\bin\m2.conf -Dmaven.ext.class.path=C:\Program Files\JetBrains\IntelliJ IDEA 2020.2.2.0\plugins\maven\lib\maven-event-listener.jar -javaagent:C:\Program Files\JetBrains\IntelliJ IDEA 2020.2.2.0\lib\idea_rt.jar=65004:C:\Program Files\JetBrains\IntelliJ IDEA 2020.2.2.0\bin -Dfile.encoding=UTF-8 
java_command: org.codehaus.classworlds.Launcher -Didea.version=2020.2.2 clean install
java_class_path (initial): C:\Users\jmier\.m2\wrapper\dists\apache-maven-3.6.3-bin\1iopthnavndlasol9gbrbg6bf2\apache-maven-3.6.3\boot\plexus-classworlds-2.6.0.jar;C:\Users\jmier\.m2\wrapper\dists\apache-maven-3.6.3-bin\1iopthnavndlasol9gbrbg6bf2\apache-maven-3.6.3\boot\plexus-classworlds.license
Launcher Type: SUN_STANDARD

[Global flags]
     intx CICompilerCount                          = 4                                         {product} {ergonomic}
     uint ConcGCThreads                            = 2                                         {product} {ergonomic}
     uint G1ConcRefinementThreads                  = 8                                         {product} {ergonomic}
   size_t G1HeapRegionSize                         = 1048576                                   {product} {ergonomic}
    uintx GCDrainStackTargetSize                   = 64                                        {product} {ergonomic}
   size_t InitialHeapSize                          = 134217728                                 {product} {ergonomic}
   size_t MarkStackSize                            = 4194304                                   {product} {ergonomic}
   size_t MaxHeapSize                              = 2118123520                                {product} {ergonomic}
   size_t MaxNewSize                               = 1270874112                                {product} {ergonomic}
   size_t MinHeapDeltaBytes                        = 1048576                                   {product} {ergonomic}
    uintx NonNMethodCodeHeapSize                   = 5836300                                {pd product} {ergonomic}
    uintx NonProfiledCodeHeapSize                  = 122910970                              {pd product} {ergonomic}
    uintx ProfiledCodeHeapSize                     = 122910970                              {pd product} {ergonomic}
    uintx ReservedCodeCacheSize                    = 251658240                              {pd product} {ergonomic}
     bool SegmentedCodeCache                       = true                                      {product} {ergonomic}
     bool UseCompressedClassPointers               = true                                 {lp64_product} {ergonomic}
     bool UseCompressedOops                        = true                                 {lp64_product} {ergonomic}
     bool UseG1GC                                  = true                                      {product} {ergonomic}
     bool UseLargePagesIndividualAllocation        = false                                  {pd product} {ergonomic}

Logging:
Log output configuration:
 #0: stdout all=warning uptime,level,tags
 #1: stderr all=off uptime,level,tags

Environment Variables:
JAVA_HOME=C:\Program Files\AdoptOpenJDK\jdk-11.0.6.10-hotspot\
PATH=C:\Program Files\AdoptOpenJDK\jdk-11.0.6.10-hotspot\bin;C:\PROGRA~2\Borland\CBUILD~1\Bin;C:\PROGRA~2\Borland\CBUILD~1\Projects\Bpl;C:\Program Files (x86)\Intel\iCLS Client\;C:\Program Files\Intel\iCLS Client\;C:\WINDOWS\system32;C:\WINDOWS;C:\WINDOWS\System32\Wbem;C:\WINDOWS\System32\WindowsPowerShell\v1.0\;C:\Program Files (x86)\Intel\Intel(R) Management Engine Components\DAL;C:\Program Files\Intel\Intel(R) Management Engine Components\DAL;C:\Program Files (x86)\Intel\Intel(R) Management Engine Components\IPT;C:\Program Files\Intel\Intel(R) Management Engine Components\IPT;C:\WINDOWS\System32\OpenSSH\;C:\Program Files\Intel\WiFi\bin\;C:\Program Files\Common Files\Intel\WirelessCommon\;C:\Program Files\Git\cmd;C:\Users\jmier\Desktop\Java\apache-maven-3.6.3\bin;C:\Program Files (x86)\Microsoft SQL Server\150\DTS\Binn\;C:\Program Files\Microsoft SQL Server\Client SDK\ODBC\170\Tools\Binn\;C:\Program Files (x86)\Microsoft SQL Server\150\Tools\Binn\;C:\Program Files\Microsoft SQL Server\150\Tools\Binn\;C:\Program Files\Microsoft SQL Server\150\DTS\Binn\;C:\Program Files\nodejs\;C:\Program Files\MySQL\MySQL Shell 8.0\bin\;C:\Users\jmier\AppData\Local\Microsoft\WindowsApps;C:\Users\jmier\Desktop\Java\apache-maven-3.6.3\bin;C:\Users\jmier\AppData\Roaming\npm
USERNAME=jmier
OS=Windows_NT
PROCESSOR_IDENTIFIER=Intel64 Family 6 Model 142 Stepping 10, GenuineIntel



---------------  S Y S T E M  ---------------

OS: Windows 10 , 64 bit Build 19041 (10.0.19041.662)

CPU:total 8 (initial active 8) (4 cores per cpu, 2 threads per core) family 6 model 142 stepping 10, cmov, cx8, fxsr, mmx, sse, sse2, sse3, ssse3, sse4.1, sse4.2, popcnt, avx, avx2, aes, clmul, erms, 3dnowpref, lzcnt, ht, tsc, tscinvbit, bmi1, bmi2, adx, fma

Memory: 4k page, system-wide physical 8078M (620M free)
TotalPageFile size 12174M (AvailPageFile size 146M)
current process WorkingSet (physical memory assigned to process): 163M, peak: 173M
current process commit charge ("private bytes"): 242M, peak: 269M

vm_info: OpenJDK 64-Bit Server VM (11.0.6+10) for windows-amd64 JRE (11.0.6+10), built on Jan 15 2020 06:14:58 by "" with MS VC++ 15.8 (VS2017)

END.
