#
# There is insufficient memory for the Java Runtime Environment to continue.
# Native memory allocation (malloc) failed to allocate 32744 bytes for ChunkPool::allocate
# Possible reasons:
#   The system is out of physical RAM or swap space
#   The process is running with CompressedOops enabled, and the Java Heap may be blocking the growth of the native heap
# Possible solutions:
#   Reduce memory load on the system
#   Increase physical memory or swap space
#   Check if swap backing store is full
#   Decrease Java heap size (-Xmx/-Xms)
#   Decrease number of Java threads
#   Decrease Java thread stack sizes (-Xss)
#   Set larger code cache with -XX:ReservedCodeCacheSize=
#   JVM is running with Unscaled Compressed Oops mode in which the Java heap is
#     placed in the first 4GB address space. The Java Heap base address is the
#     maximum limit for the native heap growth. Please use -XX:HeapBaseMinAddress
#     to set the Java Heap base and to place the Java Heap above 4GB virtual address.
# This output file may be truncated or incomplete.
#
#  Out of Memory Error (c:/cygwin64/tmp/openjdk-jdk11u-windows-x64-hotspot/workspace/build/src/src/hotspot/share/memory/arena.cpp:81), pid=460, tid=12568
#
# JRE version: OpenJDK Runtime Environment (11.0.6+10) (build 11.0.6+10)
# Java VM: OpenJDK 64-Bit Server VM (11.0.6+10, mixed mode, tiered, compressed oops, g1 gc, windows-amd64)
# No core dump will be written. Minidumps are not enabled by default on client versions of Windows
#

---------------  S U M M A R Y ------------

Command Line: -Dmaven.multiModuleProjectDirectory=C:\Users\jmier\IdeaProjects\demo -Dmaven.home=C:\Users\jmier\.m2\wrapper\dists\apache-maven-3.6.3-bin\1iopthnavndlasol9gbrbg6bf2\apache-maven-3.6.3 -Dclassworlds.conf=C:\Users\jmier\.m2\wrapper\dists\apache-maven-3.6.3-bin\1iopthnavndlasol9gbrbg6bf2\apache-maven-3.6.3\bin\m2.conf -Dmaven.ext.class.path=C:\Program Files\JetBrains\IntelliJ IDEA 2020.2.2.0\plugins\maven\lib\maven-event-listener.jar -javaagent:C:\Program Files\JetBrains\IntelliJ IDEA 2020.2.2.0\lib\idea_rt.jar=62330:C:\Program Files\JetBrains\IntelliJ IDEA 2020.2.2.0\bin -Dfile.encoding=UTF-8 org.codehaus.classworlds.Launcher -Didea.version=2020.2.2 clean install

Host: Intel(R) Core(TM) i5-8250U CPU @ 1.60GHz, 8 cores, 7G,  Windows 10 , 64 bit Build 19041 (10.0.19041.662)
Time: Wed Dec 16 18:34:59 2020 Œrodkowoeuropejski czas stand. elapsed time: 56 seconds (0d 0h 0m 56s)

---------------  T H R E A D  ---------------

Current thread (0x000001befd3eb000):  JavaThread "C1 CompilerThread0" daemon [_thread_in_native, id=12568, stack(0x0000005a0c000000,0x0000005a0c100000)]


Current CompileTask:
C1:  56246 4621   !   3       org.fusesource.jansi.AnsiPrintStream::processEscapeCommand (965 bytes)

Stack: [0x0000005a0c000000,0x0000005a0c100000]
Native frames: (J=compiled Java code, j=interpreted, Vv=VM code, C=native code)
V  [jvm.dll+0x5db25a]
V  [jvm.dll+0x7111de]
V  [jvm.dll+0x712877]
V  [jvm.dll+0x712f43]
V  [jvm.dll+0x23fe78]
V  [jvm.dll+0xb913b]
V  [jvm.dll+0xb949c]
V  [jvm.dll+0x126161]
V  [jvm.dll+0x124b4e]
V  [jvm.dll+0x128a96]
V  [jvm.dll+0x12ab3d]
V  [jvm.dll+0x129064]
V  [jvm.dll+0x122a4c]
V  [jvm.dll+0x132e67]
V  [jvm.dll+0x11dc19]
V  [jvm.dll+0x11df80]
V  [jvm.dll+0x11e23f]
V  [jvm.dll+0x11d4e7]
V  [jvm.dll+0x11f3f7]
V  [jvm.dll+0x2080b7]
V  [jvm.dll+0x20639b]
V  [jvm.dll+0x6d70bc]
V  [jvm.dll+0x6d01ec]
V  [jvm.dll+0x5da1e6]
C  [ucrtbase.dll+0x214c2]
C  [KERNEL32.DLL+0x17034]
C  [ntdll.dll+0x4d0d1]


---------------  P R O C E S S  ---------------

Threads class SMR info:
_java_thread_list=0x000001beff6cf810, length=11, elements={
0x000001bedbc3f800, 0x000001befd390800, 0x000001befd391800, 0x000001befd3e5000,
0x000001befd3e7000, 0x000001befd3ea000, 0x000001befd3eb000, 0x000001befd3f2800,
0x000001befd567000, 0x000001befd6a6000, 0x000001befd6a7000
}

Java Threads: ( => current thread )
  0x000001bedbc3f800 JavaThread "main" [_thread_blocked, id=1416, stack(0x0000005a0b400000,0x0000005a0b500000)]
  0x000001befd390800 JavaThread "Reference Handler" daemon [_thread_blocked, id=3852, stack(0x0000005a0bb00000,0x0000005a0bc00000)]
  0x000001befd391800 JavaThread "Finalizer" daemon [_thread_blocked, id=11176, stack(0x0000005a0bc00000,0x0000005a0bd00000)]
  0x000001befd3e5000 JavaThread "Signal Dispatcher" daemon [_thread_blocked, id=2076, stack(0x0000005a0bd00000,0x0000005a0be00000)]
  0x000001befd3e7000 JavaThread "Attach Listener" daemon [_thread_blocked, id=17840, stack(0x0000005a0be00000,0x0000005a0bf00000)]
  0x000001befd3ea000 JavaThread "C2 CompilerThread0" daemon [_thread_blocked, id=11788, stack(0x0000005a0bf00000,0x0000005a0c000000)]
=>0x000001befd3eb000 JavaThread "C1 CompilerThread0" daemon [_thread_in_native, id=12568, stack(0x0000005a0c000000,0x0000005a0c100000)]
  0x000001befd3f2800 JavaThread "Sweeper thread" daemon [_thread_blocked, id=17092, stack(0x0000005a0c100000,0x0000005a0c200000)]
  0x000001befd567000 JavaThread "Common-Cleaner" daemon [_thread_blocked, id=14556, stack(0x0000005a0c200000,0x0000005a0c300000)]
  0x000001befd6a6000 JavaThread "Monitor Ctrl-Break" daemon [_thread_in_native, id=6256, stack(0x0000005a0c400000,0x0000005a0c500000)]
  0x000001befd6a7000 JavaThread "Service Thread" daemon [_thread_blocked, id=11824, stack(0x0000005a0c500000,0x0000005a0c600000)]

Other Threads:
  0x000001befcb5f800 VMThread "VM Thread" [stack: 0x0000005a0ba00000,0x0000005a0bb00000] [id=4140]
  0x000001befd755000 WatcherThread [stack: 0x0000005a0c600000,0x0000005a0c700000] [id=14548]
  0x000001bedbc56000 GCTaskThread "GC Thread#0" [stack: 0x0000005a0b500000,0x0000005a0b600000] [id=13536]
  0x000001befdd71800 GCTaskThread "GC Thread#1" [stack: 0x0000005a0c700000,0x0000005a0c800000] [id=2708]
  0x000001befe788000 GCTaskThread "GC Thread#2" [stack: 0x0000005a0c800000,0x0000005a0c900000] [id=1112]
  0x000001bedbc8a000 ConcurrentGCThread "G1 Main Marker" [stack: 0x0000005a0b600000,0x0000005a0b700000] [id=14316]
  0x000001bedbc8c000 ConcurrentGCThread "G1 Conc#0" [stack: 0x0000005a0b700000,0x0000005a0b800000] [id=17140]
  0x000001beff015000 ConcurrentGCThread "G1 Conc#1" [stack: 0x0000005a0c900000,0x0000005a0ca00000] [id=17836]
  0x000001bedbd1e800 ConcurrentGCThread "G1 Refine#0" [stack: 0x0000005a0b800000,0x0000005a0b900000] [id=3996]
  0x000001befc9cd800 ConcurrentGCThread "G1 Young RemSet Sampling" [stack: 0x0000005a0b900000,0x0000005a0ba00000] [id=18416]

Threads with active compile tasks:
C1 CompilerThread0  56310 4621   !   3       org.fusesource.jansi.AnsiPrintStream::processEscapeCommand (965 bytes)

VM state:not at safepoint (normal execution)

VM Mutex/Monitor currently owned by a thread: None

Heap address: 0x0000000081c00000, size: 2020 MB, Compressed Oops mode: 32-bit
Narrow klass base: 0x0000000000000000, Narrow klass shift: 3
Compressed class space size: 1073741824 Address: 0x0000000100000000

Heap:
 garbage-first heap   total 131072K, used 28632K [0x0000000081c00000, 0x0000000100000000)
  region size 1024K, 13 young (13312K), 1 survivors (1024K)
 Metaspace       used 32999K, capacity 33665K, committed 33968K, reserved 1079296K
  class space    used 3564K, capacity 3783K, committed 3840K, reserved 1048576K
Heap Regions: E=young(eden), S=young(survivor), O=old, HS=humongous(starts), HC=humongous(continues), CS=collection set, F=free, A=archive, TAMS=top-at-mark-start (previous, next)
|   0|0x0000000081c00000, 0x0000000081d00000, 0x0000000081d00000|100%| O|  |TAMS 0x0000000081cdda00, 0x0000000081c00000| Untracked 
|   1|0x0000000081d00000, 0x0000000081e00000, 0x0000000081e00000|100%| O|  |TAMS 0x0000000081d00000, 0x0000000081d00000| Untracked 
|   2|0x0000000081e00000, 0x0000000081f00000, 0x0000000081f00000|100%| O|  |TAMS 0x0000000081e00000, 0x0000000081e00000| Untracked 
|   3|0x0000000081f00000, 0x0000000082000000, 0x0000000082000000|100%| O|  |TAMS 0x0000000081f00000, 0x0000000081f00000| Untracked 
|   4|0x0000000082000000, 0x0000000082100000, 0x0000000082100000|100%| O|  |TAMS 0x0000000082000000, 0x0000000082000000| Untracked 
|   5|0x0000000082100000, 0x0000000082200000, 0x0000000082200000|100%| O|  |TAMS 0x0000000082100000, 0x0000000082100000| Untracked 
|   6|0x0000000082200000, 0x0000000082300000, 0x0000000082300000|100%| O|  |TAMS 0x0000000082200000, 0x0000000082200000| Untracked 
|   7|0x0000000082300000, 0x0000000082400000, 0x0000000082400000|100%| O|  |TAMS 0x0000000082300000, 0x0000000082300000| Untracked 
|   8|0x0000000082400000, 0x0000000082500000, 0x0000000082500000|100%| O|  |TAMS 0x0000000082400000, 0x0000000082400000| Untracked 
|   9|0x0000000082500000, 0x0000000082600000, 0x0000000082600000|100%| O|  |TAMS 0x0000000082500000, 0x0000000082500000| Untracked 
|  10|0x0000000082600000, 0x0000000082700000, 0x0000000082700000|100%| O|  |TAMS 0x0000000082600000, 0x0000000082600000| Untracked 
|  11|0x0000000082700000, 0x0000000082800000, 0x0000000082800000|100%| O|  |TAMS 0x0000000082700000, 0x0000000082700000| Untracked 
|  12|0x0000000082800000, 0x0000000082900000, 0x0000000082900000|100%| O|  |TAMS 0x0000000082800000, 0x0000000082800000| Untracked 
|  13|0x0000000082900000, 0x0000000082a00000, 0x0000000082a00000|100%| O|  |TAMS 0x0000000082900000, 0x0000000082900000| Untracked 
|  14|0x0000000082a00000, 0x0000000082b00000, 0x0000000082b00000|100%| O|  |TAMS 0x0000000082a00000, 0x0000000082a00000| Untracked 
|  15|0x0000000082b00000, 0x0000000082c00000, 0x0000000082c00000|100%| O|  |TAMS 0x0000000082b00000, 0x0000000082b00000| Untracked 
|  16|0x0000000082c00000, 0x0000000082c5f200, 0x0000000082d00000| 37%| O|  |TAMS 0x0000000082c00000, 0x0000000082c00000| Untracked 
|  17|0x0000000082d00000, 0x0000000082d00000, 0x0000000082e00000|  0%| F|  |TAMS 0x0000000082d00000, 0x0000000082d00000| Untracked 
|  18|0x0000000082e00000, 0x0000000082e00000, 0x0000000082f00000|  0%| F|  |TAMS 0x0000000082e00000, 0x0000000082e00000| Untracked 
|  19|0x0000000082f00000, 0x0000000082f00000, 0x0000000083000000|  0%| F|  |TAMS 0x0000000082f00000, 0x0000000082f00000| Untracked 
|  20|0x0000000083000000, 0x0000000083000000, 0x0000000083100000|  0%| F|  |TAMS 0x0000000083000000, 0x0000000083000000| Untracked 
|  21|0x0000000083100000, 0x0000000083100000, 0x0000000083200000|  0%| F|  |TAMS 0x0000000083100000, 0x0000000083100000| Untracked 
|  22|0x0000000083200000, 0x0000000083200000, 0x0000000083300000|  0%| F|  |TAMS 0x0000000083200000, 0x0000000083200000| Untracked 
|  23|0x0000000083300000, 0x0000000083300000, 0x0000000083400000|  0%| F|  |TAMS 0x0000000083300000, 0x0000000083300000| Untracked 
|  24|0x0000000083400000, 0x0000000083400000, 0x0000000083500000|  0%| F|  |TAMS 0x0000000083400000, 0x0000000083400000| Untracked 
|  25|0x0000000083500000, 0x0000000083500000, 0x0000000083600000|  0%| F|  |TAMS 0x0000000083500000, 0x0000000083500000| Untracked 
|  26|0x0000000083600000, 0x0000000083600000, 0x0000000083700000|  0%| F|  |TAMS 0x0000000083600000, 0x0000000083600000| Untracked 
|  27|0x0000000083700000, 0x0000000083700000, 0x0000000083800000|  0%| F|  |TAMS 0x0000000083700000, 0x0000000083700000| Untracked 
|  28|0x0000000083800000, 0x0000000083800000, 0x0000000083900000|  0%| F|  |TAMS 0x0000000083800000, 0x0000000083800000| Untracked 
|  29|0x0000000083900000, 0x0000000083900000, 0x0000000083a00000|  0%| F|  |TAMS 0x0000000083900000, 0x0000000083900000| Untracked 
|  30|0x0000000083a00000, 0x0000000083a00000, 0x0000000083b00000|  0%| F|  |TAMS 0x0000000083a00000, 0x0000000083a00000| Untracked 
|  31|0x0000000083b00000, 0x0000000083b00000, 0x0000000083c00000|  0%| F|  |TAMS 0x0000000083b00000, 0x0000000083b00000| Untracked 
|  32|0x0000000083c00000, 0x0000000083c00000, 0x0000000083d00000|  0%| F|  |TAMS 0x0000000083c00000, 0x0000000083c00000| Untracked 
|  33|0x0000000083d00000, 0x0000000083d00000, 0x0000000083e00000|  0%| F|  |TAMS 0x0000000083d00000, 0x0000000083d00000| Untracked 
|  34|0x0000000083e00000, 0x0000000083e00000, 0x0000000083f00000|  0%| F|  |TAMS 0x0000000083e00000, 0x0000000083e00000| Untracked 
|  35|0x0000000083f00000, 0x0000000083f00000, 0x0000000084000000|  0%| F|  |TAMS 0x0000000083f00000, 0x0000000083f00000| Untracked 
|  36|0x0000000084000000, 0x0000000084000000, 0x0000000084100000|  0%| F|  |TAMS 0x0000000084000000, 0x0000000084000000| Untracked 
|  37|0x0000000084100000, 0x0000000084100000, 0x0000000084200000|  0%| F|  |TAMS 0x0000000084100000, 0x0000000084100000| Untracked 
|  38|0x0000000084200000, 0x0000000084200000, 0x0000000084300000|  0%| F|  |TAMS 0x0000000084200000, 0x0000000084200000| Untracked 
|  39|0x0000000084300000, 0x0000000084300000, 0x0000000084400000|  0%| F|  |TAMS 0x0000000084300000, 0x0000000084300000| Untracked 
|  40|0x0000000084400000, 0x0000000084400000, 0x0000000084500000|  0%| F|  |TAMS 0x0000000084400000, 0x0000000084400000| Untracked 
|  41|0x0000000084500000, 0x0000000084500000, 0x0000000084600000|  0%| F|  |TAMS 0x0000000084500000, 0x0000000084500000| Untracked 
|  42|0x0000000084600000, 0x0000000084600000, 0x0000000084700000|  0%| F|  |TAMS 0x0000000084600000, 0x0000000084600000| Untracked 
|  43|0x0000000084700000, 0x0000000084700000, 0x0000000084800000|  0%| F|  |TAMS 0x0000000084700000, 0x0000000084700000| Untracked 
|  44|0x0000000084800000, 0x0000000084800000, 0x0000000084900000|  0%| F|  |TAMS 0x0000000084800000, 0x0000000084800000| Untracked 
|  45|0x0000000084900000, 0x0000000084900000, 0x0000000084a00000|  0%| F|  |TAMS 0x0000000084900000, 0x0000000084900000| Untracked 
|  46|0x0000000084a00000, 0x0000000084a00000, 0x0000000084b00000|  0%| F|  |TAMS 0x0000000084a00000, 0x0000000084a00000| Untracked 
|  47|0x0000000084b00000, 0x0000000084b00000, 0x0000000084c00000|  0%| F|  |TAMS 0x0000000084b00000, 0x0000000084b00000| Untracked 
|  48|0x0000000084c00000, 0x0000000084c00000, 0x0000000084d00000|  0%| F|  |TAMS 0x0000000084c00000, 0x0000000084c00000| Untracked 
|  49|0x0000000084d00000, 0x0000000084d00000, 0x0000000084e00000|  0%| F|  |TAMS 0x0000000084d00000, 0x0000000084d00000| Untracked 
|  50|0x0000000084e00000, 0x0000000084e00000, 0x0000000084f00000|  0%| F|  |TAMS 0x0000000084e00000, 0x0000000084e00000| Untracked 
|  51|0x0000000084f00000, 0x0000000084f97050, 0x0000000085000000| 58%| S|CS|TAMS 0x0000000084f00000, 0x0000000084f00000| Complete 
|  52|0x0000000085000000, 0x0000000085000000, 0x0000000085100000|  0%| F|  |TAMS 0x0000000085000000, 0x0000000085000000| Untracked 
|  53|0x0000000085100000, 0x0000000085100000, 0x0000000085200000|  0%| F|  |TAMS 0x0000000085100000, 0x0000000085100000| Untracked 
|  54|0x0000000085200000, 0x0000000085200000, 0x0000000085300000|  0%| F|  |TAMS 0x0000000085200000, 0x0000000085200000| Untracked 
|  55|0x0000000085300000, 0x0000000085300000, 0x0000000085400000|  0%| F|  |TAMS 0x0000000085300000, 0x0000000085300000| Untracked 
|  56|0x0000000085400000, 0x0000000085400000, 0x0000000085500000|  0%| F|  |TAMS 0x0000000085400000, 0x0000000085400000| Untracked 
|  57|0x0000000085500000, 0x0000000085500000, 0x0000000085600000|  0%| F|  |TAMS 0x0000000085500000, 0x0000000085500000| Untracked 
|  58|0x0000000085600000, 0x0000000085600000, 0x0000000085700000|  0%| F|  |TAMS 0x0000000085600000, 0x0000000085600000| Untracked 
|  59|0x0000000085700000, 0x0000000085700000, 0x0000000085800000|  0%| F|  |TAMS 0x0000000085700000, 0x0000000085700000| Untracked 
|  60|0x0000000085800000, 0x0000000085800000, 0x0000000085900000|  0%| F|  |TAMS 0x0000000085800000, 0x0000000085800000| Untracked 
|  61|0x0000000085900000, 0x0000000085900000, 0x0000000085a00000|  0%| F|  |TAMS 0x0000000085900000, 0x0000000085900000| Untracked 
|  62|0x0000000085a00000, 0x0000000085a00000, 0x0000000085b00000|  0%| F|  |TAMS 0x0000000085a00000, 0x0000000085a00000| Untracked 
|  63|0x0000000085b00000, 0x0000000085b00000, 0x0000000085c00000|  0%| F|  |TAMS 0x0000000085b00000, 0x0000000085b00000| Untracked 
|  64|0x0000000085c00000, 0x0000000085c00000, 0x0000000085d00000|  0%| F|  |TAMS 0x0000000085c00000, 0x0000000085c00000| Untracked 
|  65|0x0000000085d00000, 0x0000000085d00000, 0x0000000085e00000|  0%| F|  |TAMS 0x0000000085d00000, 0x0000000085d00000| Untracked 
|  66|0x0000000085e00000, 0x0000000085e00000, 0x0000000085f00000|  0%| F|  |TAMS 0x0000000085e00000, 0x0000000085e00000| Untracked 
|  67|0x0000000085f00000, 0x0000000085f00000, 0x0000000086000000|  0%| F|  |TAMS 0x0000000085f00000, 0x0000000085f00000| Untracked 
|  68|0x0000000086000000, 0x0000000086000000, 0x0000000086100000|  0%| F|  |TAMS 0x0000000086000000, 0x0000000086000000| Untracked 
|  69|0x0000000086100000, 0x0000000086100000, 0x0000000086200000|  0%| F|  |TAMS 0x0000000086100000, 0x0000000086100000| Untracked 
|  70|0x0000000086200000, 0x0000000086200000, 0x0000000086300000|  0%| F|  |TAMS 0x0000000086200000, 0x0000000086200000| Untracked 
|  71|0x0000000086300000, 0x0000000086300000, 0x0000000086400000|  0%| F|  |TAMS 0x0000000086300000, 0x0000000086300000| Untracked 
|  72|0x0000000086400000, 0x0000000086400000, 0x0000000086500000|  0%| F|  |TAMS 0x0000000086400000, 0x0000000086400000| Untracked 
|  73|0x0000000086500000, 0x0000000086500000, 0x0000000086600000|  0%| F|  |TAMS 0x0000000086500000, 0x0000000086500000| Untracked 
|  74|0x0000000086600000, 0x0000000086600000, 0x0000000086700000|  0%| F|  |TAMS 0x0000000086600000, 0x0000000086600000| Untracked 
|  75|0x0000000086700000, 0x0000000086700000, 0x0000000086800000|  0%| F|  |TAMS 0x0000000086700000, 0x0000000086700000| Untracked 
|  76|0x0000000086800000, 0x0000000086800000, 0x0000000086900000|  0%| F|  |TAMS 0x0000000086800000, 0x0000000086800000| Untracked 
|  77|0x0000000086900000, 0x0000000086900000, 0x0000000086a00000|  0%| F|  |TAMS 0x0000000086900000, 0x0000000086900000| Untracked 
|  78|0x0000000086a00000, 0x0000000086a00000, 0x0000000086b00000|  0%| F|  |TAMS 0x0000000086a00000, 0x0000000086a00000| Untracked 
|  79|0x0000000086b00000, 0x0000000086b00000, 0x0000000086c00000|  0%| F|  |TAMS 0x0000000086b00000, 0x0000000086b00000| Untracked 
|  80|0x0000000086c00000, 0x0000000086c00000, 0x0000000086d00000|  0%| F|  |TAMS 0x0000000086c00000, 0x0000000086c00000| Untracked 
|  81|0x0000000086d00000, 0x0000000086d00000, 0x0000000086e00000|  0%| F|  |TAMS 0x0000000086d00000, 0x0000000086d00000| Untracked 
|  82|0x0000000086e00000, 0x0000000086e00000, 0x0000000086f00000|  0%| F|  |TAMS 0x0000000086e00000, 0x0000000086e00000| Untracked 
|  83|0x0000000086f00000, 0x0000000086f00000, 0x0000000087000000|  0%| F|  |TAMS 0x0000000086f00000, 0x0000000086f00000| Untracked 
|  84|0x0000000087000000, 0x0000000087000000, 0x0000000087100000|  0%| F|  |TAMS 0x0000000087000000, 0x0000000087000000| Untracked 
|  85|0x0000000087100000, 0x0000000087100000, 0x0000000087200000|  0%| F|  |TAMS 0x0000000087100000, 0x0000000087100000| Untracked 
|  86|0x0000000087200000, 0x0000000087200000, 0x0000000087300000|  0%| F|  |TAMS 0x0000000087200000, 0x0000000087200000| Untracked 
|  87|0x0000000087300000, 0x0000000087300000, 0x0000000087400000|  0%| F|  |TAMS 0x0000000087300000, 0x0000000087300000| Untracked 
|  88|0x0000000087400000, 0x0000000087400000, 0x0000000087500000|  0%| F|  |TAMS 0x0000000087400000, 0x0000000087400000| Untracked 
|  89|0x0000000087500000, 0x0000000087500000, 0x0000000087600000|  0%| F|  |TAMS 0x0000000087500000, 0x0000000087500000| Untracked 
|  90|0x0000000087600000, 0x0000000087600000, 0x0000000087700000|  0%| F|  |TAMS 0x0000000087600000, 0x0000000087600000| Untracked 
|  91|0x0000000087700000, 0x0000000087700000, 0x0000000087800000|  0%| F|  |TAMS 0x0000000087700000, 0x0000000087700000| Untracked 
|  92|0x0000000087800000, 0x0000000087800000, 0x0000000087900000|  0%| F|  |TAMS 0x0000000087800000, 0x0000000087800000| Untracked 
|  93|0x0000000087900000, 0x0000000087900000, 0x0000000087a00000|  0%| F|  |TAMS 0x0000000087900000, 0x0000000087900000| Untracked 
|  94|0x0000000087a00000, 0x0000000087a00000, 0x0000000087b00000|  0%| F|  |TAMS 0x0000000087a00000, 0x0000000087a00000| Untracked 
|  95|0x0000000087b00000, 0x0000000087b00000, 0x0000000087c00000|  0%| F|  |TAMS 0x0000000087b00000, 0x0000000087b00000| Untracked 
|  96|0x0000000087c00000, 0x0000000087c00000, 0x0000000087d00000|  0%| F|  |TAMS 0x0000000087c00000, 0x0000000087c00000| Untracked 
|  97|0x0000000087d00000, 0x0000000087d00000, 0x0000000087e00000|  0%| F|  |TAMS 0x0000000087d00000, 0x0000000087d00000| Untracked 
|  98|0x0000000087e00000, 0x0000000087e00000, 0x0000000087f00000|  0%| F|  |TAMS 0x0000000087e00000, 0x0000000087e00000| Untracked 
|  99|0x0000000087f00000, 0x0000000087f00000, 0x0000000088000000|  0%| F|  |TAMS 0x0000000087f00000, 0x0000000087f00000| Untracked 
| 100|0x0000000088000000, 0x0000000088000000, 0x0000000088100000|  0%| F|  |TAMS 0x0000000088000000, 0x0000000088000000| Untracked 
| 101|0x0000000088100000, 0x0000000088100000, 0x0000000088200000|  0%| F|  |TAMS 0x0000000088100000, 0x0000000088100000| Untracked 
| 102|0x0000000088200000, 0x0000000088200000, 0x0000000088300000|  0%| F|  |TAMS 0x0000000088200000, 0x0000000088200000| Untracked 
| 103|0x0000000088300000, 0x0000000088300000, 0x0000000088400000|  0%| F|  |TAMS 0x0000000088300000, 0x0000000088300000| Untracked 
| 104|0x0000000088400000, 0x0000000088400000, 0x0000000088500000|  0%| F|  |TAMS 0x0000000088400000, 0x0000000088400000| Untracked 
| 105|0x0000000088500000, 0x0000000088500000, 0x0000000088600000|  0%| F|  |TAMS 0x0000000088500000, 0x0000000088500000| Untracked 
| 106|0x0000000088600000, 0x0000000088600000, 0x0000000088700000|  0%| F|  |TAMS 0x0000000088600000, 0x0000000088600000| Untracked 
| 107|0x0000000088700000, 0x0000000088700000, 0x0000000088800000|  0%| F|  |TAMS 0x0000000088700000, 0x0000000088700000| Untracked 
| 108|0x0000000088800000, 0x0000000088800000, 0x0000000088900000|  0%| F|  |TAMS 0x0000000088800000, 0x0000000088800000| Untracked 
| 109|0x0000000088900000, 0x0000000088900000, 0x0000000088a00000|  0%| F|  |TAMS 0x0000000088900000, 0x0000000088900000| Untracked 
| 110|0x0000000088a00000, 0x0000000088a00000, 0x0000000088b00000|  0%| F|  |TAMS 0x0000000088a00000, 0x0000000088a00000| Untracked 
| 111|0x0000000088b00000, 0x0000000088b00000, 0x0000000088c00000|  0%| F|  |TAMS 0x0000000088b00000, 0x0000000088b00000| Untracked 
| 112|0x0000000088c00000, 0x0000000088c00000, 0x0000000088d00000|  0%| F|  |TAMS 0x0000000088c00000, 0x0000000088c00000| Untracked 
| 113|0x0000000088d00000, 0x0000000088d00000, 0x0000000088e00000|  0%| F|  |TAMS 0x0000000088d00000, 0x0000000088d00000| Untracked 
| 114|0x0000000088e00000, 0x0000000088e00000, 0x0000000088f00000|  0%| F|  |TAMS 0x0000000088e00000, 0x0000000088e00000| Untracked 
| 115|0x0000000088f00000, 0x0000000088f00000, 0x0000000089000000|  0%| F|  |TAMS 0x0000000088f00000, 0x0000000088f00000| Untracked 
| 116|0x0000000089000000, 0x0000000089000800, 0x0000000089100000|  0%| E|  |TAMS 0x0000000089000000, 0x0000000089000000| Complete 
| 117|0x0000000089100000, 0x0000000089200000, 0x0000000089200000|100%| E|CS|TAMS 0x0000000089100000, 0x0000000089100000| Complete 
| 118|0x0000000089200000, 0x0000000089300000, 0x0000000089300000|100%| E|CS|TAMS 0x0000000089200000, 0x0000000089200000| Complete 
| 119|0x0000000089300000, 0x0000000089400000, 0x0000000089400000|100%| E|CS|TAMS 0x0000000089300000, 0x0000000089300000| Complete 
| 120|0x0000000089400000, 0x0000000089500000, 0x0000000089500000|100%| E|CS|TAMS 0x0000000089400000, 0x0000000089400000| Complete 
| 121|0x0000000089500000, 0x0000000089600000, 0x0000000089600000|100%| E|CS|TAMS 0x0000000089500000, 0x0000000089500000| Complete 
| 122|0x0000000089600000, 0x0000000089700000, 0x0000000089700000|100%| E|CS|TAMS 0x0000000089600000, 0x0000000089600000| Complete 
| 123|0x0000000089700000, 0x0000000089800000, 0x0000000089800000|100%| E|CS|TAMS 0x0000000089700000, 0x0000000089700000| Complete 
| 124|0x0000000089800000, 0x0000000089900000, 0x0000000089900000|100%| E|CS|TAMS 0x0000000089800000, 0x0000000089800000| Complete 
| 125|0x0000000089900000, 0x0000000089a00000, 0x0000000089a00000|100%| E|CS|TAMS 0x0000000089900000, 0x0000000089900000| Complete 
| 126|0x0000000089a00000, 0x0000000089b00000, 0x0000000089b00000|100%| E|CS|TAMS 0x0000000089a00000, 0x0000000089a00000| Complete 
| 127|0x0000000089b00000, 0x0000000089c00000, 0x0000000089c00000|100%| E|CS|TAMS 0x0000000089b00000, 0x0000000089b00000| Complete 

Card table byte_map: [0x000001bef5950000,0x000001bef5d50000] _byte_map_base: 0x000001bef5542000

Marking Bits (Prev, Next): (CMBitMap*) 0x000001bedbc81300, (CMBitMap*) 0x000001bedbc812c8
 Prev Bits: [0x000001bef80e0000, 0x000001befa070000)
 Next Bits: [0x000001bef6150000, 0x000001bef80e0000)

Polling page: 0x000001bedba40000

Metaspace:

Usage:
  Non-class:     29.18 MB capacity,    28.75 MB ( 99%) used,   404.71 KB (  1%) free+waste,    42.13 KB ( <1%) overhead. 
      Class:      3.69 MB capacity,     3.48 MB ( 94%) used,   202.19 KB (  5%) free+waste,    16.69 KB ( <1%) overhead. 
       Both:     32.88 MB capacity,    32.23 MB ( 98%) used,   606.90 KB (  2%) free+waste,    58.81 KB ( <1%) overhead. 

Virtual space:
  Non-class space:       30.00 MB reserved,      29.42 MB ( 98%) committed 
      Class space:        1.00 GB reserved,       3.75 MB ( <1%) committed 
             Both:        1.03 GB reserved,      33.17 MB (  3%) committed 

Chunk freelists:
   Non-Class:  54.00 KB
       Class:  25.00 KB
        Both:  79.00 KB

MaxMetaspaceSize: 17179869184.00 GB
CompressedClassSpaceSize: 1.00 GB

CodeHeap 'non-profiled nmethods': size=120000Kb used=2634Kb max_used=2634Kb free=117365Kb
 bounds [0x000001beed5a0000, 0x000001beed840000, 0x000001bef4ad0000]
CodeHeap 'profiled nmethods': size=120000Kb used=10190Kb max_used=10190Kb free=109810Kb
 bounds [0x000001bee6070000, 0x000001bee6a70000, 0x000001beed5a0000]
CodeHeap 'non-nmethods': size=5760Kb used=1174Kb max_used=1194Kb free=4585Kb
 bounds [0x000001bee5ad0000, 0x000001bee5d40000, 0x000001bee6070000]
 total_blobs=6812 nmethods=4621 adapters=427
 compilation: enabled
              stopped_count=0, restarted_count=0
 full_count=0

Compilation events (20 events):
Event: 47.981 Thread 0x000001befd3eb000 4615       3       java.lang.ProcessEnvironment$EntryComparator::compare (25 bytes)
Event: 47.981 Thread 0x000001befd3eb000 nmethod 4615 0x000001bee6a60090 code [0x000001bee6a60280, 0x000001bee6a60790]
Event: 47.981 Thread 0x000001befd3eb000 4614       3       java.lang.ProcessEnvironment$EntryComparator::compare (13 bytes)
Event: 47.981 Thread 0x000001befd3ea000 nmethod 4607 0x000001beed82f790 code [0x000001beed82f940, 0x000001beed82fa38]
Event: 47.981 Thread 0x000001befd3eb000 nmethod 4614 0x000001bee6a60910 code [0x000001bee6a60b20, 0x000001bee6a61290]
Event: 47.981 Thread 0x000001befd3ea000 4611       4       java.util.Collections$UnmodifiableMap$UnmodifiableEntrySet$1::hasNext (10 bytes)
Event: 47.981 Thread 0x000001befd3eb000 4613       3       java.lang.ProcessEnvironment$CheckedEntrySet$1::next (5 bytes)
Event: 47.982 Thread 0x000001befd3eb000 nmethod 4613 0x000001bee6a61490 code [0x000001bee6a61680, 0x000001bee6a61b90]
Event: 47.982 Thread 0x000001befd3ea000 nmethod 4611 0x000001beed82fb90 code [0x000001beed82fd40, 0x000001beed82fe18]
Event: 47.982 Thread 0x000001befd3ea000 4610       4       java.util.Collections$UnmodifiableMap$UnmodifiableEntrySet$1::next (20 bytes)
Event: 47.992 Thread 0x000001befd3ea000 nmethod 4610 0x000001beed82ff10 code [0x000001beed8300e0, 0x000001beed830978]
Event: 56.234 Thread 0x000001befd3ea000 4616       4       java.lang.String::<init> (15 bytes)
Event: 56.236 Thread 0x000001befd3eb000 4617       3       java.lang.Integer::toString (55 bytes)
Event: 56.236 Thread 0x000001befd3eb000 nmethod 4617 0x000001bee6a61d10 code [0x000001bee6a61f00, 0x000001bee6a622e0]
Event: 56.236 Thread 0x000001befd3ea000 nmethod 4616 0x000001beed830d10 code [0x000001beed830ea0, 0x000001beed830fd8]
Event: 56.236 Thread 0x000001befd3eb000 4618       3       org.slf4j.impl.SimpleLogger::isLevelEnabled (14 bytes)
Event: 56.237 Thread 0x000001befd3eb000 nmethod 4618 0x000001bee6a62410 code [0x000001bee6a625c0, 0x000001bee6a62778]
Event: 56.238 Thread 0x000001befd3eb000 4619       3       org.fusesource.jansi.Ansi::a (17 bytes)
Event: 56.239 Thread 0x000001befd3eb000 nmethod 4619 0x000001bee6a62810 code [0x000001bee6a62a60, 0x000001bee6a63420]
Event: 56.239 Thread 0x000001befd3eb000 4621   !   3       org.fusesource.jansi.AnsiPrintStream::processEscapeCommand (965 bytes)

GC Heap History (14 events):
Event: 1.632 GC heap before
{Heap before GC invocations=0 (full 0):
 garbage-first heap   total 131072K, used 23552K [0x0000000081c00000, 0x0000000100000000)
  region size 1024K, 24 young (24576K), 0 survivors (0K)
 Metaspace       used 13625K, capacity 13836K, committed 14080K, reserved 1062912K
  class space    used 1371K, capacity 1463K, committed 1536K, reserved 1048576K
}
Event: 1.638 GC heap after
{Heap after GC invocations=1 (full 0):
 garbage-first heap   total 131072K, used 3958K [0x0000000081c00000, 0x0000000100000000)
  region size 1024K, 3 young (3072K), 3 survivors (3072K)
 Metaspace       used 13625K, capacity 13836K, committed 14080K, reserved 1062912K
  class space    used 1371K, capacity 1463K, committed 1536K, reserved 1048576K
}
Event: 3.463 GC heap before
{Heap before GC invocations=1 (full 0):
 garbage-first heap   total 131072K, used 55158K [0x0000000081c00000, 0x0000000100000000)
  region size 1024K, 54 young (55296K), 3 survivors (3072K)
 Metaspace       used 20795K, capacity 21112K, committed 21296K, reserved 1069056K
  class space    used 2236K, capacity 2357K, committed 2432K, reserved 1048576K
}
Event: 3.475 GC heap after
{Heap after GC invocations=2 (full 0):
 garbage-first heap   total 131072K, used 6695K [0x0000000081c00000, 0x0000000100000000)
  region size 1024K, 6 young (6144K), 6 survivors (6144K)
 Metaspace       used 20795K, capacity 21112K, committed 21296K, reserved 1069056K
  class space    used 2236K, capacity 2357K, committed 2432K, reserved 1048576K
}
Event: 5.198 GC heap before
{Heap before GC invocations=3 (full 0):
 garbage-first heap   total 131072K, used 57895K [0x0000000081c00000, 0x0000000100000000)
  region size 1024K, 57 young (58368K), 6 survivors (6144K)
 Metaspace       used 22639K, capacity 23102K, committed 23216K, reserved 1071104K
  class space    used 2379K, capacity 2506K, committed 2560K, reserved 1048576K
}
Event: 5.212 GC heap after
{Heap after GC invocations=4 (full 0):
 garbage-first heap   total 131072K, used 11185K [0x0000000081c00000, 0x0000000100000000)
  region size 1024K, 8 young (8192K), 8 survivors (8192K)
 Metaspace       used 22639K, capacity 23102K, committed 23216K, reserved 1071104K
  class space    used 2379K, capacity 2506K, committed 2560K, reserved 1048576K
}
Event: 8.748 GC heap before
{Heap before GC invocations=4 (full 0):
 garbage-first heap   total 131072K, used 74673K [0x0000000081c00000, 0x0000000100000000)
  region size 1024K, 70 young (71680K), 8 survivors (8192K)
 Metaspace       used 30257K, capacity 30837K, committed 31152K, reserved 1077248K
  class space    used 3272K, capacity 3459K, committed 3584K, reserved 1048576K
}
Event: 8.775 GC heap after
{Heap after GC invocations=5 (full 0):
 garbage-first heap   total 131072K, used 16480K [0x0000000081c00000, 0x0000000100000000)
  region size 1024K, 9 young (9216K), 9 survivors (9216K)
 Metaspace       used 30257K, capacity 30837K, committed 31152K, reserved 1077248K
  class space    used 3272K, capacity 3459K, committed 3584K, reserved 1048576K
}
Event: 17.893 GC heap before
{Heap before GC invocations=5 (full 0):
 garbage-first heap   total 131072K, used 85088K [0x0000000081c00000, 0x0000000100000000)
  region size 1024K, 76 young (77824K), 9 survivors (9216K)
 Metaspace       used 30310K, capacity 30901K, committed 31152K, reserved 1077248K
  class space    used 3272K, capacity 3459K, committed 3584K, reserved 1048576K
}
Event: 17.905 GC heap after
{Heap after GC invocations=6 (full 0):
 garbage-first heap   total 131072K, used 18300K [0x0000000081c00000, 0x0000000100000000)
  region size 1024K, 2 young (2048K), 2 survivors (2048K)
 Metaspace       used 30310K, capacity 30901K, committed 31152K, reserved 1077248K
  class space    used 3272K, capacity 3459K, committed 3584K, reserved 1048576K
}
Event: 27.429 GC heap before
{Heap before GC invocations=6 (full 0):
 garbage-first heap   total 131072K, used 91004K [0x0000000081c00000, 0x0000000100000000)
  region size 1024K, 73 young (74752K), 2 survivors (2048K)
 Metaspace       used 30310K, capacity 30901K, committed 31152K, reserved 1077248K
  class space    used 3272K, capacity 3459K, committed 3584K, reserved 1048576K
}
Event: 27.431 GC heap after
{Heap after GC invocations=7 (full 0):
 garbage-first heap   total 131072K, used 17202K [0x0000000081c00000, 0x0000000100000000)
  region size 1024K, 1 young (1024K), 1 survivors (1024K)
 Metaspace       used 30310K, capacity 30901K, committed 31152K, reserved 1077248K
  class space    used 3272K, capacity 3459K, committed 3584K, reserved 1048576K
}
Event: 45.071 GC heap before
{Heap before GC invocations=7 (full 0):
 garbage-first heap   total 131072K, used 94002K [0x0000000081c00000, 0x0000000100000000)
  region size 1024K, 76 young (77824K), 1 survivors (1024K)
 Metaspace       used 32910K, capacity 33537K, committed 33712K, reserved 1079296K
  class space    used 3555K, capacity 3719K, committed 3840K, reserved 1048576K
}
Event: 45.073 GC heap after
{Heap after GC invocations=8 (full 0):
 garbage-first heap   total 131072K, used 17368K [0x0000000081c00000, 0x0000000100000000)
  region size 1024K, 1 young (1024K), 1 survivors (1024K)
 Metaspace       used 32910K, capacity 33537K, committed 33712K, reserved 1079296K
  class space    used 3555K, capacity 3719K, committed 3840K, reserved 1048576K
}

Deoptimization events (20 events):
Event: 31.199 Thread 0x000001bedbc3f800 DEOPT PACKING pc=0x000001beed7edd84 sp=0x0000005a0b4fdcc0
Event: 31.199 Thread 0x000001bedbc3f800 DEOPT UNPACKING pc=0x000001bee5af8f2f sp=0x0000005a0b4fdb88 mode 2
Event: 37.415 Thread 0x000001bedbc3f800 Uncommon trap: trap_request=0xffffff4d fr.pc=0x000001beed68dc20 relative=0x0000000000000080
Event: 37.415 Thread 0x000001bedbc3f800 Uncommon trap: reason=unstable_if action=reinterpret pc=0x000001beed68dc20 method=java.util.LinkedHashMap.afterNodeInsertion(Z)V @ 18 c2
Event: 37.415 Thread 0x000001bedbc3f800 DEOPT PACKING pc=0x000001beed68dc20 sp=0x0000005a0b4fdc10
Event: 37.415 Thread 0x000001bedbc3f800 DEOPT UNPACKING pc=0x000001bee5af8f2f sp=0x0000005a0b4fdb90 mode 2
Event: 37.491 Thread 0x000001bedbc3f800 DEOPT PACKING pc=0x000001bee6a32b7e sp=0x0000005a0b4fde20
Event: 37.491 Thread 0x000001bedbc3f800 DEOPT UNPACKING pc=0x000001bee5af8d4e sp=0x0000005a0b4fd298 mode 0
Event: 47.968 Thread 0x000001bedbc3f800 Uncommon trap: trap_request=0xffffff4d fr.pc=0x000001beed82032c relative=0x0000000000000a0c
Event: 47.968 Thread 0x000001bedbc3f800 Uncommon trap: reason=unstable_if action=reinterpret pc=0x000001beed82032c method=org.apache.commons.compress.compressors.gzip.GzipCompressorInputStream.read([BII)I @ 153 c2
Event: 47.968 Thread 0x000001bedbc3f800 DEOPT PACKING pc=0x000001beed82032c sp=0x0000005a0b4fdc60
Event: 47.968 Thread 0x000001bedbc3f800 DEOPT UNPACKING pc=0x000001bee5af8f2f sp=0x0000005a0b4fdc10 mode 2
Event: 47.968 Thread 0x000001bedbc3f800 Uncommon trap: trap_request=0xffffffc6 fr.pc=0x000001beed826ea4 relative=0x0000000000000f24
Event: 47.968 Thread 0x000001bedbc3f800 Uncommon trap: reason=bimorphic_or_optimized_type_check action=maybe_recompile pc=0x000001beed826ea4 method=org.apache.commons.compress.utils.IOUtils.skip(Ljava/io/InputStream;J)J @ 10 c2
Event: 47.968 Thread 0x000001bedbc3f800 DEOPT PACKING pc=0x000001beed826ea4 sp=0x0000005a0b4fdb60
Event: 47.968 Thread 0x000001bedbc3f800 DEOPT UNPACKING pc=0x000001bee5af8f2f sp=0x0000005a0b4fdb60 mode 2
Event: 47.968 Thread 0x000001bedbc3f800 Uncommon trap: trap_request=0xffffff4d fr.pc=0x000001beed826ef8 relative=0x0000000000000f78
Event: 47.968 Thread 0x000001bedbc3f800 Uncommon trap: reason=unstable_if action=reinterpret pc=0x000001beed826ef8 method=java.io.InputStream.skip(J)J @ 51 c2
Event: 47.968 Thread 0x000001bedbc3f800 DEOPT PACKING pc=0x000001beed826ef8 sp=0x0000005a0b4fdd30
Event: 47.968 Thread 0x000001bedbc3f800 DEOPT UNPACKING pc=0x000001bee5af8f2f sp=0x0000005a0b4fdca8 mode 2

Classes redefined (0 events):
No events

Internal exceptions (20 events):
Event: 0.894 Thread 0x000001bedbc3f800 Exception <a 'java/lang/NoSuchMethodError'{0x0000000089556578}: 'java.lang.Object java.lang.invoke.DirectMethodHandle$Holder.invokeStaticInit(java.lang.Object, java.lang.Object, int, int, int, int)'> (0x0000000089556578) thrown at [c:/cygwin64/tmp/openjdk
Event: 2.640 Thread 0x000001bedbc3f800 Exception <a 'java/lang/NoClassDefFoundError'{0x00000000871fb758}: com/google/inject/servlet/ServletModuleTargetVisitor> (0x00000000871fb758) thrown at [c:/cygwin64/tmp/openjdk-jdk11u-windows-x64-hotspot/workspace/build/src/src/hotspot/share/classfile/sys
Event: 2.640 Thread 0x000001bedbc3f800 Exception <a 'java/lang/NoClassDefFoundError'{0x00000000871fb758}> (0x00000000871fb758) thrown at [c:/cygwin64/tmp/openjdk-jdk11u-windows-x64-hotspot/workspace/build/src/src/hotspot/share/prims/jvm.cpp, line 1301]
Event: 2.640 Thread 0x000001bedbc3f800 Exception <a 'java/lang/NoClassDefFoundError'{0x00000000871fe810}: javax/annotation/Priority> (0x00000000871fe810) thrown at [c:/cygwin64/tmp/openjdk-jdk11u-windows-x64-hotspot/workspace/build/src/src/hotspot/share/classfile/systemDictionary.cpp, line 220
Event: 3.496 Thread 0x000001bedbc3f800 Implicit null exception at 0x000001beed5ca5f4 to 0x000001beed5caaee
Event: 3.496 Thread 0x000001bedbc3f800 Implicit null exception at 0x000001beed5cb0f4 to 0x000001beed5cb5e6
Event: 5.862 Thread 0x000001bedbc3f800 Exception <a 'java/lang/NoSuchMethodError'{0x0000000087b8cb90}: 'void java.lang.invoke.DirectMethodHandle$Holder.invokeStatic(java.lang.Object, long)'> (0x0000000087b8cb90) thrown at [c:/cygwin64/tmp/openjdk-jdk11u-windows-x64-hotspot/workspace/build/src/
Event: 5.862 Thread 0x000001bedbc3f800 Exception <a 'java/lang/NoSuchMethodError'{0x0000000087b91de0}: 'java.lang.Object java.lang.invoke.DirectMethodHandle$Holder.invokeStatic(java.lang.Object, long)'> (0x0000000087b91de0) thrown at [c:/cygwin64/tmp/openjdk-jdk11u-windows-x64-hotspot/workspac
Event: 5.868 Thread 0x000001bedbc3f800 Exception <a 'java/lang/NoSuchMethodError'{0x0000000087ba0240}: 'java.lang.Object java.lang.invoke.DirectMethodHandle$Holder.invokeStaticInit(java.lang.Object, java.lang.Object, long, java.lang.Object)'> (0x0000000087ba0240) thrown at [c:/cygwin64/tmp/ope
Event: 5.869 Thread 0x000001bedbc3f800 Exception <a 'java/lang/NoSuchMethodError'{0x0000000087ba6168}: 'java.lang.Object java.lang.invoke.DirectMethodHandle$Holder.invokeStatic(java.lang.Object, java.lang.Object, long)'> (0x0000000087ba6168) thrown at [c:/cygwin64/tmp/openjdk-jdk11u-windows-x6
Event: 5.871 Thread 0x000001bedbc3f800 Exception <a 'java/lang/NoSuchMethodError'{0x0000000087bac438}: 'java.lang.Object java.lang.invoke.Invokers$Holder.linkToTargetMethod(java.lang.Object, long, java.lang.Object)'> (0x0000000087bac438) thrown at [c:/cygwin64/tmp/openjdk-jdk11u-windows-x64-ho
Event: 6.046 Thread 0x000001bedbc3f800 Exception <a 'java/lang/NoClassDefFoundError'{0x00000000878ac608}: org/apache/log4j/Priority> (0x00000000878ac608) thrown at [c:/cygwin64/tmp/openjdk-jdk11u-windows-x64-hotspot/workspace/build/src/src/hotspot/share/classfile/systemDictionary.cpp, line 220
Event: 6.214 Thread 0x000001bedbc3f800 Exception <a 'sun/nio/fs/WindowsException'{0x00000000877f1970}> (0x00000000877f1970) thrown at [c:/cygwin64/tmp/openjdk-jdk11u-windows-x64-hotspot/workspace/build/src/src/hotspot/share/prims/jni.cpp, line 615]
Event: 6.246 Thread 0x000001bedbc3f800 Exception <a 'java/lang/NoSuchMethodError'{0x0000000087613518}: 'int java.lang.invoke.DirectMethodHandle$Holder.invokeStaticInit(java.lang.Object, java.lang.Object, java.lang.Object, java.lang.Object)'> (0x0000000087613518) thrown at [c:/cygwin64/tmp/open
Event: 6.247 Thread 0x000001bedbc3f800 Exception <a 'java/lang/IncompatibleClassChangeError'{0x000000008761ce50}: Found class java.lang.Object, but interface was expected> (0x000000008761ce50) thrown at [c:/cygwin64/tmp/openjdk-jdk11u-windows-x64-hotspot/workspace/build/src/src/hotspot/share/i
Event: 6.248 Thread 0x000001bedbc3f800 Exception <a 'java/lang/NoSuchMethodError'{0x00000000876200c0}: 'void java.lang.invoke.DirectMethodHandle$Holder.invokeStaticInit(java.lang.Object, java.lang.Object)'> (0x00000000876200c0) thrown at [c:/cygwin64/tmp/openjdk-jdk11u-windows-x64-hotspot/work
Event: 6.256 Thread 0x000001bedbc3f800 Exception <a 'java/lang/NoSuchMethodError'{0x0000000087625a98}: 'int java.lang.invoke.DirectMethodHandle$Holder.invokeStaticInit(java.lang.Object, java.lang.Object)'> (0x0000000087625a98) thrown at [c:/cygwin64/tmp/openjdk-jdk11u-windows-x64-hotspot/works
Event: 31.141 Thread 0x000001bedbc3f800 Implicit null exception at 0x000001beed7de2b9 to 0x000001beed7de456
Event: 31.142 Thread 0x000001bedbc3f800 Implicit null exception at 0x000001beed7ece20 to 0x000001beed7ed176
Event: 31.142 Thread 0x000001bedbc3f800 Implicit null exception at 0x000001beed7e8a4f to 0x000001beed7e8c07

Events (20 events):
Event: 47.977 loading class org/codehaus/plexus/component/configurator/BasicComponentConfigurator
Event: 47.977 loading class org/codehaus/plexus/component/configurator/BasicComponentConfigurator done
Event: 47.977 loading class org/codehaus/plexus/component/configurator/BasicComponentConfigurator
Event: 47.977 loading class org/codehaus/plexus/component/configurator/BasicComponentConfigurator done
Event: 47.978 loading class com/github/eirslett/maven/plugins/frontend/lib/DefaultNpmRunner
Event: 47.978 loading class com/github/eirslett/maven/plugins/frontend/lib/DefaultNpmRunner done
Event: 47.978 loading class com/github/eirslett/maven/plugins/frontend/lib/DefaultNpmRunner
Event: 47.978 loading class com/github/eirslett/maven/plugins/frontend/lib/DefaultNpmRunner done
Event: 47.978 loading class com/github/eirslett/maven/plugins/frontend/lib/NodeTaskExecutor
Event: 47.978 loading class com/github/eirslett/maven/plugins/frontend/lib/NodeTaskExecutor done
Event: 47.978 loading class com/github/eirslett/maven/plugins/frontend/lib/NodeTaskExecutor
Event: 47.978 loading class com/github/eirslett/maven/plugins/frontend/lib/NodeTaskExecutor done
Event: 47.979 loading class com/github/eirslett/maven/plugins/frontend/lib/ArgumentsParser
Event: 47.979 loading class com/github/eirslett/maven/plugins/frontend/lib/ArgumentsParser done
Event: 47.979 loading class com/github/eirslett/maven/plugins/frontend/lib/ArgumentsParser
Event: 47.979 loading class com/github/eirslett/maven/plugins/frontend/lib/ArgumentsParser done
Event: 49.478 Thread 0x000001befd598000 Thread added: 0x000001befd598000
Event: 49.478 Thread 0x000001befeee6000 Thread added: 0x000001befeee6000
Event: 56.163 Executing VM operation: RevokeBias
Event: 56.164 Executing VM operation: RevokeBias done


Dynamic libraries:
0x00007ff75b620000 - 0x00007ff75b62d000 	C:\Program Files\AdoptOpenJDK\jdk-11.0.6.10-hotspot\bin\java.exe
0x00007ffa4c890000 - 0x00007ffa4ca86000 	C:\WINDOWS\SYSTEM32\ntdll.dll
0x00007ffa13a60000 - 0x00007ffa13a72000 	C:\Program Files\Avast Software\Avast\aswhook.dll
0x00007ffa4abb0000 - 0x00007ffa4ac6d000 	C:\WINDOWS\System32\KERNEL32.DLL
0x00007ffa4a330000 - 0x00007ffa4a5f9000 	C:\WINDOWS\System32\KERNELBASE.dll
0x00007ffa4a600000 - 0x00007ffa4a700000 	C:\WINDOWS\System32\ucrtbase.dll
0x00007ffa443c0000 - 0x00007ffa443d7000 	C:\Program Files\AdoptOpenJDK\jdk-11.0.6.10-hotspot\bin\jli.dll
0x00007ffa4b0f0000 - 0x00007ffa4b290000 	C:\WINDOWS\System32\USER32.dll
0x00007ffa4a840000 - 0x00007ffa4a862000 	C:\WINDOWS\System32\win32u.dll
0x00007ffa4ab20000 - 0x00007ffa4ab4a000 	C:\WINDOWS\System32\GDI32.dll
0x00007ffa4a130000 - 0x00007ffa4a239000 	C:\WINDOWS\System32\gdi32full.dll
0x00007ffa4a240000 - 0x00007ffa4a2dd000 	C:\WINDOWS\System32\msvcp_win.dll
0x00007ffa443a0000 - 0x00007ffa443b6000 	C:\Program Files\AdoptOpenJDK\jdk-11.0.6.10-hotspot\bin\VCRUNTIME140.dll
0x00007ffa493f0000 - 0x00007ffa4968b000 	C:\WINDOWS\WinSxS\amd64_microsoft.windows.common-controls_6595b64144ccf1df_6.0.19041.488_none_ca04af081b815d21\COMCTL32.dll
0x00007ffa4b870000 - 0x00007ffa4b90e000 	C:\WINDOWS\System32\msvcrt.dll
0x00007ffa4ac80000 - 0x00007ffa4acb0000 	C:\WINDOWS\System32\IMM32.DLL
0x00007ffa01170000 - 0x00007ffa0120b000 	C:\Program Files\AdoptOpenJDK\jdk-11.0.6.10-hotspot\bin\msvcp140.dll
0x00007ff9f8620000 - 0x00007ff9f90dc000 	C:\Program Files\AdoptOpenJDK\jdk-11.0.6.10-hotspot\bin\server\jvm.dll
0x00007ffa4bbd0000 - 0x00007ffa4bc7c000 	C:\WINDOWS\System32\ADVAPI32.dll
0x00007ffa4c560000 - 0x00007ffa4c5fc000 	C:\WINDOWS\System32\sechost.dll
0x00007ffa4c600000 - 0x00007ffa4c72b000 	C:\WINDOWS\System32\RPCRT4.dll
0x00007ffa4bc80000 - 0x00007ffa4bc88000 	C:\WINDOWS\System32\PSAPI.DLL
0x00007ffa38420000 - 0x00007ffa38429000 	C:\WINDOWS\SYSTEM32\WSOCK32.dll
0x00007ffa4c4f0000 - 0x00007ffa4c55b000 	C:\WINDOWS\System32\WS2_32.dll
0x00007ffa3d180000 - 0x00007ffa3d1a7000 	C:\WINDOWS\SYSTEM32\WINMM.dll
0x00007ffa42360000 - 0x00007ffa4236a000 	C:\WINDOWS\SYSTEM32\VERSION.dll
0x00007ffa47be0000 - 0x00007ffa47bf2000 	C:\WINDOWS\SYSTEM32\kernel.appcore.dll
0x00007ffa49980000 - 0x00007ffa49990000 	C:\Program Files\AdoptOpenJDK\jdk-11.0.6.10-hotspot\bin\verify.dll
0x00007ffa49a00000 - 0x00007ffa49be4000 	C:\WINDOWS\SYSTEM32\DBGHELP.DLL
0x00007ffa497b0000 - 0x00007ffa497dc000 	C:\WINDOWS\SYSTEM32\dbgcore.DLL
0x00007ffa4a870000 - 0x00007ffa4a8f0000 	C:\WINDOWS\System32\bcryptPrimitives.dll
0x00007ffa15d50000 - 0x00007ffa15d78000 	C:\Program Files\AdoptOpenJDK\jdk-11.0.6.10-hotspot\bin\java.dll
0x00007ffa44710000 - 0x00007ffa4471e000 	C:\Program Files\AdoptOpenJDK\jdk-11.0.6.10-hotspot\bin\instrument.dll
0x00007ffa44350000 - 0x00007ffa44367000 	C:\Program Files\AdoptOpenJDK\jdk-11.0.6.10-hotspot\bin\zip.dll
0x00007ffa44390000 - 0x00007ffa4439a000 	C:\Program Files\AdoptOpenJDK\jdk-11.0.6.10-hotspot\bin\jimage.dll
0x00007ffa4bc90000 - 0x00007ffa4c3d2000 	C:\WINDOWS\System32\SHELL32.dll
0x00007ffa47430000 - 0x00007ffa47bc5000 	C:\WINDOWS\SYSTEM32\windows.storage.dll
0x00007ffa4ad90000 - 0x00007ffa4b0e6000 	C:\WINDOWS\System32\combase.dll
0x00007ffa49350000 - 0x00007ffa4937c000 	C:\WINDOWS\SYSTEM32\Wldp.dll
0x00007ffa4b350000 - 0x00007ffa4b3fe000 	C:\WINDOWS\System32\SHCORE.dll
0x00007ffa4bb70000 - 0x00007ffa4bbc5000 	C:\WINDOWS\System32\shlwapi.dll
0x00007ffa49f00000 - 0x00007ffa49f26000 	C:\WINDOWS\SYSTEM32\profapi.dll
0x00007ffa43d80000 - 0x00007ffa43d99000 	C:\Program Files\AdoptOpenJDK\jdk-11.0.6.10-hotspot\bin\net.dll
0x00007ffa39a50000 - 0x00007ffa39b50000 	C:\WINDOWS\SYSTEM32\WINHTTP.dll
0x00007ffa49230000 - 0x00007ffa4929a000 	C:\WINDOWS\system32\mswsock.dll
0x00007ffa43cd0000 - 0x00007ffa43ce2000 	C:\Program Files\AdoptOpenJDK\jdk-11.0.6.10-hotspot\bin\nio.dll
0x00007ffa41b80000 - 0x00007ffa41b9a000 	C:\Program Files\JetBrains\IntelliJ IDEA 2020.2.2.0\bin\breakgen64.dll
0x00007ffa49d60000 - 0x00007ffa49d78000 	C:\WINDOWS\SYSTEM32\CRYPTSP.dll
0x00007ffa48a80000 - 0x00007ffa48ab4000 	C:\WINDOWS\system32\rsaenh.dll
0x00007ffa4a760000 - 0x00007ffa4a787000 	C:\WINDOWS\System32\bcrypt.dll
0x00007ffa49ec0000 - 0x00007ffa49eee000 	C:\WINDOWS\SYSTEM32\USERENV.dll
0x00007ffa49310000 - 0x00007ffa4931c000 	C:\WINDOWS\SYSTEM32\CRYPTBASE.dll
0x00007ffa48dc0000 - 0x00007ffa48dfb000 	C:\WINDOWS\SYSTEM32\IPHLPAPI.DLL
0x00007ffa4acb0000 - 0x00007ffa4acb8000 	C:\WINDOWS\System32\NSI.dll
0x00007ffa46d30000 - 0x00007ffa46d47000 	C:\WINDOWS\SYSTEM32\dhcpcsvc6.DLL
0x00007ffa46cf0000 - 0x00007ffa46d0d000 	C:\WINDOWS\SYSTEM32\dhcpcsvc.DLL
0x00007ffa48e00000 - 0x00007ffa48ecb000 	C:\WINDOWS\SYSTEM32\DNSAPI.dll
0x00007ffa42370000 - 0x00007ffa4237a000 	C:\Users\jmier\AppData\Local\Temp\jansi-1.17.1-4793338881755581345.dll
0x00007ffa42230000 - 0x00007ffa4223a000 	C:\Users\jmier\AppData\Local\Temp\jansi-1.17.1-2304606759209978124.dll
0x00007ffa41970000 - 0x00007ffa4197d000 	C:\Program Files\AdoptOpenJDK\jdk-11.0.6.10-hotspot\bin\sunmscapi.dll
0x00007ffa49fd0000 - 0x00007ffa4a12d000 	C:\WINDOWS\System32\CRYPT32.dll
0x00007ffa493c0000 - 0x00007ffa493e7000 	C:\WINDOWS\SYSTEM32\ncrypt.dll
0x00007ffa49380000 - 0x00007ffa493bb000 	C:\WINDOWS\SYSTEM32\NTASN1.dll
0x00007ffa3cd00000 - 0x00007ffa3cd26000 	C:\Program Files\AdoptOpenJDK\jdk-11.0.6.10-hotspot\bin\sunec.dll
0x00007ffa39790000 - 0x00007ffa3979a000 	C:\Windows\System32\rasadhlp.dll
0x00007ffa399d0000 - 0x00007ffa39a4f000 	C:\WINDOWS\System32\fwpuclnt.dll

dbghelp: loaded successfully - version: 4.0.5 - missing functions: none
symbol engine: initialized successfully - sym options: 0x614 - pdb path: .;C:\Program Files\AdoptOpenJDK\jdk-11.0.6.10-hotspot\bin;C:\WINDOWS\SYSTEM32;C:\Program Files\Avast Software\Avast;C:\WINDOWS\WinSxS\amd64_microsoft.windows.common-controls_6595b64144ccf1df_6.0.19041.488_none_ca04af081b815d21;C:\Program Files\AdoptOpenJDK\jdk-11.0.6.10-hotspot\bin\server;C:\Program Files\JetBrains\IntelliJ IDEA 2020.2.2.0\bin;C:\Users\jmier\AppData\Local\Temp

VM Arguments:
jvm_args: -Dmaven.multiModuleProjectDirectory=C:\Users\jmier\IdeaProjects\demo -Dmaven.home=C:\Users\jmier\.m2\wrapper\dists\apache-maven-3.6.3-bin\1iopthnavndlasol9gbrbg6bf2\apache-maven-3.6.3 -Dclassworlds.conf=C:\Users\jmier\.m2\wrapper\dists\apache-maven-3.6.3-bin\1iopthnavndlasol9gbrbg6bf2\apache-maven-3.6.3\bin\m2.conf -Dmaven.ext.class.path=C:\Program Files\JetBrains\IntelliJ IDEA 2020.2.2.0\plugins\maven\lib\maven-event-listener.jar -javaagent:C:\Program Files\JetBrains\IntelliJ IDEA 2020.2.2.0\lib\idea_rt.jar=62330:C:\Program Files\JetBrains\IntelliJ IDEA 2020.2.2.0\bin -Dfile.encoding=UTF-8 
java_command: org.codehaus.classworlds.Launcher -Didea.version=2020.2.2 clean install
java_class_path (initial): C:\Users\jmier\.m2\wrapper\dists\apache-maven-3.6.3-bin\1iopthnavndlasol9gbrbg6bf2\apache-maven-3.6.3\boot\plexus-classworlds-2.6.0.jar;C:\Users\jmier\.m2\wrapper\dists\apache-maven-3.6.3-bin\1iopthnavndlasol9gbrbg6bf2\apache-maven-3.6.3\boot\plexus-classworlds.license
Launcher Type: SUN_STANDARD

[Global flags]
     intx CICompilerCount                          = 4                                         {product} {ergonomic}
     uint ConcGCThreads                            = 2                                         {product} {ergonomic}
     uint G1ConcRefinementThreads                  = 8                                         {product} {ergonomic}
   size_t G1HeapRegionSize                         = 1048576                                   {product} {ergonomic}
    uintx GCDrainStackTargetSize                   = 64                                        {product} {ergonomic}
   size_t InitialHeapSize                          = 134217728                                 {product} {ergonomic}
   size_t MarkStackSize                            = 4194304                                   {product} {ergonomic}
   size_t MaxHeapSize                              = 2118123520                                {product} {ergonomic}
   size_t MaxNewSize                               = 1270874112                                {product} {ergonomic}
   size_t MinHeapDeltaBytes                        = 1048576                                   {product} {ergonomic}
    uintx NonNMethodCodeHeapSize                   = 5836300                                {pd product} {ergonomic}
    uintx NonProfiledCodeHeapSize                  = 122910970                              {pd product} {ergonomic}
    uintx ProfiledCodeHeapSize                     = 122910970                              {pd product} {ergonomic}
    uintx ReservedCodeCacheSize                    = 251658240                              {pd product} {ergonomic}
     bool SegmentedCodeCache                       = true                                      {product} {ergonomic}
     bool UseCompressedClassPointers               = true                                 {lp64_product} {ergonomic}
     bool UseCompressedOops                        = true                                 {lp64_product} {ergonomic}
     bool UseG1GC                                  = true                                      {product} {ergonomic}
     bool UseLargePagesIndividualAllocation        = false                                  {pd product} {ergonomic}

Logging:
Log output configuration:
 #0: stdout all=warning uptime,level,tags
 #1: stderr all=off uptime,level,tags

Environment Variables:
JAVA_HOME=C:\Program Files\AdoptOpenJDK\jdk-11.0.6.10-hotspot\
PATH=C:\Program Files\AdoptOpenJDK\jdk-11.0.6.10-hotspot\bin;C:\PROGRA~2\Borland\CBUILD~1\Bin;C:\PROGRA~2\Borland\CBUILD~1\Projects\Bpl;C:\Program Files (x86)\Intel\iCLS Client\;C:\Program Files\Intel\iCLS Client\;C:\WINDOWS\system32;C:\WINDOWS;C:\WINDOWS\System32\Wbem;C:\WINDOWS\System32\WindowsPowerShell\v1.0\;C:\Program Files (x86)\Intel\Intel(R) Management Engine Components\DAL;C:\Program Files\Intel\Intel(R) Management Engine Components\DAL;C:\Program Files (x86)\Intel\Intel(R) Management Engine Components\IPT;C:\Program Files\Intel\Intel(R) Management Engine Components\IPT;C:\WINDOWS\System32\OpenSSH\;C:\Program Files\Intel\WiFi\bin\;C:\Program Files\Common Files\Intel\WirelessCommon\;C:\Program Files\Git\cmd;C:\Users\jmier\Desktop\Java\apache-maven-3.6.3\bin;C:\Program Files (x86)\Microsoft SQL Server\150\DTS\Binn\;C:\Program Files\Microsoft SQL Server\Client SDK\ODBC\170\Tools\Binn\;C:\Program Files (x86)\Microsoft SQL Server\150\Tools\Binn\;C:\Program Files\Microsoft SQL Server\150\Tools\Binn\;C:\Program Files\Microsoft SQL Server\150\DTS\Binn\;C:\Program Files\nodejs\;C:\Program Files\MySQL\MySQL Shell 8.0\bin\;C:\Users\jmier\AppData\Local\Microsoft\WindowsApps;C:\Users\jmier\Desktop\Java\apache-maven-3.6.3\bin;C:\Users\jmier\AppData\Roaming\npm
USERNAME=jmier
OS=Windows_NT
PROCESSOR_IDENTIFIER=Intel64 Family 6 Model 142 Stepping 10, GenuineIntel



---------------  S Y S T E M  ---------------

OS: Windows 10 , 64 bit Build 19041 (10.0.19041.662)

CPU:total 8 (initial active 8) (4 cores per cpu, 2 threads per core) family 6 model 142 stepping 10, cmov, cx8, fxsr, mmx, sse, sse2, sse3, ssse3, sse4.1, sse4.2, popcnt, avx, avx2, aes, clmul, erms, 3dnowpref, lzcnt, ht, tsc, tscinvbit, bmi1, bmi2, adx, fma

Memory: 4k page, system-wide physical 8078M (448M free)
TotalPageFile size 12174M (AvailPageFile size 146M)
current process WorkingSet (physical memory assigned to process): 186M, peak: 193M
current process commit charge ("private bytes"): 257M, peak: 273M

vm_info: OpenJDK 64-Bit Server VM (11.0.6+10) for windows-amd64 JRE (11.0.6+10), built on Jan 15 2020 06:14:58 by "" with MS VC++ 15.8 (VS2017)

END.
