#
# There is insufficient memory for the Java Runtime Environment to continue.
# Native memory allocation (malloc) failed to allocate 1818256 bytes for Chunk::new
# Possible reasons:
#   The system is out of physical RAM or swap space
#   The process is running with CompressedOops enabled, and the Java Heap may be blocking the growth of the native heap
# Possible solutions:
#   Reduce memory load on the system
#   Increase physical memory or swap space
#   Check if swap backing store is full
#   Decrease Java heap size (-Xmx/-Xms)
#   Decrease number of Java threads
#   Decrease Java thread stack sizes (-Xss)
#   Set larger code cache with -XX:ReservedCodeCacheSize=
#   JVM is running with Unscaled Compressed Oops mode in which the Java heap is
#     placed in the first 4GB address space. The Java Heap base address is the
#     maximum limit for the native heap growth. Please use -XX:HeapBaseMinAddress
#     to set the Java Heap base and to place the Java Heap above 4GB virtual address.
# This output file may be truncated or incomplete.
#
#  Out of Memory Error (c:/cygwin64/tmp/openjdk-jdk11u-windows-x64-hotspot/workspace/build/src/src/hotspot/share/memory/arena.cpp:197), pid=16496, tid=17440
#
# JRE version: OpenJDK Runtime Environment (11.0.6+10) (build 11.0.6+10)
# Java VM: OpenJDK 64-Bit Server VM (11.0.6+10, mixed mode, tiered, compressed oops, g1 gc, windows-amd64)
# No core dump will be written. Minidumps are not enabled by default on client versions of Windows
#

---------------  S U M M A R Y ------------

Command Line: -Dmaven.multiModuleProjectDirectory=C:\Users\jmier\IdeaProjects\demo -Dmaven.home=C:\Users\jmier\.m2\wrapper\dists\apache-maven-3.6.3-bin\1iopthnavndlasol9gbrbg6bf2\apache-maven-3.6.3 -Dclassworlds.conf=C:\Users\jmier\.m2\wrapper\dists\apache-maven-3.6.3-bin\1iopthnavndlasol9gbrbg6bf2\apache-maven-3.6.3\bin\m2.conf -Dmaven.ext.class.path=C:\Program Files\JetBrains\IntelliJ IDEA 2020.2.2.0\plugins\maven\lib\maven-event-listener.jar -javaagent:C:\Program Files\JetBrains\IntelliJ IDEA 2020.2.2.0\lib\idea_rt.jar=65043:C:\Program Files\JetBrains\IntelliJ IDEA 2020.2.2.0\bin -Dfile.encoding=UTF-8 org.codehaus.classworlds.Launcher -Didea.version=2020.2.2 clean install

Host: Intel(R) Core(TM) i5-8250U CPU @ 1.60GHz, 8 cores, 7G,  Windows 10 , 64 bit Build 19041 (10.0.19041.662)
Time: Thu Dec 17 22:38:42 2020 Œrodkowoeuropejski czas stand. elapsed time: 6 seconds (0d 0h 0m 6s)

---------------  T H R E A D  ---------------

Current thread (0x000001ddff0fc800):  JavaThread "C2 CompilerThread1" daemon [_thread_in_native, id=17440, stack(0x0000008460600000,0x0000008460700000)]


Current CompileTask:
C2:   6126 5625       4       org.apache.maven.model.inheritance.DefaultInheritanceAssembler$InheritanceModelMerger::mergePluginContainer_Plugins (430 bytes)

Stack: [0x0000008460600000,0x0000008460700000]
Native frames: (J=compiled Java code, j=interpreted, Vv=VM code, C=native code)
V  [jvm.dll+0x5db25a]
V  [jvm.dll+0x7111de]
V  [jvm.dll+0x712877]
V  [jvm.dll+0x712f43]
V  [jvm.dll+0x23fe78]
V  [jvm.dll+0xb8f0c]
V  [jvm.dll+0xb949c]
V  [jvm.dll+0x342897]
V  [jvm.dll+0x310763]
V  [jvm.dll+0x30fb4a]
V  [jvm.dll+0x1f9d45]
V  [jvm.dll+0x1f8eff]
V  [jvm.dll+0x17d96c]
V  [jvm.dll+0x2080b7]
V  [jvm.dll+0x20639b]
V  [jvm.dll+0x6d70bc]
V  [jvm.dll+0x6d01ec]
V  [jvm.dll+0x5da1e6]
C  [ucrtbase.dll+0x214c2]
C  [KERNEL32.DLL+0x17034]
C  [ntdll.dll+0x4d0d1]


---------------  P R O C E S S  ---------------

Threads class SMR info:
_java_thread_list=0x000001ddfcaefa00, length=13, elements={
0x000001ddea43f800, 0x000001ddfa352800, 0x000001ddfa35b800, 0x000001ddfa369800,
0x000001ddfa36b800, 0x000001ddfa36c800, 0x000001ddfa375000, 0x000001ddfa377800,
0x000001ddfae49800, 0x000001ddfaf8b000, 0x000001ddfb094000, 0x000001ddff0fc800,
0x000001ddff0f8800
}

Java Threads: ( => current thread )
  0x000001ddea43f800 JavaThread "main" [_thread_in_vm, id=10720, stack(0x000000845f700000,0x000000845f800000)]
  0x000001ddfa352800 JavaThread "Reference Handler" daemon [_thread_blocked, id=10376, stack(0x000000845fe00000,0x000000845ff00000)]
  0x000001ddfa35b800 JavaThread "Finalizer" daemon [_thread_blocked, id=10176, stack(0x000000845ff00000,0x0000008460000000)]
  0x000001ddfa369800 JavaThread "Signal Dispatcher" daemon [_thread_blocked, id=17424, stack(0x0000008460000000,0x0000008460100000)]
  0x000001ddfa36b800 JavaThread "Attach Listener" daemon [_thread_blocked, id=14268, stack(0x0000008460100000,0x0000008460200000)]
  0x000001ddfa36c800 JavaThread "C2 CompilerThread0" daemon [_thread_in_native, id=15956, stack(0x0000008460200000,0x0000008460300000)]
  0x000001ddfa375000 JavaThread "C1 CompilerThread0" daemon [_thread_blocked, id=2488, stack(0x0000008460300000,0x0000008460400000)]
  0x000001ddfa377800 JavaThread "Sweeper thread" daemon [_thread_blocked, id=12984, stack(0x0000008460400000,0x0000008460500000)]
  0x000001ddfae49800 JavaThread "Common-Cleaner" daemon [_thread_blocked, id=13352, stack(0x0000008460500000,0x0000008460600000)]
  0x000001ddfaf8b000 JavaThread "Monitor Ctrl-Break" daemon [_thread_in_native, id=2960, stack(0x0000008460700000,0x0000008460800000)]
  0x000001ddfb094000 JavaThread "Service Thread" daemon [_thread_blocked, id=19284, stack(0x0000008460800000,0x0000008460900000)]
=>0x000001ddff0fc800 JavaThread "C2 CompilerThread1" daemon [_thread_in_native, id=17440, stack(0x0000008460600000,0x0000008460700000)]
  0x000001ddff0f8800 JavaThread "C2 CompilerThread2" daemon [_thread_in_native, id=15288, stack(0x0000008460a00000,0x0000008460b00000)]

Other Threads:
  0x000001ddfa32b000 VMThread "VM Thread" [stack: 0x000000845fd00000,0x000000845fe00000] [id=18724]
  0x000001ddfb094800 WatcherThread [stack: 0x0000008460900000,0x0000008460a00000] [id=15516]
  0x000001ddea456000 GCTaskThread "GC Thread#0" [stack: 0x000000845f800000,0x000000845f900000] [id=3328]
  0x000001ddfb08b000 GCTaskThread "GC Thread#1" [stack: 0x0000008460b00000,0x0000008460c00000] [id=596]
  0x000001ddfc10a800 GCTaskThread "GC Thread#2" [stack: 0x0000008460c00000,0x0000008460d00000] [id=16044]
  0x000001ddea48a000 ConcurrentGCThread "G1 Main Marker" [stack: 0x000000845f900000,0x000000845fa00000] [id=2740]
  0x000001ddea48c000 ConcurrentGCThread "G1 Conc#0" [stack: 0x000000845fa00000,0x000000845fb00000] [id=10164]
  0x000001ddfd919800 ConcurrentGCThread "G1 Conc#1" [stack: 0x0000008460d00000,0x0000008460e00000] [id=15732]
  0x000001ddfa190800 ConcurrentGCThread "G1 Refine#0" [stack: 0x000000845fb00000,0x000000845fc00000] [id=10884]
  0x000001ddff334800 ConcurrentGCThread "G1 Refine#1" [stack: 0x0000008460e00000,0x0000008460f00000] [id=19060]
  0x000001ddff335000 ConcurrentGCThread "G1 Refine#2" [stack: 0x0000008460f00000,0x0000008461000000] [id=14236]
  0x000001ddfa191800 ConcurrentGCThread "G1 Young RemSet Sampling" [stack: 0x000000845fc00000,0x000000845fd00000] [id=2416]

Threads with active compile tasks:
C2 CompilerThread0   6184 5499   !   4       com.sun.tools.javac.jvm.ClassReader::classSigToType (498 bytes)
C2 CompilerThread1   6184 5625       4       org.apache.maven.model.inheritance.DefaultInheritanceAssembler$InheritanceModelMerger::mergePluginContainer_Plugins (430 bytes)
C2 CompilerThread2   6184 5700       4       java.lang.Class::copyMethods (36 bytes)

VM state:not at safepoint (normal execution)

VM Mutex/Monitor currently owned by a thread: None

Heap address: 0x0000000081c00000, size: 2020 MB, Compressed Oops mode: 32-bit
Narrow klass base: 0x0000000000000000, Narrow klass shift: 3
Compressed class space size: 1073741824 Address: 0x0000000100000000

Heap:
 garbage-first heap   total 157696K, used 44855K [0x0000000081c00000, 0x0000000100000000)
  region size 1024K, 25 young (25600K), 7 survivors (7168K)
 Metaspace       used 35636K, capacity 36719K, committed 36912K, reserved 1081344K
  class space    used 3803K, capacity 4151K, committed 4224K, reserved 1048576K
Heap Regions: E=young(eden), S=young(survivor), O=old, HS=humongous(starts), HC=humongous(continues), CS=collection set, F=free, A=archive, TAMS=top-at-mark-start (previous, next)
|   0|0x0000000081c00000, 0x0000000081d00000, 0x0000000081d00000|100%| O|  |TAMS 0x0000000081d00000, 0x0000000081c00000| Untracked 
|   1|0x0000000081d00000, 0x0000000081e00000, 0x0000000081e00000|100%| O|  |TAMS 0x0000000081e00000, 0x0000000081d00000| Untracked 
|   2|0x0000000081e00000, 0x0000000081f00000, 0x0000000081f00000|100%| O|  |TAMS 0x0000000081f00000, 0x0000000081e00000| Untracked 
|   3|0x0000000081f00000, 0x0000000082000000, 0x0000000082000000|100%| O|  |TAMS 0x0000000082000000, 0x0000000081f00000| Untracked 
|   4|0x0000000082000000, 0x0000000082100000, 0x0000000082100000|100%| O|  |TAMS 0x0000000082100000, 0x0000000082000000| Untracked 
|   5|0x0000000082100000, 0x0000000082200000, 0x0000000082200000|100%| O|  |TAMS 0x0000000082200000, 0x0000000082100000| Untracked 
|   6|0x0000000082200000, 0x0000000082300000, 0x0000000082300000|100%| O|  |TAMS 0x0000000082300000, 0x0000000082200000| Untracked 
|   7|0x0000000082300000, 0x0000000082400000, 0x0000000082400000|100%| O|  |TAMS 0x0000000082400000, 0x0000000082300000| Untracked 
|   8|0x0000000082400000, 0x0000000082500000, 0x0000000082500000|100%| O|  |TAMS 0x0000000082500000, 0x0000000082400000| Untracked 
|   9|0x0000000082500000, 0x0000000082600000, 0x0000000082600000|100%| O|  |TAMS 0x0000000082600000, 0x0000000082500000| Untracked 
|  10|0x0000000082600000, 0x0000000082700000, 0x0000000082700000|100%| O|  |TAMS 0x0000000082700000, 0x0000000082600000| Untracked 
|  11|0x0000000082700000, 0x0000000082800000, 0x0000000082800000|100%| O|  |TAMS 0x0000000082800000, 0x0000000082700000| Untracked 
|  12|0x0000000082800000, 0x0000000082900000, 0x0000000082900000|100%| O|  |TAMS 0x0000000082900000, 0x0000000082800000| Untracked 
|  13|0x0000000082900000, 0x0000000082a00000, 0x0000000082a00000|100%| O|  |TAMS 0x0000000082a00000, 0x0000000082900000| Untracked 
|  14|0x0000000082a00000, 0x0000000082b00000, 0x0000000082b00000|100%| O|  |TAMS 0x0000000082b00000, 0x0000000082a00000| Untracked 
|  15|0x0000000082b00000, 0x0000000082c00000, 0x0000000082c00000|100%| O|  |TAMS 0x0000000082c00000, 0x0000000082b00000| Untracked 
|  16|0x0000000082c00000, 0x0000000082d00000, 0x0000000082d00000|100%| O|  |TAMS 0x0000000082d00000, 0x0000000082c00000| Untracked 
|  17|0x0000000082d00000, 0x0000000082e00000, 0x0000000082e00000|100%| O|  |TAMS 0x0000000082e00000, 0x0000000082d00000| Untracked 
|  18|0x0000000082e00000, 0x0000000082f00000, 0x0000000082f00000|100%| O|  |TAMS 0x0000000082f00000, 0x0000000082e00000| Untracked 
|  19|0x0000000082f00000, 0x0000000083000000, 0x0000000083000000|100%| O|  |TAMS 0x0000000083000000, 0x0000000082f00000| Untracked 
|  20|0x0000000083000000, 0x000000008304dc00, 0x0000000083100000| 30%| O|  |TAMS 0x000000008304dc00, 0x0000000083000000| Untracked 
|  21|0x0000000083100000, 0x0000000083100000, 0x0000000083200000|  0%| F|  |TAMS 0x0000000083100000, 0x0000000083100000| Untracked 
|  22|0x0000000083200000, 0x0000000083200000, 0x0000000083300000|  0%| F|  |TAMS 0x0000000083200000, 0x0000000083200000| Untracked 
|  23|0x0000000083300000, 0x0000000083300000, 0x0000000083400000|  0%| F|  |TAMS 0x0000000083300000, 0x0000000083300000| Untracked 
|  24|0x0000000083400000, 0x0000000083400000, 0x0000000083500000|  0%| F|  |TAMS 0x0000000083400000, 0x0000000083400000| Untracked 
|  25|0x0000000083500000, 0x0000000083500000, 0x0000000083600000|  0%| F|  |TAMS 0x0000000083500000, 0x0000000083500000| Untracked 
|  26|0x0000000083600000, 0x0000000083600000, 0x0000000083700000|  0%| F|  |TAMS 0x0000000083600000, 0x0000000083600000| Untracked 
|  27|0x0000000083700000, 0x0000000083700000, 0x0000000083800000|  0%| F|  |TAMS 0x0000000083700000, 0x0000000083700000| Untracked 
|  28|0x0000000083800000, 0x0000000083800000, 0x0000000083900000|  0%| F|  |TAMS 0x0000000083800000, 0x0000000083800000| Untracked 
|  29|0x0000000083900000, 0x0000000083900000, 0x0000000083a00000|  0%| F|  |TAMS 0x0000000083900000, 0x0000000083900000| Untracked 
|  30|0x0000000083a00000, 0x0000000083a00000, 0x0000000083b00000|  0%| F|  |TAMS 0x0000000083a00000, 0x0000000083a00000| Untracked 
|  31|0x0000000083b00000, 0x0000000083b00000, 0x0000000083c00000|  0%| F|  |TAMS 0x0000000083b00000, 0x0000000083b00000| Untracked 
|  32|0x0000000083c00000, 0x0000000083c00000, 0x0000000083d00000|  0%| F|  |TAMS 0x0000000083c00000, 0x0000000083c00000| Untracked 
|  33|0x0000000083d00000, 0x0000000083d00000, 0x0000000083e00000|  0%| F|  |TAMS 0x0000000083d00000, 0x0000000083d00000| Untracked 
|  34|0x0000000083e00000, 0x0000000083e00000, 0x0000000083f00000|  0%| F|  |TAMS 0x0000000083e00000, 0x0000000083e00000| Untracked 
|  35|0x0000000083f00000, 0x0000000083f00000, 0x0000000084000000|  0%| F|  |TAMS 0x0000000083f00000, 0x0000000083f00000| Untracked 
|  36|0x0000000084000000, 0x0000000084000000, 0x0000000084100000|  0%| F|  |TAMS 0x0000000084000000, 0x0000000084000000| Untracked 
|  37|0x0000000084100000, 0x0000000084100000, 0x0000000084200000|  0%| F|  |TAMS 0x0000000084100000, 0x0000000084100000| Untracked 
|  38|0x0000000084200000, 0x0000000084200000, 0x0000000084300000|  0%| F|  |TAMS 0x0000000084200000, 0x0000000084200000| Untracked 
|  39|0x0000000084300000, 0x0000000084300000, 0x0000000084400000|  0%| F|  |TAMS 0x0000000084300000, 0x0000000084300000| Untracked 
|  40|0x0000000084400000, 0x0000000084400000, 0x0000000084500000|  0%| F|  |TAMS 0x0000000084400000, 0x0000000084400000| Untracked 
|  41|0x0000000084500000, 0x0000000084500000, 0x0000000084600000|  0%| F|  |TAMS 0x0000000084500000, 0x0000000084500000| Untracked 
|  42|0x0000000084600000, 0x0000000084600000, 0x0000000084700000|  0%| F|  |TAMS 0x0000000084600000, 0x0000000084600000| Untracked 
|  43|0x0000000084700000, 0x0000000084700000, 0x0000000084800000|  0%| F|  |TAMS 0x0000000084700000, 0x0000000084700000| Untracked 
|  44|0x0000000084800000, 0x0000000084800000, 0x0000000084900000|  0%| F|  |TAMS 0x0000000084800000, 0x0000000084800000| Untracked 
|  45|0x0000000084900000, 0x0000000084900000, 0x0000000084a00000|  0%| F|  |TAMS 0x0000000084900000, 0x0000000084900000| Untracked 
|  46|0x0000000084a00000, 0x0000000084a00000, 0x0000000084b00000|  0%| F|  |TAMS 0x0000000084a00000, 0x0000000084a00000| Untracked 
|  47|0x0000000084b00000, 0x0000000084b00000, 0x0000000084c00000|  0%| F|  |TAMS 0x0000000084b00000, 0x0000000084b00000| Untracked 
|  48|0x0000000084c00000, 0x0000000084c00000, 0x0000000084d00000|  0%| F|  |TAMS 0x0000000084c00000, 0x0000000084c00000| Untracked 
|  49|0x0000000084d00000, 0x0000000084d00000, 0x0000000084e00000|  0%| F|  |TAMS 0x0000000084d00000, 0x0000000084d00000| Untracked 
|  50|0x0000000084e00000, 0x0000000084e00000, 0x0000000084f00000|  0%| F|  |TAMS 0x0000000084e00000, 0x0000000084e00000| Untracked 
|  51|0x0000000084f00000, 0x0000000084f00000, 0x0000000085000000|  0%| F|  |TAMS 0x0000000084f00000, 0x0000000084f00000| Untracked 
|  52|0x0000000085000000, 0x0000000085000000, 0x0000000085100000|  0%| F|  |TAMS 0x0000000085000000, 0x0000000085000000| Untracked 
|  53|0x0000000085100000, 0x0000000085100000, 0x0000000085200000|  0%| F|  |TAMS 0x0000000085100000, 0x0000000085100000| Untracked 
|  54|0x0000000085200000, 0x0000000085200000, 0x0000000085300000|  0%| F|  |TAMS 0x0000000085200000, 0x0000000085200000| Untracked 
|  55|0x0000000085300000, 0x0000000085300000, 0x0000000085400000|  0%| F|  |TAMS 0x0000000085300000, 0x0000000085300000| Untracked 
|  56|0x0000000085400000, 0x0000000085400000, 0x0000000085500000|  0%| F|  |TAMS 0x0000000085400000, 0x0000000085400000| Untracked 
|  57|0x0000000085500000, 0x0000000085500000, 0x0000000085600000|  0%| F|  |TAMS 0x0000000085500000, 0x0000000085500000| Untracked 
|  58|0x0000000085600000, 0x0000000085600000, 0x0000000085700000|  0%| F|  |TAMS 0x0000000085600000, 0x0000000085600000| Untracked 
|  59|0x0000000085700000, 0x0000000085700000, 0x0000000085800000|  0%| F|  |TAMS 0x0000000085700000, 0x0000000085700000| Untracked 
|  60|0x0000000085800000, 0x0000000085800000, 0x0000000085900000|  0%| F|  |TAMS 0x0000000085800000, 0x0000000085800000| Untracked 
|  61|0x0000000085900000, 0x0000000085900000, 0x0000000085a00000|  0%| F|  |TAMS 0x0000000085900000, 0x0000000085900000| Untracked 
|  62|0x0000000085a00000, 0x0000000085a00000, 0x0000000085b00000|  0%| F|  |TAMS 0x0000000085a00000, 0x0000000085a00000| Untracked 
|  63|0x0000000085b00000, 0x0000000085b00000, 0x0000000085c00000|  0%| F|  |TAMS 0x0000000085b00000, 0x0000000085b00000| Untracked 
|  64|0x0000000085c00000, 0x0000000085c00000, 0x0000000085d00000|  0%| F|  |TAMS 0x0000000085c00000, 0x0000000085c00000| Untracked 
|  65|0x0000000085d00000, 0x0000000085d00000, 0x0000000085e00000|  0%| F|  |TAMS 0x0000000085d00000, 0x0000000085d00000| Untracked 
|  66|0x0000000085e00000, 0x0000000085e00000, 0x0000000085f00000|  0%| F|  |TAMS 0x0000000085e00000, 0x0000000085e00000| Untracked 
|  67|0x0000000085f00000, 0x0000000085f00000, 0x0000000086000000|  0%| F|  |TAMS 0x0000000085f00000, 0x0000000085f00000| Untracked 
|  68|0x0000000086000000, 0x0000000086000000, 0x0000000086100000|  0%| F|  |TAMS 0x0000000086000000, 0x0000000086000000| Untracked 
|  69|0x0000000086100000, 0x0000000086100000, 0x0000000086200000|  0%| F|  |TAMS 0x0000000086100000, 0x0000000086100000| Untracked 
|  70|0x0000000086200000, 0x0000000086200000, 0x0000000086300000|  0%| F|  |TAMS 0x0000000086200000, 0x0000000086200000| Untracked 
|  71|0x0000000086300000, 0x0000000086300000, 0x0000000086400000|  0%| F|  |TAMS 0x0000000086300000, 0x0000000086300000| Untracked 
|  72|0x0000000086400000, 0x0000000086400000, 0x0000000086500000|  0%| F|  |TAMS 0x0000000086400000, 0x0000000086400000| Untracked 
|  73|0x0000000086500000, 0x0000000086500000, 0x0000000086600000|  0%| F|  |TAMS 0x0000000086500000, 0x0000000086500000| Untracked 
|  74|0x0000000086600000, 0x0000000086600000, 0x0000000086700000|  0%| F|  |TAMS 0x0000000086600000, 0x0000000086600000| Untracked 
|  75|0x0000000086700000, 0x0000000086700000, 0x0000000086800000|  0%| F|  |TAMS 0x0000000086700000, 0x0000000086700000| Untracked 
|  76|0x0000000086800000, 0x0000000086800000, 0x0000000086900000|  0%| F|  |TAMS 0x0000000086800000, 0x0000000086800000| Untracked 
|  77|0x0000000086900000, 0x0000000086900000, 0x0000000086a00000|  0%| F|  |TAMS 0x0000000086900000, 0x0000000086900000| Untracked 
|  78|0x0000000086a00000, 0x0000000086a00000, 0x0000000086b00000|  0%| F|  |TAMS 0x0000000086a00000, 0x0000000086a00000| Untracked 
|  79|0x0000000086b00000, 0x0000000086b00000, 0x0000000086c00000|  0%| F|  |TAMS 0x0000000086b00000, 0x0000000086b00000| Untracked 
|  80|0x0000000086c00000, 0x0000000086c00000, 0x0000000086d00000|  0%| F|  |TAMS 0x0000000086c00000, 0x0000000086c00000| Untracked 
|  81|0x0000000086d00000, 0x0000000086d00000, 0x0000000086e00000|  0%| F|  |TAMS 0x0000000086d00000, 0x0000000086d00000| Untracked 
|  82|0x0000000086e00000, 0x0000000086e00000, 0x0000000086f00000|  0%| F|  |TAMS 0x0000000086e00000, 0x0000000086e00000| Untracked 
|  83|0x0000000086f00000, 0x0000000086f00000, 0x0000000087000000|  0%| F|  |TAMS 0x0000000086f00000, 0x0000000086f00000| Untracked 
|  84|0x0000000087000000, 0x0000000087000000, 0x0000000087100000|  0%| F|  |TAMS 0x0000000087000000, 0x0000000087000000| Untracked 
|  85|0x0000000087100000, 0x0000000087100000, 0x0000000087200000|  0%| F|  |TAMS 0x0000000087100000, 0x0000000087100000| Untracked 
|  86|0x0000000087200000, 0x0000000087200000, 0x0000000087300000|  0%| F|  |TAMS 0x0000000087200000, 0x0000000087200000| Untracked 
|  87|0x0000000087300000, 0x0000000087300000, 0x0000000087400000|  0%| F|  |TAMS 0x0000000087300000, 0x0000000087300000| Untracked 
|  88|0x0000000087400000, 0x0000000087400000, 0x0000000087500000|  0%| F|  |TAMS 0x0000000087400000, 0x0000000087400000| Untracked 
|  89|0x0000000087500000, 0x0000000087500000, 0x0000000087600000|  0%| F|  |TAMS 0x0000000087500000, 0x0000000087500000| Untracked 
|  90|0x0000000087600000, 0x0000000087600000, 0x0000000087700000|  0%| F|  |TAMS 0x0000000087600000, 0x0000000087600000| Untracked 
|  91|0x0000000087700000, 0x0000000087700000, 0x0000000087800000|  0%| F|  |TAMS 0x0000000087700000, 0x0000000087700000| Untracked 
|  92|0x0000000087800000, 0x0000000087800000, 0x0000000087900000|  0%| F|  |TAMS 0x0000000087800000, 0x0000000087800000| Untracked 
|  93|0x0000000087900000, 0x0000000087900000, 0x0000000087a00000|  0%| F|  |TAMS 0x0000000087900000, 0x0000000087900000| Untracked 
|  94|0x0000000087a00000, 0x0000000087a00000, 0x0000000087b00000|  0%| F|  |TAMS 0x0000000087a00000, 0x0000000087a00000| Untracked 
|  95|0x0000000087b00000, 0x0000000087b00000, 0x0000000087c00000|  0%| F|  |TAMS 0x0000000087b00000, 0x0000000087b00000| Untracked 
|  96|0x0000000087c00000, 0x0000000087c00000, 0x0000000087d00000|  0%| F|  |TAMS 0x0000000087c00000, 0x0000000087c00000| Untracked 
|  97|0x0000000087d00000, 0x0000000087d00000, 0x0000000087e00000|  0%| F|  |TAMS 0x0000000087d00000, 0x0000000087d00000| Untracked 
|  98|0x0000000087e00000, 0x0000000087e00000, 0x0000000087f00000|  0%| F|  |TAMS 0x0000000087e00000, 0x0000000087e00000| Untracked 
|  99|0x0000000087f00000, 0x0000000087f00000, 0x0000000088000000|  0%| F|  |TAMS 0x0000000087f00000, 0x0000000087f00000| Untracked 
| 100|0x0000000088000000, 0x0000000088000000, 0x0000000088100000|  0%| F|  |TAMS 0x0000000088000000, 0x0000000088000000| Untracked 
| 101|0x0000000088100000, 0x0000000088100000, 0x0000000088200000|  0%| F|  |TAMS 0x0000000088100000, 0x0000000088100000| Untracked 
| 102|0x0000000088200000, 0x0000000088200000, 0x0000000088300000|  0%| F|  |TAMS 0x0000000088200000, 0x0000000088200000| Untracked 
| 103|0x0000000088300000, 0x0000000088300000, 0x0000000088400000|  0%| F|  |TAMS 0x0000000088300000, 0x0000000088300000| Untracked 
| 104|0x0000000088400000, 0x0000000088400000, 0x0000000088500000|  0%| F|  |TAMS 0x0000000088400000, 0x0000000088400000| Untracked 
| 105|0x0000000088500000, 0x0000000088500000, 0x0000000088600000|  0%| F|  |TAMS 0x0000000088500000, 0x0000000088500000| Untracked 
| 106|0x0000000088600000, 0x0000000088600000, 0x0000000088700000|  0%| F|  |TAMS 0x0000000088600000, 0x0000000088600000| Untracked 
| 107|0x0000000088700000, 0x0000000088700000, 0x0000000088800000|  0%| F|  |TAMS 0x0000000088700000, 0x0000000088700000| Untracked 
| 108|0x0000000088800000, 0x0000000088800000, 0x0000000088900000|  0%| F|  |TAMS 0x0000000088800000, 0x0000000088800000| Untracked 
| 109|0x0000000088900000, 0x0000000088900000, 0x0000000088a00000|  0%| F|  |TAMS 0x0000000088900000, 0x0000000088900000| Untracked 
| 110|0x0000000088a00000, 0x0000000088a00000, 0x0000000088b00000|  0%| F|  |TAMS 0x0000000088a00000, 0x0000000088a00000| Untracked 
| 111|0x0000000088b00000, 0x0000000088b00000, 0x0000000088c00000|  0%| F|  |TAMS 0x0000000088b00000, 0x0000000088b00000| Untracked 
| 112|0x0000000088c00000, 0x0000000088c00000, 0x0000000088d00000|  0%| F|  |TAMS 0x0000000088c00000, 0x0000000088c00000| Untracked 
| 113|0x0000000088d00000, 0x0000000088d00000, 0x0000000088e00000|  0%| F|  |TAMS 0x0000000088d00000, 0x0000000088d00000| Untracked 
| 114|0x0000000088e00000, 0x0000000088e00000, 0x0000000088f00000|  0%| F|  |TAMS 0x0000000088e00000, 0x0000000088e00000| Untracked 
| 115|0x0000000088f00000, 0x0000000088f00000, 0x0000000089000000|  0%| F|  |TAMS 0x0000000088f00000, 0x0000000088f00000| Untracked 
| 116|0x0000000089000000, 0x0000000089000000, 0x0000000089100000|  0%| F|  |TAMS 0x0000000089000000, 0x0000000089000000| Untracked 
| 117|0x0000000089100000, 0x0000000089100000, 0x0000000089200000|  0%| F|  |TAMS 0x0000000089100000, 0x0000000089100000| Untracked 
| 118|0x0000000089200000, 0x0000000089200000, 0x0000000089300000|  0%| F|  |TAMS 0x0000000089200000, 0x0000000089200000| Untracked 
| 119|0x0000000089300000, 0x0000000089300000, 0x0000000089400000|  0%| F|  |TAMS 0x0000000089300000, 0x0000000089300000| Untracked 
| 120|0x0000000089400000, 0x0000000089400000, 0x0000000089500000|  0%| F|  |TAMS 0x0000000089400000, 0x0000000089400000| Untracked 
| 121|0x0000000089500000, 0x0000000089500000, 0x0000000089600000|  0%| F|  |TAMS 0x0000000089500000, 0x0000000089500000| Untracked 
| 122|0x0000000089600000, 0x0000000089600000, 0x0000000089700000|  0%| F|  |TAMS 0x0000000089600000, 0x0000000089600000| Untracked 
| 123|0x0000000089700000, 0x0000000089700000, 0x0000000089800000|  0%| F|  |TAMS 0x0000000089700000, 0x0000000089700000| Untracked 
| 124|0x0000000089800000, 0x0000000089800000, 0x0000000089900000|  0%| F|  |TAMS 0x0000000089800000, 0x0000000089800000| Untracked 
| 125|0x0000000089900000, 0x0000000089900000, 0x0000000089a00000|  0%| F|  |TAMS 0x0000000089900000, 0x0000000089900000| Untracked 
| 126|0x0000000089a00000, 0x0000000089a00000, 0x0000000089b00000|  0%| F|  |TAMS 0x0000000089a00000, 0x0000000089a00000| Untracked 
| 127|0x0000000089b00000, 0x0000000089b00000, 0x0000000089c00000|  0%| F|  |TAMS 0x0000000089b00000, 0x0000000089b00000| Untracked 
| 128|0x0000000089c00000, 0x0000000089c00000, 0x0000000089d00000|  0%| F|  |TAMS 0x0000000089c00000, 0x0000000089c00000| Untracked 
| 129|0x0000000089d00000, 0x0000000089e00000, 0x0000000089e00000|100%| E|  |TAMS 0x0000000089d00000, 0x0000000089d00000| Complete 
| 130|0x0000000089e00000, 0x0000000089f00000, 0x0000000089f00000|100%| E|CS|TAMS 0x0000000089e00000, 0x0000000089e00000| Complete 
| 131|0x0000000089f00000, 0x000000008a000000, 0x000000008a000000|100%| E|CS|TAMS 0x0000000089f00000, 0x0000000089f00000| Complete 
| 132|0x000000008a000000, 0x000000008a100000, 0x000000008a100000|100%| E|CS|TAMS 0x000000008a000000, 0x000000008a000000| Complete 
| 133|0x000000008a100000, 0x000000008a200000, 0x000000008a200000|100%| E|CS|TAMS 0x000000008a100000, 0x000000008a100000| Complete 
| 134|0x000000008a200000, 0x000000008a300000, 0x000000008a300000|100%| E|CS|TAMS 0x000000008a200000, 0x000000008a200000| Complete 
| 135|0x000000008a300000, 0x000000008a400000, 0x000000008a400000|100%| E|CS|TAMS 0x000000008a300000, 0x000000008a300000| Complete 
| 136|0x000000008a400000, 0x000000008a500000, 0x000000008a500000|100%| E|CS|TAMS 0x000000008a400000, 0x000000008a400000| Complete 
| 137|0x000000008a500000, 0x000000008a600000, 0x000000008a600000|100%| E|CS|TAMS 0x000000008a500000, 0x000000008a500000| Complete 
| 138|0x000000008a600000, 0x000000008a700000, 0x000000008a700000|100%| E|CS|TAMS 0x000000008a600000, 0x000000008a600000| Complete 
| 139|0x000000008a700000, 0x000000008a800000, 0x000000008a800000|100%| E|CS|TAMS 0x000000008a700000, 0x000000008a700000| Complete 
| 140|0x000000008a800000, 0x000000008a900000, 0x000000008a900000|100%| E|CS|TAMS 0x000000008a800000, 0x000000008a800000| Complete 
| 141|0x000000008a900000, 0x000000008aa00000, 0x000000008aa00000|100%| E|CS|TAMS 0x000000008a900000, 0x000000008a900000| Complete 
| 142|0x000000008aa00000, 0x000000008ab00000, 0x000000008ab00000|100%| E|CS|TAMS 0x000000008aa00000, 0x000000008aa00000| Complete 
| 143|0x000000008ab00000, 0x000000008ac00000, 0x000000008ac00000|100%| E|CS|TAMS 0x000000008ab00000, 0x000000008ab00000| Complete 
| 144|0x000000008ac00000, 0x000000008ad00000, 0x000000008ad00000|100%| E|CS|TAMS 0x000000008ac00000, 0x000000008ac00000| Complete 
| 145|0x000000008ad00000, 0x000000008ad80000, 0x000000008ae00000| 50%| S|CS|TAMS 0x000000008ad00000, 0x000000008ad00000| Complete 
| 146|0x000000008ae00000, 0x000000008af00000, 0x000000008af00000|100%| S|CS|TAMS 0x000000008ae00000, 0x000000008ae00000| Complete 
| 147|0x000000008af00000, 0x000000008b000000, 0x000000008b000000|100%| S|CS|TAMS 0x000000008af00000, 0x000000008af00000| Complete 
| 148|0x000000008b000000, 0x000000008b100000, 0x000000008b100000|100%| S|CS|TAMS 0x000000008b000000, 0x000000008b000000| Complete 
| 149|0x000000008b100000, 0x000000008b200000, 0x000000008b200000|100%| S|CS|TAMS 0x000000008b100000, 0x000000008b100000| Complete 
| 150|0x000000008b200000, 0x000000008b300000, 0x000000008b300000|100%| S|CS|TAMS 0x000000008b200000, 0x000000008b200000| Complete 
| 151|0x000000008b300000, 0x000000008b400000, 0x000000008b400000|100%| S|CS|TAMS 0x000000008b300000, 0x000000008b300000| Complete 
| 152|0x000000008b400000, 0x000000008b500000, 0x000000008b500000|100%| E|CS|TAMS 0x000000008b400000, 0x000000008b400000| Complete 
| 153|0x000000008b500000, 0x000000008b600000, 0x000000008b600000|100%| E|CS|TAMS 0x000000008b500000, 0x000000008b500000| Complete 

Card table byte_map: [0x000001ddf31d0000,0x000001ddf35d0000] _byte_map_base: 0x000001ddf2dc2000

Marking Bits (Prev, Next): (CMBitMap*) 0x000001ddea4812a8, (CMBitMap*) 0x000001ddea4812e0
 Prev Bits: [0x000001ddf39d0000, 0x000001ddf5960000)
 Next Bits: [0x000001ddf5960000, 0x000001ddf78f0000)

Polling page: 0x000001dde8440000

Metaspace:

Usage:
  Non-class:     31.87 MB capacity,    31.15 MB ( 98%) used,   671.52 KB (  2%) free+waste,    64.38 KB ( <1%) overhead. 
      Class:      4.05 MB capacity,     3.72 MB ( 92%) used,   311.75 KB (  8%) free+waste,    27.56 KB ( <1%) overhead. 
       Both:     35.92 MB capacity,    34.87 MB ( 97%) used,   983.27 KB (  3%) free+waste,    91.94 KB ( <1%) overhead. 

Virtual space:
  Non-class space:       32.00 MB reserved,      31.92 MB (>99%) committed 
      Class space:        1.00 GB reserved,       4.13 MB ( <1%) committed 
             Both:        1.03 GB reserved,      36.05 MB (  3%) committed 

Chunk freelists:
   Non-Class:  56.00 KB
       Class:  9.00 KB
        Both:  65.00 KB

MaxMetaspaceSize: 17179869184.00 GB
CompressedClassSpaceSize: 1.00 GB

CodeHeap 'non-profiled nmethods': size=120000Kb used=3226Kb max_used=3226Kb free=116773Kb
 bounds [0x000001dd87ad0000, 0x000001dd87e00000, 0x000001dd8f000000]
CodeHeap 'profiled nmethods': size=120000Kb used=13334Kb max_used=13334Kb free=106665Kb
 bounds [0x000001dd805a0000, 0x000001dd812b0000, 0x000001dd87ad0000]
CodeHeap 'non-nmethods': size=5760Kb used=1153Kb max_used=1193Kb free=4606Kb
 bounds [0x000001dd80000000, 0x000001dd80270000, 0x000001dd805a0000]
 total_blobs=8025 nmethods=5679 adapters=396
 compilation: enabled
              stopped_count=0, restarted_count=0
 full_count=0

Compilation events (20 events):
Event: 6.072 Thread 0x000001ddff0f8800 nmethod 5630 0x000001dd87de8a10 code [0x000001dd87de8d60, 0x000001dd87dec480]
Event: 6.072 Thread 0x000001ddff0f8800 5634 %     4       java.util.regex.Matcher::reset @ 17 (128 bytes)
Event: 6.080 Thread 0x000001ddff0f8800 nmethod 5634% 0x000001dd87dee090 code [0x000001dd87dee260, 0x000001dd87dee638]
Event: 6.081 Thread 0x000001ddff0f8800 5674       4       java.io.OutputStreamWriter::write (11 bytes)
Event: 6.091 Thread 0x000001ddff0f8800 nmethod 5674 0x000001dd87dee890 code [0x000001dd87deea80, 0x000001dd87def4c8]
Event: 6.091 Thread 0x000001ddff0f8800 5650   !   4       sun.nio.cs.StreamEncoder::write (78 bytes)
Event: 6.102 Thread 0x000001ddff0f8800 nmethod 5650 0x000001dd87defe10 code [0x000001dd87df0000, 0x000001dd87df0ae8]
Event: 6.103 Thread 0x000001ddff0f8800 5632   !   4       java.io.BufferedWriter::flushBuffer (53 bytes)
Event: 6.103 Thread 0x000001ddfa375000 5683       3       com.google.inject.internal.ProviderInstanceBindingImpl::withScoping (25 bytes)
Event: 6.103 Thread 0x000001ddfa375000 nmethod 5683 0x000001dd81295310 code [0x000001dd81295500, 0x000001dd81295b50]
Event: 6.103 Thread 0x000001ddfa375000 5684       1       org.codehaus.plexus.classworlds.realm.ClassRealm::getParentClassLoader (5 bytes)
Event: 6.103 Thread 0x000001ddfa375000 nmethod 5684 0x000001dd87df1410 code [0x000001dd87df15c0, 0x000001dd87df16d8]
Event: 6.105 Thread 0x000001ddff0f8800 nmethod 5632 0x000001dd87df1790 code [0x000001dd87df1940, 0x000001dd87df1dc8]
Event: 6.105 Thread 0x000001ddff0f8800 5659       4       sun.nio.cs.StreamEncoder::implWrite (137 bytes)
Event: 6.108 Thread 0x000001ddff0f8800 nmethod 5659 0x000001dd87df1f90 code [0x000001dd87df2160, 0x000001dd87df2468]
Event: 6.108 Thread 0x000001ddff0f8800 5682       4       java.util.Collections$UnmodifiableMap$UnmodifiableEntrySet$1::hasNext (10 bytes)
Event: 6.109 Thread 0x000001ddff0f8800 nmethod 5682 0x000001dd87df2890 code [0x000001dd87df2a20, 0x000001dd87df2ad8]
Event: 6.109 Thread 0x000001ddff0f8800 5633 % !   4       sun.nio.cs.ISO_8859_1$Decoder::decodeArrayLoop @ 129 (263 bytes)
Event: 6.113 Thread 0x000001ddfa375000 5685       3       java.util.Hashtable::<init> (9 bytes)
Event: 6.113 Thread 0x000001ddfa375000 nmethod 5685 0x000001dd81295d10 code [0x000001dd81295f00, 0x000001dd812960b0]

GC Heap History (12 events):
Event: 0.893 GC heap before
{Heap before GC invocations=0 (full 0):
 garbage-first heap   total 131072K, used 23552K [0x0000000081c00000, 0x0000000100000000)
  region size 1024K, 24 young (24576K), 0 survivors (0K)
 Metaspace       used 13462K, capacity 13727K, committed 14080K, reserved 1062912K
  class space    used 1363K, capacity 1428K, committed 1536K, reserved 1048576K
}
Event: 0.899 GC heap after
{Heap after GC invocations=1 (full 0):
 garbage-first heap   total 131072K, used 3647K [0x0000000081c00000, 0x0000000100000000)
  region size 1024K, 3 young (3072K), 3 survivors (3072K)
 Metaspace       used 13462K, capacity 13727K, committed 14080K, reserved 1062912K
  class space    used 1363K, capacity 1428K, committed 1536K, reserved 1048576K
}
Event: 1.712 GC heap before
{Heap before GC invocations=1 (full 0):
 garbage-first heap   total 131072K, used 53823K [0x0000000081c00000, 0x0000000100000000)
  region size 1024K, 53 young (54272K), 3 survivors (3072K)
 Metaspace       used 20805K, capacity 21112K, committed 21296K, reserved 1069056K
  class space    used 2236K, capacity 2357K, committed 2432K, reserved 1048576K
}
Event: 1.725 GC heap after
{Heap after GC invocations=2 (full 0):
 garbage-first heap   total 131072K, used 6719K [0x0000000081c00000, 0x0000000100000000)
  region size 1024K, 6 young (6144K), 6 survivors (6144K)
 Metaspace       used 20805K, capacity 21112K, committed 21296K, reserved 1069056K
  class space    used 2236K, capacity 2357K, committed 2432K, reserved 1048576K
}
Event: 2.781 GC heap before
{Heap before GC invocations=3 (full 0):
 garbage-first heap   total 131072K, used 63039K [0x0000000081c00000, 0x0000000100000000)
  region size 1024K, 61 young (62464K), 6 survivors (6144K)
 Metaspace       used 22035K, capacity 22427K, committed 22576K, reserved 1069056K
  class space    used 2300K, capacity 2430K, committed 2432K, reserved 1048576K
}
Event: 2.795 GC heap after
{Heap after GC invocations=4 (full 0):
 garbage-first heap   total 131072K, used 11653K [0x0000000081c00000, 0x0000000100000000)
  region size 1024K, 8 young (8192K), 8 survivors (8192K)
 Metaspace       used 22035K, capacity 22427K, committed 22576K, reserved 1069056K
  class space    used 2300K, capacity 2430K, committed 2432K, reserved 1048576K
}
Event: 4.434 GC heap before
{Heap before GC invocations=4 (full 0):
 garbage-first heap   total 131072K, used 76165K [0x0000000081c00000, 0x0000000100000000)
  region size 1024K, 71 young (72704K), 8 survivors (8192K)
 Metaspace       used 30031K, capacity 30719K, committed 30768K, reserved 1077248K
  class space    used 3229K, capacity 3435K, committed 3456K, reserved 1048576K
}
Event: 4.448 GC heap after
{Heap after GC invocations=5 (full 0):
 garbage-first heap   total 131072K, used 17153K [0x0000000081c00000, 0x0000000100000000)
  region size 1024K, 6 young (6144K), 6 survivors (6144K)
 Metaspace       used 30031K, capacity 30719K, committed 30768K, reserved 1077248K
  class space    used 3229K, capacity 3435K, committed 3456K, reserved 1048576K
}
Event: 5.622 GC heap before
{Heap before GC invocations=5 (full 0):
 garbage-first heap   total 131072K, used 84737K [0x0000000081c00000, 0x0000000100000000)
  region size 1024K, 73 young (74752K), 6 survivors (6144K)
 Metaspace       used 34449K, capacity 35340K, committed 35376K, reserved 1081344K
  class space    used 3671K, capacity 3949K, committed 3968K, reserved 1048576K
}
Event: 5.636 GC heap after
{Heap after GC invocations=6 (full 0):
 garbage-first heap   total 157696K, used 26517K [0x0000000081c00000, 0x0000000100000000)
  region size 1024K, 10 young (10240K), 10 survivors (10240K)
 Metaspace       used 34449K, capacity 35340K, committed 35376K, reserved 1081344K
  class space    used 3671K, capacity 3949K, committed 3968K, reserved 1048576K
}
Event: 5.667 GC heap before
{Heap before GC invocations=6 (full 0):
 garbage-first heap   total 157696K, used 27541K [0x0000000081c00000, 0x0000000100000000)
  region size 1024K, 12 young (12288K), 10 survivors (10240K)
 Metaspace       used 34790K, capacity 35670K, committed 35888K, reserved 1081344K
  class space    used 3692K, capacity 3952K, committed 3968K, reserved 1048576K
}
Event: 5.688 GC heap after
{Heap after GC invocations=7 (full 0):
 garbage-first heap   total 157696K, used 27447K [0x0000000081c00000, 0x0000000100000000)
  region size 1024K, 7 young (7168K), 7 survivors (7168K)
 Metaspace       used 34790K, capacity 35670K, committed 35888K, reserved 1081344K
  class space    used 3692K, capacity 3952K, committed 3968K, reserved 1048576K
}

Deoptimization events (20 events):
Event: 5.821 Thread 0x000001ddea43f800 Uncommon trap: trap_request=0xffffffde fr.pc=0x000001dd87be61bc relative=0x00000000000003bc
Event: 5.821 Thread 0x000001ddea43f800 Uncommon trap: reason=class_check action=maybe_recompile pc=0x000001dd87be61bc method=sun.nio.cs.StreamEncoder.writeBytes()V @ 120 c2
Event: 5.821 Thread 0x000001ddea43f800 DEOPT PACKING pc=0x000001dd87be61bc sp=0x000000845f7fd8f0
Event: 5.821 Thread 0x000001ddea43f800 DEOPT UNPACKING pc=0x000001dd80028f2f sp=0x000000845f7fd8e0 mode 2
Event: 5.824 Thread 0x000001ddea43f800 Uncommon trap: trap_request=0xffffff4d fr.pc=0x000001dd87bdced4 relative=0x00000000000001f4
Event: 5.824 Thread 0x000001ddea43f800 Uncommon trap: reason=unstable_if action=reinterpret pc=0x000001dd87bdced4 method=java.nio.charset.CharsetEncoder.encode(Ljava/nio/CharBuffer;Ljava/nio/ByteBuffer;Z)Ljava/nio/charset/CoderResult; @ 15 c2
Event: 5.824 Thread 0x000001ddea43f800 DEOPT PACKING pc=0x000001dd87bdced4 sp=0x000000845f7fd750
Event: 5.824 Thread 0x000001ddea43f800 DEOPT UNPACKING pc=0x000001dd80028f2f sp=0x000000845f7fd678 mode 2
Event: 5.824 Thread 0x000001ddea43f800 Uncommon trap: trap_request=0xffffffde fr.pc=0x000001dd87be61bc relative=0x00000000000003bc
Event: 5.824 Thread 0x000001ddea43f800 Uncommon trap: reason=class_check action=maybe_recompile pc=0x000001dd87be61bc method=sun.nio.cs.StreamEncoder.writeBytes()V @ 120 c2
Event: 5.824 Thread 0x000001ddea43f800 DEOPT PACKING pc=0x000001dd87be61bc sp=0x000000845f7fd8f0
Event: 5.824 Thread 0x000001ddea43f800 DEOPT UNPACKING pc=0x000001dd80028f2f sp=0x000000845f7fd8e0 mode 2
Event: 5.884 Thread 0x000001ddea43f800 Uncommon trap: trap_request=0xffffff4d fr.pc=0x000001dd87cd71e4 relative=0x0000000000002fe4
Event: 5.884 Thread 0x000001ddea43f800 Uncommon trap: reason=unstable_if action=reinterpret pc=0x000001dd87cd71e4 method=org.apache.maven.model.merge.ModelMerger.merge(Ljava/util/List;Ljava/util/List;Lorg/apache/maven/model/merge/ModelMerger$KeyComputer;Lorg/apache/maven/model/merge/ModelMerge
Event: 5.884 Thread 0x000001ddea43f800 DEOPT PACKING pc=0x000001dd87cd71e4 sp=0x000000845f7fc550
Event: 5.884 Thread 0x000001ddea43f800 DEOPT UNPACKING pc=0x000001dd80028f2f sp=0x000000845f7fc3f8 mode 2
Event: 5.925 Thread 0x000001ddea43f800 Uncommon trap: trap_request=0xffffff4d fr.pc=0x000001dd87cd1674 relative=0x0000000000000214
Event: 5.925 Thread 0x000001ddea43f800 Uncommon trap: reason=unstable_if action=reinterpret pc=0x000001dd87cd1674 method=org.apache.maven.model.merge.ModelMerger.mergeConfigurationContainer_Configuration(Lorg/apache/maven/model/ConfigurationContainer;Lorg/apache/maven/model/ConfigurationContai
Event: 5.925 Thread 0x000001ddea43f800 DEOPT PACKING pc=0x000001dd87cd1674 sp=0x000000845f7fbfe0
Event: 5.925 Thread 0x000001ddea43f800 DEOPT UNPACKING pc=0x000001dd80028f2f sp=0x000000845f7fbf78 mode 2

Classes redefined (0 events):
No events

Internal exceptions (20 events):
Event: 5.748 Thread 0x000001ddea43f800 Exception <a 'sun/nio/fs/WindowsException'{0x000000008b4f34e0}> (0x000000008b4f34e0) thrown at [c:/cygwin64/tmp/openjdk-jdk11u-windows-x64-hotspot/workspace/build/src/src/hotspot/share/prims/jni.cpp, line 615]
Event: 5.749 Thread 0x000001ddea43f800 Exception <a 'sun/nio/fs/WindowsException'{0x000000008ac05ce8}> (0x000000008ac05ce8) thrown at [c:/cygwin64/tmp/openjdk-jdk11u-windows-x64-hotspot/workspace/build/src/src/hotspot/share/prims/jni.cpp, line 615]
Event: 5.749 Thread 0x000001ddea43f800 Exception <a 'sun/nio/fs/WindowsException'{0x000000008ac06038}> (0x000000008ac06038) thrown at [c:/cygwin64/tmp/openjdk-jdk11u-windows-x64-hotspot/workspace/build/src/src/hotspot/share/prims/jni.cpp, line 615]
Event: 5.749 Thread 0x000001ddea43f800 Exception <a 'sun/nio/fs/WindowsException'{0x000000008ac07ad8}> (0x000000008ac07ad8) thrown at [c:/cygwin64/tmp/openjdk-jdk11u-windows-x64-hotspot/workspace/build/src/src/hotspot/share/prims/jni.cpp, line 615]
Event: 5.749 Thread 0x000001ddea43f800 Exception <a 'sun/nio/fs/WindowsException'{0x000000008ac07eb8}> (0x000000008ac07eb8) thrown at [c:/cygwin64/tmp/openjdk-jdk11u-windows-x64-hotspot/workspace/build/src/src/hotspot/share/prims/jni.cpp, line 615]
Event: 5.758 Thread 0x000001ddea43f800 Exception <a 'java/lang/NoSuchMethodError'{0x000000008ac2f340}: 'int java.lang.invoke.DirectMethodHandle$Holder.invokeVirtual(java.lang.Object, java.lang.Object, java.lang.Object, java.lang.Object)'> (0x000000008ac2f340) thrown at [c:/cygwin64/tmp/openjdk
Event: 5.759 Thread 0x000001ddea43f800 Exception <a 'java/lang/NoSuchMethodError'{0x000000008ac3a1d0}: 'java.lang.Object java.lang.invoke.DirectMethodHandle$Holder.invokeStatic(java.lang.Object, java.lang.Object, int, java.lang.Object)'> (0x000000008ac3a1d0) thrown at [c:/cygwin64/tmp/openjdk-
Event: 5.760 Thread 0x000001ddea43f800 Exception <a 'java/lang/NoSuchMethodError'{0x000000008ac40f50}: 'java.lang.Object java.lang.invoke.Invokers$Holder.linkToTargetMethod(java.lang.Object, int, java.lang.Object, java.lang.Object)'> (0x000000008ac40f50) thrown at [c:/cygwin64/tmp/openjdk-jdk1
Event: 5.761 Thread 0x000001ddea43f800 Exception <a 'java/lang/NoSuchMethodError'{0x000000008ac46bd8}: 'java.lang.Object java.lang.invoke.DirectMethodHandle$Holder.invokeVirtual(java.lang.Object, java.lang.Object, java.lang.Object)'> (0x000000008ac46bd8) thrown at [c:/cygwin64/tmp/openjdk-jdk1
Event: 5.790 Thread 0x000001ddea43f800 Exception <a 'sun/nio/fs/WindowsException'{0x000000008ab2f600}> (0x000000008ab2f600) thrown at [c:/cygwin64/tmp/openjdk-jdk11u-windows-x64-hotspot/workspace/build/src/src/hotspot/share/prims/jni.cpp, line 615]
Event: 5.790 Thread 0x000001ddea43f800 Exception <a 'sun/nio/fs/WindowsException'{0x000000008ab2f948}> (0x000000008ab2f948) thrown at [c:/cygwin64/tmp/openjdk-jdk11u-windows-x64-hotspot/workspace/build/src/src/hotspot/share/prims/jni.cpp, line 615]
Event: 5.791 Thread 0x000001ddea43f800 Exception <a 'sun/nio/fs/WindowsException'{0x000000008ab44130}> (0x000000008ab44130) thrown at [c:/cygwin64/tmp/openjdk-jdk11u-windows-x64-hotspot/workspace/build/src/src/hotspot/share/prims/jni.cpp, line 615]
Event: 5.791 Thread 0x000001ddea43f800 Exception <a 'sun/nio/fs/WindowsException'{0x000000008ab44428}> (0x000000008ab44428) thrown at [c:/cygwin64/tmp/openjdk-jdk11u-windows-x64-hotspot/workspace/build/src/src/hotspot/share/prims/jni.cpp, line 615]
Event: 5.792 Thread 0x000001ddea43f800 Exception <a 'sun/nio/fs/WindowsException'{0x000000008ab7d0c0}> (0x000000008ab7d0c0) thrown at [c:/cygwin64/tmp/openjdk-jdk11u-windows-x64-hotspot/workspace/build/src/src/hotspot/share/prims/jni.cpp, line 615]
Event: 5.792 Thread 0x000001ddea43f800 Exception <a 'sun/nio/fs/WindowsException'{0x000000008ab7d400}> (0x000000008ab7d400) thrown at [c:/cygwin64/tmp/openjdk-jdk11u-windows-x64-hotspot/workspace/build/src/src/hotspot/share/prims/jni.cpp, line 615]
Event: 5.792 Thread 0x000001ddea43f800 Exception <a 'sun/nio/fs/WindowsException'{0x000000008ab7e938}> (0x000000008ab7e938) thrown at [c:/cygwin64/tmp/openjdk-jdk11u-windows-x64-hotspot/workspace/build/src/src/hotspot/share/prims/jni.cpp, line 615]
Event: 5.793 Thread 0x000001ddea43f800 Exception <a 'sun/nio/fs/WindowsException'{0x000000008ab7ecf8}> (0x000000008ab7ecf8) thrown at [c:/cygwin64/tmp/openjdk-jdk11u-windows-x64-hotspot/workspace/build/src/src/hotspot/share/prims/jni.cpp, line 615]
Event: 5.804 Thread 0x000001ddea43f800 Exception <a 'sun/nio/fs/WindowsException'{0x000000008aa179a8}> (0x000000008aa179a8) thrown at [c:/cygwin64/tmp/openjdk-jdk11u-windows-x64-hotspot/workspace/build/src/src/hotspot/share/prims/jni.cpp, line 615]
Event: 5.805 Thread 0x000001ddea43f800 Exception <a 'sun/nio/fs/WindowsException'{0x000000008aa18070}> (0x000000008aa18070) thrown at [c:/cygwin64/tmp/openjdk-jdk11u-windows-x64-hotspot/workspace/build/src/src/hotspot/share/prims/jni.cpp, line 615]
Event: 5.805 Thread 0x000001ddea43f800 Exception <a 'sun/nio/fs/WindowsException'{0x000000008aa18958}> (0x000000008aa18958) thrown at [c:/cygwin64/tmp/openjdk-jdk11u-windows-x64-hotspot/workspace/build/src/src/hotspot/share/prims/jni.cpp, line 615]

Events (20 events):
Event: 6.090 loading class org/apache/maven/plugin/surefire/SurefireReportParameters
Event: 6.090 loading class org/apache/maven/plugin/surefire/SurefireReportParameters done
Event: 6.090 loading class org/apache/maven/plugin/surefire/SurefireReportParameters
Event: 6.090 loading class org/apache/maven/plugin/surefire/SurefireReportParameters done
Event: 6.096 loading class org/apache/maven/plugin/surefire/AbstractSurefireMojo
Event: 6.096 loading class org/apache/maven/plugin/surefire/AbstractSurefireMojo done
Event: 6.096 loading class org/apache/maven/plugin/surefire/AbstractSurefireMojo
Event: 6.096 loading class org/apache/maven/plugin/surefire/AbstractSurefireMojo done
Event: 6.096 loading class org/apache/maven/plugin/surefire/AbstractSurefireMojo
Event: 6.096 loading class org/apache/maven/plugin/surefire/AbstractSurefireMojo done
Event: 6.096 loading class org/apache/maven/plugin/surefire/AbstractSurefireMojo
Event: 6.096 loading class org/apache/maven/plugin/surefire/AbstractSurefireMojo done
Event: 6.099 loading class org/apache/maven/plugin/surefire/SurefireExecutionParameters
Event: 6.099 loading class org/apache/maven/plugin/surefire/SurefireExecutionParameters done
Event: 6.099 loading class org/apache/maven/plugin/surefire/SurefireExecutionParameters
Event: 6.099 loading class org/apache/maven/plugin/surefire/SurefireExecutionParameters done
Event: 6.099 loading class org/apache/maven/plugin/surefire/SurefireExecutionParameters
Event: 6.099 loading class org/apache/maven/plugin/surefire/SurefireExecutionParameters done
Event: 6.099 loading class org/apache/maven/plugin/surefire/SurefireExecutionParameters
Event: 6.099 loading class org/apache/maven/plugin/surefire/SurefireExecutionParameters done


Dynamic libraries:
0x00007ff7fcfb0000 - 0x00007ff7fcfbd000 	C:\Program Files\AdoptOpenJDK\jdk-11.0.6.10-hotspot\bin\java.exe
0x00007ffdc4c90000 - 0x00007ffdc4e86000 	C:\WINDOWS\SYSTEM32\ntdll.dll
0x00007ffd8f790000 - 0x00007ffd8f7a2000 	C:\Program Files\Avast Software\Avast\aswhook.dll
0x00007ffdc46b0000 - 0x00007ffdc476d000 	C:\WINDOWS\System32\KERNEL32.DLL
0x00007ffdc25c0000 - 0x00007ffdc2889000 	C:\WINDOWS\System32\KERNELBASE.dll
0x00007ffdc2a90000 - 0x00007ffdc2b90000 	C:\WINDOWS\System32\ucrtbase.dll
0x00007ffdb48f0000 - 0x00007ffdb4907000 	C:\Program Files\AdoptOpenJDK\jdk-11.0.6.10-hotspot\bin\jli.dll
0x00007ffdc4970000 - 0x00007ffdc4b10000 	C:\WINDOWS\System32\USER32.dll
0x00007ffdc23d0000 - 0x00007ffdc23f2000 	C:\WINDOWS\System32\win32u.dll
0x00007ffdc4b10000 - 0x00007ffdc4b3a000 	C:\WINDOWS\System32\GDI32.dll
0x00007ffdc2480000 - 0x00007ffdc2589000 	C:\WINDOWS\System32\gdi32full.dll
0x00007ffdc29f0000 - 0x00007ffdc2a8d000 	C:\WINDOWS\System32\msvcp_win.dll
0x00007ffdaed50000 - 0x00007ffdaed66000 	C:\Program Files\AdoptOpenJDK\jdk-11.0.6.10-hotspot\bin\VCRUNTIME140.dll
0x00007ffd8edb0000 - 0x00007ffd8f04b000 	C:\WINDOWS\WinSxS\amd64_microsoft.windows.common-controls_6595b64144ccf1df_6.0.19041.488_none_ca04af081b815d21\COMCTL32.dll
0x00007ffdc4bb0000 - 0x00007ffdc4c4e000 	C:\WINDOWS\System32\msvcrt.dll
0x00007ffdc3b00000 - 0x00007ffdc3b30000 	C:\WINDOWS\System32\IMM32.DLL
0x00007ffd8ea70000 - 0x00007ffd8eb0b000 	C:\Program Files\AdoptOpenJDK\jdk-11.0.6.10-hotspot\bin\msvcp140.dll
0x00007ffd70b60000 - 0x00007ffd7161c000 	C:\Program Files\AdoptOpenJDK\jdk-11.0.6.10-hotspot\bin\server\jvm.dll
0x00007ffdc2cf0000 - 0x00007ffdc2d9c000 	C:\WINDOWS\System32\ADVAPI32.dll
0x00007ffdc2da0000 - 0x00007ffdc2e3c000 	C:\WINDOWS\System32\sechost.dll
0x00007ffdc30f0000 - 0x00007ffdc321b000 	C:\WINDOWS\System32\RPCRT4.dll
0x00007ffdc2ec0000 - 0x00007ffdc2ec8000 	C:\WINDOWS\System32\PSAPI.DLL
0x00007ffdb3bc0000 - 0x00007ffdb3bc9000 	C:\WINDOWS\SYSTEM32\WSOCK32.dll
0x00007ffdc4b40000 - 0x00007ffdc4bab000 	C:\WINDOWS\System32\WS2_32.dll
0x00007ffdb9510000 - 0x00007ffdb9537000 	C:\WINDOWS\SYSTEM32\WINMM.dll
0x00007ffdbbe50000 - 0x00007ffdbbe5a000 	C:\WINDOWS\SYSTEM32\VERSION.dll
0x00007ffdc1020000 - 0x00007ffdc1032000 	C:\WINDOWS\SYSTEM32\kernel.appcore.dll
0x00007ffdbb1c0000 - 0x00007ffdbb1d0000 	C:\Program Files\AdoptOpenJDK\jdk-11.0.6.10-hotspot\bin\verify.dll
0x00007ffdc0a10000 - 0x00007ffdc0bf4000 	C:\WINDOWS\SYSTEM32\DBGHELP.DLL
0x00007ffdb9aa0000 - 0x00007ffdb9acc000 	C:\WINDOWS\SYSTEM32\dbgcore.DLL
0x00007ffdc2400000 - 0x00007ffdc2480000 	C:\WINDOWS\System32\bcryptPrimitives.dll
0x00007ffdada70000 - 0x00007ffdada98000 	C:\Program Files\AdoptOpenJDK\jdk-11.0.6.10-hotspot\bin\java.dll
0x00007ffdaeb90000 - 0x00007ffdaeb9e000 	C:\Program Files\AdoptOpenJDK\jdk-11.0.6.10-hotspot\bin\instrument.dll
0x00007ffdaebe0000 - 0x00007ffdaebf7000 	C:\Program Files\AdoptOpenJDK\jdk-11.0.6.10-hotspot\bin\zip.dll
0x00007ffdbaf90000 - 0x00007ffdbaf9a000 	C:\Program Files\AdoptOpenJDK\jdk-11.0.6.10-hotspot\bin\jimage.dll
0x00007ffdc3f60000 - 0x00007ffdc46a2000 	C:\WINDOWS\System32\SHELL32.dll
0x00007ffdc0150000 - 0x00007ffdc08e5000 	C:\WINDOWS\SYSTEM32\windows.storage.dll
0x00007ffdc3b30000 - 0x00007ffdc3e86000 	C:\WINDOWS\System32\combase.dll
0x00007ffdc1e40000 - 0x00007ffdc1e6c000 	C:\WINDOWS\SYSTEM32\Wldp.dll
0x00007ffdc37e0000 - 0x00007ffdc388e000 	C:\WINDOWS\System32\SHCORE.dll
0x00007ffdc2ed0000 - 0x00007ffdc2f25000 	C:\WINDOWS\System32\shlwapi.dll
0x00007ffdc2300000 - 0x00007ffdc2326000 	C:\WINDOWS\SYSTEM32\profapi.dll
0x00007ffdad450000 - 0x00007ffdad469000 	C:\Program Files\AdoptOpenJDK\jdk-11.0.6.10-hotspot\bin\net.dll
0x00007ffdb45d0000 - 0x00007ffdb46d0000 	C:\WINDOWS\SYSTEM32\WINHTTP.dll
0x00007ffdc1bc0000 - 0x00007ffdc1c2a000 	C:\WINDOWS\system32\mswsock.dll
0x00007ffdad430000 - 0x00007ffdad442000 	C:\Program Files\AdoptOpenJDK\jdk-11.0.6.10-hotspot\bin\nio.dll
0x00007ffdad5f0000 - 0x00007ffdad60a000 	C:\Program Files\JetBrains\IntelliJ IDEA 2020.2.2.0\bin\breakgen64.dll
0x00007ffdc1da0000 - 0x00007ffdc1db8000 	C:\WINDOWS\SYSTEM32\CRYPTSP.dll
0x00007ffdc14e0000 - 0x00007ffdc1514000 	C:\WINDOWS\system32\rsaenh.dll
0x00007ffdc2590000 - 0x00007ffdc25b7000 	C:\WINDOWS\System32\bcrypt.dll
0x00007ffdc22c0000 - 0x00007ffdc22ee000 	C:\WINDOWS\SYSTEM32\USERENV.dll
0x00007ffdc1d90000 - 0x00007ffdc1d9c000 	C:\WINDOWS\SYSTEM32\CRYPTBASE.dll
0x00007ffdc1860000 - 0x00007ffdc189b000 	C:\WINDOWS\SYSTEM32\IPHLPAPI.DLL
0x00007ffdc3360000 - 0x00007ffdc3368000 	C:\WINDOWS\System32\NSI.dll
0x00007ffdbff80000 - 0x00007ffdbff97000 	C:\WINDOWS\SYSTEM32\dhcpcsvc6.DLL
0x00007ffdbff60000 - 0x00007ffdbff7d000 	C:\WINDOWS\SYSTEM32\dhcpcsvc.DLL
0x00007ffdc18a0000 - 0x00007ffdc196b000 	C:\WINDOWS\SYSTEM32\DNSAPI.dll
0x00007ffdade60000 - 0x00007ffdade6a000 	C:\Users\jmier\AppData\Local\Temp\jansi-1.17.1-43045289078397455.dll
0x00007ffdada20000 - 0x00007ffdada2a000 	C:\Users\jmier\AppData\Local\Temp\jansi-1.17.1-3002869171737673324.dll

dbghelp: loaded successfully - version: 4.0.5 - missing functions: none
symbol engine: initialized successfully - sym options: 0x614 - pdb path: .;C:\Program Files\AdoptOpenJDK\jdk-11.0.6.10-hotspot\bin;C:\WINDOWS\SYSTEM32;C:\Program Files\Avast Software\Avast;C:\WINDOWS\WinSxS\amd64_microsoft.windows.common-controls_6595b64144ccf1df_6.0.19041.488_none_ca04af081b815d21;C:\Program Files\AdoptOpenJDK\jdk-11.0.6.10-hotspot\bin\server;C:\Program Files\JetBrains\IntelliJ IDEA 2020.2.2.0\bin;C:\Users\jmier\AppData\Local\Temp

VM Arguments:
jvm_args: -Dmaven.multiModuleProjectDirectory=C:\Users\jmier\IdeaProjects\demo -Dmaven.home=C:\Users\jmier\.m2\wrapper\dists\apache-maven-3.6.3-bin\1iopthnavndlasol9gbrbg6bf2\apache-maven-3.6.3 -Dclassworlds.conf=C:\Users\jmier\.m2\wrapper\dists\apache-maven-3.6.3-bin\1iopthnavndlasol9gbrbg6bf2\apache-maven-3.6.3\bin\m2.conf -Dmaven.ext.class.path=C:\Program Files\JetBrains\IntelliJ IDEA 2020.2.2.0\plugins\maven\lib\maven-event-listener.jar -javaagent:C:\Program Files\JetBrains\IntelliJ IDEA 2020.2.2.0\lib\idea_rt.jar=65043:C:\Program Files\JetBrains\IntelliJ IDEA 2020.2.2.0\bin -Dfile.encoding=UTF-8 
java_command: org.codehaus.classworlds.Launcher -Didea.version=2020.2.2 clean install
java_class_path (initial): C:\Users\jmier\.m2\wrapper\dists\apache-maven-3.6.3-bin\1iopthnavndlasol9gbrbg6bf2\apache-maven-3.6.3\boot\plexus-classworlds-2.6.0.jar;C:\Users\jmier\.m2\wrapper\dists\apache-maven-3.6.3-bin\1iopthnavndlasol9gbrbg6bf2\apache-maven-3.6.3\boot\plexus-classworlds.license
Launcher Type: SUN_STANDARD

[Global flags]
     intx CICompilerCount                          = 4                                         {product} {ergonomic}
     uint ConcGCThreads                            = 2                                         {product} {ergonomic}
     uint G1ConcRefinementThreads                  = 8                                         {product} {ergonomic}
   size_t G1HeapRegionSize                         = 1048576                                   {product} {ergonomic}
    uintx GCDrainStackTargetSize                   = 64                                        {product} {ergonomic}
   size_t InitialHeapSize                          = 134217728                                 {product} {ergonomic}
   size_t MarkStackSize                            = 4194304                                   {product} {ergonomic}
   size_t MaxHeapSize                              = 2118123520                                {product} {ergonomic}
   size_t MaxNewSize                               = 1270874112                                {product} {ergonomic}
   size_t MinHeapDeltaBytes                        = 1048576                                   {product} {ergonomic}
    uintx NonNMethodCodeHeapSize                   = 5836300                                {pd product} {ergonomic}
    uintx NonProfiledCodeHeapSize                  = 122910970                              {pd product} {ergonomic}
    uintx ProfiledCodeHeapSize                     = 122910970                              {pd product} {ergonomic}
    uintx ReservedCodeCacheSize                    = 251658240                              {pd product} {ergonomic}
     bool SegmentedCodeCache                       = true                                      {product} {ergonomic}
     bool UseCompressedClassPointers               = true                                 {lp64_product} {ergonomic}
     bool UseCompressedOops                        = true                                 {lp64_product} {ergonomic}
     bool UseG1GC                                  = true                                      {product} {ergonomic}
     bool UseLargePagesIndividualAllocation        = false                                  {pd product} {ergonomic}

Logging:
Log output configuration:
 #0: stdout all=warning uptime,level,tags
 #1: stderr all=off uptime,level,tags

Environment Variables:
JAVA_HOME=C:\Program Files\AdoptOpenJDK\jdk-11.0.6.10-hotspot\
PATH=C:\Program Files\AdoptOpenJDK\jdk-11.0.6.10-hotspot\bin;C:\PROGRA~2\Borland\CBUILD~1\Bin;C:\PROGRA~2\Borland\CBUILD~1\Projects\Bpl;C:\Program Files (x86)\Intel\iCLS Client\;C:\Program Files\Intel\iCLS Client\;C:\WINDOWS\system32;C:\WINDOWS;C:\WINDOWS\System32\Wbem;C:\WINDOWS\System32\WindowsPowerShell\v1.0\;C:\Program Files (x86)\Intel\Intel(R) Management Engine Components\DAL;C:\Program Files\Intel\Intel(R) Management Engine Components\DAL;C:\Program Files (x86)\Intel\Intel(R) Management Engine Components\IPT;C:\Program Files\Intel\Intel(R) Management Engine Components\IPT;C:\WINDOWS\System32\OpenSSH\;C:\Program Files\Intel\WiFi\bin\;C:\Program Files\Common Files\Intel\WirelessCommon\;C:\Program Files\Git\cmd;C:\Users\jmier\Desktop\Java\apache-maven-3.6.3\bin;C:\Program Files (x86)\Microsoft SQL Server\150\DTS\Binn\;C:\Program Files\Microsoft SQL Server\Client SDK\ODBC\170\Tools\Binn\;C:\Program Files (x86)\Microsoft SQL Server\150\Tools\Binn\;C:\Program Files\Microsoft SQL Server\150\Tools\Binn\;C:\Program Files\Microsoft SQL Server\150\DTS\Binn\;C:\Program Files\nodejs\;C:\Program Files\MySQL\MySQL Shell 8.0\bin\;C:\Users\jmier\AppData\Local\Microsoft\WindowsApps;C:\Users\jmier\Desktop\Java\apache-maven-3.6.3\bin;C:\Users\jmier\AppData\Roaming\npm
USERNAME=jmier
OS=Windows_NT
PROCESSOR_IDENTIFIER=Intel64 Family 6 Model 142 Stepping 10, GenuineIntel



---------------  S Y S T E M  ---------------

OS: Windows 10 , 64 bit Build 19041 (10.0.19041.662)

CPU:total 8 (initial active 8) (4 cores per cpu, 2 threads per core) family 6 model 142 stepping 10, cmov, cx8, fxsr, mmx, sse, sse2, sse3, ssse3, sse4.1, sse4.2, popcnt, avx, avx2, aes, clmul, erms, 3dnowpref, lzcnt, ht, tsc, tscinvbit, bmi1, bmi2, adx, fma

Memory: 4k page, system-wide physical 8078M (531M free)
TotalPageFile size 12174M (AvailPageFile size 8M)
current process WorkingSet (physical memory assigned to process): 269M, peak: 269M
current process commit charge ("private bytes"): 335M, peak: 338M

vm_info: OpenJDK 64-Bit Server VM (11.0.6+10) for windows-amd64 JRE (11.0.6+10), built on Jan 15 2020 06:14:58 by "" with MS VC++ 15.8 (VS2017)

END.
