#
# There is insufficient memory for the Java Runtime Environment to continue.
# Native memory allocation (malloc) failed to allocate 1761936 bytes for Chunk::new
# Possible reasons:
#   The system is out of physical RAM or swap space
#   The process is running with CompressedOops enabled, and the Java Heap may be blocking the growth of the native heap
# Possible solutions:
#   Reduce memory load on the system
#   Increase physical memory or swap space
#   Check if swap backing store is full
#   Decrease Java heap size (-Xmx/-Xms)
#   Decrease number of Java threads
#   Decrease Java thread stack sizes (-Xss)
#   Set larger code cache with -XX:ReservedCodeCacheSize=
#   JVM is running with Unscaled Compressed Oops mode in which the Java heap is
#     placed in the first 4GB address space. The Java Heap base address is the
#     maximum limit for the native heap growth. Please use -XX:HeapBaseMinAddress
#     to set the Java Heap base and to place the Java Heap above 4GB virtual address.
# This output file may be truncated or incomplete.
#
#  Out of Memory Error (c:/cygwin64/tmp/openjdk-jdk11u-windows-x64-hotspot/workspace/build/src/src/hotspot/share/memory/arena.cpp:197), pid=17044, tid=1756
#
# JRE version: OpenJDK Runtime Environment (11.0.6+10) (build 11.0.6+10)
# Java VM: OpenJDK 64-Bit Server VM (11.0.6+10, mixed mode, tiered, compressed oops, g1 gc, windows-amd64)
# No core dump will be written. Minidumps are not enabled by default on client versions of Windows
#

---------------  S U M M A R Y ------------

Command Line: -Dmaven.multiModuleProjectDirectory=C:\Users\jmier\IdeaProjects\demo -Dmaven.home=C:\Users\jmier\.m2\wrapper\dists\apache-maven-3.6.3-bin\1iopthnavndlasol9gbrbg6bf2\apache-maven-3.6.3 -Dclassworlds.conf=C:\Users\jmier\.m2\wrapper\dists\apache-maven-3.6.3-bin\1iopthnavndlasol9gbrbg6bf2\apache-maven-3.6.3\bin\m2.conf -Dmaven.ext.class.path=C:\Program Files\JetBrains\IntelliJ IDEA 2020.2.2.0\plugins\maven\lib\maven-event-listener.jar -javaagent:C:\Program Files\JetBrains\IntelliJ IDEA 2020.2.2.0\lib\idea_rt.jar=65049:C:\Program Files\JetBrains\IntelliJ IDEA 2020.2.2.0\bin -Dfile.encoding=UTF-8 org.codehaus.classworlds.Launcher -Didea.version=2020.2.2 clean install

Host: Intel(R) Core(TM) i5-8250U CPU @ 1.60GHz, 8 cores, 7G,  Windows 10 , 64 bit Build 19041 (10.0.19041.662)
Time: Thu Dec 17 22:38:50 2020 Œrodkowoeuropejski czas stand. elapsed time: 4 seconds (0d 0h 0m 4s)

---------------  T H R E A D  ---------------

Current thread (0x0000020dc1bbc000):  JavaThread "C2 CompilerThread1" daemon [_thread_in_native, id=1756, stack(0x000000c0e3600000,0x000000c0e3700000)]


Current CompileTask:
C2:   4973 4253   !   4       jdk.internal.loader.BuiltinClassLoader::loadClassOrNull (143 bytes)

Stack: [0x000000c0e3600000,0x000000c0e3700000]
Native frames: (J=compiled Java code, j=interpreted, Vv=VM code, C=native code)
V  [jvm.dll+0x5db25a]
V  [jvm.dll+0x7111de]
V  [jvm.dll+0x712877]
V  [jvm.dll+0x712f43]
V  [jvm.dll+0x23fe78]
V  [jvm.dll+0xb8f0c]
V  [jvm.dll+0xb949c]
V  [jvm.dll+0x342852]
V  [jvm.dll+0x310763]
V  [jvm.dll+0x30fb4a]
V  [jvm.dll+0x1f9d45]
V  [jvm.dll+0x1f8eff]
V  [jvm.dll+0x17d96c]
V  [jvm.dll+0x2080b7]
V  [jvm.dll+0x20639b]
V  [jvm.dll+0x6d70bc]
V  [jvm.dll+0x6d01ec]
V  [jvm.dll+0x5da1e6]
C  [ucrtbase.dll+0x214c2]
C  [KERNEL32.DLL+0x17034]
C  [ntdll.dll+0x4d0d1]


---------------  P R O C E S S  ---------------

Threads class SMR info:
_java_thread_list=0x0000020dc337df40, length=12, elements={
0x0000020da1c9f800, 0x0000020dc0bcf000, 0x0000020dc0bd8800, 0x0000020dc0bc9000,
0x0000020dc0bcb000, 0x0000020dc0bdb000, 0x0000020dc0be5000, 0x0000020dc0be9800,
0x0000020dc16aa000, 0x0000020dc17ff800, 0x0000020dc1800000, 0x0000020dc1bbc000
}

Java Threads: ( => current thread )
  0x0000020da1c9f800 JavaThread "main" [_thread_blocked, id=10824, stack(0x000000c0e2700000,0x000000c0e2800000)]
  0x0000020dc0bcf000 JavaThread "Reference Handler" daemon [_thread_blocked, id=3012, stack(0x000000c0e2e00000,0x000000c0e2f00000)]
  0x0000020dc0bd8800 JavaThread "Finalizer" daemon [_thread_blocked, id=9560, stack(0x000000c0e2f00000,0x000000c0e3000000)]
  0x0000020dc0bc9000 JavaThread "Signal Dispatcher" daemon [_thread_blocked, id=12996, stack(0x000000c0e3000000,0x000000c0e3100000)]
  0x0000020dc0bcb000 JavaThread "Attach Listener" daemon [_thread_blocked, id=12800, stack(0x000000c0e3100000,0x000000c0e3200000)]
  0x0000020dc0bdb000 JavaThread "C2 CompilerThread0" daemon [_thread_blocked, id=18944, stack(0x000000c0e3200000,0x000000c0e3300000)]
  0x0000020dc0be5000 JavaThread "C1 CompilerThread0" daemon [_thread_blocked, id=3020, stack(0x000000c0e3300000,0x000000c0e3400000)]
  0x0000020dc0be9800 JavaThread "Sweeper thread" daemon [_thread_blocked, id=12808, stack(0x000000c0e3400000,0x000000c0e3500000)]
  0x0000020dc16aa000 JavaThread "Common-Cleaner" daemon [_thread_blocked, id=15096, stack(0x000000c0e3500000,0x000000c0e3600000)]
  0x0000020dc17ff800 JavaThread "Monitor Ctrl-Break" daemon [_thread_in_native, id=10852, stack(0x000000c0e3700000,0x000000c0e3800000)]
  0x0000020dc1800000 JavaThread "Service Thread" daemon [_thread_blocked, id=5804, stack(0x000000c0e3800000,0x000000c0e3900000)]
=>0x0000020dc1bbc000 JavaThread "C2 CompilerThread1" daemon [_thread_in_native, id=1756, stack(0x000000c0e3600000,0x000000c0e3700000)]

Other Threads:
  0x0000020dc0b97000 VMThread "VM Thread" [stack: 0x000000c0e2d00000,0x000000c0e2e00000] [id=9996]
  0x0000020dc1932800 WatcherThread [stack: 0x000000c0e3900000,0x000000c0e3a00000] [id=3228]
  0x0000020da1cb6000 GCTaskThread "GC Thread#0" [stack: 0x000000c0e2800000,0x000000c0e2900000] [id=16572]
  0x0000020dc1c81800 GCTaskThread "GC Thread#1" [stack: 0x000000c0e3b00000,0x000000c0e3c00000] [id=17976]
  0x0000020dc2d0c800 GCTaskThread "GC Thread#2" [stack: 0x000000c0e3c00000,0x000000c0e3d00000] [id=13220]
  0x0000020da1cea000 ConcurrentGCThread "G1 Main Marker" [stack: 0x000000c0e2900000,0x000000c0e2a00000] [id=18348]
  0x0000020da1cec000 ConcurrentGCThread "G1 Conc#0" [stack: 0x000000c0e2a00000,0x000000c0e2b00000] [id=10492]
  0x0000020dc2019800 ConcurrentGCThread "G1 Conc#1" [stack: 0x000000c0e3d00000,0x000000c0e3e00000] [id=15644]
  0x0000020dc0a00800 ConcurrentGCThread "G1 Refine#0" [stack: 0x000000c0e2b00000,0x000000c0e2c00000] [id=7048]
  0x0000020dc0a03000 ConcurrentGCThread "G1 Young RemSet Sampling" [stack: 0x000000c0e2c00000,0x000000c0e2d00000] [id=13844]

Threads with active compile tasks:
C2 CompilerThread0   5018 4264       4       sun.nio.fs.WindowsPathParser::normalize (233 bytes)
C1 CompilerThread0   5018 4406       3       java.io.DataInputStream::readFully (9 bytes)
C2 CompilerThread1   5018 4253   !   4       jdk.internal.loader.BuiltinClassLoader::loadClassOrNull (143 bytes)

VM state:at safepoint (normal execution)

VM Mutex/Monitor currently owned by a thread:  ([mutex/lock_event])
[0x0000020da1c9b2c0] Threads_lock - owner thread: 0x0000020dc0b97000
[0x0000020da1c9a810] Heap_lock - owner thread: 0x0000020da1c9f800

Heap address: 0x0000000081c00000, size: 2020 MB, Compressed Oops mode: 32-bit
Narrow klass base: 0x0000000000000000, Narrow klass shift: 3
Compressed class space size: 1073741824 Address: 0x0000000100000000

Heap:
 garbage-first heap   total 131072K, used 81256K [0x0000000081c00000, 0x0000000100000000)
  region size 1024K, 77 young (78848K), 9 survivors (9216K)
 Metaspace       used 31216K, capacity 31982K, committed 32304K, reserved 1077248K
  class space    used 3347K, capacity 3599K, committed 3712K, reserved 1048576K
Heap Regions: E=young(eden), S=young(survivor), O=old, HS=humongous(starts), HC=humongous(continues), CS=collection set, F=free, A=archive, TAMS=top-at-mark-start (previous, next)
|   0|0x0000000081c00000, 0x0000000081d00000, 0x0000000081d00000|100%| O|  |TAMS 0x0000000081c8f800, 0x0000000081c00000| Untracked 
|   1|0x0000000081d00000, 0x0000000081e00000, 0x0000000081e00000|100%| O|  |TAMS 0x0000000081d00000, 0x0000000081d00000| Untracked 
|   2|0x0000000081e00000, 0x0000000081f00000, 0x0000000081f00000|100%| O|  |TAMS 0x0000000081e00000, 0x0000000081e00000| Untracked 
|   3|0x0000000081f00000, 0x0000000082000000, 0x0000000082000000|100%| O|  |TAMS 0x0000000081f00000, 0x0000000081f00000| Untracked 
|   4|0x0000000082000000, 0x0000000082100000, 0x0000000082100000|100%| O|  |TAMS 0x0000000082000000, 0x0000000082000000| Untracked 
|   5|0x0000000082100000, 0x0000000082200000, 0x0000000082200000|100%| O|  |TAMS 0x0000000082100000, 0x0000000082100000| Untracked 
|   6|0x0000000082200000, 0x00000000822185e8, 0x0000000082300000|  9%| O|  |TAMS 0x0000000082200000, 0x0000000082200000| Untracked 
|   7|0x0000000082300000, 0x0000000082300000, 0x0000000082400000|  0%| F|  |TAMS 0x0000000082300000, 0x0000000082300000| Untracked 
|   8|0x0000000082400000, 0x0000000082400000, 0x0000000082500000|  0%| F|  |TAMS 0x0000000082400000, 0x0000000082400000| Untracked 
|   9|0x0000000082500000, 0x0000000082500000, 0x0000000082600000|  0%| F|  |TAMS 0x0000000082500000, 0x0000000082500000| Untracked 
|  10|0x0000000082600000, 0x0000000082600000, 0x0000000082700000|  0%| F|  |TAMS 0x0000000082600000, 0x0000000082600000| Untracked 
|  11|0x0000000082700000, 0x0000000082700000, 0x0000000082800000|  0%| F|  |TAMS 0x0000000082700000, 0x0000000082700000| Untracked 
|  12|0x0000000082800000, 0x0000000082800000, 0x0000000082900000|  0%| F|  |TAMS 0x0000000082800000, 0x0000000082800000| Untracked 
|  13|0x0000000082900000, 0x0000000082900000, 0x0000000082a00000|  0%| F|  |TAMS 0x0000000082900000, 0x0000000082900000| Untracked 
|  14|0x0000000082a00000, 0x0000000082a00000, 0x0000000082b00000|  0%| F|  |TAMS 0x0000000082a00000, 0x0000000082a00000| Untracked 
|  15|0x0000000082b00000, 0x0000000082b00000, 0x0000000082c00000|  0%| F|  |TAMS 0x0000000082b00000, 0x0000000082b00000| Untracked 
|  16|0x0000000082c00000, 0x0000000082c00000, 0x0000000082d00000|  0%| F|  |TAMS 0x0000000082c00000, 0x0000000082c00000| Untracked 
|  17|0x0000000082d00000, 0x0000000082d00000, 0x0000000082e00000|  0%| F|  |TAMS 0x0000000082d00000, 0x0000000082d00000| Untracked 
|  18|0x0000000082e00000, 0x0000000082e00000, 0x0000000082f00000|  0%| F|  |TAMS 0x0000000082e00000, 0x0000000082e00000| Untracked 
|  19|0x0000000082f00000, 0x0000000082f00000, 0x0000000083000000|  0%| F|  |TAMS 0x0000000082f00000, 0x0000000082f00000| Untracked 
|  20|0x0000000083000000, 0x0000000083000000, 0x0000000083100000|  0%| F|  |TAMS 0x0000000083000000, 0x0000000083000000| Untracked 
|  21|0x0000000083100000, 0x0000000083100000, 0x0000000083200000|  0%| F|  |TAMS 0x0000000083100000, 0x0000000083100000| Untracked 
|  22|0x0000000083200000, 0x0000000083200000, 0x0000000083300000|  0%| F|  |TAMS 0x0000000083200000, 0x0000000083200000| Untracked 
|  23|0x0000000083300000, 0x0000000083300000, 0x0000000083400000|  0%| F|  |TAMS 0x0000000083300000, 0x0000000083300000| Untracked 
|  24|0x0000000083400000, 0x0000000083400000, 0x0000000083500000|  0%| F|  |TAMS 0x0000000083400000, 0x0000000083400000| Untracked 
|  25|0x0000000083500000, 0x0000000083500000, 0x0000000083600000|  0%| F|  |TAMS 0x0000000083500000, 0x0000000083500000| Untracked 
|  26|0x0000000083600000, 0x0000000083600000, 0x0000000083700000|  0%| F|  |TAMS 0x0000000083600000, 0x0000000083600000| Untracked 
|  27|0x0000000083700000, 0x0000000083700000, 0x0000000083800000|  0%| F|  |TAMS 0x0000000083700000, 0x0000000083700000| Untracked 
|  28|0x0000000083800000, 0x0000000083800000, 0x0000000083900000|  0%| F|  |TAMS 0x0000000083800000, 0x0000000083800000| Untracked 
|  29|0x0000000083900000, 0x0000000083900000, 0x0000000083a00000|  0%| F|  |TAMS 0x0000000083900000, 0x0000000083900000| Untracked 
|  30|0x0000000083a00000, 0x0000000083a00000, 0x0000000083b00000|  0%| F|  |TAMS 0x0000000083a00000, 0x0000000083a00000| Untracked 
|  31|0x0000000083b00000, 0x0000000083b00000, 0x0000000083c00000|  0%| F|  |TAMS 0x0000000083b00000, 0x0000000083b00000| Untracked 
|  32|0x0000000083c00000, 0x0000000083c00000, 0x0000000083d00000|  0%| F|  |TAMS 0x0000000083c00000, 0x0000000083c00000| Untracked 
|  33|0x0000000083d00000, 0x0000000083d00000, 0x0000000083e00000|  0%| F|  |TAMS 0x0000000083d00000, 0x0000000083d00000| Untracked 
|  34|0x0000000083e00000, 0x0000000083e00000, 0x0000000083f00000|  0%| F|  |TAMS 0x0000000083e00000, 0x0000000083e00000| Untracked 
|  35|0x0000000083f00000, 0x0000000083f00000, 0x0000000084000000|  0%| F|  |TAMS 0x0000000083f00000, 0x0000000083f00000| Untracked 
|  36|0x0000000084000000, 0x0000000084000000, 0x0000000084100000|  0%| F|  |TAMS 0x0000000084000000, 0x0000000084000000| Untracked 
|  37|0x0000000084100000, 0x0000000084100000, 0x0000000084200000|  0%| F|  |TAMS 0x0000000084100000, 0x0000000084100000| Untracked 
|  38|0x0000000084200000, 0x0000000084200000, 0x0000000084300000|  0%| F|  |TAMS 0x0000000084200000, 0x0000000084200000| Untracked 
|  39|0x0000000084300000, 0x0000000084300000, 0x0000000084400000|  0%| F|  |TAMS 0x0000000084300000, 0x0000000084300000| Untracked 
|  40|0x0000000084400000, 0x0000000084400000, 0x0000000084500000|  0%| F|  |TAMS 0x0000000084400000, 0x0000000084400000| Untracked 
|  41|0x0000000084500000, 0x0000000084500000, 0x0000000084600000|  0%| F|  |TAMS 0x0000000084500000, 0x0000000084500000| Untracked 
|  42|0x0000000084600000, 0x00000000846eadd0, 0x0000000084700000| 91%| S|  |TAMS 0x0000000084600000, 0x0000000084600000| Complete 
|  43|0x0000000084700000, 0x0000000084800000, 0x0000000084800000|100%| S|  |TAMS 0x0000000084700000, 0x0000000084700000| Complete 
|  44|0x0000000084800000, 0x0000000084900000, 0x0000000084900000|100%| S|  |TAMS 0x0000000084800000, 0x0000000084800000| Complete 
|  45|0x0000000084900000, 0x0000000084a00000, 0x0000000084a00000|100%| S|  |TAMS 0x0000000084900000, 0x0000000084900000| Complete 
|  46|0x0000000084a00000, 0x0000000084b00000, 0x0000000084b00000|100%| S|  |TAMS 0x0000000084a00000, 0x0000000084a00000| Complete 
|  47|0x0000000084b00000, 0x0000000084c00000, 0x0000000084c00000|100%| S|  |TAMS 0x0000000084b00000, 0x0000000084b00000| Complete 
|  48|0x0000000084c00000, 0x0000000084d00000, 0x0000000084d00000|100%| S|  |TAMS 0x0000000084c00000, 0x0000000084c00000| Complete 
|  49|0x0000000084d00000, 0x0000000084e00000, 0x0000000084e00000|100%| S|  |TAMS 0x0000000084d00000, 0x0000000084d00000| Complete 
|  50|0x0000000084e00000, 0x0000000084f00000, 0x0000000084f00000|100%| S|  |TAMS 0x0000000084e00000, 0x0000000084e00000| Complete 
|  51|0x0000000084f00000, 0x0000000085000000, 0x0000000085000000|100%| S|  |TAMS 0x0000000084f00000, 0x0000000084f00000| Complete 
|  52|0x0000000085000000, 0x0000000085100000, 0x0000000085100000|100%| E|CS|TAMS 0x0000000085000000, 0x0000000085000000| Complete 
|  53|0x0000000085100000, 0x0000000085200000, 0x0000000085200000|100%| E|CS|TAMS 0x0000000085100000, 0x0000000085100000| Complete 
|  54|0x0000000085200000, 0x0000000085300000, 0x0000000085300000|100%| E|CS|TAMS 0x0000000085200000, 0x0000000085200000| Complete 
|  55|0x0000000085300000, 0x0000000085400000, 0x0000000085400000|100%| E|CS|TAMS 0x0000000085300000, 0x0000000085300000| Complete 
|  56|0x0000000085400000, 0x0000000085500000, 0x0000000085500000|100%| E|CS|TAMS 0x0000000085400000, 0x0000000085400000| Complete 
|  57|0x0000000085500000, 0x0000000085600000, 0x0000000085600000|100%| E|CS|TAMS 0x0000000085500000, 0x0000000085500000| Complete 
|  58|0x0000000085600000, 0x0000000085700000, 0x0000000085700000|100%| E|CS|TAMS 0x0000000085600000, 0x0000000085600000| Complete 
|  59|0x0000000085700000, 0x0000000085800000, 0x0000000085800000|100%| E|CS|TAMS 0x0000000085700000, 0x0000000085700000| Complete 
|  60|0x0000000085800000, 0x0000000085900000, 0x0000000085900000|100%| E|CS|TAMS 0x0000000085800000, 0x0000000085800000| Complete 
|  61|0x0000000085900000, 0x0000000085a00000, 0x0000000085a00000|100%| E|CS|TAMS 0x0000000085900000, 0x0000000085900000| Complete 
|  62|0x0000000085a00000, 0x0000000085b00000, 0x0000000085b00000|100%| E|CS|TAMS 0x0000000085a00000, 0x0000000085a00000| Complete 
|  63|0x0000000085b00000, 0x0000000085c00000, 0x0000000085c00000|100%| E|CS|TAMS 0x0000000085b00000, 0x0000000085b00000| Complete 
|  64|0x0000000085c00000, 0x0000000085d00000, 0x0000000085d00000|100%| E|CS|TAMS 0x0000000085c00000, 0x0000000085c00000| Complete 
|  65|0x0000000085d00000, 0x0000000085e00000, 0x0000000085e00000|100%| E|CS|TAMS 0x0000000085d00000, 0x0000000085d00000| Complete 
|  66|0x0000000085e00000, 0x0000000085f00000, 0x0000000085f00000|100%| E|CS|TAMS 0x0000000085e00000, 0x0000000085e00000| Complete 
|  67|0x0000000085f00000, 0x0000000086000000, 0x0000000086000000|100%| E|CS|TAMS 0x0000000085f00000, 0x0000000085f00000| Complete 
|  68|0x0000000086000000, 0x0000000086100000, 0x0000000086100000|100%| E|CS|TAMS 0x0000000086000000, 0x0000000086000000| Complete 
|  69|0x0000000086100000, 0x0000000086200000, 0x0000000086200000|100%| E|CS|TAMS 0x0000000086100000, 0x0000000086100000| Complete 
|  70|0x0000000086200000, 0x0000000086300000, 0x0000000086300000|100%| E|CS|TAMS 0x0000000086200000, 0x0000000086200000| Complete 
|  71|0x0000000086300000, 0x0000000086400000, 0x0000000086400000|100%| E|CS|TAMS 0x0000000086300000, 0x0000000086300000| Complete 
|  72|0x0000000086400000, 0x0000000086500000, 0x0000000086500000|100%| E|CS|TAMS 0x0000000086400000, 0x0000000086400000| Complete 
|  73|0x0000000086500000, 0x0000000086600000, 0x0000000086600000|100%| E|CS|TAMS 0x0000000086500000, 0x0000000086500000| Complete 
|  74|0x0000000086600000, 0x0000000086700000, 0x0000000086700000|100%| E|CS|TAMS 0x0000000086600000, 0x0000000086600000| Complete 
|  75|0x0000000086700000, 0x0000000086800000, 0x0000000086800000|100%| E|CS|TAMS 0x0000000086700000, 0x0000000086700000| Complete 
|  76|0x0000000086800000, 0x0000000086900000, 0x0000000086900000|100%| E|CS|TAMS 0x0000000086800000, 0x0000000086800000| Complete 
|  77|0x0000000086900000, 0x0000000086a00000, 0x0000000086a00000|100%| E|CS|TAMS 0x0000000086900000, 0x0000000086900000| Complete 
|  78|0x0000000086a00000, 0x0000000086b00000, 0x0000000086b00000|100%| E|CS|TAMS 0x0000000086a00000, 0x0000000086a00000| Complete 
|  79|0x0000000086b00000, 0x0000000086c00000, 0x0000000086c00000|100%| E|CS|TAMS 0x0000000086b00000, 0x0000000086b00000| Complete 
|  80|0x0000000086c00000, 0x0000000086d00000, 0x0000000086d00000|100%| E|CS|TAMS 0x0000000086c00000, 0x0000000086c00000| Complete 
|  81|0x0000000086d00000, 0x0000000086e00000, 0x0000000086e00000|100%| E|CS|TAMS 0x0000000086d00000, 0x0000000086d00000| Complete 
|  82|0x0000000086e00000, 0x0000000086f00000, 0x0000000086f00000|100%| E|  |TAMS 0x0000000086e00000, 0x0000000086e00000| Complete 
|  83|0x0000000086f00000, 0x0000000086f00000, 0x0000000087000000|  0%| F|  |TAMS 0x0000000086f00000, 0x0000000086f00000| Untracked 
|  84|0x0000000087000000, 0x0000000087000000, 0x0000000087100000|  0%| F|  |TAMS 0x0000000087000000, 0x0000000087000000| Untracked 
|  85|0x0000000087100000, 0x0000000087100000, 0x0000000087200000|  0%| F|  |TAMS 0x0000000087100000, 0x0000000087100000| Untracked 
|  86|0x0000000087200000, 0x0000000087200000, 0x0000000087300000|  0%| F|  |TAMS 0x0000000087200000, 0x0000000087200000| Untracked 
|  87|0x0000000087300000, 0x0000000087300000, 0x0000000087400000|  0%| F|  |TAMS 0x0000000087300000, 0x0000000087300000| Untracked 
|  88|0x0000000087400000, 0x0000000087400000, 0x0000000087500000|  0%| F|  |TAMS 0x0000000087400000, 0x0000000087400000| Untracked 
|  89|0x0000000087500000, 0x0000000087500000, 0x0000000087600000|  0%| F|  |TAMS 0x0000000087500000, 0x0000000087500000| Untracked 
|  90|0x0000000087600000, 0x0000000087600000, 0x0000000087700000|  0%| F|  |TAMS 0x0000000087600000, 0x0000000087600000| Untracked 
|  91|0x0000000087700000, 0x0000000087700000, 0x0000000087800000|  0%| F|  |TAMS 0x0000000087700000, 0x0000000087700000| Untracked 
|  92|0x0000000087800000, 0x0000000087800000, 0x0000000087900000|  0%| F|  |TAMS 0x0000000087800000, 0x0000000087800000| Untracked 
|  93|0x0000000087900000, 0x0000000087900000, 0x0000000087a00000|  0%| F|  |TAMS 0x0000000087900000, 0x0000000087900000| Untracked 
|  94|0x0000000087a00000, 0x0000000087a00000, 0x0000000087b00000|  0%| F|  |TAMS 0x0000000087a00000, 0x0000000087a00000| Untracked 
|  95|0x0000000087b00000, 0x0000000087b00000, 0x0000000087c00000|  0%| F|  |TAMS 0x0000000087b00000, 0x0000000087b00000| Untracked 
|  96|0x0000000087c00000, 0x0000000087c00000, 0x0000000087d00000|  0%| F|  |TAMS 0x0000000087c00000, 0x0000000087c00000| Untracked 
|  97|0x0000000087d00000, 0x0000000087d00000, 0x0000000087e00000|  0%| F|  |TAMS 0x0000000087d00000, 0x0000000087d00000| Untracked 
|  98|0x0000000087e00000, 0x0000000087e00000, 0x0000000087f00000|  0%| F|  |TAMS 0x0000000087e00000, 0x0000000087e00000| Untracked 
|  99|0x0000000087f00000, 0x0000000087f00000, 0x0000000088000000|  0%| F|  |TAMS 0x0000000087f00000, 0x0000000087f00000| Untracked 
| 100|0x0000000088000000, 0x0000000088000000, 0x0000000088100000|  0%| F|  |TAMS 0x0000000088000000, 0x0000000088000000| Untracked 
| 101|0x0000000088100000, 0x0000000088100000, 0x0000000088200000|  0%| F|  |TAMS 0x0000000088100000, 0x0000000088100000| Untracked 
| 102|0x0000000088200000, 0x0000000088200000, 0x0000000088300000|  0%| F|  |TAMS 0x0000000088200000, 0x0000000088200000| Untracked 
| 103|0x0000000088300000, 0x0000000088300000, 0x0000000088400000|  0%| F|  |TAMS 0x0000000088300000, 0x0000000088300000| Untracked 
| 104|0x0000000088400000, 0x0000000088400000, 0x0000000088500000|  0%| F|  |TAMS 0x0000000088400000, 0x0000000088400000| Untracked 
| 105|0x0000000088500000, 0x0000000088500000, 0x0000000088600000|  0%| F|  |TAMS 0x0000000088500000, 0x0000000088500000| Untracked 
| 106|0x0000000088600000, 0x0000000088600000, 0x0000000088700000|  0%| F|  |TAMS 0x0000000088600000, 0x0000000088600000| Untracked 
| 107|0x0000000088700000, 0x0000000088700000, 0x0000000088800000|  0%| F|  |TAMS 0x0000000088700000, 0x0000000088700000| Untracked 
| 108|0x0000000088800000, 0x0000000088800000, 0x0000000088900000|  0%| F|  |TAMS 0x0000000088800000, 0x0000000088800000| Untracked 
| 109|0x0000000088900000, 0x0000000088900000, 0x0000000088a00000|  0%| F|  |TAMS 0x0000000088900000, 0x0000000088900000| Untracked 
| 110|0x0000000088a00000, 0x0000000088a00000, 0x0000000088b00000|  0%| F|  |TAMS 0x0000000088a00000, 0x0000000088a00000| Untracked 
| 111|0x0000000088b00000, 0x0000000088b00000, 0x0000000088c00000|  0%| F|  |TAMS 0x0000000088b00000, 0x0000000088b00000| Untracked 
| 112|0x0000000088c00000, 0x0000000088c00000, 0x0000000088d00000|  0%| F|  |TAMS 0x0000000088c00000, 0x0000000088c00000| Untracked 
| 113|0x0000000088d00000, 0x0000000088d00000, 0x0000000088e00000|  0%| F|  |TAMS 0x0000000088d00000, 0x0000000088d00000| Untracked 
| 114|0x0000000088e00000, 0x0000000088e00000, 0x0000000088f00000|  0%| F|  |TAMS 0x0000000088e00000, 0x0000000088e00000| Untracked 
| 115|0x0000000088f00000, 0x0000000088f00000, 0x0000000089000000|  0%| F|  |TAMS 0x0000000088f00000, 0x0000000088f00000| Untracked 
| 116|0x0000000089000000, 0x0000000089000000, 0x0000000089100000|  0%| F|  |TAMS 0x0000000089000000, 0x0000000089000000| Untracked 
| 117|0x0000000089100000, 0x0000000089100000, 0x0000000089200000|  0%| F|  |TAMS 0x0000000089100000, 0x0000000089100000| Untracked 
| 118|0x0000000089200000, 0x0000000089200000, 0x0000000089300000|  0%| F|  |TAMS 0x0000000089200000, 0x0000000089200000| Untracked 
| 119|0x0000000089300000, 0x0000000089300000, 0x0000000089400000|  0%| F|  |TAMS 0x0000000089300000, 0x0000000089300000| Untracked 
| 120|0x0000000089400000, 0x0000000089400000, 0x0000000089500000|  0%| F|  |TAMS 0x0000000089400000, 0x0000000089400000| Untracked 
| 121|0x0000000089500000, 0x0000000089500000, 0x0000000089600000|  0%| F|  |TAMS 0x0000000089500000, 0x0000000089500000| Untracked 
| 122|0x0000000089600000, 0x0000000089600000, 0x0000000089700000|  0%| F|  |TAMS 0x0000000089600000, 0x0000000089600000| Untracked 
| 123|0x0000000089700000, 0x0000000089700000, 0x0000000089800000|  0%| F|  |TAMS 0x0000000089700000, 0x0000000089700000| Untracked 
| 124|0x0000000089800000, 0x0000000089800000, 0x0000000089900000|  0%| F|  |TAMS 0x0000000089800000, 0x0000000089800000| Untracked 
| 125|0x0000000089900000, 0x0000000089900000, 0x0000000089a00000|  0%| F|  |TAMS 0x0000000089900000, 0x0000000089900000| Untracked 
| 126|0x0000000089a00000, 0x0000000089a00000, 0x0000000089b00000|  0%| F|  |TAMS 0x0000000089a00000, 0x0000000089a00000| Untracked 
| 127|0x0000000089b00000, 0x0000000089b80800, 0x0000000089c00000| 50%| E|  |TAMS 0x0000000089b00000, 0x0000000089b00000| Complete 

Card table byte_map: [0x0000020db9a40000,0x0000020db9e40000] _byte_map_base: 0x0000020db9632000

Marking Bits (Prev, Next): (CMBitMap*) 0x0000020da1ce12e0, (CMBitMap*) 0x0000020da1ce12a8
 Prev Bits: [0x0000020dbc1d0000, 0x0000020dbe160000)
 Next Bits: [0x0000020dba240000, 0x0000020dbc1d0000)

Polling page: 0x0000020d9fc00000

Metaspace:

Usage:
  Non-class:     27.72 MB capacity,    27.22 MB ( 98%) used,   463.63 KB (  2%) free+waste,    48.56 KB ( <1%) overhead. 
      Class:      3.51 MB capacity,     3.27 MB ( 93%) used,   230.77 KB (  6%) free+waste,    20.63 KB ( <1%) overhead. 
       Both:     31.23 MB capacity,    30.49 MB ( 98%) used,   694.40 KB (  2%) free+waste,    69.19 KB ( <1%) overhead. 

Virtual space:
  Non-class space:       28.00 MB reserved,      27.92 MB (>99%) committed 
      Class space:        1.00 GB reserved,       3.63 MB ( <1%) committed 
             Both:        1.03 GB reserved,      31.55 MB (  3%) committed 

Chunk freelists:
   Non-Class:  17.00 KB
       Class:  17.00 KB
        Both:  34.00 KB

MaxMetaspaceSize: 17179869184.00 GB
CompressedClassSpaceSize: 1.00 GB

CodeHeap 'non-profiled nmethods': size=120000Kb used=2478Kb max_used=2478Kb free=117521Kb
 bounds [0x0000020db1dd0000, 0x0000020db2040000, 0x0000020db9300000]
CodeHeap 'profiled nmethods': size=120000Kb used=9987Kb max_used=9987Kb free=110013Kb
 bounds [0x0000020daa8a0000, 0x0000020dab270000, 0x0000020db1dd0000]
CodeHeap 'non-nmethods': size=5760Kb used=1137Kb max_used=1178Kb free=4622Kb
 bounds [0x0000020daa300000, 0x0000020daa570000, 0x0000020daa8a0000]
 total_blobs=6311 nmethods=4400 adapters=377
 compilation: enabled
              stopped_count=0, restarted_count=0
 full_count=0

Compilation events (20 events):
Event: 4.962 Thread 0x0000020dc0be5000 4322       3       jdk.internal.jrtfs.JrtFileSystem::ensureOpen (16 bytes)
Event: 4.962 Thread 0x0000020dc0be5000 nmethod 4322 0x0000020dab223390 code [0x0000020dab223560, 0x0000020dab2237f0]
Event: 4.962 Thread 0x0000020dc0be5000 4330       3       jdk.internal.jrtfs.JrtFileSystemProvider::toJrtPath (27 bytes)
Event: 4.962 Thread 0x0000020dc0be5000 nmethod 4330 0x0000020dab223910 code [0x0000020dab223b00, 0x0000020dab224080]
Event: 4.962 Thread 0x0000020dc0be5000 4319       3       jdk.internal.jrtfs.JrtPath::hashCode (8 bytes)
Event: 4.962 Thread 0x0000020dc0be5000 nmethod 4319 0x0000020dab224210 code [0x0000020dab2243c0, 0x0000020dab224550]
Event: 4.962 Thread 0x0000020dc0be5000 4320       1       jdk.internal.jimage.ImageReader$Resource::isCompleted (2 bytes)
Event: 4.962 Thread 0x0000020dc0be5000 nmethod 4320 0x0000020db2033590 code [0x0000020db2033740, 0x0000020db2033858]
Event: 4.962 Thread 0x0000020dc0be5000 4318       1       jdk.internal.jimage.ImageReader$Directory::isDirectory (2 bytes)
Event: 4.962 Thread 0x0000020dc0be5000 nmethod 4318 0x0000020db2033910 code [0x0000020db2033ac0, 0x0000020db2033bd8]
Event: 4.962 Thread 0x0000020dc0be5000 4326       1       jdk.internal.jimage.ImageReader$Node::isDirectory (2 bytes)
Event: 4.962 Thread 0x0000020dc0be5000 nmethod 4326 0x0000020db2033c90 code [0x0000020db2033e40, 0x0000020db2033f58]
Event: 4.962 Thread 0x0000020dc0be5000 4329       1       com.sun.tools.javac.file.Locations$ModuleLocationHandler::getName (5 bytes)
Event: 4.962 Thread 0x0000020dc0be5000 nmethod 4329 0x0000020db2034010 code [0x0000020db20341c0, 0x0000020db20342d8]
Event: 4.963 Thread 0x0000020dc0be5000 4332       3       sun.invoke.util.VerifyType::isNullConversion (157 bytes)
Event: 4.964 Thread 0x0000020dc0bdb000 nmethod 4263 0x0000020db2034390 code [0x0000020db2034660, 0x0000020db2037060]
Event: 4.964 Thread 0x0000020dc0bdb000 4301       4       java.util.TimSort::binarySort (223 bytes)
Event: 4.964 Thread 0x0000020dc0be5000 nmethod 4332 0x0000020dab224610 code [0x0000020dab224920, 0x0000020dab225e70]
Event: 4.964 Thread 0x0000020dc0be5000 4333       3       com.sun.tools.javac.util.ListBuffer::append (66 bytes)
Event: 4.964 Thread 0x0000020dc0be5000 nmethod 4333 0x0000020dab226310 code [0x0000020dab226540, 0x0000020dab226dc0]

GC Heap History (6 events):
Event: 1.115 GC heap before
{Heap before GC invocations=0 (full 0):
 garbage-first heap   total 131072K, used 23552K [0x0000000081c00000, 0x0000000100000000)
  region size 1024K, 24 young (24576K), 0 survivors (0K)
 Metaspace       used 13446K, capacity 13727K, committed 14080K, reserved 1062912K
  class space    used 1362K, capacity 1428K, committed 1536K, reserved 1048576K
}
Event: 1.124 GC heap after
{Heap after GC invocations=1 (full 0):
 garbage-first heap   total 131072K, used 3646K [0x0000000081c00000, 0x0000000100000000)
  region size 1024K, 3 young (3072K), 3 survivors (3072K)
 Metaspace       used 13446K, capacity 13727K, committed 14080K, reserved 1062912K
  class space    used 1362K, capacity 1428K, committed 1536K, reserved 1048576K
}
Event: 2.116 GC heap before
{Heap before GC invocations=1 (full 0):
 garbage-first heap   total 131072K, used 53822K [0x0000000081c00000, 0x0000000100000000)
  region size 1024K, 53 young (54272K), 3 survivors (3072K)
 Metaspace       used 20747K, capacity 21112K, committed 21296K, reserved 1069056K
  class space    used 2234K, capacity 2357K, committed 2432K, reserved 1048576K
}
Event: 2.126 GC heap after
{Heap after GC invocations=2 (full 0):
 garbage-first heap   total 131072K, used 6852K [0x0000000081c00000, 0x0000000100000000)
  region size 1024K, 7 young (7168K), 7 survivors (7168K)
 Metaspace       used 20747K, capacity 21112K, committed 21296K, reserved 1069056K
  class space    used 2234K, capacity 2357K, committed 2432K, reserved 1048576K
}
Event: 3.239 GC heap before
{Heap before GC invocations=3 (full 0):
 garbage-first heap   total 131072K, used 62148K [0x0000000081c00000, 0x0000000100000000)
  region size 1024K, 61 young (62464K), 7 survivors (7168K)
 Metaspace       used 22000K, capacity 22363K, committed 22576K, reserved 1069056K
  class space    used 2298K, capacity 2430K, committed 2432K, reserved 1048576K
}
Event: 3.255 GC heap after
{Heap after GC invocations=4 (full 0):
 garbage-first heap   total 131072K, used 11624K [0x0000000081c00000, 0x0000000100000000)
  region size 1024K, 8 young (8192K), 8 survivors (8192K)
 Metaspace       used 22000K, capacity 22363K, committed 22576K, reserved 1069056K
  class space    used 2298K, capacity 2430K, committed 2432K, reserved 1048576K
}

Deoptimization events (20 events):
Event: 4.926 Thread 0x0000020da1c9f800 Uncommon trap: trap_request=0xffffffc6 fr.pc=0x0000020db1fa89cc relative=0x00000000000003cc
Event: 4.926 Thread 0x0000020da1c9f800 Uncommon trap: reason=bimorphic_or_optimized_type_check action=maybe_recompile pc=0x0000020db1fa89cc method=java.util.regex.Matcher.match(II)Z @ 121 c2
Event: 4.926 Thread 0x0000020da1c9f800 DEOPT PACKING pc=0x0000020db1fa89cc sp=0x000000c0e27fc550
Event: 4.926 Thread 0x0000020da1c9f800 DEOPT UNPACKING pc=0x0000020daa328f2f sp=0x000000c0e27fc4c8 mode 2
Event: 4.951 Thread 0x0000020da1c9f800 Uncommon trap: trap_request=0xfffffff4 fr.pc=0x0000020db20178fc relative=0x0000000000000a3c
Event: 4.951 Thread 0x0000020da1c9f800 Uncommon trap: reason=null_check action=make_not_entrant pc=0x0000020db20178fc method=java.util.TimSort.binarySort([Ljava/lang/Object;IIILjava/util/Comparator;)V @ 193 c2
Event: 4.951 Thread 0x0000020da1c9f800 DEOPT PACKING pc=0x0000020db20178fc sp=0x000000c0e27fc0b0
Event: 4.951 Thread 0x0000020da1c9f800 DEOPT UNPACKING pc=0x0000020daa328f2f sp=0x000000c0e27fc058 mode 2
Event: 4.956 Thread 0x0000020da1c9f800 Uncommon trap: trap_request=0xffffffc6 fr.pc=0x0000020db1fa89cc relative=0x00000000000003cc
Event: 4.956 Thread 0x0000020da1c9f800 Uncommon trap: reason=bimorphic_or_optimized_type_check action=maybe_recompile pc=0x0000020db1fa89cc method=java.util.regex.Matcher.match(II)Z @ 121 c2
Event: 4.956 Thread 0x0000020da1c9f800 DEOPT PACKING pc=0x0000020db1fa89cc sp=0x000000c0e27fcf10
Event: 4.956 Thread 0x0000020da1c9f800 DEOPT UNPACKING pc=0x0000020daa328f2f sp=0x000000c0e27fce88 mode 2
Event: 4.957 Thread 0x0000020da1c9f800 Uncommon trap: trap_request=0xffffffc6 fr.pc=0x0000020db1fa89cc relative=0x00000000000003cc
Event: 4.957 Thread 0x0000020da1c9f800 Uncommon trap: reason=bimorphic_or_optimized_type_check action=maybe_recompile pc=0x0000020db1fa89cc method=java.util.regex.Matcher.match(II)Z @ 121 c2
Event: 4.957 Thread 0x0000020da1c9f800 DEOPT PACKING pc=0x0000020db1fa89cc sp=0x000000c0e27fcf10
Event: 4.957 Thread 0x0000020da1c9f800 DEOPT UNPACKING pc=0x0000020daa328f2f sp=0x000000c0e27fce88 mode 2
Event: 4.957 Thread 0x0000020da1c9f800 Uncommon trap: trap_request=0xffffffc6 fr.pc=0x0000020db1fa89cc relative=0x00000000000003cc
Event: 4.957 Thread 0x0000020da1c9f800 Uncommon trap: reason=bimorphic_or_optimized_type_check action=maybe_recompile pc=0x0000020db1fa89cc method=java.util.regex.Matcher.match(II)Z @ 121 c2
Event: 4.957 Thread 0x0000020da1c9f800 DEOPT PACKING pc=0x0000020db1fa89cc sp=0x000000c0e27fcf10
Event: 4.957 Thread 0x0000020da1c9f800 DEOPT UNPACKING pc=0x0000020daa328f2f sp=0x000000c0e27fce88 mode 2

Classes redefined (0 events):
No events

Internal exceptions (20 events):
Event: 4.609 Thread 0x0000020da1c9f800 Exception <a 'sun/nio/fs/WindowsException'{0x00000000865e6168}> (0x00000000865e6168) thrown at [c:/cygwin64/tmp/openjdk-jdk11u-windows-x64-hotspot/workspace/build/src/src/hotspot/share/prims/jni.cpp, line 615]
Event: 4.717 Thread 0x0000020da1c9f800 Exception <a 'sun/nio/fs/WindowsException'{0x00000000860e35a0}> (0x00000000860e35a0) thrown at [c:/cygwin64/tmp/openjdk-jdk11u-windows-x64-hotspot/workspace/build/src/src/hotspot/share/prims/jni.cpp, line 615]
Event: 4.718 Thread 0x0000020da1c9f800 Exception <a 'sun/nio/fs/WindowsException'{0x00000000860e5f18}> (0x00000000860e5f18) thrown at [c:/cygwin64/tmp/openjdk-jdk11u-windows-x64-hotspot/workspace/build/src/src/hotspot/share/prims/jni.cpp, line 615]
Event: 4.719 Thread 0x0000020da1c9f800 Exception <a 'sun/nio/fs/WindowsException'{0x00000000860e7998}> (0x00000000860e7998) thrown at [c:/cygwin64/tmp/openjdk-jdk11u-windows-x64-hotspot/workspace/build/src/src/hotspot/share/prims/jni.cpp, line 615]
Event: 4.726 Thread 0x0000020da1c9f800 Exception <a 'sun/nio/fs/WindowsException'{0x0000000085f17eb8}> (0x0000000085f17eb8) thrown at [c:/cygwin64/tmp/openjdk-jdk11u-windows-x64-hotspot/workspace/build/src/src/hotspot/share/prims/jni.cpp, line 615]
Event: 4.726 Thread 0x0000020da1c9f800 Exception <a 'sun/nio/fs/WindowsException'{0x0000000085f181a8}> (0x0000000085f181a8) thrown at [c:/cygwin64/tmp/openjdk-jdk11u-windows-x64-hotspot/workspace/build/src/src/hotspot/share/prims/jni.cpp, line 615]
Event: 4.727 Thread 0x0000020da1c9f800 Exception <a 'java/lang/NoSuchMethodError'{0x0000000085f1fed8}: 'int java.lang.invoke.DirectMethodHandle$Holder.invokeVirtual(java.lang.Object, java.lang.Object, java.lang.Object)'> (0x0000000085f1fed8) thrown at [c:/cygwin64/tmp/openjdk-jdk11u-windows-x6
Event: 4.783 Thread 0x0000020da1c9f800 Exception <a 'java/lang/NoSuchMethodError'{0x0000000085635240}: 'int java.lang.invoke.DirectMethodHandle$Holder.invokeStaticInit(java.lang.Object, java.lang.Object)'> (0x0000000085635240) thrown at [c:/cygwin64/tmp/openjdk-jdk11u-windows-x64-hotspot/works
Event: 4.835 Thread 0x0000020da1c9f800 Exception <a 'java/lang/NoSuchMethodError'{0x0000000085502618}: 'int java.lang.invoke.DirectMethodHandle$Holder.invokeVirtual(java.lang.Object, java.lang.Object)'> (0x0000000085502618) thrown at [c:/cygwin64/tmp/openjdk-jdk11u-windows-x64-hotspot/workspac
Event: 4.840 Thread 0x0000020da1c9f800 Exception <a 'java/lang/NoSuchMethodError'{0x00000000855311f8}: 'java.lang.Object java.lang.invoke.Invokers$Holder.linkToTargetMethod(java.lang.Object, java.lang.Object, java.lang.Object, java.lang.Object, java.lang.Object, java.lang.Object)'> (0x00000000
Event: 4.849 Thread 0x0000020da1c9f800 Exception <a 'sun/nio/fs/WindowsException'{0x000000008555cd60}> (0x000000008555cd60) thrown at [c:/cygwin64/tmp/openjdk-jdk11u-windows-x64-hotspot/workspace/build/src/src/hotspot/share/prims/jni.cpp, line 615]
Event: 4.849 Thread 0x0000020da1c9f800 Exception <a 'sun/nio/fs/WindowsException'{0x000000008555d020}> (0x000000008555d020) thrown at [c:/cygwin64/tmp/openjdk-jdk11u-windows-x64-hotspot/workspace/build/src/src/hotspot/share/prims/jni.cpp, line 615]
Event: 4.945 Thread 0x0000020da1c9f800 Exception <a 'sun/nio/fs/WindowsException'{0x000000008527e5a0}> (0x000000008527e5a0) thrown at [c:/cygwin64/tmp/openjdk-jdk11u-windows-x64-hotspot/workspace/build/src/src/hotspot/share/prims/jni.cpp, line 615]
Event: 4.945 Thread 0x0000020da1c9f800 Exception <a 'sun/nio/fs/WindowsException'{0x000000008527e8b0}> (0x000000008527e8b0) thrown at [c:/cygwin64/tmp/openjdk-jdk11u-windows-x64-hotspot/workspace/build/src/src/hotspot/share/prims/jni.cpp, line 615]
Event: 4.945 Thread 0x0000020da1c9f800 Exception <a 'sun/nio/fs/WindowsException'{0x000000008527f938}> (0x000000008527f938) thrown at [c:/cygwin64/tmp/openjdk-jdk11u-windows-x64-hotspot/workspace/build/src/src/hotspot/share/prims/jni.cpp, line 615]
Event: 4.945 Thread 0x0000020da1c9f800 Exception <a 'sun/nio/fs/WindowsException'{0x000000008527fcc8}> (0x000000008527fcc8) thrown at [c:/cygwin64/tmp/openjdk-jdk11u-windows-x64-hotspot/workspace/build/src/src/hotspot/share/prims/jni.cpp, line 615]
Event: 4.945 Thread 0x0000020da1c9f800 Exception <a 'sun/nio/fs/WindowsException'{0x0000000085280e08}> (0x0000000085280e08) thrown at [c:/cygwin64/tmp/openjdk-jdk11u-windows-x64-hotspot/workspace/build/src/src/hotspot/share/prims/jni.cpp, line 615]
Event: 4.945 Thread 0x0000020da1c9f800 Exception <a 'sun/nio/fs/WindowsException'{0x0000000085281128}> (0x0000000085281128) thrown at [c:/cygwin64/tmp/openjdk-jdk11u-windows-x64-hotspot/workspace/build/src/src/hotspot/share/prims/jni.cpp, line 615]
Event: 4.951 Thread 0x0000020da1c9f800 Implicit null exception at 0x0000020db20170c8 to 0x0000020db20178ba
Event: 4.962 Thread 0x0000020da1c9f800 Exception <a 'java/lang/NoSuchMethodError'{0x000000008514c368}: 'int java.lang.invoke.DirectMethodHandle$Holder.invokeSpecial(java.lang.Object, java.lang.Object, java.lang.Object, java.lang.Object)'> (0x000000008514c368) thrown at [c:/cygwin64/tmp/openjdk

Events (20 events):
Event: 4.951 loading class jdk/internal/jrtfs/JrtFileAttributes
Event: 4.951 loading class jdk/internal/jrtfs/JrtFileAttributes done
Event: 4.951 Executing VM operation: Deoptimize
Event: 4.951 Executing VM operation: Deoptimize done
Event: 4.956 loading class java/util/regex/Pattern$Bound
Event: 4.956 loading class java/util/regex/Pattern$Bound done
Event: 4.962 loading class com/sun/tools/javac/comp/Modules
Event: 4.962 loading class com/sun/tools/javac/comp/Modules done
Event: 4.962 loading class com/sun/tools/javac/code/Symbol$ModuleSymbol
Event: 4.962 loading class com/sun/tools/javac/code/Symbol$ModuleSymbol done
Event: 4.963 loading class com/sun/tools/javac/code/Symbol$ModuleSymbol
Event: 4.963 loading class com/sun/tools/javac/code/Symbol$ModuleSymbol done
Event: 4.963 loading class com/sun/tools/javac/code/Symbol$ModuleSymbol
Event: 4.963 loading class com/sun/tools/javac/code/Symbol$ModuleSymbol done
Event: 4.965 loading class com/sun/tools/javac/code/Symbol
Event: 4.965 loading class com/sun/tools/javac/code/Symbol done
Event: 4.965 loading class com/sun/tools/javac/code/Symbol$ModuleSymbol
Event: 4.965 loading class com/sun/tools/javac/code/Symbol$ModuleSymbol done
Event: 4.965 loading class com/sun/tools/javac/comp/Modules
Event: 4.965 loading class com/sun/tools/javac/comp/Modules done


Dynamic libraries:
0x00007ff7fcfb0000 - 0x00007ff7fcfbd000 	C:\Program Files\AdoptOpenJDK\jdk-11.0.6.10-hotspot\bin\java.exe
0x00007ffdc4c90000 - 0x00007ffdc4e86000 	C:\WINDOWS\SYSTEM32\ntdll.dll
0x00007ffd8f790000 - 0x00007ffd8f7a2000 	C:\Program Files\Avast Software\Avast\aswhook.dll
0x00007ffdc46b0000 - 0x00007ffdc476d000 	C:\WINDOWS\System32\KERNEL32.DLL
0x00007ffdc25c0000 - 0x00007ffdc2889000 	C:\WINDOWS\System32\KERNELBASE.dll
0x00007ffdc2a90000 - 0x00007ffdc2b90000 	C:\WINDOWS\System32\ucrtbase.dll
0x00007ffdb48f0000 - 0x00007ffdb4907000 	C:\Program Files\AdoptOpenJDK\jdk-11.0.6.10-hotspot\bin\jli.dll
0x00007ffdc4970000 - 0x00007ffdc4b10000 	C:\WINDOWS\System32\USER32.dll
0x00007ffdc23d0000 - 0x00007ffdc23f2000 	C:\WINDOWS\System32\win32u.dll
0x00007ffdc4b10000 - 0x00007ffdc4b3a000 	C:\WINDOWS\System32\GDI32.dll
0x00007ffdc2480000 - 0x00007ffdc2589000 	C:\WINDOWS\System32\gdi32full.dll
0x00007ffdc29f0000 - 0x00007ffdc2a8d000 	C:\WINDOWS\System32\msvcp_win.dll
0x00007ffdaed50000 - 0x00007ffdaed66000 	C:\Program Files\AdoptOpenJDK\jdk-11.0.6.10-hotspot\bin\VCRUNTIME140.dll
0x00007ffd8edb0000 - 0x00007ffd8f04b000 	C:\WINDOWS\WinSxS\amd64_microsoft.windows.common-controls_6595b64144ccf1df_6.0.19041.488_none_ca04af081b815d21\COMCTL32.dll
0x00007ffdc4bb0000 - 0x00007ffdc4c4e000 	C:\WINDOWS\System32\msvcrt.dll
0x00007ffdc3b00000 - 0x00007ffdc3b30000 	C:\WINDOWS\System32\IMM32.DLL
0x00007ffd8ea70000 - 0x00007ffd8eb0b000 	C:\Program Files\AdoptOpenJDK\jdk-11.0.6.10-hotspot\bin\msvcp140.dll
0x00007ffd70b60000 - 0x00007ffd7161c000 	C:\Program Files\AdoptOpenJDK\jdk-11.0.6.10-hotspot\bin\server\jvm.dll
0x00007ffdc2cf0000 - 0x00007ffdc2d9c000 	C:\WINDOWS\System32\ADVAPI32.dll
0x00007ffdc2da0000 - 0x00007ffdc2e3c000 	C:\WINDOWS\System32\sechost.dll
0x00007ffdc30f0000 - 0x00007ffdc321b000 	C:\WINDOWS\System32\RPCRT4.dll
0x00007ffdc2ec0000 - 0x00007ffdc2ec8000 	C:\WINDOWS\System32\PSAPI.DLL
0x00007ffdb3bc0000 - 0x00007ffdb3bc9000 	C:\WINDOWS\SYSTEM32\WSOCK32.dll
0x00007ffdc4b40000 - 0x00007ffdc4bab000 	C:\WINDOWS\System32\WS2_32.dll
0x00007ffdb9510000 - 0x00007ffdb9537000 	C:\WINDOWS\SYSTEM32\WINMM.dll
0x00007ffdbbe50000 - 0x00007ffdbbe5a000 	C:\WINDOWS\SYSTEM32\VERSION.dll
0x00007ffdc1020000 - 0x00007ffdc1032000 	C:\WINDOWS\SYSTEM32\kernel.appcore.dll
0x00007ffdbb1c0000 - 0x00007ffdbb1d0000 	C:\Program Files\AdoptOpenJDK\jdk-11.0.6.10-hotspot\bin\verify.dll
0x00007ffdc0a10000 - 0x00007ffdc0bf4000 	C:\WINDOWS\SYSTEM32\DBGHELP.DLL
0x00007ffdb9aa0000 - 0x00007ffdb9acc000 	C:\WINDOWS\SYSTEM32\dbgcore.DLL
0x00007ffdc2400000 - 0x00007ffdc2480000 	C:\WINDOWS\System32\bcryptPrimitives.dll
0x00007ffdada70000 - 0x00007ffdada98000 	C:\Program Files\AdoptOpenJDK\jdk-11.0.6.10-hotspot\bin\java.dll
0x00007ffdaeb90000 - 0x00007ffdaeb9e000 	C:\Program Files\AdoptOpenJDK\jdk-11.0.6.10-hotspot\bin\instrument.dll
0x00007ffdaebe0000 - 0x00007ffdaebf7000 	C:\Program Files\AdoptOpenJDK\jdk-11.0.6.10-hotspot\bin\zip.dll
0x00007ffdbaf90000 - 0x00007ffdbaf9a000 	C:\Program Files\AdoptOpenJDK\jdk-11.0.6.10-hotspot\bin\jimage.dll
0x00007ffdc3f60000 - 0x00007ffdc46a2000 	C:\WINDOWS\System32\SHELL32.dll
0x00007ffdc0150000 - 0x00007ffdc08e5000 	C:\WINDOWS\SYSTEM32\windows.storage.dll
0x00007ffdc3b30000 - 0x00007ffdc3e86000 	C:\WINDOWS\System32\combase.dll
0x00007ffdc1e40000 - 0x00007ffdc1e6c000 	C:\WINDOWS\SYSTEM32\Wldp.dll
0x00007ffdc37e0000 - 0x00007ffdc388e000 	C:\WINDOWS\System32\SHCORE.dll
0x00007ffdc2ed0000 - 0x00007ffdc2f25000 	C:\WINDOWS\System32\shlwapi.dll
0x00007ffdc2300000 - 0x00007ffdc2326000 	C:\WINDOWS\SYSTEM32\profapi.dll
0x00007ffdad450000 - 0x00007ffdad469000 	C:\Program Files\AdoptOpenJDK\jdk-11.0.6.10-hotspot\bin\net.dll
0x00007ffdb45d0000 - 0x00007ffdb46d0000 	C:\WINDOWS\SYSTEM32\WINHTTP.dll
0x00007ffdc1bc0000 - 0x00007ffdc1c2a000 	C:\WINDOWS\system32\mswsock.dll
0x00007ffdad430000 - 0x00007ffdad442000 	C:\Program Files\AdoptOpenJDK\jdk-11.0.6.10-hotspot\bin\nio.dll
0x00007ffdad5f0000 - 0x00007ffdad60a000 	C:\Program Files\JetBrains\IntelliJ IDEA 2020.2.2.0\bin\breakgen64.dll
0x00007ffdc1da0000 - 0x00007ffdc1db8000 	C:\WINDOWS\SYSTEM32\CRYPTSP.dll
0x00007ffdc14e0000 - 0x00007ffdc1514000 	C:\WINDOWS\system32\rsaenh.dll
0x00007ffdc2590000 - 0x00007ffdc25b7000 	C:\WINDOWS\System32\bcrypt.dll
0x00007ffdc22c0000 - 0x00007ffdc22ee000 	C:\WINDOWS\SYSTEM32\USERENV.dll
0x00007ffdc1d90000 - 0x00007ffdc1d9c000 	C:\WINDOWS\SYSTEM32\CRYPTBASE.dll
0x00007ffdc1860000 - 0x00007ffdc189b000 	C:\WINDOWS\SYSTEM32\IPHLPAPI.DLL
0x00007ffdc3360000 - 0x00007ffdc3368000 	C:\WINDOWS\System32\NSI.dll
0x00007ffdbff80000 - 0x00007ffdbff97000 	C:\WINDOWS\SYSTEM32\dhcpcsvc6.DLL
0x00007ffdbff60000 - 0x00007ffdbff7d000 	C:\WINDOWS\SYSTEM32\dhcpcsvc.DLL
0x00007ffdc18a0000 - 0x00007ffdc196b000 	C:\WINDOWS\SYSTEM32\DNSAPI.dll
0x00007ffdade60000 - 0x00007ffdade6a000 	C:\Users\jmier\AppData\Local\Temp\jansi-1.17.1-15946211162511235845.dll
0x00007ffdada20000 - 0x00007ffdada2a000 	C:\Users\jmier\AppData\Local\Temp\jansi-1.17.1-11962392466200910527.dll

dbghelp: loaded successfully - version: 4.0.5 - missing functions: none
symbol engine: initialized successfully - sym options: 0x614 - pdb path: .;C:\Program Files\AdoptOpenJDK\jdk-11.0.6.10-hotspot\bin;C:\WINDOWS\SYSTEM32;C:\Program Files\Avast Software\Avast;C:\WINDOWS\WinSxS\amd64_microsoft.windows.common-controls_6595b64144ccf1df_6.0.19041.488_none_ca04af081b815d21;C:\Program Files\AdoptOpenJDK\jdk-11.0.6.10-hotspot\bin\server;C:\Program Files\JetBrains\IntelliJ IDEA 2020.2.2.0\bin;C:\Users\jmier\AppData\Local\Temp

VM Arguments:
jvm_args: -Dmaven.multiModuleProjectDirectory=C:\Users\jmier\IdeaProjects\demo -Dmaven.home=C:\Users\jmier\.m2\wrapper\dists\apache-maven-3.6.3-bin\1iopthnavndlasol9gbrbg6bf2\apache-maven-3.6.3 -Dclassworlds.conf=C:\Users\jmier\.m2\wrapper\dists\apache-maven-3.6.3-bin\1iopthnavndlasol9gbrbg6bf2\apache-maven-3.6.3\bin\m2.conf -Dmaven.ext.class.path=C:\Program Files\JetBrains\IntelliJ IDEA 2020.2.2.0\plugins\maven\lib\maven-event-listener.jar -javaagent:C:\Program Files\JetBrains\IntelliJ IDEA 2020.2.2.0\lib\idea_rt.jar=65049:C:\Program Files\JetBrains\IntelliJ IDEA 2020.2.2.0\bin -Dfile.encoding=UTF-8 
java_command: org.codehaus.classworlds.Launcher -Didea.version=2020.2.2 clean install
java_class_path (initial): C:\Users\jmier\.m2\wrapper\dists\apache-maven-3.6.3-bin\1iopthnavndlasol9gbrbg6bf2\apache-maven-3.6.3\boot\plexus-classworlds-2.6.0.jar;C:\Users\jmier\.m2\wrapper\dists\apache-maven-3.6.3-bin\1iopthnavndlasol9gbrbg6bf2\apache-maven-3.6.3\boot\plexus-classworlds.license
Launcher Type: SUN_STANDARD

[Global flags]
     intx CICompilerCount                          = 4                                         {product} {ergonomic}
     uint ConcGCThreads                            = 2                                         {product} {ergonomic}
     uint G1ConcRefinementThreads                  = 8                                         {product} {ergonomic}
   size_t G1HeapRegionSize                         = 1048576                                   {product} {ergonomic}
    uintx GCDrainStackTargetSize                   = 64                                        {product} {ergonomic}
   size_t InitialHeapSize                          = 134217728                                 {product} {ergonomic}
   size_t MarkStackSize                            = 4194304                                   {product} {ergonomic}
   size_t MaxHeapSize                              = 2118123520                                {product} {ergonomic}
   size_t MaxNewSize                               = 1270874112                                {product} {ergonomic}
   size_t MinHeapDeltaBytes                        = 1048576                                   {product} {ergonomic}
    uintx NonNMethodCodeHeapSize                   = 5836300                                {pd product} {ergonomic}
    uintx NonProfiledCodeHeapSize                  = 122910970                              {pd product} {ergonomic}
    uintx ProfiledCodeHeapSize                     = 122910970                              {pd product} {ergonomic}
    uintx ReservedCodeCacheSize                    = 251658240                              {pd product} {ergonomic}
     bool SegmentedCodeCache                       = true                                      {product} {ergonomic}
     bool UseCompressedClassPointers               = true                                 {lp64_product} {ergonomic}
     bool UseCompressedOops                        = true                                 {lp64_product} {ergonomic}
     bool UseG1GC                                  = true                                      {product} {ergonomic}
     bool UseLargePagesIndividualAllocation        = false                                  {pd product} {ergonomic}

Logging:
Log output configuration:
 #0: stdout all=warning uptime,level,tags
 #1: stderr all=off uptime,level,tags

Environment Variables:
JAVA_HOME=C:\Program Files\AdoptOpenJDK\jdk-11.0.6.10-hotspot\
PATH=C:\Program Files\AdoptOpenJDK\jdk-11.0.6.10-hotspot\bin;C:\PROGRA~2\Borland\CBUILD~1\Bin;C:\PROGRA~2\Borland\CBUILD~1\Projects\Bpl;C:\Program Files (x86)\Intel\iCLS Client\;C:\Program Files\Intel\iCLS Client\;C:\WINDOWS\system32;C:\WINDOWS;C:\WINDOWS\System32\Wbem;C:\WINDOWS\System32\WindowsPowerShell\v1.0\;C:\Program Files (x86)\Intel\Intel(R) Management Engine Components\DAL;C:\Program Files\Intel\Intel(R) Management Engine Components\DAL;C:\Program Files (x86)\Intel\Intel(R) Management Engine Components\IPT;C:\Program Files\Intel\Intel(R) Management Engine Components\IPT;C:\WINDOWS\System32\OpenSSH\;C:\Program Files\Intel\WiFi\bin\;C:\Program Files\Common Files\Intel\WirelessCommon\;C:\Program Files\Git\cmd;C:\Users\jmier\Desktop\Java\apache-maven-3.6.3\bin;C:\Program Files (x86)\Microsoft SQL Server\150\DTS\Binn\;C:\Program Files\Microsoft SQL Server\Client SDK\ODBC\170\Tools\Binn\;C:\Program Files (x86)\Microsoft SQL Server\150\Tools\Binn\;C:\Program Files\Microsoft SQL Server\150\Tools\Binn\;C:\Program Files\Microsoft SQL Server\150\DTS\Binn\;C:\Program Files\nodejs\;C:\Program Files\MySQL\MySQL Shell 8.0\bin\;C:\Users\jmier\AppData\Local\Microsoft\WindowsApps;C:\Users\jmier\Desktop\Java\apache-maven-3.6.3\bin;C:\Users\jmier\AppData\Roaming\npm
USERNAME=jmier
OS=Windows_NT
PROCESSOR_IDENTIFIER=Intel64 Family 6 Model 142 Stepping 10, GenuineIntel



---------------  S Y S T E M  ---------------

OS: Windows 10 , 64 bit Build 19041 (10.0.19041.662)

CPU:total 8 (initial active 8) (4 cores per cpu, 2 threads per core) family 6 model 142 stepping 10, cmov, cx8, fxsr, mmx, sse, sse2, sse3, ssse3, sse4.1, sse4.2, popcnt, avx, avx2, aes, clmul, erms, 3dnowpref, lzcnt, ht, tsc, tscinvbit, bmi1, bmi2, adx, fma

Memory: 4k page, system-wide physical 8078M (565M free)
TotalPageFile size 12174M (AvailPageFile size 5M)
current process WorkingSet (physical memory assigned to process): 223M, peak: 223M
current process commit charge ("private bytes"): 291M, peak: 291M

vm_info: OpenJDK 64-Bit Server VM (11.0.6+10) for windows-amd64 JRE (11.0.6+10), built on Jan 15 2020 06:14:58 by "" with MS VC++ 15.8 (VS2017)

END.
